[ 2018-05-22T19:49:32+08:00 ] 192.168.1.241 /blog/index.php/admin
INFO: [ app_init ] --START--
INFO: Run Behavior\BuildLiteBehavior [ RunTime:0.000000s ]
INFO: [ app_init ] --END-- [ RunTime:0.000000s ]
INFO: [ app_begin ] --START--
INFO: Run Behavior\ReadHtmlCacheBehavior [ RunTime:0.000500s ]
INFO: Run Behavior\CheckLangBehavior [ RunTime:0.000500s ]
INFO: [ app_begin ] --END-- [ RunTime:0.001000s ]
INFO: [ view_parse ] --START--
INFO: [ template_filter ] --START--
INFO: Run Behavior\ContentReplaceBehavior [ RunTime:0.000000s ]
INFO: [ template_filter ] --END-- [ RunTime:0.000000s ]
INFO: Run Behavior\ParseTemplateBehavior [ RunTime:0.026503s ]
INFO: [ view_parse ] --END-- [ RunTime:0.026503s ]
INFO: [ view_filter ] --START--
INFO: Run Behavior\WriteHtmlCacheBehavior [ RunTime:0.000000s ]
INFO: [ view_filter ] --END-- [ RunTime:0.000000s ]

[ 2018-05-22T19:49:35+08:00 ] 192.168.1.241 /blog/index.php/Admin/Login/login.html
INFO: [ app_init ] --START--
INFO: Run Behavior\BuildLiteBehavior [ RunTime:0.000000s ]
INFO: [ app_init ] --END-- [ RunTime:0.000000s ]
INFO: [ app_begin ] --START--
INFO: Run Behavior\ReadHtmlCacheBehavior [ RunTime:0.000500s ]
INFO: Run Behavior\CheckLangBehavior [ RunTime:0.001000s ]
INFO: [ app_begin ] --END-- [ RunTime:0.001500s ]
INFO: [ view_parse ] --START--
INFO: [ template_filter ] --START--
INFO: Run Behavior\ContentReplaceBehavior [ RunTime:0.000000s ]
INFO: [ template_filter ] --END-- [ RunTime:0.000000s ]
NOTIC: [8] Use of undefined constant verify - assumed 'verify' F:\phpstudy\WWW\Blog\Application\Runtime\Cache\Admin\0dfec61edd66f450033aa87c28a760f4.php 第 32 行.
INFO: Run Behavior\ParseTemplateBehavior [ RunTime:0.014502s ]
INFO: [ view_parse ] --END-- [ RunTime:0.014502s ]
INFO: [ view_filter ] --START--
INFO: Run Behavior\WriteHtmlCacheBehavior [ RunTime:0.000000s ]
INFO: [ view_filter ] --END-- [ RunTime:0.000000s ]
INFO: [ app_end ] --START--
INFO: Run Behavior\ShowPageTraceBehavior [ RunTime:0.000500s ]
INFO: [ app_end ] --END-- [ RunTime:0.000500s ]

[ 2018-05-22T19:49:37+08:00 ] 192.168.1.241 /blog/index.php/Admin/Login/verify.html
INFO: [ app_init ] --START--
INFO: Run Behavior\BuildLiteBehavior [ RunTime:0.000000s ]
INFO: [ app_init ] --END-- [ RunTime:0.000000s ]
INFO: [ app_begin ] --START--
INFO: Run Behavior\ReadHtmlCacheBehavior [ RunTime:0.000500s ]
INFO: Run Behavior\CheckLangBehavior [ RunTime:0.001000s ]
INFO: [ app_begin ] --END-- [ RunTime:0.001500s ]
INFO: [ app_end ] --START--
INFO: Run Behavior\ShowPageTraceBehavior [ RunTime:0.000500s ]
INFO: [ app_end ] --END-- [ RunTime:0.000500s ]

[ 2018-05-22T19:49:45+08:00 ] 192.168.1.241 /blog/index.php/Admin/Login/verify.html?0.6321451887377691
INFO: [ app_init ] --START--
INFO: Run Behavior\BuildLiteBehavior [ RunTime:0.000000s ]
INFO: [ app_init ] --END-- [ RunTime:0.000500s ]
INFO: [ app_begin ] --START--
INFO: Run Behavior\ReadHtmlCacheBehavior [ RunTime:0.000500s ]
INFO: Run Behavior\CheckLangBehavior [ RunTime:0.000500s ]
INFO: [ app_begin ] --END-- [ RunTime:0.001000s ]
INFO: [ app_end ] --START--
INFO: Run Behavior\ShowPageTraceBehavior [ RunTime:0.000000s ]
INFO: [ app_end ] --END-- [ RunTime:0.000500s ]

[ 2018-05-22T19:49:46+08:00 ] 192.168.1.241 /blog/index.php/Admin/Login/verify.html?0.6321451887377691?0.9173912941535247
INFO: [ app_init ] --START--
INFO: Run Behavior\BuildLiteBehavior [ RunTime:0.000000s ]
INFO: [ app_init ] --END-- [ RunTime:0.000500s ]
INFO: [ app_begin ] --START--
INFO: Run Behavior\ReadHtmlCacheBehavior [ RunTime:0.000000s ]
INFO: Run Behavior\CheckLangBehavior [ RunTime:0.000000s ]
INFO: [ app_begin ] --END-- [ RunTime:0.000501s ]
INFO: [ app_end ] --START--
INFO: Run Behavior\ShowPageTraceBehavior [ RunTime:0.000500s ]
INFO: [ app_end ] --END-- [ RunTime:0.000500s ]

[ 2018-05-22T19:49:50+08:00 ] 192.168.1.241 /blog/index.php/Admin/Login/login.html
INFO: [ app_init ] --START--
INFO: Run Behavior\BuildLiteBehavior [ RunTime:0.000000s ]
INFO: [ app_init ] --END-- [ RunTime:0.000500s ]
INFO: [ app_begin ] --START--
INFO: Run Behavior\ReadHtmlCacheBehavior [ RunTime:0.000500s ]
INFO: Run Behavior\CheckLangBehavior [ RunTime:0.000500s ]
INFO: [ app_begin ] --END-- [ RunTime:0.001000s ]
SQL: SHOW COLUMNS FROM `blog_users` [ RunTime:0.0455s ]
NOTIC: [8] Undefined index: validate F:\phpstudy\WWW\ThinkPHP\Library\Think\Model.class.php 第 1185 行.

[ 2018-05-22T19:49:52+08:00 ] 192.168.1.241 /blog/index.php/Admin/Login/login.html
INFO: [ app_init ] --START--
INFO: Run Behavior\BuildLiteBehavior [ RunTime:0.000000s ]
INFO: [ app_init ] --END-- [ RunTime:0.000000s ]
INFO: [ app_begin ] --START--
INFO: Run Behavior\ReadHtmlCacheBehavior [ RunTime:0.000000s ]
INFO: Run Behavior\CheckLangBehavior [ RunTime:0.000500s ]
INFO: [ app_begin ] --END-- [ RunTime:0.000500s ]
SQL: SHOW COLUMNS FROM `blog_users` [ RunTime:0.0055s ]
NOTIC: [8] Undefined index: validate F:\phpstudy\WWW\ThinkPHP\Library\Think\Model.class.php 第 1185 行.

[ 2018-05-22T19:49:54+08:00 ] 192.168.1.241 /blog/index.php/Admin/Login/verify.html?0.6321451887377691?0.9173912941535247?0.09762320650646816
INFO: [ app_init ] --START--
INFO: Run Behavior\BuildLiteBehavior [ RunTime:0.000000s ]
INFO: [ app_init ] --END-- [ RunTime:0.000500s ]
INFO: [ app_begin ] --START--
INFO: Run Behavior\ReadHtmlCacheBehavior [ RunTime:0.000500s ]
INFO: Run Behavior\CheckLangBehavior [ RunTime:0.000000s ]
INFO: [ app_begin ] --END-- [ RunTime:0.000500s ]
INFO: [ app_end ] --START--
INFO: Run Behavior\ShowPageTraceBehavior [ RunTime:0.000000s ]
INFO: [ app_end ] --END-- [ RunTime:0.000500s ]

[ 2018-05-22T19:50:57+08:00 ] 192.168.1.241 /blog/index.php/Admin/Login/login.html
INFO: [ app_init ] --START--
INFO: Run Behavior\BuildLiteBehavior [ RunTime:0.000000s ]
INFO: [ app_init ] --END-- [ RunTime:0.000500s ]
INFO: [ app_begin ] --START--
INFO: Run Behavior\ReadHtmlCacheBehavior [ RunTime:0.000500s ]
INFO: Run Behavior\CheckLangBehavior [ RunTime:0.000501s ]
INFO: [ app_begin ] --END-- [ RunTime:0.001001s ]
SQL: SHOW COLUMNS FROM `blog_users` [ RunTime:0.0090s ]
NOTIC: [8] Undefined index: validate F:\phpstudy\WWW\ThinkPHP\Library\Think\Model.class.php 第 1185 行.
NOTIC: [8] Undefined index: auto F:\phpstudy\WWW\ThinkPHP\Library\Think\Model.class.php 第 1128 行.
SQL: SELECT `userid`,`username`,`nickname`,`password`,`lastdate`,`lastip` FROM `blog_users` WHERE `username` = 'admin' LIMIT 1   [ RunTime:0.0005s ]
SQL: SHOW COLUMNS FROM `blog_users` [ RunTime:0.0065s ]
SQL: UPDATE `blog_users` SET `loginnum`=loginnum+1 WHERE `username` = 'admin' AND `userid` = 1 [ RunTime:0.0010s ]
SQL: UPDATE `blog_users` SET `username`='admin',`password`='a66abb5684c45962d887564f08346e8d',`lastdate`='1526989857',`lastip`='192.168.1.241' WHERE `username` = 'admin' AND `userid` = 1 [ RunTime:0.0000s ]

[ 2018-05-22T19:50:57+08:00 ] 192.168.1.241 /blog/index.php/Admin/Index/index
INFO: [ app_init ] --START--
INFO: Run Behavior\BuildLiteBehavior [ RunTime:0.000000s ]
INFO: [ app_init ] --END-- [ RunTime:0.000000s ]
INFO: [ app_begin ] --START--
INFO: Run Behavior\ReadHtmlCacheBehavior [ RunTime:0.000500s ]
INFO: Run Behavior\CheckLangBehavior [ RunTime:0.000500s ]
INFO: [ app_begin ] --END-- [ RunTime:0.001000s ]
SQL: SHOW COLUMNS FROM `blog_users` [ RunTime:0.0055s ]
SQL: SELECT `loginnum`,`username`,`nickname`,`head` FROM `blog_users` LIMIT 1   [ RunTime:0.0005s ]
SQL: SHOW COLUMNS FROM `blog_website` [ RunTime:0.0280s ]
SQL: SELECT `key`,`value` FROM `blog_website`  [ RunTime:0.0005s ]
SQL: SELECT s.id,s.title,s.name,s.tips,s.pid,p.pid as ppid,p.title as ptitle FROM blog_menu s left join blog_menu p on p.id=s.pid where s.name='Index/index' [ RunTime:0.0365s ]
SQL: SHOW COLUMNS FROM `blog_menu` [ RunTime:0.0070s ]
SQL: SELECT `id`,`title`,`pid`,`name`,`icon` FROM `blog_menu` WHERE ( islink=1 ) ORDER BY id ASC  [ RunTime:0.0005s ]
INFO: [ view_parse ] --START--
INFO: [ template_filter ] --START--
INFO: Run Behavior\ContentReplaceBehavior [ RunTime:0.000000s ]
INFO: [ template_filter ] --END-- [ RunTime:0.000000s ]
INFO: Run Behavior\ParseTemplateBehavior [ RunTime:0.096012s ]
INFO: [ view_parse ] --END-- [ RunTime:0.096012s ]
INFO: [ view_filter ] --START--
INFO: Run Behavior\WriteHtmlCacheBehavior [ RunTime:0.000500s ]
INFO: [ view_filter ] --END-- [ RunTime:0.000500s ]
INFO: [ app_end ] --START--
INFO: Run Behavior\ShowPageTraceBehavior [ RunTime:0.000500s ]
INFO: [ app_end ] --END-- [ RunTime:0.000500s ]

[ 2018-05-22T19:51:03+08:00 ] 192.168.1.241 /blog/index.php/Admin/Index/assets/images/avatars/avatar.png
INFO: [ app_init ] --START--
INFO: Run Behavior\BuildLiteBehavior [ RunTime:0.000000s ]
INFO: [ app_init ] --END-- [ RunTime:0.000500s ]

[ 2018-05-22T19:51:03+08:00 ] 192.168.1.241 /blog/index.php/Admin/Index/assets/images/avatars/avatar4.png
INFO: [ app_init ] --START--
INFO: Run Behavior\BuildLiteBehavior [ RunTime:0.000000s ]
INFO: [ app_init ] --END-- [ RunTime:0.000000s ]

[ 2018-05-22T19:51:03+08:00 ] 192.168.1.241 /blog/index.php/Admin/Index/assets/images/avatars/avatar2.png
INFO: [ app_init ] --START--
INFO: Run Behavior\BuildLiteBehavior [ RunTime:0.000000s ]
INFO: [ app_init ] --END-- [ RunTime:0.000500s ]

[ 2018-05-22T19:51:03+08:00 ] 192.168.1.241 /blog/index.php/Admin/Index/assets/images/avatars/avatar5.png
INFO: [ app_init ] --START--
INFO: Run Behavior\BuildLiteBehavior [ RunTime:0.000000s ]
INFO: [ app_init ] --END-- [ RunTime:0.000500s ]

[ 2018-05-22T19:51:04+08:00 ] 192.168.1.241 /blog/index.php/Admin/Index/assets/images/avatars/avatar3.png
INFO: [ app_init ] --START--
INFO: Run Behavior\BuildLiteBehavior [ RunTime:0.000000s ]
INFO: [ app_init ] --END-- [ RunTime:0.000000s ]

[ 2018-05-22T19:51:26+08:00 ] 192.168.1.241 /blog/index.php/Admin/Setting/setting.html
INFO: [ app_init ] --START--
INFO: Run Behavior\BuildLiteBehavior [ RunTime:0.000000s ]
INFO: [ app_init ] --END-- [ RunTime:0.000500s ]
INFO: [ app_begin ] --START--
INFO: Run Behavior\ReadHtmlCacheBehavior [ RunTime:0.000500s ]
INFO: Run Behavior\CheckLangBehavior [ RunTime:0.000500s ]
INFO: [ app_begin ] --END-- [ RunTime:0.001000s ]
SQL: SHOW COLUMNS FROM `blog_users` [ RunTime:0.0055s ]
SQL: SELECT `loginnum`,`username`,`nickname`,`head` FROM `blog_users` LIMIT 1   [ RunTime:0.0000s ]
SQL: SHOW COLUMNS FROM `blog_website` [ RunTime:0.0050s ]
SQL: SELECT `key`,`value` FROM `blog_website`  [ RunTime:0.0000s ]
SQL: SELECT s.id,s.title,s.name,s.tips,s.pid,p.pid as ppid,p.title as ptitle FROM blog_menu s left join blog_menu p on p.id=s.pid where s.name='Setting/setting' [ RunTime:0.0000s ]
SQL: SHOW COLUMNS FROM `blog_menu` [ RunTime:0.0050s ]
SQL: SELECT `id`,`title`,`pid`,`name`,`icon` FROM `blog_menu` WHERE ( islink=1 ) ORDER BY id ASC  [ RunTime:0.0000s ]
SQL: SELECT * FROM `blog_website`  [ RunTime:0.0005s ]
INFO: [ view_parse ] --START--
INFO: [ template_filter ] --START--
INFO: Run Behavior\ContentReplaceBehavior [ RunTime:0.000000s ]
INFO: [ template_filter ] --END-- [ RunTime:0.000000s ]
NOTIC: [8] Use of undefined constant value - assumed 'value' F:\phpstudy\WWW\Blog\Application\Runtime\Cache\Admin\bc3b8be664c5cdbaa47dd252b573a2e6.php 第 581 行.
NOTIC: [8] Use of undefined constant value - assumed 'value' F:\phpstudy\WWW\Blog\Application\Runtime\Cache\Admin\bc3b8be664c5cdbaa47dd252b573a2e6.php 第 591 行.
NOTIC: [8] Use of undefined constant value - assumed 'value' F:\phpstudy\WWW\Blog\Application\Runtime\Cache\Admin\bc3b8be664c5cdbaa47dd252b573a2e6.php 第 611 行.
NOTIC: [8] Use of undefined constant value - assumed 'value' F:\phpstudy\WWW\Blog\Application\Runtime\Cache\Admin\bc3b8be664c5cdbaa47dd252b573a2e6.php 第 622 行.
NOTIC: [8] Use of undefined constant value - assumed 'value' F:\phpstudy\WWW\Blog\Application\Runtime\Cache\Admin\bc3b8be664c5cdbaa47dd252b573a2e6.php 第 631 行.
NOTIC: [8] Use of undefined constant value - assumed 'value' F:\phpstudy\WWW\Blog\Application\Runtime\Cache\Admin\bc3b8be664c5cdbaa47dd252b573a2e6.php 第 744 行.
INFO: Run Behavior\ParseTemplateBehavior [ RunTime:0.021503s ]
INFO: [ view_parse ] --END-- [ RunTime:0.021503s ]
INFO: [ view_filter ] --START--
INFO: Run Behavior\WriteHtmlCacheBehavior [ RunTime:0.000500s ]
INFO: [ view_filter ] --END-- [ RunTime:0.000500s ]
INFO: [ app_end ] --START--
INFO: Run Behavior\ShowPageTraceBehavior [ RunTime:0.000500s ]
INFO: [ app_end ] --END-- [ RunTime:0.000500s ]

[ 2018-05-22T19:51:26+08:00 ] 192.168.1.241 /blog/index.php/Admin/Setting/assets/images/avatars/avatar.png
INFO: [ app_init ] --START--
INFO: Run Behavior\BuildLiteBehavior [ RunTime:0.000000s ]
INFO: [ app_init ] --END-- [ RunTime:0.000500s ]

[ 2018-05-22T19:51:26+08:00 ] 192.168.1.241 /blog/index.php/Admin/Setting/assets/images/avatars/avatar3.png
INFO: [ app_init ] --START--
INFO: Run Behavior\BuildLiteBehavior [ RunTime:0.000000s ]
INFO: [ app_init ] --END-- [ RunTime:0.000000s ]

[ 2018-05-22T19:51:26+08:00 ] 192.168.1.241 /blog/index.php/Admin/Setting/assets/images/avatars/avatar5.png
INFO: [ app_init ] --START--
INFO: Run Behavior\BuildLiteBehavior [ RunTime:0.000000s ]
INFO: [ app_init ] --END-- [ RunTime:0.000500s ]

[ 2018-05-22T19:51:27+08:00 ] 192.168.1.241 /blog/index.php/Admin/Setting/assets/images/avatars/avatar4.png
INFO: [ app_init ] --START--
INFO: Run Behavior\BuildLiteBehavior [ RunTime:0.000000s ]
INFO: [ app_init ] --END-- [ RunTime:0.000500s ]

[ 2018-05-22T19:51:27+08:00 ] 192.168.1.241 /blog/index.php/Admin/Setting/assets/images/avatars/avatar2.png
INFO: [ app_init ] --START--
INFO: Run Behavior\BuildLiteBehavior [ RunTime:0.000000s ]
INFO: [ app_init ] --END-- [ RunTime:0.000000s ]

[ 2018-05-22T19:51:32+08:00 ] 192.168.1.241 /blog/index.php/Admin/Ueditor/index.html?action=config&&noCache=1526989891968
INFO: [ app_init ] --START--
INFO: Run Behavior\BuildLiteBehavior [ RunTime:0.000000s ]
INFO: [ app_init ] --END-- [ RunTime:0.000500s ]
INFO: [ app_begin ] --START--
INFO: Run Behavior\ReadHtmlCacheBehavior [ RunTime:0.000500s ]
INFO: Run Behavior\CheckLangBehavior [ RunTime:0.000500s ]
INFO: [ app_begin ] --END-- [ RunTime:0.001000s ]
INFO: [ app_end ] --START--
INFO: Run Behavior\ShowPageTraceBehavior [ RunTime:0.000500s ]
INFO: [ app_end ] --END-- [ RunTime:0.000500s ]

[ 2018-05-22T19:51:47+08:00 ] 192.168.1.241 /blog/index.php/Admin/Ueditor/index.html?action=uploadimage&encode=utf-8
INFO: [ app_init ] --START--
INFO: Run Behavior\BuildLiteBehavior [ RunTime:0.000000s ]
INFO: [ app_init ] --END-- [ RunTime:0.000500s ]
INFO: [ app_begin ] --START--
INFO: Run Behavior\ReadHtmlCacheBehavior [ RunTime:0.000500s ]
INFO: Run Behavior\CheckLangBehavior [ RunTime:0.000000s ]
INFO: [ app_begin ] --END-- [ RunTime:0.000500s ]
NOTIC: [8] iconv(): Wrong charset, conversion from `unicode' to `utf-8' is not allowed F:\phpstudy\WWW\Blog\Application\Admin\Controller\UeditorController.class.php 第 187 行.
NOTIC: [8192] Non-static method Vendor\Request::file() should not be called statically, assuming $this from incompatible context F:\phpstudy\WWW\Blog\Application\Admin\Controller\UeditorController.class.php 第 235 行.

[ 2018-05-22T19:53:28+08:00 ] 192.168.1.241 /blog/index.php/Admin/Ueditor/index.html?action=uploadimage&encode=utf-8
INFO: [ app_init ] --START--
INFO: Run Behavior\BuildLiteBehavior [ RunTime:0.000000s ]
INFO: [ app_init ] --END-- [ RunTime:0.000500s ]
INFO: [ app_begin ] --START--
INFO: Run Behavior\ReadHtmlCacheBehavior [ RunTime:0.000500s ]
INFO: Run Behavior\CheckLangBehavior [ RunTime:0.000000s ]
INFO: [ app_begin ] --END-- [ RunTime:0.001000s ]
NOTIC: [8] iconv(): Wrong charset, conversion from `unicode' to `utf-8' is not allowed F:\phpstudy\WWW\Blog\Application\Admin\Controller\UeditorController.class.php 第 187 行.
NOTIC: [8192] Non-static method Vendor\Request::file() should not be called statically, assuming $this from incompatible context F:\phpstudy\WWW\Blog\Application\Admin\Controller\UeditorController.class.php 第 235 行.

[ 2018-05-22T19:53:48+08:00 ] 192.168.1.241 /blog/index.php/Admin/Ueditor/index.html?action=uploadimage&encode=utf-8
INFO: [ app_init ] --START--
INFO: Run Behavior\BuildLiteBehavior [ RunTime:0.000000s ]
INFO: [ app_init ] --END-- [ RunTime:0.000500s ]
INFO: [ app_begin ] --START--
INFO: Run Behavior\ReadHtmlCacheBehavior [ RunTime:0.000500s ]
INFO: Run Behavior\CheckLangBehavior [ RunTime:0.000501s ]
INFO: [ app_begin ] --END-- [ RunTime:0.001001s ]
NOTIC: [8] iconv(): Wrong charset, conversion from `unicode' to `utf-8' is not allowed F:\phpstudy\WWW\Blog\Application\Admin\Controller\UeditorController.class.php 第 187 行.
NOTIC: [8192] Non-static method Vendor\Request::file() should not be called statically, assuming $this from incompatible context F:\phpstudy\WWW\Blog\Application\Admin\Controller\UeditorController.class.php 第 235 行.

[ 2018-05-22T19:55:03+08:00 ] 192.168.1.241 /blog/index.php/Admin/Ueditor/index.html?action=uploadimage&encode=utf-8
INFO: [ app_init ] --START--
INFO: Run Behavior\BuildLiteBehavior [ RunTime:0.000000s ]
INFO: [ app_init ] --END-- [ RunTime:0.000500s ]
INFO: [ app_begin ] --START--
INFO: Run Behavior\ReadHtmlCacheBehavior [ RunTime:0.000500s ]
INFO: Run Behavior\CheckLangBehavior [ RunTime:0.000500s ]
INFO: [ app_begin ] --END-- [ RunTime:0.001000s ]
NOTIC: [8] iconv(): Wrong charset, conversion from `unicode' to `utf-8' is not allowed F:\phpstudy\WWW\Blog\Application\Admin\Controller\UeditorController.class.php 第 187 行.
NOTIC: [8192] Non-static method Vendor\Request::file() should not be called statically, assuming $this from incompatible context F:\phpstudy\WWW\Blog\Application\Admin\Controller\UeditorController.class.php 第 235 行.

[ 2018-05-22T19:55:23+08:00 ] 192.168.1.241 /blog/index.php/Admin/Ueditor/index.html?action=uploadimage&encode=utf-8
INFO: [ app_init ] --START--
INFO: Run Behavior\BuildLiteBehavior [ RunTime:0.000000s ]
INFO: [ app_init ] --END-- [ RunTime:0.000500s ]
INFO: [ app_begin ] --START--
INFO: Run Behavior\ReadHtmlCacheBehavior [ RunTime:0.000500s ]
INFO: Run Behavior\CheckLangBehavior [ RunTime:0.000500s ]
INFO: [ app_begin ] --END-- [ RunTime:0.001000s ]
NOTIC: [8] iconv(): Wrong charset, conversion from `unicode' to `utf-8' is not allowed F:\phpstudy\WWW\Blog\Application\Admin\Controller\UeditorController.class.php 第 187 行.
NOTIC: [8192] Non-static method Vendor\Request::file() should not be called statically, assuming $this from incompatible context F:\phpstudy\WWW\Blog\Application\Admin\Controller\UeditorController.class.php 第 235 行.

[ 2018-05-22T19:56:06+08:00 ] 192.168.1.241 /blog/index.php/Admin/Ueditor/index.html?action=uploadimage&encode=utf-8
INFO: [ app_init ] --START--
INFO: Run Behavior\BuildLiteBehavior [ RunTime:0.000000s ]
INFO: [ app_init ] --END-- [ RunTime:0.000000s ]
INFO: [ app_begin ] --START--
INFO: Run Behavior\ReadHtmlCacheBehavior [ RunTime:0.000500s ]
INFO: Run Behavior\CheckLangBehavior [ RunTime:0.000500s ]
INFO: [ app_begin ] --END-- [ RunTime:0.001000s ]
NOTIC: [8] iconv(): Wrong charset, conversion from `unicode' to `utf-8' is not allowed F:\phpstudy\WWW\Blog\Application\Admin\Controller\UeditorController.class.php 第 187 行.
NOTIC: [8192] Non-static method Vendor\Request::file() should not be called statically, assuming $this from incompatible context F:\phpstudy\WWW\Blog\Application\Admin\Controller\UeditorController.class.php 第 235 行.

[ 2018-05-22T19:56:39+08:00 ] 192.168.1.241 /blog/index.php/Admin/Ueditor/index.html?action=uploadimage&encode=utf-8
INFO: [ app_init ] --START--
INFO: Run Behavior\BuildLiteBehavior [ RunTime:0.000000s ]
INFO: [ app_init ] --END-- [ RunTime:0.000000s ]
INFO: [ app_begin ] --START--
INFO: Run Behavior\ReadHtmlCacheBehavior [ RunTime:0.000500s ]
INFO: Run Behavior\CheckLangBehavior [ RunTime:0.000000s ]
INFO: [ app_begin ] --END-- [ RunTime:0.000500s ]
NOTIC: [8] iconv(): Wrong charset, conversion from `unicode' to `utf-8' is not allowed F:\phpstudy\WWW\Blog\Application\Admin\Controller\UeditorController.class.php 第 187 行.
NOTIC: [8192] Non-static method Vendor\Request::file() should not be called statically, assuming $this from incompatible context F:\phpstudy\WWW\Blog\Application\Admin\Controller\UeditorController.class.php 第 235 行.

[ 2018-05-22T19:57:48+08:00 ] 192.168.1.241 /blog/index.php/Admin/Setting/setting.html
INFO: [ app_init ] --START--
INFO: Run Behavior\BuildLiteBehavior [ RunTime:0.000000s ]
INFO: [ app_init ] --END-- [ RunTime:0.000000s ]
INFO: [ app_begin ] --START--
INFO: Run Behavior\ReadHtmlCacheBehavior [ RunTime:0.000500s ]
INFO: Run Behavior\CheckLangBehavior [ RunTime:0.000500s ]
INFO: [ app_begin ] --END-- [ RunTime:0.001000s ]
SQL: SHOW COLUMNS FROM `blog_users` [ RunTime:0.0060s ]
SQL: SELECT `loginnum`,`username`,`nickname`,`head` FROM `blog_users` LIMIT 1   [ RunTime:0.0005s ]
SQL: SHOW COLUMNS FROM `blog_website` [ RunTime:0.0090s ]
SQL: SELECT `key`,`value` FROM `blog_website`  [ RunTime:0.0000s ]
SQL: SELECT s.id,s.title,s.name,s.tips,s.pid,p.pid as ppid,p.title as ptitle FROM blog_menu s left join blog_menu p on p.id=s.pid where s.name='Setting/setting' [ RunTime:0.0000s ]
SQL: SHOW COLUMNS FROM `blog_menu` [ RunTime:0.0055s ]
SQL: SELECT `id`,`title`,`pid`,`name`,`icon` FROM `blog_menu` WHERE ( islink=1 ) ORDER BY id ASC  [ RunTime:0.0005s ]
SQL: SELECT * FROM `blog_website`  [ RunTime:0.0000s ]
INFO: [ view_parse ] --START--
INFO: [ template_filter ] --START--
INFO: Run Behavior\ContentReplaceBehavior [ RunTime:0.000000s ]
INFO: [ template_filter ] --END-- [ RunTime:0.000000s ]
NOTIC: [8] Use of undefined constant value - assumed 'value' F:\phpstudy\WWW\Blog\Application\Runtime\Cache\Admin\bc3b8be664c5cdbaa47dd252b573a2e6.php 第 581 行.
NOTIC: [8] Use of undefined constant value - assumed 'value' F:\phpstudy\WWW\Blog\Application\Runtime\Cache\Admin\bc3b8be664c5cdbaa47dd252b573a2e6.php 第 591 行.
NOTIC: [8] Use of undefined constant value - assumed 'value' F:\phpstudy\WWW\Blog\Application\Runtime\Cache\Admin\bc3b8be664c5cdbaa47dd252b573a2e6.php 第 611 行.
NOTIC: [8] Use of undefined constant value - assumed 'value' F:\phpstudy\WWW\Blog\Application\Runtime\Cache\Admin\bc3b8be664c5cdbaa47dd252b573a2e6.php 第 622 行.
NOTIC: [8] Use of undefined constant value - assumed 'value' F:\phpstudy\WWW\Blog\Application\Runtime\Cache\Admin\bc3b8be664c5cdbaa47dd252b573a2e6.php 第 631 行.
NOTIC: [8] Use of undefined constant value - assumed 'value' F:\phpstudy\WWW\Blog\Application\Runtime\Cache\Admin\bc3b8be664c5cdbaa47dd252b573a2e6.php 第 744 行.
INFO: Run Behavior\ParseTemplateBehavior [ RunTime:0.024503s ]
INFO: [ view_parse ] --END-- [ RunTime:0.024503s ]
INFO: [ view_filter ] --START--
INFO: Run Behavior\WriteHtmlCacheBehavior [ RunTime:0.000500s ]
INFO: [ view_filter ] --END-- [ RunTime:0.000500s ]
INFO: [ app_end ] --START--
INFO: Run Behavior\ShowPageTraceBehavior [ RunTime:0.000500s ]
INFO: [ app_end ] --END-- [ RunTime:0.000500s ]

[ 2018-05-22T19:58:02+08:00 ] 192.168.1.241 /blog/index.php/Admin/Setting/assets/images/avatars/avatar.png
INFO: [ app_init ] --START--
INFO: Run Behavior\BuildLiteBehavior [ RunTime:0.000000s ]
INFO: [ app_init ] --END-- [ RunTime:0.000000s ]

[ 2018-05-22T19:58:02+08:00 ] 192.168.1.241 /blog/index.php/Admin/Setting/assets/images/avatars/avatar3.png
INFO: [ app_init ] --START--
INFO: Run Behavior\BuildLiteBehavior [ RunTime:0.000000s ]
INFO: [ app_init ] --END-- [ RunTime:0.000000s ]

[ 2018-05-22T19:58:02+08:00 ] 192.168.1.241 /blog/index.php/Admin/Setting/assets/images/avatars/avatar4.png
INFO: [ app_init ] --START--
INFO: Run Behavior\BuildLiteBehavior [ RunTime:0.000000s ]
INFO: [ app_init ] --END-- [ RunTime:0.000500s ]

[ 2018-05-22T19:58:02+08:00 ] 192.168.1.241 /blog/index.php/Admin/Ueditor/index.html?action=config&&noCache=1526990282707
INFO: [ app_init ] --START--
INFO: Run Behavior\BuildLiteBehavior [ RunTime:0.000000s ]
INFO: [ app_init ] --END-- [ RunTime:0.000500s ]
INFO: [ app_begin ] --START--
INFO: Run Behavior\ReadHtmlCacheBehavior [ RunTime:0.000500s ]
INFO: Run Behavior\CheckLangBehavior [ RunTime:0.001000s ]
INFO: [ app_begin ] --END-- [ RunTime:0.001500s ]
INFO: [ app_end ] --START--
INFO: Run Behavior\ShowPageTraceBehavior [ RunTime:0.000500s ]
INFO: [ app_end ] --END-- [ RunTime:0.000500s ]

[ 2018-05-22T19:58:02+08:00 ] 192.168.1.241 /blog/index.php/Admin/Setting/assets/images/avatars/avatar2.png
INFO: [ app_init ] --START--
INFO: Run Behavior\BuildLiteBehavior [ RunTime:0.000000s ]
INFO: [ app_init ] --END-- [ RunTime:0.000000s ]

[ 2018-05-22T19:58:02+08:00 ] 192.168.1.241 /blog/index.php/Admin/Setting/assets/images/avatars/avatar5.png
INFO: [ app_init ] --START--
INFO: Run Behavior\BuildLiteBehavior [ RunTime:0.000000s ]
INFO: [ app_init ] --END-- [ RunTime:0.000500s ]

[ 2018-05-22T19:58:14+08:00 ] 192.168.1.241 /blog/index.php/Admin/Ueditor/index.html?action=uploadimage&encode=utf-8
INFO: [ app_init ] --START--
INFO: Run Behavior\BuildLiteBehavior [ RunTime:0.000000s ]
INFO: [ app_init ] --END-- [ RunTime:0.000000s ]
INFO: [ app_begin ] --START--
INFO: Run Behavior\ReadHtmlCacheBehavior [ RunTime:0.000500s ]
INFO: Run Behavior\CheckLangBehavior [ RunTime:0.000500s ]
INFO: [ app_begin ] --END-- [ RunTime:0.001000s ]
NOTIC: [8] iconv(): Wrong charset, conversion from `unicode' to `utf-8' is not allowed F:\phpstudy\WWW\Blog\Application\Admin\Controller\UeditorController.class.php 第 187 行.
NOTIC: [8192] Non-static method Vendor\Request::file() should not be called statically, assuming $this from incompatible context F:\phpstudy\WWW\Blog\Application\Admin\Controller\UeditorController.class.php 第 235 行.

[ 2018-05-22T19:58:31+08:00 ] 192.168.1.241 /blog/index.php/Admin/Ueditor/index.html?action=uploadimage&encode=utf-8
INFO: [ app_init ] --START--
INFO: Run Behavior\BuildLiteBehavior [ RunTime:0.000000s ]
INFO: [ app_init ] --END-- [ RunTime:0.000500s ]
INFO: [ app_begin ] --START--
INFO: Run Behavior\ReadHtmlCacheBehavior [ RunTime:0.001000s ]
INFO: Run Behavior\CheckLangBehavior [ RunTime:0.000500s ]
INFO: [ app_begin ] --END-- [ RunTime:0.001500s ]
NOTIC: [8] iconv(): Wrong charset, conversion from `unicode' to `utf-8' is not allowed F:\phpstudy\WWW\Blog\Application\Admin\Controller\UeditorController.class.php 第 187 行.
NOTIC: [8192] Non-static method Vendor\Request::file() should not be called statically, assuming $this from incompatible context F:\phpstudy\WWW\Blog\Application\Admin\Controller\UeditorController.class.php 第 235 行.

[ 2018-05-22T19:58:43+08:00 ] 192.168.1.241 /blog/index.php/Admin/Ueditor/index.html?action=uploadimage&encode=utf-8
INFO: [ app_init ] --START--
INFO: Run Behavior\BuildLiteBehavior [ RunTime:0.000000s ]
INFO: [ app_init ] --END-- [ RunTime:0.000000s ]
INFO: [ app_begin ] --START--
INFO: Run Behavior\ReadHtmlCacheBehavior [ RunTime:0.000500s ]
INFO: Run Behavior\CheckLangBehavior [ RunTime:0.000500s ]
INFO: [ app_begin ] --END-- [ RunTime:0.001000s ]
NOTIC: [8] iconv(): Wrong charset, conversion from `unicode' to `utf-8' is not allowed F:\phpstudy\WWW\Blog\Application\Admin\Controller\UeditorController.class.php 第 187 行.
NOTIC: [8192] Non-static method Vendor\Request::file() should not be called statically, assuming $this from incompatible context F:\phpstudy\WWW\Blog\Application\Admin\Controller\UeditorController.class.php 第 235 行.

[ 2018-05-22T19:59:03+08:00 ] 192.168.1.241 /blog/index.php/Admin/Ueditor/index.html?action=uploadimage&encode=utf-8
INFO: [ app_init ] --START--
INFO: Run Behavior\BuildLiteBehavior [ RunTime:0.000000s ]
INFO: [ app_init ] --END-- [ RunTime:0.000500s ]
INFO: [ app_begin ] --START--
INFO: Run Behavior\ReadHtmlCacheBehavior [ RunTime:0.000000s ]
INFO: Run Behavior\CheckLangBehavior [ RunTime:0.000000s ]
INFO: [ app_begin ] --END-- [ RunTime:0.000500s ]
NOTIC: [8] iconv(): Wrong charset, conversion from `unicode' to `utf-8' is not allowed F:\phpstudy\WWW\Blog\Application\Admin\Controller\UeditorController.class.php 第 187 行.
NOTIC: [8192] Non-static method Vendor\Request::file() should not be called statically, assuming $this from incompatible context F:\phpstudy\WWW\Blog\Application\Admin\Controller\UeditorController.class.php 第 235 行.

[ 2018-05-22T20:01:27+08:00 ] 192.168.1.241 /blog/index.php/Admin/Ueditor/index.html?action=uploadimage&encode=utf-8
INFO: [ app_init ] --START--
INFO: Run Behavior\BuildLiteBehavior [ RunTime:0.000000s ]
INFO: [ app_init ] --END-- [ RunTime:0.000500s ]
INFO: [ app_begin ] --START--
INFO: Run Behavior\ReadHtmlCacheBehavior [ RunTime:0.000500s ]
INFO: Run Behavior\CheckLangBehavior [ RunTime:0.000500s ]
INFO: [ app_begin ] --END-- [ RunTime:0.001000s ]
NOTIC: [8] iconv(): Wrong charset, conversion from `unicode' to `utf-8' is not allowed F:\phpstudy\WWW\Blog\Application\Admin\Controller\UeditorController.class.php 第 187 行.
NOTIC: [8192] Non-static method Vendor\Request::file() should not be called statically, assuming $this from incompatible context F:\phpstudy\WWW\Blog\Application\Admin\Controller\UeditorController.class.php 第 235 行.

[ 2018-05-22T20:01:42+08:00 ] 192.168.1.241 /blog/index.php/Admin/Ueditor/index.html?action=uploadimage&encode=utf-8
INFO: [ app_init ] --START--
INFO: Run Behavior\BuildLiteBehavior [ RunTime:0.000000s ]
INFO: [ app_init ] --END-- [ RunTime:0.000000s ]
INFO: [ app_begin ] --START--
INFO: Run Behavior\ReadHtmlCacheBehavior [ RunTime:0.000500s ]
INFO: Run Behavior\CheckLangBehavior [ RunTime:0.000500s ]
INFO: [ app_begin ] --END-- [ RunTime:0.001000s ]
NOTIC: [8] iconv(): Wrong charset, conversion from `unicode' to `utf-8' is not allowed F:\phpstudy\WWW\Blog\Application\Admin\Controller\UeditorController.class.php 第 187 行.
NOTIC: [8192] Non-static method Vendor\Request::file() should not be called statically, assuming $this from incompatible context F:\phpstudy\WWW\Blog\Application\Admin\Controller\UeditorController.class.php 第 235 行.

[ 2018-05-22T20:02:58+08:00 ] 192.168.1.241 /blog/index.php/Admin/Ueditor/index.html?action=uploadimage&encode=utf-8
INFO: [ app_init ] --START--
INFO: Run Behavior\BuildLiteBehavior [ RunTime:0.000000s ]
INFO: [ app_init ] --END-- [ RunTime:0.000500s ]
INFO: [ app_begin ] --START--
INFO: Run Behavior\ReadHtmlCacheBehavior [ RunTime:0.000000s ]
INFO: Run Behavior\CheckLangBehavior [ RunTime:0.000500s ]
INFO: [ app_begin ] --END-- [ RunTime:0.000500s ]
NOTIC: [8] iconv(): Wrong charset, conversion from `unicode' to `utf-8' is not allowed F:\phpstudy\WWW\Blog\Application\Admin\Controller\UeditorController.class.php 第 187 行.
NOTIC: [8192] Non-static method Vendor\Request::file() should not be called statically, assuming $this from incompatible context F:\phpstudy\WWW\Blog\Application\Admin\Controller\UeditorController.class.php 第 235 行.

[ 2018-05-22T20:03:57+08:00 ] 192.168.1.241 /blog/index.php/Admin/Setting/setting.html
INFO: [ app_init ] --START--
INFO: Run Behavior\BuildLiteBehavior [ RunTime:0.000000s ]
INFO: [ app_init ] --END-- [ RunTime:0.000000s ]
INFO: [ app_begin ] --START--
INFO: Run Behavior\ReadHtmlCacheBehavior [ RunTime:0.000500s ]
INFO: Run Behavior\CheckLangBehavior [ RunTime:0.000500s ]
INFO: [ app_begin ] --END-- [ RunTime:0.001000s ]
SQL: SHOW COLUMNS FROM `blog_users` [ RunTime:0.0105s ]
SQL: SELECT `loginnum`,`username`,`nickname`,`head` FROM `blog_users` LIMIT 1   [ RunTime:0.0000s ]
SQL: SHOW COLUMNS FROM `blog_website` [ RunTime:0.0050s ]
SQL: SELECT `key`,`value` FROM `blog_website`  [ RunTime:0.0000s ]
SQL: SELECT s.id,s.title,s.name,s.tips,s.pid,p.pid as ppid,p.title as ptitle FROM blog_menu s left join blog_menu p on p.id=s.pid where s.name='Setting/setting' [ RunTime:0.0005s ]
SQL: SHOW COLUMNS FROM `blog_menu` [ RunTime:0.0085s ]
SQL: SELECT `id`,`title`,`pid`,`name`,`icon` FROM `blog_menu` WHERE ( islink=1 ) ORDER BY id ASC  [ RunTime:0.0000s ]
SQL: SELECT * FROM `blog_website`  [ RunTime:0.0000s ]
INFO: [ view_parse ] --START--
INFO: [ template_filter ] --START--
INFO: Run Behavior\ContentReplaceBehavior [ RunTime:0.000500s ]
INFO: [ template_filter ] --END-- [ RunTime:0.000500s ]
NOTIC: [8] Use of undefined constant value - assumed 'value' F:\phpstudy\WWW\Blog\Application\Runtime\Cache\Admin\bc3b8be664c5cdbaa47dd252b573a2e6.php 第 581 行.
NOTIC: [8] Use of undefined constant value - assumed 'value' F:\phpstudy\WWW\Blog\Application\Runtime\Cache\Admin\bc3b8be664c5cdbaa47dd252b573a2e6.php 第 591 行.
NOTIC: [8] Use of undefined constant value - assumed 'value' F:\phpstudy\WWW\Blog\Application\Runtime\Cache\Admin\bc3b8be664c5cdbaa47dd252b573a2e6.php 第 611 行.
NOTIC: [8] Use of undefined constant value - assumed 'value' F:\phpstudy\WWW\Blog\Application\Runtime\Cache\Admin\bc3b8be664c5cdbaa47dd252b573a2e6.php 第 622 行.
NOTIC: [8] Use of undefined constant value - assumed 'value' F:\phpstudy\WWW\Blog\Application\Runtime\Cache\Admin\bc3b8be664c5cdbaa47dd252b573a2e6.php 第 631 行.
NOTIC: [8] Use of undefined constant value - assumed 'value' F:\phpstudy\WWW\Blog\Application\Runtime\Cache\Admin\bc3b8be664c5cdbaa47dd252b573a2e6.php 第 744 行.
INFO: Run Behavior\ParseTemplateBehavior [ RunTime:0.027003s ]
INFO: [ view_parse ] --END-- [ RunTime:0.027003s ]
INFO: [ view_filter ] --START--
INFO: Run Behavior\WriteHtmlCacheBehavior [ RunTime:0.001500s ]
INFO: [ view_filter ] --END-- [ RunTime:0.001500s ]
INFO: [ app_end ] --START--
INFO: Run Behavior\ShowPageTraceBehavior [ RunTime:0.001001s ]
INFO: [ app_end ] --END-- [ RunTime:0.001001s ]

[ 2018-05-22T20:04:03+08:00 ] 192.168.1.241 /blog/index.php/Admin/Setting/assets/images/avatars/avatar.png
INFO: [ app_init ] --START--
INFO: Run Behavior\BuildLiteBehavior [ RunTime:0.000000s ]
INFO: [ app_init ] --END-- [ RunTime:0.000000s ]

[ 2018-05-22T20:04:03+08:00 ] 192.168.1.241 /blog/index.php/Admin/Setting/assets/images/avatars/avatar3.png
INFO: [ app_init ] --START--
INFO: Run Behavior\BuildLiteBehavior [ RunTime:0.000000s ]
INFO: [ app_init ] --END-- [ RunTime:0.000000s ]

[ 2018-05-22T20:04:03+08:00 ] 192.168.1.241 /blog/index.php/Admin/Setting/assets/images/avatars/avatar4.png
INFO: [ app_init ] --START--
INFO: Run Behavior\BuildLiteBehavior [ RunTime:0.000000s ]
INFO: [ app_init ] --END-- [ RunTime:0.000500s ]

[ 2018-05-22T20:04:03+08:00 ] 192.168.1.241 /blog/index.php/Admin/Setting/assets/images/avatars/avatar2.png
INFO: [ app_init ] --START--
INFO: Run Behavior\BuildLiteBehavior [ RunTime:0.000000s ]
INFO: [ app_init ] --END-- [ RunTime:0.000000s ]

[ 2018-05-22T20:04:03+08:00 ] 192.168.1.241 /blog/index.php/Admin/Setting/assets/images/avatars/avatar5.png
INFO: [ app_init ] --START--
INFO: Run Behavior\BuildLiteBehavior [ RunTime:0.000000s ]
INFO: [ app_init ] --END-- [ RunTime:0.000501s ]

[ 2018-05-22T20:04:08+08:00 ] 192.168.1.241 /blog/index.php/Admin/Ueditor/index.html?action=config&&noCache=1526990648738
INFO: [ app_init ] --START--
INFO: Run Behavior\BuildLiteBehavior [ RunTime:0.000000s ]
INFO: [ app_init ] --END-- [ RunTime:0.000500s ]
INFO: [ app_begin ] --START--
INFO: Run Behavior\ReadHtmlCacheBehavior [ RunTime:0.000500s ]
INFO: Run Behavior\CheckLangBehavior [ RunTime:0.000500s ]
INFO: [ app_begin ] --END-- [ RunTime:0.001000s ]
INFO: [ app_end ] --START--
INFO: Run Behavior\ShowPageTraceBehavior [ RunTime:0.000500s ]
INFO: [ app_end ] --END-- [ RunTime:0.000500s ]

[ 2018-05-22T20:04:29+08:00 ] 192.168.1.241 /blog/index.php/Admin/Ueditor/index.html?action=uploadimage&encode=utf-8
INFO: [ app_init ] --START--
INFO: Run Behavior\BuildLiteBehavior [ RunTime:0.000000s ]
INFO: [ app_init ] --END-- [ RunTime:0.000000s ]
INFO: [ app_begin ] --START--
INFO: Run Behavior\ReadHtmlCacheBehavior [ RunTime:0.000500s ]
INFO: Run Behavior\CheckLangBehavior [ RunTime:0.000500s ]
INFO: [ app_begin ] --END-- [ RunTime:0.001000s ]
NOTIC: [8] iconv(): Wrong charset, conversion from `unicode' to `utf-8' is not allowed F:\phpstudy\WWW\Blog\Application\Admin\Controller\UeditorController.class.php 第 187 行.
NOTIC: [8192] Non-static method Vendor\Request::file() should not be called statically, assuming $this from incompatible context F:\phpstudy\WWW\Blog\Application\Admin\Controller\UeditorController.class.php 第 235 行.

[ 2018-05-22T20:04:55+08:00 ] 192.168.1.241 /blog/index.php/Admin/Setting/setting.html
INFO: [ app_init ] --START--
INFO: Run Behavior\BuildLiteBehavior [ RunTime:0.000000s ]
INFO: [ app_init ] --END-- [ RunTime:0.000000s ]
INFO: [ app_begin ] --START--
INFO: Run Behavior\ReadHtmlCacheBehavior [ RunTime:0.000500s ]
INFO: Run Behavior\CheckLangBehavior [ RunTime:0.000500s ]
INFO: [ app_begin ] --END-- [ RunTime:0.001000s ]
SQL: SHOW COLUMNS FROM `blog_users` [ RunTime:0.0065s ]
SQL: SELECT `loginnum`,`username`,`nickname`,`head` FROM `blog_users` LIMIT 1   [ RunTime:0.0000s ]
SQL: SHOW COLUMNS FROM `blog_website` [ RunTime:0.0055s ]
SQL: SELECT `key`,`value` FROM `blog_website`  [ RunTime:0.0000s ]
SQL: SELECT s.id,s.title,s.name,s.tips,s.pid,p.pid as ppid,p.title as ptitle FROM blog_menu s left join blog_menu p on p.id=s.pid where s.name='Setting/setting' [ RunTime:0.0000s ]
SQL: SHOW COLUMNS FROM `blog_menu` [ RunTime:0.0055s ]
SQL: SELECT `id`,`title`,`pid`,`name`,`icon` FROM `blog_menu` WHERE ( islink=1 ) ORDER BY id ASC  [ RunTime:0.0005s ]
SQL: SELECT * FROM `blog_website`  [ RunTime:0.0000s ]
INFO: [ view_parse ] --START--
INFO: [ template_filter ] --START--
INFO: Run Behavior\ContentReplaceBehavior [ RunTime:0.000500s ]
INFO: [ template_filter ] --END-- [ RunTime:0.000500s ]
NOTIC: [8] Use of undefined constant value - assumed 'value' F:\phpstudy\WWW\Blog\Application\Runtime\Cache\Admin\bc3b8be664c5cdbaa47dd252b573a2e6.php 第 581 行.
NOTIC: [8] Use of undefined constant value - assumed 'value' F:\phpstudy\WWW\Blog\Application\Runtime\Cache\Admin\bc3b8be664c5cdbaa47dd252b573a2e6.php 第 591 行.
NOTIC: [8] Use of undefined constant value - assumed 'value' F:\phpstudy\WWW\Blog\Application\Runtime\Cache\Admin\bc3b8be664c5cdbaa47dd252b573a2e6.php 第 611 行.
NOTIC: [8] Use of undefined constant value - assumed 'value' F:\phpstudy\WWW\Blog\Application\Runtime\Cache\Admin\bc3b8be664c5cdbaa47dd252b573a2e6.php 第 622 行.
NOTIC: [8] Use of undefined constant value - assumed 'value' F:\phpstudy\WWW\Blog\Application\Runtime\Cache\Admin\bc3b8be664c5cdbaa47dd252b573a2e6.php 第 631 行.
NOTIC: [8] Use of undefined constant value - assumed 'value' F:\phpstudy\WWW\Blog\Application\Runtime\Cache\Admin\bc3b8be664c5cdbaa47dd252b573a2e6.php 第 744 行.
INFO: Run Behavior\ParseTemplateBehavior [ RunTime:0.018003s ]
INFO: [ view_parse ] --END-- [ RunTime:0.018003s ]
INFO: [ view_filter ] --START--
INFO: Run Behavior\WriteHtmlCacheBehavior [ RunTime:0.000500s ]
INFO: [ view_filter ] --END-- [ RunTime:0.000500s ]
INFO: [ app_end ] --START--
INFO: Run Behavior\ShowPageTraceBehavior [ RunTime:0.000500s ]
INFO: [ app_end ] --END-- [ RunTime:0.000500s ]

[ 2018-05-22T20:05:01+08:00 ] 192.168.1.241 /blog/index.php/Admin/Setting/assets/images/avatars/avatar.png
INFO: [ app_init ] --START--
INFO: Run Behavior\BuildLiteBehavior [ RunTime:0.000000s ]
INFO: [ app_init ] --END-- [ RunTime:0.000500s ]

[ 2018-05-22T20:05:01+08:00 ] 192.168.1.241 /blog/index.php/Admin/Setting/assets/images/avatars/avatar3.png
INFO: [ app_init ] --START--
INFO: Run Behavior\BuildLiteBehavior [ RunTime:0.000000s ]
INFO: [ app_init ] --END-- [ RunTime:0.000501s ]

[ 2018-05-22T20:05:01+08:00 ] 192.168.1.241 /blog/index.php/Admin/Setting/assets/images/avatars/avatar2.png
INFO: [ app_init ] --START--
INFO: Run Behavior\BuildLiteBehavior [ RunTime:0.000000s ]
INFO: [ app_init ] --END-- [ RunTime:0.000000s ]

[ 2018-05-22T20:05:01+08:00 ] 192.168.1.241 /blog/index.php/Admin/Setting/assets/images/avatars/avatar5.png
INFO: [ app_init ] --START--
INFO: Run Behavior\BuildLiteBehavior [ RunTime:0.000000s ]
INFO: [ app_init ] --END-- [ RunTime:0.000500s ]

[ 2018-05-22T20:05:02+08:00 ] 192.168.1.241 /blog/index.php/Admin/Setting/assets/images/avatars/avatar4.png
INFO: [ app_init ] --START--
INFO: Run Behavior\BuildLiteBehavior [ RunTime:0.000000s ]
INFO: [ app_init ] --END-- [ RunTime:0.000000s ]

[ 2018-05-22T20:05:06+08:00 ] 192.168.1.241 /blog/index.php/Admin/Ueditor/index.html?action=config&&noCache=1526990706840
INFO: [ app_init ] --START--
INFO: Run Behavior\BuildLiteBehavior [ RunTime:0.000500s ]
INFO: [ app_init ] --END-- [ RunTime:0.000500s ]
INFO: [ app_begin ] --START--
INFO: Run Behavior\ReadHtmlCacheBehavior [ RunTime:0.001000s ]
INFO: Run Behavior\CheckLangBehavior [ RunTime:0.000500s ]
INFO: [ app_begin ] --END-- [ RunTime:0.001500s ]
INFO: [ app_end ] --START--
INFO: Run Behavior\ShowPageTraceBehavior [ RunTime:0.001000s ]
INFO: [ app_end ] --END-- [ RunTime:0.001000s ]

[ 2018-05-22T20:06:18+08:00 ] 192.168.1.241 /blog/index.php/Admin/Ueditor/index.html?action=uploadimage&encode=utf-8
INFO: [ app_init ] --START--
INFO: Run Behavior\BuildLiteBehavior [ RunTime:0.000000s ]
INFO: [ app_init ] --END-- [ RunTime:0.000000s ]
INFO: [ app_begin ] --START--
INFO: Run Behavior\ReadHtmlCacheBehavior [ RunTime:0.000500s ]
INFO: Run Behavior\CheckLangBehavior [ RunTime:0.000000s ]
INFO: [ app_begin ] --END-- [ RunTime:0.001000s ]
NOTIC: [8] iconv(): Wrong charset, conversion from `unicode' to `utf-8' is not allowed F:\phpstudy\WWW\Blog\Application\Admin\Controller\UeditorController.class.php 第 187 行.
NOTIC: [8192] Non-static method Vendor\Request::file() should not be called statically, assuming $this from incompatible context F:\phpstudy\WWW\Blog\Application\Admin\Controller\UeditorController.class.php 第 235 行.

[ 2018-05-22T20:06:32+08:00 ] 192.168.1.241 /blog/index.php/Admin/Ueditor/index.html?action=uploadimage&encode=utf-8
INFO: [ app_init ] --START--
INFO: Run Behavior\BuildLiteBehavior [ RunTime:0.000000s ]
INFO: [ app_init ] --END-- [ RunTime:0.000500s ]
INFO: [ app_begin ] --START--
INFO: Run Behavior\ReadHtmlCacheBehavior [ RunTime:0.000000s ]
INFO: Run Behavior\CheckLangBehavior [ RunTime:0.000500s ]
INFO: [ app_begin ] --END-- [ RunTime:0.000500s ]
NOTIC: [8] iconv(): Wrong charset, conversion from `unicode' to `utf-8' is not allowed F:\phpstudy\WWW\Blog\Application\Admin\Controller\UeditorController.class.php 第 187 行.
NOTIC: [8192] Non-static method Vendor\Request::file() should not be called statically, assuming $this from incompatible context F:\phpstudy\WWW\Blog\Application\Admin\Controller\UeditorController.class.php 第 235 行.

[ 2018-05-22T20:06:54+08:00 ] 192.168.1.241 /blog/index.php/Admin/Ueditor/index.html?action=uploadimage&encode=utf-8
INFO: [ app_init ] --START--
INFO: Run Behavior\BuildLiteBehavior [ RunTime:0.000000s ]
INFO: [ app_init ] --END-- [ RunTime:0.000000s ]
INFO: [ app_begin ] --START--
INFO: Run Behavior\ReadHtmlCacheBehavior [ RunTime:0.000500s ]
INFO: Run Behavior\CheckLangBehavior [ RunTime:0.000500s ]
INFO: [ app_begin ] --END-- [ RunTime:0.001000s ]
NOTIC: [8] iconv(): Wrong charset, conversion from `unicode' to `utf-8' is not allowed F:\phpstudy\WWW\Blog\Application\Admin\Controller\UeditorController.class.php 第 187 行.
NOTIC: [8192] Non-static method Vendor\Request::file() should not be called statically, assuming $this from incompatible context F:\phpstudy\WWW\Blog\Application\Admin\Controller\UeditorController.class.php 第 235 行.

[ 2018-05-22T20:07:17+08:00 ] 192.168.1.241 /blog/index.php/Admin/Ueditor/index.html?action=uploadimage&encode=utf-8
INFO: [ app_init ] --START--
INFO: Run Behavior\BuildLiteBehavior [ RunTime:0.000000s ]
INFO: [ app_init ] --END-- [ RunTime:0.000500s ]
INFO: [ app_begin ] --START--
INFO: Run Behavior\ReadHtmlCacheBehavior [ RunTime:0.000500s ]
INFO: Run Behavior\CheckLangBehavior [ RunTime:0.000000s ]
INFO: [ app_begin ] --END-- [ RunTime:0.000500s ]
NOTIC: [8] iconv(): Wrong charset, conversion from `unicode' to `utf-8' is not allowed F:\phpstudy\WWW\Blog\Application\Admin\Controller\UeditorController.class.php 第 187 行.
NOTIC: [8192] Non-static method Vendor\Request::file() should not be called statically, assuming $this from incompatible context F:\phpstudy\WWW\Blog\Application\Admin\Controller\UeditorController.class.php 第 235 行.

[ 2018-05-22T20:07:42+08:00 ] 192.168.1.241 /blog/index.php/Admin/Ueditor/index.html?action=uploadimage&encode=utf-8
INFO: [ app_init ] --START--
INFO: Run Behavior\BuildLiteBehavior [ RunTime:0.000000s ]
INFO: [ app_init ] --END-- [ RunTime:0.000500s ]
INFO: [ app_begin ] --START--
INFO: Run Behavior\ReadHtmlCacheBehavior [ RunTime:0.000500s ]
INFO: Run Behavior\CheckLangBehavior [ RunTime:0.000500s ]
INFO: [ app_begin ] --END-- [ RunTime:0.001000s ]
NOTIC: [8] iconv(): Wrong charset, conversion from `unicode' to `utf-8' is not allowed F:\phpstudy\WWW\Blog\Application\Admin\Controller\UeditorController.class.php 第 187 行.
NOTIC: [8192] Non-static method Vendor\Request::file() should not be called statically, assuming $this from incompatible context F:\phpstudy\WWW\Blog\Application\Admin\Controller\UeditorController.class.php 第 235 行.

[ 2018-05-22T20:08:11+08:00 ] 192.168.1.241 /blog/index.php/Admin/Ueditor/index.html?action=uploadimage&encode=utf-8
INFO: [ app_init ] --START--
INFO: Run Behavior\BuildLiteBehavior [ RunTime:0.000000s ]
INFO: [ app_init ] --END-- [ RunTime:0.000500s ]
INFO: [ app_begin ] --START--
INFO: Run Behavior\ReadHtmlCacheBehavior [ RunTime:0.000500s ]
INFO: Run Behavior\CheckLangBehavior [ RunTime:0.000501s ]
INFO: [ app_begin ] --END-- [ RunTime:0.001001s ]
NOTIC: [8] iconv(): Wrong charset, conversion from `unicode' to `utf-8' is not allowed F:\phpstudy\WWW\Blog\Application\Admin\Controller\UeditorController.class.php 第 187 行.
NOTIC: [8192] Non-static method Vendor\Request::file() should not be called statically, assuming $this from incompatible context F:\phpstudy\WWW\Blog\Application\Admin\Controller\UeditorController.class.php 第 235 行.

[ 2018-05-22T20:08:30+08:00 ] 192.168.1.241 /blog/index.php/Admin/Ueditor/index.html?action=uploadimage&encode=utf-8
INFO: [ app_init ] --START--
INFO: Run Behavior\BuildLiteBehavior [ RunTime:0.000000s ]
INFO: [ app_init ] --END-- [ RunTime:0.000500s ]
INFO: [ app_begin ] --START--
INFO: Run Behavior\ReadHtmlCacheBehavior [ RunTime:0.000000s ]
INFO: Run Behavior\CheckLangBehavior [ RunTime:0.000501s ]
INFO: [ app_begin ] --END-- [ RunTime:0.000501s ]
NOTIC: [8] iconv(): Wrong charset, conversion from `unicode' to `utf-8' is not allowed F:\phpstudy\WWW\Blog\Application\Admin\Controller\UeditorController.class.php 第 187 行.
NOTIC: [8192] Non-static method Vendor\Request::file() should not be called statically, assuming $this from incompatible context F:\phpstudy\WWW\Blog\Application\Admin\Controller\UeditorController.class.php 第 235 行.

[ 2018-05-22T20:10:37+08:00 ] 192.168.1.241 /blog/index.php/Admin/Ueditor/index.html?action=uploadimage&encode=utf-8
INFO: [ app_init ] --START--
INFO: Run Behavior\BuildLiteBehavior [ RunTime:0.000000s ]
INFO: [ app_init ] --END-- [ RunTime:0.000000s ]
INFO: [ app_begin ] --START--
INFO: Run Behavior\ReadHtmlCacheBehavior [ RunTime:0.000500s ]
INFO: Run Behavior\CheckLangBehavior [ RunTime:0.000500s ]
INFO: [ app_begin ] --END-- [ RunTime:0.001000s ]
NOTIC: [8] iconv(): Wrong charset, conversion from `unicode' to `utf-8' is not allowed F:\phpstudy\WWW\Blog\Application\Admin\Controller\UeditorController.class.php 第 187 行.
NOTIC: [8192] Non-static method Vendor\Request::file() should not be called statically, assuming $this from incompatible context F:\phpstudy\WWW\Blog\Application\Admin\Controller\UeditorController.class.php 第 235 行.

[ 2018-05-22T20:11:10+08:00 ] 192.168.1.241 /blog/index.php/Admin/Ueditor/index.html?action=uploadimage&encode=utf-8
INFO: [ app_init ] --START--
INFO: Run Behavior\BuildLiteBehavior [ RunTime:0.000000s ]
INFO: [ app_init ] --END-- [ RunTime:0.000500s ]
INFO: [ app_begin ] --START--
INFO: Run Behavior\ReadHtmlCacheBehavior [ RunTime:0.000500s ]
INFO: Run Behavior\CheckLangBehavior [ RunTime:0.000501s ]
INFO: [ app_begin ] --END-- [ RunTime:0.001001s ]
NOTIC: [8] iconv(): Wrong charset, conversion from `unicode' to `utf-8' is not allowed F:\phpstudy\WWW\Blog\Application\Admin\Controller\UeditorController.class.php 第 187 行.
NOTIC: [8192] Non-static method Vendor\Request::file() should not be called statically, assuming $this from incompatible context F:\phpstudy\WWW\Blog\Application\Admin\Controller\UeditorController.class.php 第 235 行.

[ 2018-05-22T20:12:35+08:00 ] 192.168.1.241 /blog/index.php/Admin/Ueditor/index.html?action=uploadimage&encode=utf-8
INFO: [ app_init ] --START--
INFO: Run Behavior\BuildLiteBehavior [ RunTime:0.000000s ]
INFO: [ app_init ] --END-- [ RunTime:0.000000s ]
INFO: [ app_begin ] --START--
INFO: Run Behavior\ReadHtmlCacheBehavior [ RunTime:0.000500s ]
INFO: Run Behavior\CheckLangBehavior [ RunTime:0.000500s ]
INFO: [ app_begin ] --END-- [ RunTime:0.001000s ]
NOTIC: [8] iconv(): Wrong charset, conversion from `unicode' to `utf-8' is not allowed F:\phpstudy\WWW\Blog\Application\Admin\Controller\UeditorController.class.php 第 187 行.
NOTIC: [8192] Non-static method Vendor\Request::file() should not be called statically, assuming $this from incompatible context F:\phpstudy\WWW\Blog\Application\Admin\Controller\UeditorController.class.php 第 235 行.

[ 2018-05-22T20:13:34+08:00 ] 192.168.1.241 /blog/index.php/Admin/Ueditor/index.html?action=uploadimage&encode=utf-8
INFO: [ app_init ] --START--
INFO: Run Behavior\BuildLiteBehavior [ RunTime:0.000000s ]
INFO: [ app_init ] --END-- [ RunTime:0.000000s ]
INFO: [ app_begin ] --START--
INFO: Run Behavior\ReadHtmlCacheBehavior [ RunTime:0.000500s ]
INFO: Run Behavior\CheckLangBehavior [ RunTime:0.000500s ]
INFO: [ app_begin ] --END-- [ RunTime:0.001000s ]
NOTIC: [8] iconv(): Wrong charset, conversion from `unicode' to `utf-8' is not allowed F:\phpstudy\WWW\Blog\Application\Admin\Controller\UeditorController.class.php 第 187 行.
NOTIC: [8192] Non-static method Vendor\Request::file() should not be called statically, assuming $this from incompatible context F:\phpstudy\WWW\Blog\Application\Admin\Controller\UeditorController.class.php 第 235 行.

[ 2018-05-22T20:13:45+08:00 ] 192.168.1.241 /blog/index.php/Admin/Ueditor/index.html?action=uploadimage&encode=utf-8
INFO: [ app_init ] --START--
INFO: Run Behavior\BuildLiteBehavior [ RunTime:0.000000s ]
INFO: [ app_init ] --END-- [ RunTime:0.000000s ]
INFO: [ app_begin ] --START--
INFO: Run Behavior\ReadHtmlCacheBehavior [ RunTime:0.000500s ]
INFO: Run Behavior\CheckLangBehavior [ RunTime:0.000500s ]
INFO: [ app_begin ] --END-- [ RunTime:0.001000s ]
NOTIC: [8] iconv(): Wrong charset, conversion from `unicode' to `utf-8' is not allowed F:\phpstudy\WWW\Blog\Application\Admin\Controller\UeditorController.class.php 第 187 行.
NOTIC: [8192] Non-static method Vendor\Request::file() should not be called statically, assuming $this from incompatible context F:\phpstudy\WWW\Blog\Application\Admin\Controller\UeditorController.class.php 第 235 行.

[ 2018-05-22T20:14:02+08:00 ] 192.168.1.241 /blog/index.php/Admin/Ueditor/index.html?action=uploadimage&encode=utf-8
INFO: [ app_init ] --START--
INFO: Run Behavior\BuildLiteBehavior [ RunTime:0.000000s ]
INFO: [ app_init ] --END-- [ RunTime:0.000000s ]
INFO: [ app_begin ] --START--
INFO: Run Behavior\ReadHtmlCacheBehavior [ RunTime:0.000500s ]
INFO: Run Behavior\CheckLangBehavior [ RunTime:0.000000s ]
INFO: [ app_begin ] --END-- [ RunTime:0.000500s ]
NOTIC: [8] iconv(): Wrong charset, conversion from `unicode' to `utf-8' is not allowed F:\phpstudy\WWW\Blog\Application\Admin\Controller\UeditorController.class.php 第 187 行.
NOTIC: [8192] Non-static method Vendor\Request::file() should not be called statically, assuming $this from incompatible context F:\phpstudy\WWW\Blog\Application\Admin\Controller\UeditorController.class.php 第 235 行.

[ 2018-05-22T20:14:30+08:00 ] 192.168.1.241 /blog/index.php/Admin/Ueditor/index.html?action=uploadimage&encode=utf-8
INFO: [ app_init ] --START--
INFO: Run Behavior\BuildLiteBehavior [ RunTime:0.000000s ]
INFO: [ app_init ] --END-- [ RunTime:0.000500s ]
INFO: [ app_begin ] --START--
INFO: Run Behavior\ReadHtmlCacheBehavior [ RunTime:0.000500s ]
INFO: Run Behavior\CheckLangBehavior [ RunTime:0.000500s ]
INFO: [ app_begin ] --END-- [ RunTime:0.001000s ]
NOTIC: [8] iconv(): Wrong charset, conversion from `unicode' to `utf-8' is not allowed F:\phpstudy\WWW\Blog\Application\Admin\Controller\UeditorController.class.php 第 187 行.
NOTIC: [8192] Non-static method Vendor\Request::file() should not be called statically, assuming $this from incompatible context F:\phpstudy\WWW\Blog\Application\Admin\Controller\UeditorController.class.php 第 235 行.

[ 2018-05-22T20:14:57+08:00 ] 192.168.1.241 /blog/index.php/Admin/Ueditor/index.html?action=uploadimage&encode=utf-8
INFO: [ app_init ] --START--
INFO: Run Behavior\BuildLiteBehavior [ RunTime:0.000000s ]
INFO: [ app_init ] --END-- [ RunTime:0.000000s ]
INFO: [ app_begin ] --START--
INFO: Run Behavior\ReadHtmlCacheBehavior [ RunTime:0.001000s ]
INFO: Run Behavior\CheckLangBehavior [ RunTime:0.001000s ]
INFO: [ app_begin ] --END-- [ RunTime:0.002000s ]
NOTIC: [8] iconv(): Wrong charset, conversion from `unicode' to `utf-8' is not allowed F:\phpstudy\WWW\Blog\Application\Admin\Controller\UeditorController.class.php 第 187 行.
NOTIC: [8192] Non-static method Vendor\Request::file() should not be called statically, assuming $this from incompatible context F:\phpstudy\WWW\Blog\Application\Admin\Controller\UeditorController.class.php 第 235 行.

