[ 2018-07-07T17:22:55+08:00 ] ::1 /blog/index.php/admin
INFO: [ app_init ] --START--
INFO: Run Behavior\BuildLiteBehavior [ RunTime:0.000009s ]
INFO: [ app_init ] --END-- [ RunTime:0.000316s ]
INFO: [ app_begin ] --START--
INFO: Run Behavior\ReadHtmlCacheBehavior [ RunTime:0.000375s ]
INFO: Run Behavior\CheckLangBehavior [ RunTime:0.000521s ]
INFO: [ app_begin ] --END-- [ RunTime:0.000963s ]
INFO: [ view_parse ] --START--
INFO: [ template_filter ] --START--
INFO: Run Behavior\ContentReplaceBehavior [ RunTime:0.000018s ]
INFO: [ template_filter ] --END-- [ RunTime:0.000042s ]
INFO: Run Behavior\ParseTemplateBehavior [ RunTime:0.003351s ]
INFO: [ view_parse ] --END-- [ RunTime:0.003385s ]
INFO: [ view_filter ] --START--
INFO: Run Behavior\WriteHtmlCacheBehavior [ RunTime:0.000170s ]
INFO: [ view_filter ] --END-- [ RunTime:0.000186s ]

[ 2018-07-07T17:22:58+08:00 ] ::1 /blog/index.php/Admin/Login/login.html
INFO: [ app_init ] --START--
INFO: Run Behavior\BuildLiteBehavior [ RunTime:0.000007s ]
INFO: [ app_init ] --END-- [ RunTime:0.000184s ]
INFO: [ app_begin ] --START--
INFO: Run Behavior\ReadHtmlCacheBehavior [ RunTime:0.000216s ]
INFO: Run Behavior\CheckLangBehavior [ RunTime:0.000817s ]
INFO: [ app_begin ] --END-- [ RunTime:0.001080s ]
INFO: [ view_parse ] --START--
INFO: [ template_filter ] --START--
INFO: Run Behavior\ContentReplaceBehavior [ RunTime:0.000027s ]
INFO: [ template_filter ] --END-- [ RunTime:0.000047s ]
NOTIC: [8] Use of undefined constant verify - assumed 'verify' F:\phpstudy\WWW\blog\Application\Runtime\Cache\Admin\0dfec61edd66f450033aa87c28a760f4.php 第 32 行.
INFO: Run Behavior\ParseTemplateBehavior [ RunTime:0.003531s ]
INFO: [ view_parse ] --END-- [ RunTime:0.003552s ]
INFO: [ view_filter ] --START--
INFO: Run Behavior\WriteHtmlCacheBehavior [ RunTime:0.000119s ]
INFO: [ view_filter ] --END-- [ RunTime:0.000139s ]
INFO: [ app_end ] --START--
INFO: Run Behavior\ShowPageTraceBehavior [ RunTime:0.000262s ]
INFO: [ app_end ] --END-- [ RunTime:0.000281s ]

[ 2018-07-07T17:22:58+08:00 ] ::1 /blog/index.php/Admin/Login/verify.html
INFO: [ app_init ] --START--
INFO: Run Behavior\BuildLiteBehavior [ RunTime:0.000006s ]
INFO: [ app_init ] --END-- [ RunTime:0.000179s ]
INFO: [ app_begin ] --START--
INFO: Run Behavior\ReadHtmlCacheBehavior [ RunTime:0.000220s ]
INFO: Run Behavior\CheckLangBehavior [ RunTime:0.000385s ]
INFO: [ app_begin ] --END-- [ RunTime:0.000657s ]
INFO: [ app_end ] --START--
INFO: Run Behavior\ShowPageTraceBehavior [ RunTime:0.000306s ]
INFO: [ app_end ] --END-- [ RunTime:0.000338s ]

[ 2018-07-07T17:23:10+08:00 ] ::1 /blog/index.php/Admin/Login/login.html
INFO: [ app_init ] --START--
INFO: Run Behavior\BuildLiteBehavior [ RunTime:0.000007s ]
INFO: [ app_init ] --END-- [ RunTime:0.000178s ]
INFO: [ app_begin ] --START--
INFO: Run Behavior\ReadHtmlCacheBehavior [ RunTime:0.000210s ]
INFO: Run Behavior\CheckLangBehavior [ RunTime:0.000329s ]
INFO: [ app_begin ] --END-- [ RunTime:0.000580s ]
SQL: SHOW COLUMNS FROM `blog_admin` [ RunTime:0.0057s ]
NOTIC: [8] Undefined index: validate F:\phpstudy\WWW\Thinkphp\Library\Think\Model.class.php 第 1185 行.
NOTIC: [8] Undefined index: auto F:\phpstudy\WWW\Thinkphp\Library\Think\Model.class.php 第 1128 行.
SQL: SELECT `userid`,`username`,`nickname`,`password`,`lastdate`,`lastip` FROM `blog_admin` WHERE `username` = 'admin' LIMIT 1   [ RunTime:0.0002s ]
SQL: SHOW COLUMNS FROM `blog_admin` [ RunTime:0.0051s ]
SQL: UPDATE `blog_admin` SET `loginnum`=loginnum+1 WHERE `username` = 'admin' AND `userid` = 1 [ RunTime:0.0002s ]
SQL: UPDATE `blog_admin` SET `username`='admin',`password`='21232f297a57a5a743894a0e4a801fc3',`lastdate`='1530955390',`lastip`='0.0.0.0' WHERE `username` = 'admin' AND `userid` = 1 [ RunTime:0.0001s ]

[ 2018-07-07T17:23:11+08:00 ] ::1 /blog/index.php/Admin/Index/index
INFO: [ app_init ] --START--
INFO: Run Behavior\BuildLiteBehavior [ RunTime:0.000006s ]
INFO: [ app_init ] --END-- [ RunTime:0.000272s ]
INFO: [ app_begin ] --START--
INFO: Run Behavior\ReadHtmlCacheBehavior [ RunTime:0.000255s ]
INFO: Run Behavior\CheckLangBehavior [ RunTime:0.000281s ]
INFO: [ app_begin ] --END-- [ RunTime:0.000583s ]
SQL: SHOW COLUMNS FROM `blog_admin` [ RunTime:0.0049s ]
SQL: SELECT * FROM `blog_admin` WHERE `userid` = 1 LIMIT 1   [ RunTime:0.0002s ]
SQL: SHOW COLUMNS FROM `blog_website` [ RunTime:0.0055s ]
SQL: SELECT `k`,`v` FROM `blog_website`  [ RunTime:0.0031s ]
SQL: SELECT s.id,s.title,s.name,s.tips,s.pid,p.pid as ppid,p.title as ptitle FROM blog_menu s left join blog_menu p on p.id=s.pid where s.name='Index/index' [ RunTime:0.0071s ]
SQL: SHOW COLUMNS FROM `blog_menu` [ RunTime:0.0053s ]
SQL: SELECT `id`,`title`,`pid`,`name`,`icon` FROM `blog_menu` WHERE ( islink=1 ) ORDER BY id ASC  [ RunTime:0.0002s ]
INFO: [ view_parse ] --START--
INFO: [ template_filter ] --START--
INFO: Run Behavior\ContentReplaceBehavior [ RunTime:0.000087s ]
INFO: [ template_filter ] --END-- [ RunTime:0.000113s ]
INFO: Run Behavior\ParseTemplateBehavior [ RunTime:0.041802s ]
INFO: [ view_parse ] --END-- [ RunTime:0.041826s ]
INFO: [ view_filter ] --START--
INFO: Run Behavior\WriteHtmlCacheBehavior [ RunTime:0.000125s ]
INFO: [ view_filter ] --END-- [ RunTime:0.000142s ]
INFO: [ app_end ] --START--
INFO: Run Behavior\ShowPageTraceBehavior [ RunTime:0.000237s ]
INFO: [ app_end ] --END-- [ RunTime:0.000260s ]

[ 2018-07-07T17:23:11+08:00 ] ::1 /blog/index.php/Admin/Index/assets/images/avatars/avatar.png
INFO: [ app_init ] --START--
INFO: Run Behavior\BuildLiteBehavior [ RunTime:0.000006s ]
INFO: [ app_init ] --END-- [ RunTime:0.000177s ]

[ 2018-07-07T17:23:12+08:00 ] ::1 /blog/index.php/Admin/Index/assets/images/avatars/avatar2.png
INFO: [ app_init ] --START--
INFO: Run Behavior\BuildLiteBehavior [ RunTime:0.000005s ]
INFO: [ app_init ] --END-- [ RunTime:0.000174s ]

[ 2018-07-07T17:23:12+08:00 ] ::1 /blog/index.php/Admin/Index/assets/images/avatars/avatar4.png
INFO: [ app_init ] --START--
INFO: Run Behavior\BuildLiteBehavior [ RunTime:0.000007s ]
INFO: [ app_init ] --END-- [ RunTime:0.000234s ]

[ 2018-07-07T17:23:12+08:00 ] ::1 /blog/index.php/Admin/Index/assets/images/avatars/avatar3.png
INFO: [ app_init ] --START--
INFO: Run Behavior\BuildLiteBehavior [ RunTime:0.000006s ]
INFO: [ app_init ] --END-- [ RunTime:0.000219s ]

[ 2018-07-07T17:23:12+08:00 ] ::1 /blog/index.php/Admin/Index/assets/images/avatars/avatar5.png
INFO: [ app_init ] --START--
INFO: Run Behavior\BuildLiteBehavior [ RunTime:0.000006s ]
INFO: [ app_init ] --END-- [ RunTime:0.000220s ]

[ 2018-07-07T17:23:17+08:00 ] ::1 /blog/index.php/Admin/Menu/index.html
INFO: [ app_init ] --START--
INFO: Run Behavior\BuildLiteBehavior [ RunTime:0.000006s ]
INFO: [ app_init ] --END-- [ RunTime:0.000174s ]
INFO: [ app_begin ] --START--
INFO: Run Behavior\ReadHtmlCacheBehavior [ RunTime:0.000250s ]
INFO: Run Behavior\CheckLangBehavior [ RunTime:0.000313s ]
INFO: [ app_begin ] --END-- [ RunTime:0.000607s ]
SQL: SHOW COLUMNS FROM `blog_admin` [ RunTime:0.0060s ]
SQL: SELECT * FROM `blog_admin` WHERE `userid` = 1 LIMIT 1   [ RunTime:0.0002s ]
SQL: SHOW COLUMNS FROM `blog_website` [ RunTime:0.0051s ]
SQL: SELECT `k`,`v` FROM `blog_website`  [ RunTime:0.0001s ]
SQL: SELECT s.id,s.title,s.name,s.tips,s.pid,p.pid as ppid,p.title as ptitle FROM blog_menu s left join blog_menu p on p.id=s.pid where s.name='Menu/index' [ RunTime:0.0002s ]
SQL: SHOW COLUMNS FROM `blog_menu` [ RunTime:0.0049s ]
SQL: SELECT `id`,`title`,`pid`,`name`,`icon` FROM `blog_menu` WHERE ( islink=1 ) ORDER BY id ASC  [ RunTime:0.0002s ]
SQL: SELECT COUNT(*) AS tp_count FROM `blog_menu` LIMIT 1   [ RunTime:0.0001s ]
SQL: SELECT * FROM `blog_menu` ORDER BY id asc  [ RunTime:0.0002s ]
INFO: [ view_parse ] --START--
INFO: [ template_filter ] --START--
INFO: Run Behavior\ContentReplaceBehavior [ RunTime:0.000149s ]
INFO: [ template_filter ] --END-- [ RunTime:0.000175s ]
INFO: Run Behavior\ParseTemplateBehavior [ RunTime:0.021354s ]
INFO: [ view_parse ] --END-- [ RunTime:0.021379s ]
INFO: [ view_filter ] --START--
INFO: Run Behavior\WriteHtmlCacheBehavior [ RunTime:0.000179s ]
INFO: [ view_filter ] --END-- [ RunTime:0.000196s ]
INFO: [ app_end ] --START--
INFO: Run Behavior\ShowPageTraceBehavior [ RunTime:0.000287s ]
INFO: [ app_end ] --END-- [ RunTime:0.000311s ]

[ 2018-07-07T17:23:17+08:00 ] ::1 /blog/index.php/Admin/Menu/assets/images/avatars/avatar.png
INFO: [ app_init ] --START--
INFO: Run Behavior\BuildLiteBehavior [ RunTime:0.000007s ]
INFO: [ app_init ] --END-- [ RunTime:0.000185s ]

[ 2018-07-07T17:23:17+08:00 ] ::1 /blog/index.php/Admin/Menu/assets/images/avatars/avatar2.png
INFO: [ app_init ] --START--
INFO: Run Behavior\BuildLiteBehavior [ RunTime:0.000008s ]
INFO: [ app_init ] --END-- [ RunTime:0.000243s ]

[ 2018-07-07T17:23:17+08:00 ] ::1 /blog/index.php/Admin/Menu/assets/images/avatars/avatar3.png
INFO: [ app_init ] --START--
INFO: Run Behavior\BuildLiteBehavior [ RunTime:0.000009s ]
INFO: [ app_init ] --END-- [ RunTime:0.000227s ]

[ 2018-07-07T17:23:17+08:00 ] ::1 /blog/index.php/Admin/Menu/assets/images/avatars/avatar4.png
INFO: [ app_init ] --START--
INFO: Run Behavior\BuildLiteBehavior [ RunTime:0.000010s ]
INFO: [ app_init ] --END-- [ RunTime:0.000267s ]

[ 2018-07-07T17:23:18+08:00 ] ::1 /blog/index.php/Admin/Menu/assets/images/avatars/avatar5.png
INFO: [ app_init ] --START--
INFO: Run Behavior\BuildLiteBehavior [ RunTime:0.000006s ]
INFO: [ app_init ] --END-- [ RunTime:0.000175s ]

[ 2018-07-07T17:23:28+08:00 ] ::1 /blog/index.php/Admin/Article/index.html
INFO: [ app_init ] --START--
INFO: Run Behavior\BuildLiteBehavior [ RunTime:0.000006s ]
INFO: [ app_init ] --END-- [ RunTime:0.000179s ]
INFO: [ app_begin ] --START--
INFO: Run Behavior\ReadHtmlCacheBehavior [ RunTime:0.000212s ]
INFO: Run Behavior\CheckLangBehavior [ RunTime:0.000277s ]
INFO: [ app_begin ] --END-- [ RunTime:0.000532s ]
SQL: SHOW COLUMNS FROM `blog_admin` [ RunTime:0.0058s ]
SQL: SELECT * FROM `blog_admin` WHERE `userid` = 1 LIMIT 1   [ RunTime:0.0002s ]
SQL: SHOW COLUMNS FROM `blog_website` [ RunTime:0.0048s ]
SQL: SELECT `k`,`v` FROM `blog_website`  [ RunTime:0.0001s ]
SQL: SELECT s.id,s.title,s.name,s.tips,s.pid,p.pid as ppid,p.title as ptitle FROM blog_menu s left join blog_menu p on p.id=s.pid where s.name='Article/index' [ RunTime:0.0002s ]
SQL: SHOW COLUMNS FROM `blog_menu` [ RunTime:0.0051s ]
SQL: SELECT `id`,`title`,`pid`,`name`,`icon` FROM `blog_menu` WHERE ( islink=1 ) ORDER BY id ASC  [ RunTime:0.0002s ]
NOTIC: [8] Use of undefined constant order - assumed 'order' F:\phpstudy\WWW\blog\Application\Admin\Controller\ArticleController.class.php 第 17 行.
NOTIC: [8] Use of undefined constant dir - assumed 'dir' F:\phpstudy\WWW\blog\Application\Admin\Controller\ArticleController.class.php 第 17 行.
NOTIC: [8] Undefined index: order F:\phpstudy\WWW\blog\Application\Admin\Controller\ArticleController.class.php 第 17 行.
NOTIC: [8] Undefined index: order F:\phpstudy\WWW\blog\Application\Admin\Controller\ArticleController.class.php 第 19 行.
NOTIC: [8] Undefined index: columns F:\phpstudy\WWW\blog\Application\Admin\Controller\ArticleController.class.php 第 21 行.
NOTIC: [8] Use of undefined constant start - assumed 'start' F:\phpstudy\WWW\blog\Application\Admin\Controller\ArticleController.class.php 第 23 行.
NOTIC: [8] Undefined index: start F:\phpstudy\WWW\blog\Application\Admin\Controller\ArticleController.class.php 第 23 行.
NOTIC: [8] Use of undefined constant length - assumed 'length' F:\phpstudy\WWW\blog\Application\Admin\Controller\ArticleController.class.php 第 24 行.
NOTIC: [8] Undefined index: length F:\phpstudy\WWW\blog\Application\Admin\Controller\ArticleController.class.php 第 24 行.
NOTIC: [8] Use of undefined constant search - assumed 'search' F:\phpstudy\WWW\blog\Application\Admin\Controller\ArticleController.class.php 第 27 行.
NOTIC: [8] Use of undefined constant value - assumed 'value' F:\phpstudy\WWW\blog\Application\Admin\Controller\ArticleController.class.php 第 27 行.
NOTIC: [8] Undefined index: search F:\phpstudy\WWW\blog\Application\Admin\Controller\ArticleController.class.php 第 27 行.
SQL: SHOW COLUMNS FROM `blog_act` [ RunTime:0.0052s ]
SQL: SELECT blog_act.*,blog_category.name FROM `blog_act` INNER JOIN blog_category ON blog_category.id = blog_act.sid  WHERE ( 1 = 1  ) ORDER BY id desc LIMIT 0,10   [ RunTime:0.0003s ]
SQL: SELECT COUNT(*) AS tp_count FROM `blog_act` WHERE ( 1 = 1  ) LIMIT 1   [ RunTime:0.0001s ]
INFO: [ view_parse ] --START--
INFO: [ template_filter ] --START--
INFO: Run Behavior\ContentReplaceBehavior [ RunTime:0.000114s ]
INFO: [ template_filter ] --END-- [ RunTime:0.000138s ]
NOTIC: [8] Undefined variable: list F:\phpstudy\WWW\blog\Application\Runtime\Cache\Admin\7a4184ffe8f804b12b2e7f8851dd8f7d.php 第 596 行.
INFO: Run Behavior\ParseTemplateBehavior [ RunTime:0.022843s ]
INFO: [ view_parse ] --END-- [ RunTime:0.022863s ]
INFO: [ view_filter ] --START--
INFO: Run Behavior\WriteHtmlCacheBehavior [ RunTime:0.000123s ]
INFO: [ view_filter ] --END-- [ RunTime:0.000140s ]

[ 2018-07-07T17:23:28+08:00 ] ::1 /blog/index.php/Admin/Article/assets/images/avatars/avatar3.png
INFO: [ app_init ] --START--
INFO: Run Behavior\BuildLiteBehavior [ RunTime:0.000006s ]
INFO: [ app_init ] --END-- [ RunTime:0.000186s ]

[ 2018-07-07T17:23:28+08:00 ] ::1 /blog/index.php/Admin/Article/assets/images/avatars/avatar4.png
INFO: [ app_init ] --START--
INFO: Run Behavior\BuildLiteBehavior [ RunTime:0.000006s ]
INFO: [ app_init ] --END-- [ RunTime:0.000173s ]

[ 2018-07-07T17:23:28+08:00 ] ::1 /blog/index.php/Admin/Article/assets/images/avatars/avatar5.png
INFO: [ app_init ] --START--
INFO: Run Behavior\BuildLiteBehavior [ RunTime:0.000006s ]
INFO: [ app_init ] --END-- [ RunTime:0.000173s ]

[ 2018-07-07T17:23:28+08:00 ] ::1 /blog/index.php/Admin/Article/assets/images/avatars/avatar.png
INFO: [ app_init ] --START--
INFO: Run Behavior\BuildLiteBehavior [ RunTime:0.000005s ]
INFO: [ app_init ] --END-- [ RunTime:0.000177s ]

[ 2018-07-07T17:23:29+08:00 ] ::1 /blog/index.php/Admin/Article/assets/images/avatars/avatar2.png
INFO: [ app_init ] --START--
INFO: Run Behavior\BuildLiteBehavior [ RunTime:0.000005s ]
INFO: [ app_init ] --END-- [ RunTime:0.000172s ]

[ 2018-07-07T17:23:29+08:00 ] ::1 /blog/index.php/Admin/Article/index.html
INFO: [ app_init ] --START--
INFO: Run Behavior\BuildLiteBehavior [ RunTime:0.000006s ]
INFO: [ app_init ] --END-- [ RunTime:0.000185s ]
INFO: [ app_begin ] --START--
INFO: Run Behavior\ReadHtmlCacheBehavior [ RunTime:0.000209s ]
INFO: Run Behavior\CheckLangBehavior [ RunTime:0.000272s ]
INFO: [ app_begin ] --END-- [ RunTime:0.000515s ]
SQL: SHOW COLUMNS FROM `blog_admin` [ RunTime:0.0057s ]
SQL: SELECT * FROM `blog_admin` WHERE `userid` = 1 LIMIT 1   [ RunTime:0.0002s ]
SQL: SHOW COLUMNS FROM `blog_website` [ RunTime:0.0051s ]
SQL: SELECT `k`,`v` FROM `blog_website`  [ RunTime:0.0002s ]
SQL: SELECT s.id,s.title,s.name,s.tips,s.pid,p.pid as ppid,p.title as ptitle FROM blog_menu s left join blog_menu p on p.id=s.pid where s.name='Article/index' [ RunTime:0.0002s ]
SQL: SHOW COLUMNS FROM `blog_menu` [ RunTime:0.0050s ]
SQL: SELECT `id`,`title`,`pid`,`name`,`icon` FROM `blog_menu` WHERE ( islink=1 ) ORDER BY id ASC  [ RunTime:0.0002s ]
NOTIC: [8] Use of undefined constant order - assumed 'order' F:\phpstudy\WWW\blog\Application\Admin\Controller\ArticleController.class.php 第 17 行.
NOTIC: [8] Use of undefined constant dir - assumed 'dir' F:\phpstudy\WWW\blog\Application\Admin\Controller\ArticleController.class.php 第 17 行.
NOTIC: [8] Use of undefined constant order - assumed 'order' F:\phpstudy\WWW\blog\Application\Admin\Controller\ArticleController.class.php 第 17 行.
NOTIC: [8] Use of undefined constant dir - assumed 'dir' F:\phpstudy\WWW\blog\Application\Admin\Controller\ArticleController.class.php 第 17 行.
NOTIC: [8] Use of undefined constant order - assumed 'order' F:\phpstudy\WWW\blog\Application\Admin\Controller\ArticleController.class.php 第 19 行.
NOTIC: [8] Use of undefined constant dir - assumed 'dir' F:\phpstudy\WWW\blog\Application\Admin\Controller\ArticleController.class.php 第 19 行.
NOTIC: [8] Undefined index: asc F:\phpstudy\WWW\blog\Application\Admin\Controller\ArticleController.class.php 第 21 行.
NOTIC: [8] Use of undefined constant start - assumed 'start' F:\phpstudy\WWW\blog\Application\Admin\Controller\ArticleController.class.php 第 23 行.
NOTIC: [8] Use of undefined constant length - assumed 'length' F:\phpstudy\WWW\blog\Application\Admin\Controller\ArticleController.class.php 第 24 行.
NOTIC: [8] Use of undefined constant length - assumed 'length' F:\phpstudy\WWW\blog\Application\Admin\Controller\ArticleController.class.php 第 24 行.
NOTIC: [8] Use of undefined constant search - assumed 'search' F:\phpstudy\WWW\blog\Application\Admin\Controller\ArticleController.class.php 第 27 行.
NOTIC: [8] Use of undefined constant value - assumed 'value' F:\phpstudy\WWW\blog\Application\Admin\Controller\ArticleController.class.php 第 27 行.
SQL: SHOW COLUMNS FROM `blog_act` [ RunTime:0.0049s ]
SQL: SELECT blog_act.*,blog_category.name FROM `blog_act` INNER JOIN blog_category ON blog_category.id = blog_act.sid  WHERE ( 1 = 1  ) ORDER BY id asc LIMIT 0,10   [ RunTime:0.0003s ]
SQL: SELECT COUNT(*) AS tp_count FROM `blog_act` WHERE ( 1 = 1  ) LIMIT 1   [ RunTime:0.0001s ]

[ 2018-07-07T17:23:34+08:00 ] ::1 /blog/index.php/Admin/Category/index.html
INFO: [ app_init ] --START--
INFO: Run Behavior\BuildLiteBehavior [ RunTime:0.000006s ]
INFO: [ app_init ] --END-- [ RunTime:0.000182s ]
INFO: [ app_begin ] --START--
INFO: Run Behavior\ReadHtmlCacheBehavior [ RunTime:0.000231s ]
INFO: Run Behavior\CheckLangBehavior [ RunTime:0.000278s ]
INFO: [ app_begin ] --END-- [ RunTime:0.000555s ]
SQL: SHOW COLUMNS FROM `blog_admin` [ RunTime:0.0054s ]
SQL: SELECT * FROM `blog_admin` WHERE `userid` = 1 LIMIT 1   [ RunTime:0.0002s ]
SQL: SHOW COLUMNS FROM `blog_website` [ RunTime:0.0047s ]
SQL: SELECT `k`,`v` FROM `blog_website`  [ RunTime:0.0001s ]
SQL: SELECT s.id,s.title,s.name,s.tips,s.pid,p.pid as ppid,p.title as ptitle FROM blog_menu s left join blog_menu p on p.id=s.pid where s.name='Category/index' [ RunTime:0.0001s ]
SQL: SHOW COLUMNS FROM `blog_menu` [ RunTime:0.0048s ]
SQL: SELECT `id`,`title`,`pid`,`name`,`icon` FROM `blog_menu` WHERE ( islink=1 ) ORDER BY id ASC  [ RunTime:0.0002s ]
SQL: SHOW COLUMNS FROM `blog_category` [ RunTime:0.0050s ]
SQL: SELECT COUNT(*) AS tp_count FROM `blog_category` LIMIT 1   [ RunTime:0.0001s ]
SQL: SELECT * FROM `blog_category` ORDER BY id asc  [ RunTime:0.0002s ]
INFO: [ view_parse ] --START--
INFO: [ template_filter ] --START--
INFO: Run Behavior\ContentReplaceBehavior [ RunTime:0.000124s ]
INFO: [ template_filter ] --END-- [ RunTime:0.000145s ]
INFO: Run Behavior\ParseTemplateBehavior [ RunTime:0.013443s ]
INFO: [ view_parse ] --END-- [ RunTime:0.013467s ]
INFO: [ view_filter ] --START--
INFO: Run Behavior\WriteHtmlCacheBehavior [ RunTime:0.000132s ]
INFO: [ view_filter ] --END-- [ RunTime:0.000148s ]
INFO: [ app_end ] --START--
INFO: Run Behavior\ShowPageTraceBehavior [ RunTime:0.000240s ]
INFO: [ app_end ] --END-- [ RunTime:0.000263s ]

[ 2018-07-07T17:23:34+08:00 ] ::1 /blog/index.php/Admin/Category/assets/images/avatars/avatar.png
INFO: [ app_init ] --START--
INFO: Run Behavior\BuildLiteBehavior [ RunTime:0.000010s ]
INFO: [ app_init ] --END-- [ RunTime:0.000262s ]

[ 2018-07-07T17:23:34+08:00 ] ::1 /blog/index.php/Admin/Category/assets/images/avatars/avatar3.png
INFO: [ app_init ] --START--
INFO: Run Behavior\BuildLiteBehavior [ RunTime:0.000009s ]
INFO: [ app_init ] --END-- [ RunTime:0.000253s ]

[ 2018-07-07T17:23:34+08:00 ] ::1 /blog/index.php/Admin/Category/assets/images/avatars/avatar4.png
INFO: [ app_init ] --START--
INFO: Run Behavior\BuildLiteBehavior [ RunTime:0.000006s ]
INFO: [ app_init ] --END-- [ RunTime:0.000187s ]

[ 2018-07-07T17:23:34+08:00 ] ::1 /blog/index.php/Admin/Category/assets/images/avatars/avatar2.png
INFO: [ app_init ] --START--
INFO: Run Behavior\BuildLiteBehavior [ RunTime:0.000009s ]
INFO: [ app_init ] --END-- [ RunTime:0.000263s ]

[ 2018-07-07T17:23:35+08:00 ] ::1 /blog/index.php/Admin/Category/assets/images/avatars/avatar5.png
INFO: [ app_init ] --START--
INFO: Run Behavior\BuildLiteBehavior [ RunTime:0.000005s ]
INFO: [ app_init ] --END-- [ RunTime:0.000172s ]

[ 2018-07-07T17:23:51+08:00 ] ::1 /blog/index.php/Admin/Category/add.html
INFO: [ app_init ] --START--
INFO: Run Behavior\BuildLiteBehavior [ RunTime:0.000007s ]
INFO: [ app_init ] --END-- [ RunTime:0.000175s ]
INFO: [ app_begin ] --START--
INFO: Run Behavior\ReadHtmlCacheBehavior [ RunTime:0.000212s ]
INFO: Run Behavior\CheckLangBehavior [ RunTime:0.000271s ]
INFO: [ app_begin ] --END-- [ RunTime:0.000528s ]
SQL: SHOW COLUMNS FROM `blog_admin` [ RunTime:0.0054s ]
SQL: SELECT * FROM `blog_admin` WHERE `userid` = 1 LIMIT 1   [ RunTime:0.0002s ]
SQL: SHOW COLUMNS FROM `blog_website` [ RunTime:0.0049s ]
SQL: SELECT `k`,`v` FROM `blog_website`  [ RunTime:0.0001s ]
SQL: SELECT s.id,s.title,s.name,s.tips,s.pid,p.pid as ppid,p.title as ptitle FROM blog_menu s left join blog_menu p on p.id=s.pid where s.name='Category/add' [ RunTime:0.0002s ]
SQL: SHOW COLUMNS FROM `blog_menu` [ RunTime:0.0049s ]
SQL: SELECT `id`,`title`,`pid`,`name`,`icon` FROM `blog_menu` WHERE ( islink=1 ) ORDER BY id ASC  [ RunTime:0.0002s ]
SQL: SHOW COLUMNS FROM `blog_category` [ RunTime:0.0050s ]
SQL: SELECT `id`,`pid`,`name` FROM `blog_category` ORDER BY id asc  [ RunTime:0.0001s ]
INFO: [ view_parse ] --START--
INFO: [ template_filter ] --START--
INFO: Run Behavior\ContentReplaceBehavior [ RunTime:0.000096s ]
INFO: [ template_filter ] --END-- [ RunTime:0.000121s ]
NOTIC: [8] Undefined variable: currentcategory F:\phpstudy\WWW\blog\Application\Runtime\Cache\Admin\115b910522123250764e63bae03373cc.php 第 575 行.
NOTIC: [8] Undefined variable: currentcategory F:\phpstudy\WWW\blog\Application\Runtime\Cache\Admin\115b910522123250764e63bae03373cc.php 第 581 行.
NOTIC: [8] Undefined variable: currentcategory F:\phpstudy\WWW\blog\Application\Runtime\Cache\Admin\115b910522123250764e63bae03373cc.php 第 584 行.
NOTIC: [8] Undefined variable: currentcategory F:\phpstudy\WWW\blog\Application\Runtime\Cache\Admin\115b910522123250764e63bae03373cc.php 第 587 行.
NOTIC: [8] Undefined variable: currentcategory F:\phpstudy\WWW\blog\Application\Runtime\Cache\Admin\115b910522123250764e63bae03373cc.php 第 616 行.
NOTIC: [8] Undefined variable: currentcategory F:\phpstudy\WWW\blog\Application\Runtime\Cache\Admin\115b910522123250764e63bae03373cc.php 第 627 行.
NOTIC: [8] Undefined variable: currentcategory F:\phpstudy\WWW\blog\Application\Runtime\Cache\Admin\115b910522123250764e63bae03373cc.php 第 638 行.
NOTIC: [8] Undefined variable: currentcategory F:\phpstudy\WWW\blog\Application\Runtime\Cache\Admin\115b910522123250764e63bae03373cc.php 第 650 行.
NOTIC: [8] Undefined variable: currentcategory F:\phpstudy\WWW\blog\Application\Runtime\Cache\Admin\115b910522123250764e63bae03373cc.php 第 661 行.
NOTIC: [8] Undefined variable: currentcategory F:\phpstudy\WWW\blog\Application\Runtime\Cache\Admin\115b910522123250764e63bae03373cc.php 第 673 行.
INFO: Run Behavior\ParseTemplateBehavior [ RunTime:0.013732s ]
INFO: [ view_parse ] --END-- [ RunTime:0.013756s ]
INFO: [ view_filter ] --START--
INFO: Run Behavior\WriteHtmlCacheBehavior [ RunTime:0.000126s ]
INFO: [ view_filter ] --END-- [ RunTime:0.000143s ]
INFO: [ app_end ] --START--
INFO: Run Behavior\ShowPageTraceBehavior [ RunTime:0.000234s ]
INFO: [ app_end ] --END-- [ RunTime:0.000257s ]

[ 2018-07-07T17:23:51+08:00 ] ::1 /blog/index.php/Admin/Category/assets/images/avatars/avatar.png
INFO: [ app_init ] --START--
INFO: Run Behavior\BuildLiteBehavior [ RunTime:0.000005s ]
INFO: [ app_init ] --END-- [ RunTime:0.000180s ]

[ 2018-07-07T17:23:51+08:00 ] ::1 /blog/index.php/Admin/Category/assets/images/avatars/avatar3.png
INFO: [ app_init ] --START--
INFO: Run Behavior\BuildLiteBehavior [ RunTime:0.000006s ]
INFO: [ app_init ] --END-- [ RunTime:0.000179s ]

[ 2018-07-07T17:23:51+08:00 ] ::1 /blog/index.php/Admin/Category/assets/images/avatars/avatar2.png
INFO: [ app_init ] --START--
INFO: Run Behavior\BuildLiteBehavior [ RunTime:0.000009s ]
INFO: [ app_init ] --END-- [ RunTime:0.000183s ]

[ 2018-07-07T17:23:52+08:00 ] ::1 /blog/index.php/Admin/Category/assets/images/avatars/avatar5.png
INFO: [ app_init ] --START--
INFO: Run Behavior\BuildLiteBehavior [ RunTime:0.000005s ]
INFO: [ app_init ] --END-- [ RunTime:0.000172s ]

[ 2018-07-07T17:23:59+08:00 ] ::1 /blog/index.php/Admin/Category/index.html
INFO: [ app_init ] --START--
INFO: Run Behavior\BuildLiteBehavior [ RunTime:0.000006s ]
INFO: [ app_init ] --END-- [ RunTime:0.000178s ]
INFO: [ app_begin ] --START--
INFO: Run Behavior\ReadHtmlCacheBehavior [ RunTime:0.000252s ]
INFO: Run Behavior\CheckLangBehavior [ RunTime:0.000318s ]
INFO: [ app_begin ] --END-- [ RunTime:0.000613s ]
SQL: SHOW COLUMNS FROM `blog_admin` [ RunTime:0.0062s ]
SQL: SELECT * FROM `blog_admin` WHERE `userid` = 1 LIMIT 1   [ RunTime:0.0002s ]
SQL: SHOW COLUMNS FROM `blog_website` [ RunTime:0.0052s ]
SQL: SELECT `k`,`v` FROM `blog_website`  [ RunTime:0.0001s ]
SQL: SELECT s.id,s.title,s.name,s.tips,s.pid,p.pid as ppid,p.title as ptitle FROM blog_menu s left join blog_menu p on p.id=s.pid where s.name='Category/index' [ RunTime:0.0002s ]
SQL: SHOW COLUMNS FROM `blog_menu` [ RunTime:0.0050s ]
SQL: SELECT `id`,`title`,`pid`,`name`,`icon` FROM `blog_menu` WHERE ( islink=1 ) ORDER BY id ASC  [ RunTime:0.0002s ]
SQL: SHOW COLUMNS FROM `blog_category` [ RunTime:0.0050s ]
SQL: SELECT COUNT(*) AS tp_count FROM `blog_category` LIMIT 1   [ RunTime:0.0001s ]
SQL: SELECT * FROM `blog_category` ORDER BY id asc  [ RunTime:0.0002s ]
INFO: [ view_parse ] --START--
INFO: [ template_filter ] --START--
INFO: Run Behavior\ContentReplaceBehavior [ RunTime:0.000127s ]
INFO: [ template_filter ] --END-- [ RunTime:0.000151s ]
INFO: Run Behavior\ParseTemplateBehavior [ RunTime:0.018469s ]
INFO: [ view_parse ] --END-- [ RunTime:0.018491s ]
INFO: [ view_filter ] --START--
INFO: Run Behavior\WriteHtmlCacheBehavior [ RunTime:0.000172s ]
INFO: [ view_filter ] --END-- [ RunTime:0.000189s ]
INFO: [ app_end ] --START--
INFO: Run Behavior\ShowPageTraceBehavior [ RunTime:0.000283s ]
INFO: [ app_end ] --END-- [ RunTime:0.000307s ]

[ 2018-07-07T17:24:00+08:00 ] ::1 /blog/index.php/Admin/Article/add.html
INFO: [ app_init ] --START--
INFO: Run Behavior\BuildLiteBehavior [ RunTime:0.000005s ]
INFO: [ app_init ] --END-- [ RunTime:0.000171s ]
INFO: [ app_begin ] --START--
INFO: Run Behavior\ReadHtmlCacheBehavior [ RunTime:0.000210s ]
INFO: Run Behavior\CheckLangBehavior [ RunTime:0.000274s ]
INFO: [ app_begin ] --END-- [ RunTime:0.000528s ]
SQL: SHOW COLUMNS FROM `blog_admin` [ RunTime:0.0058s ]
SQL: SELECT * FROM `blog_admin` WHERE `userid` = 1 LIMIT 1   [ RunTime:0.0002s ]
SQL: SHOW COLUMNS FROM `blog_website` [ RunTime:0.0050s ]
SQL: SELECT `k`,`v` FROM `blog_website`  [ RunTime:0.0001s ]
SQL: SELECT s.id,s.title,s.name,s.tips,s.pid,p.pid as ppid,p.title as ptitle FROM blog_menu s left join blog_menu p on p.id=s.pid where s.name='Article/add' [ RunTime:0.0002s ]
SQL: SHOW COLUMNS FROM `blog_menu` [ RunTime:0.0050s ]
SQL: SELECT `id`,`title`,`pid`,`name`,`icon` FROM `blog_menu` WHERE ( islink=1 ) ORDER BY id ASC  [ RunTime:0.0002s ]
SQL: SHOW COLUMNS FROM `blog_category` [ RunTime:0.0051s ]
SQL: SELECT `id`,`pid`,`name` FROM `blog_category` ORDER BY id asc  [ RunTime:0.0001s ]
INFO: [ view_parse ] --START--
INFO: [ template_filter ] --START--
INFO: Run Behavior\ContentReplaceBehavior [ RunTime:0.000099s ]
INFO: [ template_filter ] --END-- [ RunTime:0.000123s ]
NOTIC: [8] Undefined variable: article F:\phpstudy\WWW\blog\Application\Runtime\Cache\Admin\5e831812ae9eedf721ceb6e79b99ced7.php 第 576 行.
NOTIC: [8] Undefined variable: article F:\phpstudy\WWW\blog\Application\Runtime\Cache\Admin\5e831812ae9eedf721ceb6e79b99ced7.php 第 594 行.
NOTIC: [8] Undefined variable: article F:\phpstudy\WWW\blog\Application\Runtime\Cache\Admin\5e831812ae9eedf721ceb6e79b99ced7.php 第 604 行.
NOTIC: [8] Undefined variable: article F:\phpstudy\WWW\blog\Application\Runtime\Cache\Admin\5e831812ae9eedf721ceb6e79b99ced7.php 第 615 行.
NOTIC: [8] Undefined variable: article F:\phpstudy\WWW\blog\Application\Runtime\Cache\Admin\5e831812ae9eedf721ceb6e79b99ced7.php 第 625 行.
NOTIC: [8] Undefined variable: article F:\phpstudy\WWW\blog\Application\Runtime\Cache\Admin\5e831812ae9eedf721ceb6e79b99ced7.php 第 636 行.
NOTIC: [8] Undefined variable: article F:\phpstudy\WWW\blog\Application\Runtime\Cache\Admin\5e831812ae9eedf721ceb6e79b99ced7.php 第 650 行.
INFO: Run Behavior\ParseTemplateBehavior [ RunTime:0.016116s ]
INFO: [ view_parse ] --END-- [ RunTime:0.016137s ]
INFO: [ view_filter ] --START--
INFO: Run Behavior\WriteHtmlCacheBehavior [ RunTime:0.000132s ]
INFO: [ view_filter ] --END-- [ RunTime:0.000147s ]
INFO: [ app_end ] --START--
INFO: Run Behavior\ShowPageTraceBehavior [ RunTime:0.000256s ]
INFO: [ app_end ] --END-- [ RunTime:0.000281s ]

[ 2018-07-07T17:24:00+08:00 ] ::1 /blog/index.php/Admin/Article/assets/images/avatars/avatar.png
INFO: [ app_init ] --START--
INFO: Run Behavior\BuildLiteBehavior [ RunTime:0.000006s ]
INFO: [ app_init ] --END-- [ RunTime:0.000182s ]

[ 2018-07-07T17:24:00+08:00 ] ::1 /blog/index.php/Admin/Article/assets/images/avatars/avatar3.png
INFO: [ app_init ] --START--
INFO: Run Behavior\BuildLiteBehavior [ RunTime:0.000007s ]
INFO: [ app_init ] --END-- [ RunTime:0.000200s ]

[ 2018-07-07T17:24:00+08:00 ] ::1 /blog/index.php/Admin/Article/assets/images/avatars/avatar4.png
INFO: [ app_init ] --START--
INFO: Run Behavior\BuildLiteBehavior [ RunTime:0.000007s ]
INFO: [ app_init ] --END-- [ RunTime:0.000191s ]

[ 2018-07-07T17:24:00+08:00 ] ::1 /blog/index.php/Admin/Article/assets/images/avatars/avatar2.png
INFO: [ app_init ] --START--
INFO: Run Behavior\BuildLiteBehavior [ RunTime:0.000006s ]
INFO: [ app_init ] --END-- [ RunTime:0.000180s ]

[ 2018-07-07T17:24:00+08:00 ] ::1 /blog/index.php/Admin/Article/assets/images/avatars/avatar5.png
INFO: [ app_init ] --START--
INFO: Run Behavior\BuildLiteBehavior [ RunTime:0.000006s ]
INFO: [ app_init ] --END-- [ RunTime:0.000179s ]

[ 2018-07-07T17:24:01+08:00 ] ::1 /blog/index.php/Admin/Upload/uploadpic/Width/290/Height/90/BackCall/thumbnail/Title/%E7%BC%A9%E7%95%A5%E5%9B%BE.html
INFO: [ app_init ] --START--
INFO: Run Behavior\BuildLiteBehavior [ RunTime:0.000006s ]
INFO: [ app_init ] --END-- [ RunTime:0.000195s ]
INFO: [ app_begin ] --START--
INFO: Run Behavior\ReadHtmlCacheBehavior [ RunTime:0.000226s ]
INFO: Run Behavior\CheckLangBehavior [ RunTime:0.000282s ]
INFO: [ app_begin ] --END-- [ RunTime:0.000552s ]
SQL: SHOW COLUMNS FROM `blog_admin` [ RunTime:0.0055s ]
SQL: SELECT * FROM `blog_admin` WHERE `userid` = 1 LIMIT 1   [ RunTime:0.0002s ]
SQL: SHOW COLUMNS FROM `blog_website` [ RunTime:0.0052s ]
SQL: SELECT `k`,`v` FROM `blog_website`  [ RunTime:0.0001s ]
SQL: SELECT s.id,s.title,s.name,s.tips,s.pid,p.pid as ppid,p.title as ptitle FROM blog_menu s left join blog_menu p on p.id=s.pid where s.name='Upload/uploadpic' [ RunTime:0.0001s ]
NOTIC: [8] Undefined offset: 0 F:\phpstudy\WWW\blog\Application\Admin\Controller\CommonController.class.php 第 44 行.
SQL: SHOW COLUMNS FROM `blog_menu` [ RunTime:0.0051s ]
SQL: SELECT `id`,`title`,`pid`,`name`,`icon` FROM `blog_menu` WHERE ( islink=1 ) ORDER BY id ASC  [ RunTime:0.0002s ]
NOTIC: [8] Undefined index: img F:\phpstudy\WWW\blog\Application\Admin\Controller\UploadController.class.php 第 20 行.
INFO: [ view_parse ] --START--
INFO: [ template_filter ] --START--
INFO: Run Behavior\ContentReplaceBehavior [ RunTime:0.000027s ]
INFO: [ template_filter ] --END-- [ RunTime:0.000055s ]
INFO: Run Behavior\ParseTemplateBehavior [ RunTime:0.003895s ]
INFO: [ view_parse ] --END-- [ RunTime:0.003924s ]
INFO: [ view_filter ] --START--
INFO: Run Behavior\WriteHtmlCacheBehavior [ RunTime:0.000132s ]
INFO: [ view_filter ] --END-- [ RunTime:0.000149s ]
INFO: [ app_end ] --START--
INFO: Run Behavior\ShowPageTraceBehavior [ RunTime:0.000230s ]
INFO: [ app_end ] --END-- [ RunTime:0.000248s ]

[ 2018-07-07T17:24:01+08:00 ] ::1 /blog/index.php/Admin/Ueditor/index.html?action=config&&noCache=1530955440676
INFO: [ app_init ] --START--
INFO: Run Behavior\BuildLiteBehavior [ RunTime:0.000006s ]
INFO: [ app_init ] --END-- [ RunTime:0.000176s ]
INFO: [ app_begin ] --START--
INFO: Run Behavior\ReadHtmlCacheBehavior [ RunTime:0.000211s ]
INFO: Run Behavior\CheckLangBehavior [ RunTime:0.000275s ]
INFO: [ app_begin ] --END-- [ RunTime:0.000533s ]
INFO: [ app_end ] --START--
INFO: Run Behavior\ShowPageTraceBehavior [ RunTime:0.000278s ]
INFO: [ app_end ] --END-- [ RunTime:0.000311s ]

[ 2018-07-07T17:24:34+08:00 ] ::1 /blog/index.php/Admin/Article/index.html
INFO: [ app_init ] --START--
INFO: Run Behavior\BuildLiteBehavior [ RunTime:0.000006s ]
INFO: [ app_init ] --END-- [ RunTime:0.000183s ]
INFO: [ app_begin ] --START--
INFO: Run Behavior\ReadHtmlCacheBehavior [ RunTime:0.000227s ]
INFO: Run Behavior\CheckLangBehavior [ RunTime:0.000290s ]
INFO: [ app_begin ] --END-- [ RunTime:0.000565s ]
SQL: SHOW COLUMNS FROM `blog_admin` [ RunTime:0.0054s ]
SQL: SELECT * FROM `blog_admin` WHERE `userid` = 1 LIMIT 1   [ RunTime:0.0002s ]
SQL: SHOW COLUMNS FROM `blog_website` [ RunTime:0.0049s ]
SQL: SELECT `k`,`v` FROM `blog_website`  [ RunTime:0.0001s ]
SQL: SELECT s.id,s.title,s.name,s.tips,s.pid,p.pid as ppid,p.title as ptitle FROM blog_menu s left join blog_menu p on p.id=s.pid where s.name='Article/index' [ RunTime:0.0002s ]
SQL: SHOW COLUMNS FROM `blog_menu` [ RunTime:0.0053s ]
SQL: SELECT `id`,`title`,`pid`,`name`,`icon` FROM `blog_menu` WHERE ( islink=1 ) ORDER BY id ASC  [ RunTime:0.0003s ]
NOTIC: [8] Use of undefined constant order - assumed 'order' F:\phpstudy\WWW\blog\Application\Admin\Controller\ArticleController.class.php 第 17 行.
NOTIC: [8] Use of undefined constant dir - assumed 'dir' F:\phpstudy\WWW\blog\Application\Admin\Controller\ArticleController.class.php 第 17 行.
NOTIC: [8] Undefined index: order F:\phpstudy\WWW\blog\Application\Admin\Controller\ArticleController.class.php 第 17 行.
NOTIC: [8] Undefined index: order F:\phpstudy\WWW\blog\Application\Admin\Controller\ArticleController.class.php 第 19 行.
NOTIC: [8] Undefined index: columns F:\phpstudy\WWW\blog\Application\Admin\Controller\ArticleController.class.php 第 21 行.
NOTIC: [8] Use of undefined constant start - assumed 'start' F:\phpstudy\WWW\blog\Application\Admin\Controller\ArticleController.class.php 第 23 行.
NOTIC: [8] Undefined index: start F:\phpstudy\WWW\blog\Application\Admin\Controller\ArticleController.class.php 第 23 行.
NOTIC: [8] Use of undefined constant length - assumed 'length' F:\phpstudy\WWW\blog\Application\Admin\Controller\ArticleController.class.php 第 24 行.
NOTIC: [8] Undefined index: length F:\phpstudy\WWW\blog\Application\Admin\Controller\ArticleController.class.php 第 24 行.
NOTIC: [8] Use of undefined constant search - assumed 'search' F:\phpstudy\WWW\blog\Application\Admin\Controller\ArticleController.class.php 第 27 行.
NOTIC: [8] Use of undefined constant value - assumed 'value' F:\phpstudy\WWW\blog\Application\Admin\Controller\ArticleController.class.php 第 27 行.
NOTIC: [8] Undefined index: search F:\phpstudy\WWW\blog\Application\Admin\Controller\ArticleController.class.php 第 27 行.
SQL: SHOW COLUMNS FROM `blog_act` [ RunTime:0.0056s ]
SQL: SELECT blog_act.*,blog_category.name FROM `blog_act` INNER JOIN blog_category ON blog_category.id = blog_act.sid  WHERE ( 1 = 1  ) ORDER BY id desc LIMIT 0,10   [ RunTime:0.0003s ]
SQL: SELECT COUNT(*) AS tp_count FROM `blog_act` WHERE ( 1 = 1  ) LIMIT 1   [ RunTime:0.0001s ]
INFO: [ view_parse ] --START--
INFO: [ template_filter ] --START--
INFO: Run Behavior\ContentReplaceBehavior [ RunTime:0.000117s ]
INFO: [ template_filter ] --END-- [ RunTime:0.000143s ]
NOTIC: [8] Undefined variable: list F:\phpstudy\WWW\blog\Application\Runtime\Cache\Admin\7a4184ffe8f804b12b2e7f8851dd8f7d.php 第 596 行.
INFO: Run Behavior\ParseTemplateBehavior [ RunTime:0.011941s ]
INFO: [ view_parse ] --END-- [ RunTime:0.011963s ]
INFO: [ view_filter ] --START--
INFO: Run Behavior\WriteHtmlCacheBehavior [ RunTime:0.000131s ]
INFO: [ view_filter ] --END-- [ RunTime:0.000147s ]

[ 2018-07-07T17:24:34+08:00 ] ::1 /blog/index.php/Admin/Article/assets/images/avatars/avatar.png
INFO: [ app_init ] --START--
INFO: Run Behavior\BuildLiteBehavior [ RunTime:0.000007s ]
INFO: [ app_init ] --END-- [ RunTime:0.000179s ]

[ 2018-07-07T17:24:34+08:00 ] ::1 /blog/index.php/Admin/Article/assets/images/avatars/avatar3.png
INFO: [ app_init ] --START--
INFO: Run Behavior\BuildLiteBehavior [ RunTime:0.000005s ]
INFO: [ app_init ] --END-- [ RunTime:0.000175s ]

[ 2018-07-07T17:24:34+08:00 ] ::1 /blog/index.php/Admin/Article/assets/images/avatars/avatar5.png
INFO: [ app_init ] --START--
INFO: Run Behavior\BuildLiteBehavior [ RunTime:0.000007s ]
INFO: [ app_init ] --END-- [ RunTime:0.000258s ]

[ 2018-07-07T17:24:34+08:00 ] ::1 /blog/index.php/Admin/Article/assets/images/avatars/avatar4.png
INFO: [ app_init ] --START--
INFO: Run Behavior\BuildLiteBehavior [ RunTime:0.000006s ]
INFO: [ app_init ] --END-- [ RunTime:0.000181s ]

[ 2018-07-07T17:24:35+08:00 ] ::1 /blog/index.php/Admin/Article/assets/images/avatars/avatar2.png
INFO: [ app_init ] --START--
INFO: Run Behavior\BuildLiteBehavior [ RunTime:0.000005s ]
INFO: [ app_init ] --END-- [ RunTime:0.000180s ]

[ 2018-07-07T17:24:35+08:00 ] ::1 /blog/index.php/Admin/Article/index.html
INFO: [ app_init ] --START--
INFO: Run Behavior\BuildLiteBehavior [ RunTime:0.000006s ]
INFO: [ app_init ] --END-- [ RunTime:0.000186s ]
INFO: [ app_begin ] --START--
INFO: Run Behavior\ReadHtmlCacheBehavior [ RunTime:0.000213s ]
INFO: Run Behavior\CheckLangBehavior [ RunTime:0.000272s ]
INFO: [ app_begin ] --END-- [ RunTime:0.000518s ]
SQL: SHOW COLUMNS FROM `blog_admin` [ RunTime:0.0054s ]
SQL: SELECT * FROM `blog_admin` WHERE `userid` = 1 LIMIT 1   [ RunTime:0.0001s ]
SQL: SHOW COLUMNS FROM `blog_website` [ RunTime:0.0050s ]
SQL: SELECT `k`,`v` FROM `blog_website`  [ RunTime:0.0001s ]
SQL: SELECT s.id,s.title,s.name,s.tips,s.pid,p.pid as ppid,p.title as ptitle FROM blog_menu s left join blog_menu p on p.id=s.pid where s.name='Article/index' [ RunTime:0.0001s ]
SQL: SHOW COLUMNS FROM `blog_menu` [ RunTime:0.0050s ]
SQL: SELECT `id`,`title`,`pid`,`name`,`icon` FROM `blog_menu` WHERE ( islink=1 ) ORDER BY id ASC  [ RunTime:0.0002s ]
NOTIC: [8] Use of undefined constant order - assumed 'order' F:\phpstudy\WWW\blog\Application\Admin\Controller\ArticleController.class.php 第 17 行.
NOTIC: [8] Use of undefined constant dir - assumed 'dir' F:\phpstudy\WWW\blog\Application\Admin\Controller\ArticleController.class.php 第 17 行.
NOTIC: [8] Use of undefined constant order - assumed 'order' F:\phpstudy\WWW\blog\Application\Admin\Controller\ArticleController.class.php 第 17 行.
NOTIC: [8] Use of undefined constant dir - assumed 'dir' F:\phpstudy\WWW\blog\Application\Admin\Controller\ArticleController.class.php 第 17 行.
NOTIC: [8] Use of undefined constant order - assumed 'order' F:\phpstudy\WWW\blog\Application\Admin\Controller\ArticleController.class.php 第 19 行.
NOTIC: [8] Use of undefined constant dir - assumed 'dir' F:\phpstudy\WWW\blog\Application\Admin\Controller\ArticleController.class.php 第 19 行.
NOTIC: [8] Undefined index: asc F:\phpstudy\WWW\blog\Application\Admin\Controller\ArticleController.class.php 第 21 行.
NOTIC: [8] Use of undefined constant start - assumed 'start' F:\phpstudy\WWW\blog\Application\Admin\Controller\ArticleController.class.php 第 23 行.
NOTIC: [8] Use of undefined constant length - assumed 'length' F:\phpstudy\WWW\blog\Application\Admin\Controller\ArticleController.class.php 第 24 行.
NOTIC: [8] Use of undefined constant length - assumed 'length' F:\phpstudy\WWW\blog\Application\Admin\Controller\ArticleController.class.php 第 24 行.
NOTIC: [8] Use of undefined constant search - assumed 'search' F:\phpstudy\WWW\blog\Application\Admin\Controller\ArticleController.class.php 第 27 行.
NOTIC: [8] Use of undefined constant value - assumed 'value' F:\phpstudy\WWW\blog\Application\Admin\Controller\ArticleController.class.php 第 27 行.
SQL: SHOW COLUMNS FROM `blog_act` [ RunTime:0.0053s ]
SQL: SELECT blog_act.*,blog_category.name FROM `blog_act` INNER JOIN blog_category ON blog_category.id = blog_act.sid  WHERE ( 1 = 1  ) ORDER BY id asc LIMIT 0,10   [ RunTime:0.0003s ]
SQL: SELECT COUNT(*) AS tp_count FROM `blog_act` WHERE ( 1 = 1  ) LIMIT 1   [ RunTime:0.0001s ]

[ 2018-07-07T17:24:36+08:00 ] ::1 /blog/index.php/Admin/Article/add.html
INFO: [ app_init ] --START--
INFO: Run Behavior\BuildLiteBehavior [ RunTime:0.000005s ]
INFO: [ app_init ] --END-- [ RunTime:0.000171s ]
INFO: [ app_begin ] --START--
INFO: Run Behavior\ReadHtmlCacheBehavior [ RunTime:0.000210s ]
INFO: Run Behavior\CheckLangBehavior [ RunTime:0.000275s ]
INFO: [ app_begin ] --END-- [ RunTime:0.000529s ]
SQL: SHOW COLUMNS FROM `blog_admin` [ RunTime:0.0056s ]
SQL: SELECT * FROM `blog_admin` WHERE `userid` = 1 LIMIT 1   [ RunTime:0.0002s ]
SQL: SHOW COLUMNS FROM `blog_website` [ RunTime:0.0050s ]
SQL: SELECT `k`,`v` FROM `blog_website`  [ RunTime:0.0001s ]
SQL: SELECT s.id,s.title,s.name,s.tips,s.pid,p.pid as ppid,p.title as ptitle FROM blog_menu s left join blog_menu p on p.id=s.pid where s.name='Article/add' [ RunTime:0.0002s ]
SQL: SHOW COLUMNS FROM `blog_menu` [ RunTime:0.0049s ]
SQL: SELECT `id`,`title`,`pid`,`name`,`icon` FROM `blog_menu` WHERE ( islink=1 ) ORDER BY id ASC  [ RunTime:0.0002s ]
SQL: SHOW COLUMNS FROM `blog_category` [ RunTime:0.0050s ]
SQL: SELECT `id`,`pid`,`name` FROM `blog_category` ORDER BY id asc  [ RunTime:0.0001s ]
INFO: [ view_parse ] --START--
INFO: [ template_filter ] --START--
INFO: Run Behavior\ContentReplaceBehavior [ RunTime:0.000099s ]
INFO: [ template_filter ] --END-- [ RunTime:0.000124s ]
NOTIC: [8] Undefined variable: article F:\phpstudy\WWW\blog\Application\Runtime\Cache\Admin\5e831812ae9eedf721ceb6e79b99ced7.php 第 576 行.
NOTIC: [8] Undefined variable: article F:\phpstudy\WWW\blog\Application\Runtime\Cache\Admin\5e831812ae9eedf721ceb6e79b99ced7.php 第 594 行.
NOTIC: [8] Undefined variable: article F:\phpstudy\WWW\blog\Application\Runtime\Cache\Admin\5e831812ae9eedf721ceb6e79b99ced7.php 第 604 行.
NOTIC: [8] Undefined variable: article F:\phpstudy\WWW\blog\Application\Runtime\Cache\Admin\5e831812ae9eedf721ceb6e79b99ced7.php 第 615 行.
NOTIC: [8] Undefined variable: article F:\phpstudy\WWW\blog\Application\Runtime\Cache\Admin\5e831812ae9eedf721ceb6e79b99ced7.php 第 625 行.
NOTIC: [8] Undefined variable: article F:\phpstudy\WWW\blog\Application\Runtime\Cache\Admin\5e831812ae9eedf721ceb6e79b99ced7.php 第 636 行.
NOTIC: [8] Undefined variable: article F:\phpstudy\WWW\blog\Application\Runtime\Cache\Admin\5e831812ae9eedf721ceb6e79b99ced7.php 第 650 行.
INFO: Run Behavior\ParseTemplateBehavior [ RunTime:0.010273s ]
INFO: [ view_parse ] --END-- [ RunTime:0.010294s ]
INFO: [ view_filter ] --START--
INFO: Run Behavior\WriteHtmlCacheBehavior [ RunTime:0.000126s ]
INFO: [ view_filter ] --END-- [ RunTime:0.000142s ]
INFO: [ app_end ] --START--
INFO: Run Behavior\ShowPageTraceBehavior [ RunTime:0.000238s ]
INFO: [ app_end ] --END-- [ RunTime:0.000263s ]

[ 2018-07-07T17:24:37+08:00 ] ::1 /blog/index.php/Admin/Article/assets/images/avatars/avatar.png
INFO: [ app_init ] --START--
INFO: Run Behavior\BuildLiteBehavior [ RunTime:0.000007s ]
INFO: [ app_init ] --END-- [ RunTime:0.000190s ]

[ 2018-07-07T17:24:37+08:00 ] ::1 /blog/index.php/Admin/Article/assets/images/avatars/avatar3.png
INFO: [ app_init ] --START--
INFO: Run Behavior\BuildLiteBehavior [ RunTime:0.000006s ]
INFO: [ app_init ] --END-- [ RunTime:0.000192s ]

[ 2018-07-07T17:24:37+08:00 ] ::1 /blog/index.php/Admin/Article/assets/images/avatars/avatar4.png
INFO: [ app_init ] --START--
INFO: Run Behavior\BuildLiteBehavior [ RunTime:0.000006s ]
INFO: [ app_init ] --END-- [ RunTime:0.000190s ]

[ 2018-07-07T17:24:37+08:00 ] ::1 /blog/index.php/Admin/Article/assets/images/avatars/avatar2.png
INFO: [ app_init ] --START--
INFO: Run Behavior\BuildLiteBehavior [ RunTime:0.000010s ]
INFO: [ app_init ] --END-- [ RunTime:0.000288s ]

[ 2018-07-07T17:24:38+08:00 ] ::1 /blog/index.php/Admin/Article/assets/images/avatars/avatar5.png
INFO: [ app_init ] --START--
INFO: Run Behavior\BuildLiteBehavior [ RunTime:0.000006s ]
INFO: [ app_init ] --END-- [ RunTime:0.000172s ]

[ 2018-07-07T17:24:38+08:00 ] ::1 /blog/index.php/Admin/Upload/uploadpic/Width/290/Height/90/BackCall/thumbnail/Title/%E7%BC%A9%E7%95%A5%E5%9B%BE.html
INFO: [ app_init ] --START--
INFO: Run Behavior\BuildLiteBehavior [ RunTime:0.000008s ]
INFO: [ app_init ] --END-- [ RunTime:0.000187s ]
INFO: [ app_begin ] --START--
INFO: Run Behavior\ReadHtmlCacheBehavior [ RunTime:0.000217s ]
INFO: Run Behavior\CheckLangBehavior [ RunTime:0.000279s ]
INFO: [ app_begin ] --END-- [ RunTime:0.000541s ]
SQL: SHOW COLUMNS FROM `blog_admin` [ RunTime:0.0062s ]
SQL: SELECT * FROM `blog_admin` WHERE `userid` = 1 LIMIT 1   [ RunTime:0.0002s ]
SQL: SHOW COLUMNS FROM `blog_website` [ RunTime:0.0052s ]
SQL: SELECT `k`,`v` FROM `blog_website`  [ RunTime:0.0001s ]
SQL: SELECT s.id,s.title,s.name,s.tips,s.pid,p.pid as ppid,p.title as ptitle FROM blog_menu s left join blog_menu p on p.id=s.pid where s.name='Upload/uploadpic' [ RunTime:0.0001s ]
NOTIC: [8] Undefined offset: 0 F:\phpstudy\WWW\blog\Application\Admin\Controller\CommonController.class.php 第 44 行.
SQL: SHOW COLUMNS FROM `blog_menu` [ RunTime:0.0054s ]
SQL: SELECT `id`,`title`,`pid`,`name`,`icon` FROM `blog_menu` WHERE ( islink=1 ) ORDER BY id ASC  [ RunTime:0.0002s ]
NOTIC: [8] Undefined index: img F:\phpstudy\WWW\blog\Application\Admin\Controller\UploadController.class.php 第 20 行.
INFO: [ view_parse ] --START--
INFO: [ template_filter ] --START--
INFO: Run Behavior\ContentReplaceBehavior [ RunTime:0.000024s ]
INFO: [ template_filter ] --END-- [ RunTime:0.000045s ]
INFO: Run Behavior\ParseTemplateBehavior [ RunTime:0.003330s ]
INFO: [ view_parse ] --END-- [ RunTime:0.003357s ]
INFO: [ view_filter ] --START--
INFO: Run Behavior\WriteHtmlCacheBehavior [ RunTime:0.000122s ]
INFO: [ view_filter ] --END-- [ RunTime:0.000138s ]
INFO: [ app_end ] --START--
INFO: Run Behavior\ShowPageTraceBehavior [ RunTime:0.000217s ]
INFO: [ app_end ] --END-- [ RunTime:0.000235s ]

[ 2018-07-07T17:24:38+08:00 ] ::1 /blog/index.php/Admin/Ueditor/index.html?action=config&&noCache=1530955477133
INFO: [ app_init ] --START--
INFO: Run Behavior\BuildLiteBehavior [ RunTime:0.000005s ]
INFO: [ app_init ] --END-- [ RunTime:0.000185s ]
INFO: [ app_begin ] --START--
INFO: Run Behavior\ReadHtmlCacheBehavior [ RunTime:0.000213s ]
INFO: Run Behavior\CheckLangBehavior [ RunTime:0.000275s ]
INFO: [ app_begin ] --END-- [ RunTime:0.000532s ]
INFO: [ app_end ] --START--
INFO: Run Behavior\ShowPageTraceBehavior [ RunTime:0.000233s ]
INFO: [ app_end ] --END-- [ RunTime:0.000262s ]

