[ 2018-04-20T11:20:22+08:00 ] ::1 /blog/index.php/Admin/Menu/zh_CN.txt
INFO: [ app_begin ] --START--
INFO: Run Behavior\ReadHtmlCacheBehavior [ RunTime:0.001000s ]
INFO: Run Behavior\CheckLangBehavior [ RunTime:0.000000s ]
INFO: [ app_begin ] --END-- [ RunTime:0.001000s ]
SQL: SHOW COLUMNS FROM `blog_users` [ RunTime:0.0120s ]
SQL: SELECT `loginnum`,`username`,`nickname`,`head` FROM `blog_users` LIMIT 1   [ RunTime:0.0000s ]
SQL: SHOW COLUMNS FROM `blog_website` [ RunTime:0.0150s ]
SQL: SELECT `key`,`value` FROM `blog_website`  [ RunTime:0.0000s ]
SQL: SELECT s.id,s.title,s.name,s.tips,s.pid,p.pid as ppid,p.title as ptitle FROM blog_menu s left join blog_menu p on p.id=s.pid where s.name='Menu/zh_CN.txt' [ RunTime:0.0000s ]
NOTIC: [8] Undefined offset: 0 F:\phpstudy\WWW\Blog\Application\Admin\Controller\CommonController.class.php 第 42 行.
SQL: SHOW COLUMNS FROM `blog_menu` [ RunTime:0.0180s ]
SQL: SELECT `id`,`title`,`pid`,`name`,`icon` FROM `blog_menu` WHERE ( islink=1 ) ORDER BY id ASC  [ RunTime:0.0010s ]
ERR: 非法操作:zh_CN.txt

[ 2018-04-20T11:20:23+08:00 ] ::1 /blog/index.php/Admin/Menu/zh_CN.txt
INFO: [ app_begin ] --START--
INFO: Run Behavior\ReadHtmlCacheBehavior [ RunTime:0.001000s ]
INFO: Run Behavior\CheckLangBehavior [ RunTime:0.000000s ]
INFO: [ app_begin ] --END-- [ RunTime:0.001000s ]
SQL: SHOW COLUMNS FROM `blog_users` [ RunTime:0.0140s ]
SQL: SELECT `loginnum`,`username`,`nickname`,`head` FROM `blog_users` LIMIT 1   [ RunTime:0.0000s ]
SQL: SHOW COLUMNS FROM `blog_website` [ RunTime:0.0150s ]
SQL: SELECT `key`,`value` FROM `blog_website`  [ RunTime:0.0010s ]
SQL: SELECT s.id,s.title,s.name,s.tips,s.pid,p.pid as ppid,p.title as ptitle FROM blog_menu s left join blog_menu p on p.id=s.pid where s.name='Menu/zh_CN.txt' [ RunTime:0.0010s ]
NOTIC: [8] Undefined offset: 0 F:\phpstudy\WWW\Blog\Application\Admin\Controller\CommonController.class.php 第 42 行.
SQL: SHOW COLUMNS FROM `blog_menu` [ RunTime:0.0130s ]
SQL: SELECT `id`,`title`,`pid`,`name`,`icon` FROM `blog_menu` WHERE ( islink=1 ) ORDER BY id ASC  [ RunTime:0.0000s ]
ERR: 非法操作:zh_CN.txt

[ 2018-04-20T11:21:31+08:00 ] ::1 /blog/index.php/Admin/Menu/zh_CN.txt
INFO: [ app_begin ] --START--
INFO: Run Behavior\ReadHtmlCacheBehavior [ RunTime:0.001000s ]
INFO: Run Behavior\CheckLangBehavior [ RunTime:0.000000s ]
INFO: [ app_begin ] --END-- [ RunTime:0.001000s ]
SQL: SHOW COLUMNS FROM `blog_users` [ RunTime:0.0110s ]
SQL: SELECT `loginnum`,`username`,`nickname`,`head` FROM `blog_users` LIMIT 1   [ RunTime:0.0000s ]
SQL: SHOW COLUMNS FROM `blog_website` [ RunTime:0.0110s ]
SQL: SELECT `key`,`value` FROM `blog_website`  [ RunTime:0.0010s ]
SQL: SELECT s.id,s.title,s.name,s.tips,s.pid,p.pid as ppid,p.title as ptitle FROM blog_menu s left join blog_menu p on p.id=s.pid where s.name='Menu/zh_CN.txt' [ RunTime:0.0000s ]
NOTIC: [8] Undefined offset: 0 F:\phpstudy\WWW\Blog\Application\Admin\Controller\CommonController.class.php 第 42 行.
SQL: SHOW COLUMNS FROM `blog_menu` [ RunTime:0.0120s ]
SQL: SELECT `id`,`title`,`pid`,`name`,`icon` FROM `blog_menu` WHERE ( islink=1 ) ORDER BY id ASC  [ RunTime:0.0010s ]
ERR: 非法操作:zh_CN.txt

[ 2018-04-20T11:21:32+08:00 ] ::1 /blog/index.php/Admin/Menu/zh_CN.txt
INFO: [ app_begin ] --START--
INFO: Run Behavior\ReadHtmlCacheBehavior [ RunTime:0.001000s ]
INFO: Run Behavior\CheckLangBehavior [ RunTime:0.000000s ]
INFO: [ app_begin ] --END-- [ RunTime:0.001000s ]
SQL: SHOW COLUMNS FROM `blog_users` [ RunTime:0.0160s ]
SQL: SELECT `loginnum`,`username`,`nickname`,`head` FROM `blog_users` LIMIT 1   [ RunTime:0.0000s ]
SQL: SHOW COLUMNS FROM `blog_website` [ RunTime:0.0150s ]
SQL: SELECT `key`,`value` FROM `blog_website`  [ RunTime:0.0000s ]
SQL: SELECT s.id,s.title,s.name,s.tips,s.pid,p.pid as ppid,p.title as ptitle FROM blog_menu s left join blog_menu p on p.id=s.pid where s.name='Menu/zh_CN.txt' [ RunTime:0.0000s ]
NOTIC: [8] Undefined offset: 0 F:\phpstudy\WWW\Blog\Application\Admin\Controller\CommonController.class.php 第 42 行.
SQL: SHOW COLUMNS FROM `blog_menu` [ RunTime:0.0130s ]
SQL: SELECT `id`,`title`,`pid`,`name`,`icon` FROM `blog_menu` WHERE ( islink=1 ) ORDER BY id ASC  [ RunTime:0.0000s ]
ERR: 非法操作:zh_CN.txt

[ 2018-04-20T11:21:43+08:00 ] ::1 /blog/index.php/Admin/Menu/zh_CN.txt
INFO: [ app_begin ] --START--
INFO: Run Behavior\ReadHtmlCacheBehavior [ RunTime:0.001000s ]
INFO: Run Behavior\CheckLangBehavior [ RunTime:0.000000s ]
INFO: [ app_begin ] --END-- [ RunTime:0.001000s ]
SQL: SHOW COLUMNS FROM `blog_users` [ RunTime:0.0130s ]
SQL: SELECT `loginnum`,`username`,`nickname`,`head` FROM `blog_users` LIMIT 1   [ RunTime:0.0000s ]
SQL: SHOW COLUMNS FROM `blog_website` [ RunTime:0.0110s ]
SQL: SELECT `key`,`value` FROM `blog_website`  [ RunTime:0.0000s ]
SQL: SELECT s.id,s.title,s.name,s.tips,s.pid,p.pid as ppid,p.title as ptitle FROM blog_menu s left join blog_menu p on p.id=s.pid where s.name='Menu/zh_CN.txt' [ RunTime:0.0000s ]
NOTIC: [8] Undefined offset: 0 F:\phpstudy\WWW\Blog\Application\Admin\Controller\CommonController.class.php 第 42 行.
SQL: SHOW COLUMNS FROM `blog_menu` [ RunTime:0.0150s ]
SQL: SELECT `id`,`title`,`pid`,`name`,`icon` FROM `blog_menu` WHERE ( islink=1 ) ORDER BY id ASC  [ RunTime:0.0010s ]
ERR: 非法操作:zh_CN.txt

[ 2018-04-20T11:22:33+08:00 ] ::1 /blog/index.php/Admin/Menu/zh_CN.txt
INFO: [ app_begin ] --START--
INFO: Run Behavior\ReadHtmlCacheBehavior [ RunTime:0.000000s ]
INFO: Run Behavior\CheckLangBehavior [ RunTime:0.000000s ]
INFO: [ app_begin ] --END-- [ RunTime:0.001000s ]
SQL: SHOW COLUMNS FROM `blog_users` [ RunTime:0.0120s ]
SQL: SELECT `loginnum`,`username`,`nickname`,`head` FROM `blog_users` LIMIT 1   [ RunTime:0.0000s ]
SQL: SHOW COLUMNS FROM `blog_website` [ RunTime:0.0140s ]
SQL: SELECT `key`,`value` FROM `blog_website`  [ RunTime:0.0000s ]
SQL: SELECT s.id,s.title,s.name,s.tips,s.pid,p.pid as ppid,p.title as ptitle FROM blog_menu s left join blog_menu p on p.id=s.pid where s.name='Menu/zh_CN.txt' [ RunTime:0.0000s ]
NOTIC: [8] Undefined offset: 0 F:\phpstudy\WWW\Blog\Application\Admin\Controller\CommonController.class.php 第 42 行.
SQL: SHOW COLUMNS FROM `blog_menu` [ RunTime:0.0110s ]
SQL: SELECT `id`,`title`,`pid`,`name`,`icon` FROM `blog_menu` WHERE ( islink=1 ) ORDER BY id ASC  [ RunTime:0.0000s ]
ERR: 非法操作:zh_CN.txt

[ 2018-04-20T11:22:41+08:00 ] ::1 /blog/index.php/Admin/Menu/zh_CN.txt
INFO: [ app_begin ] --START--
INFO: Run Behavior\ReadHtmlCacheBehavior [ RunTime:0.001000s ]
INFO: Run Behavior\CheckLangBehavior [ RunTime:0.000000s ]
INFO: [ app_begin ] --END-- [ RunTime:0.001000s ]
SQL: SHOW COLUMNS FROM `blog_users` [ RunTime:0.0140s ]
SQL: SELECT `loginnum`,`username`,`nickname`,`head` FROM `blog_users` LIMIT 1   [ RunTime:0.0000s ]
SQL: SHOW COLUMNS FROM `blog_website` [ RunTime:0.0130s ]
SQL: SELECT `key`,`value` FROM `blog_website`  [ RunTime:0.0000s ]
SQL: SELECT s.id,s.title,s.name,s.tips,s.pid,p.pid as ppid,p.title as ptitle FROM blog_menu s left join blog_menu p on p.id=s.pid where s.name='Menu/zh_CN.txt' [ RunTime:0.0010s ]
NOTIC: [8] Undefined offset: 0 F:\phpstudy\WWW\Blog\Application\Admin\Controller\CommonController.class.php 第 42 行.
SQL: SHOW COLUMNS FROM `blog_menu` [ RunTime:0.0120s ]
SQL: SELECT `id`,`title`,`pid`,`name`,`icon` FROM `blog_menu` WHERE ( islink=1 ) ORDER BY id ASC  [ RunTime:0.0000s ]
ERR: 非法操作:zh_CN.txt

[ 2018-04-20T11:22:56+08:00 ] ::1 /blog/index.php/Admin/Menu/zh_CN.txt
ERR: 非法操作:zh_CN.txt

[ 2018-04-20T11:23:15+08:00 ] ::1 /blog/index.php/Admin/zh_CN.txt
INFO: [ app_begin ] --START--
INFO: Run Behavior\ReadHtmlCacheBehavior [ RunTime:0.000000s ]
INFO: Run Behavior\CheckLangBehavior [ RunTime:0.000000s ]
INFO: [ app_begin ] --END-- [ RunTime:0.000000s ]
ERR: 无法加载控制器:Zh_CN.txt

[ 2018-04-20T11:29:19+08:00 ] ::1 /blog/index.php/Admin/Menu/add.html
ERR: 1146:Table 'blog.blog_m_e_n_u' doesn't exist
 [ SQL语句 ] : SHOW COLUMNS FROM `blog_m_e_n_u`

[ 2018-04-20T16:41:49+08:00 ] 127.0.0.1 /blog/index.php/Admin/Menu/add.html
INFO: [ app_begin ] --START--
INFO: Run Behavior\ReadHtmlCacheBehavior [ RunTime:0.000000s ]
INFO: Run Behavior\CheckLangBehavior [ RunTime:0.000000s ]
INFO: [ app_begin ] --END-- [ RunTime:0.001000s ]
SQL: SHOW COLUMNS FROM `blog_users` [ RunTime:0.0075s ]
SQL: SELECT `loginnum`,`username`,`nickname`,`head` FROM `blog_users` LIMIT 1   [ RunTime:0.0000s ]
SQL: SHOW COLUMNS FROM `blog_website` [ RunTime:0.0050s ]
SQL: SELECT `key`,`value` FROM `blog_website`  [ RunTime:0.0000s ]
SQL: SELECT s.id,s.title,s.name,s.tips,s.pid,p.pid as ppid,p.title as ptitle FROM blog_menu s left join blog_menu p on p.id=s.pid where s.name='Menu/add' [ RunTime:0.0000s ]
SQL: SHOW COLUMNS FROM `blog_menu` [ RunTime:0.0060s ]
SQL: SELECT `id`,`title`,`pid`,`name`,`icon` FROM `blog_menu` WHERE ( islink=1 ) ORDER BY id ASC  [ RunTime:0.0005s ]
INFO: [ app_end ] --START--
INFO: Run Behavior\ShowPageTraceBehavior [ RunTime:0.000500s ]
INFO: [ app_end ] --END-- [ RunTime:0.000500s ]

[ 2018-04-20T16:41:58+08:00 ] 127.0.0.1 /blog/index.php/Admin/Menu/add.html
INFO: [ app_begin ] --START--
INFO: Run Behavior\ReadHtmlCacheBehavior [ RunTime:0.000000s ]
INFO: Run Behavior\CheckLangBehavior [ RunTime:0.000500s ]
INFO: [ app_begin ] --END-- [ RunTime:0.001000s ]
SQL: SHOW COLUMNS FROM `blog_users` [ RunTime:0.0055s ]
SQL: SELECT `loginnum`,`username`,`nickname`,`head` FROM `blog_users` LIMIT 1   [ RunTime:0.0000s ]
SQL: SHOW COLUMNS FROM `blog_website` [ RunTime:0.0060s ]
SQL: SELECT `key`,`value` FROM `blog_website`  [ RunTime:0.0005s ]
SQL: SELECT s.id,s.title,s.name,s.tips,s.pid,p.pid as ppid,p.title as ptitle FROM blog_menu s left join blog_menu p on p.id=s.pid where s.name='Menu/add' [ RunTime:0.0000s ]
SQL: SHOW COLUMNS FROM `blog_menu` [ RunTime:0.0060s ]
SQL: SELECT `id`,`title`,`pid`,`name`,`icon` FROM `blog_menu` WHERE ( islink=1 ) ORDER BY id ASC  [ RunTime:0.0005s ]
INFO: [ app_end ] --START--
INFO: Run Behavior\ShowPageTraceBehavior [ RunTime:0.000501s ]
INFO: [ app_end ] --END-- [ RunTime:0.000501s ]

[ 2018-04-20T16:42:11+08:00 ] 127.0.0.1 /blog/index.php/Admin/Menu/add.html
INFO: [ app_begin ] --START--
INFO: Run Behavior\ReadHtmlCacheBehavior [ RunTime:0.000500s ]
INFO: Run Behavior\CheckLangBehavior [ RunTime:0.000500s ]
INFO: [ app_begin ] --END-- [ RunTime:0.001500s ]
SQL: SHOW COLUMNS FROM `blog_users` [ RunTime:0.0050s ]
SQL: SELECT `loginnum`,`username`,`nickname`,`head` FROM `blog_users` LIMIT 1   [ RunTime:0.0000s ]
SQL: SHOW COLUMNS FROM `blog_website` [ RunTime:0.0060s ]
SQL: SELECT `key`,`value` FROM `blog_website`  [ RunTime:0.0005s ]
SQL: SELECT s.id,s.title,s.name,s.tips,s.pid,p.pid as ppid,p.title as ptitle FROM blog_menu s left join blog_menu p on p.id=s.pid where s.name='Menu/add' [ RunTime:0.0005s ]
SQL: SHOW COLUMNS FROM `blog_menu` [ RunTime:0.0055s ]
SQL: SELECT `id`,`title`,`pid`,`name`,`icon` FROM `blog_menu` WHERE ( islink=1 ) ORDER BY id ASC  [ RunTime:0.0000s ]
INFO: [ app_end ] --START--
INFO: Run Behavior\ShowPageTraceBehavior [ RunTime:0.000500s ]
INFO: [ app_end ] --END-- [ RunTime:0.000500s ]

[ 2018-04-20T16:43:13+08:00 ] 127.0.0.1 /blog/index.php/Admin/Menu/add.html
INFO: [ app_begin ] --START--
INFO: Run Behavior\ReadHtmlCacheBehavior [ RunTime:0.000000s ]
INFO: Run Behavior\CheckLangBehavior [ RunTime:0.000000s ]
INFO: [ app_begin ] --END-- [ RunTime:0.000500s ]
SQL: SHOW COLUMNS FROM `blog_users` [ RunTime:0.0060s ]
SQL: SELECT `loginnum`,`username`,`nickname`,`head` FROM `blog_users` LIMIT 1   [ RunTime:0.0000s ]
SQL: SHOW COLUMNS FROM `blog_website` [ RunTime:0.0050s ]
SQL: SELECT `key`,`value` FROM `blog_website`  [ RunTime:0.0005s ]
SQL: SELECT s.id,s.title,s.name,s.tips,s.pid,p.pid as ppid,p.title as ptitle FROM blog_menu s left join blog_menu p on p.id=s.pid where s.name='Menu/add' [ RunTime:0.0005s ]
SQL: SHOW COLUMNS FROM `blog_menu` [ RunTime:0.0055s ]
SQL: SELECT `id`,`title`,`pid`,`name`,`icon` FROM `blog_menu` WHERE ( islink=1 ) ORDER BY id ASC  [ RunTime:0.0000s ]
INFO: [ app_end ] --START--
INFO: Run Behavior\ShowPageTraceBehavior [ RunTime:0.000500s ]
INFO: [ app_end ] --END-- [ RunTime:0.000500s ]

[ 2018-04-20T16:46:36+08:00 ] 127.0.0.1 /blog/index.php/Admin/Menu/add.html
INFO: [ app_begin ] --START--
INFO: Run Behavior\ReadHtmlCacheBehavior [ RunTime:0.000500s ]
INFO: Run Behavior\CheckLangBehavior [ RunTime:0.000500s ]
INFO: [ app_begin ] --END-- [ RunTime:0.001000s ]
SQL: SHOW COLUMNS FROM `blog_users` [ RunTime:0.0060s ]
SQL: SELECT `loginnum`,`username`,`nickname`,`head` FROM `blog_users` LIMIT 1   [ RunTime:0.0005s ]
SQL: SHOW COLUMNS FROM `blog_website` [ RunTime:0.0045s ]
SQL: SELECT `key`,`value` FROM `blog_website`  [ RunTime:0.0000s ]
SQL: SELECT s.id,s.title,s.name,s.tips,s.pid,p.pid as ppid,p.title as ptitle FROM blog_menu s left join blog_menu p on p.id=s.pid where s.name='Menu/add' [ RunTime:0.0005s ]
SQL: SHOW COLUMNS FROM `blog_menu` [ RunTime:0.0075s ]
SQL: SELECT `id`,`title`,`pid`,`name`,`icon` FROM `blog_menu` WHERE ( islink=1 ) ORDER BY id ASC  [ RunTime:0.0005s ]
ERR: 1146:Table 'blog.blog_auth_rule' doesn't exist
 [ SQL语句 ] : SHOW COLUMNS FROM `blog_auth_rule`
ERR: 1146:Table 'blog.blog_auth_rule' doesn't exist
 [ SQL语句 ] : SHOW COLUMNS FROM `blog_auth_rule`

[ 2018-04-20T16:46:38+08:00 ] 127.0.0.1 /blog/index.php/Admin/Menu/add.html
INFO: [ app_begin ] --START--
INFO: Run Behavior\ReadHtmlCacheBehavior [ RunTime:0.000500s ]
INFO: Run Behavior\CheckLangBehavior [ RunTime:0.000500s ]
INFO: [ app_begin ] --END-- [ RunTime:0.001000s ]
SQL: SHOW COLUMNS FROM `blog_users` [ RunTime:0.0060s ]
SQL: SELECT `loginnum`,`username`,`nickname`,`head` FROM `blog_users` LIMIT 1   [ RunTime:0.0000s ]
SQL: SHOW COLUMNS FROM `blog_website` [ RunTime:0.0060s ]
SQL: SELECT `key`,`value` FROM `blog_website`  [ RunTime:0.0005s ]
SQL: SELECT s.id,s.title,s.name,s.tips,s.pid,p.pid as ppid,p.title as ptitle FROM blog_menu s left join blog_menu p on p.id=s.pid where s.name='Menu/add' [ RunTime:0.0005s ]
SQL: SHOW COLUMNS FROM `blog_menu` [ RunTime:0.0065s ]
SQL: SELECT `id`,`title`,`pid`,`name`,`icon` FROM `blog_menu` WHERE ( islink=1 ) ORDER BY id ASC  [ RunTime:0.0005s ]
ERR: 1146:Table 'blog.blog_auth_rule' doesn't exist
 [ SQL语句 ] : SHOW COLUMNS FROM `blog_auth_rule`
ERR: 1146:Table 'blog.blog_auth_rule' doesn't exist
 [ SQL语句 ] : SHOW COLUMNS FROM `blog_auth_rule`

[ 2018-04-20T16:55:51+08:00 ] 127.0.0.1 /blog/index.php/Admin/Menu/update.html
INFO: [ app_begin ] --START--
INFO: Run Behavior\ReadHtmlCacheBehavior [ RunTime:0.000500s ]
INFO: Run Behavior\CheckLangBehavior [ RunTime:0.000500s ]
INFO: [ app_begin ] --END-- [ RunTime:0.001500s ]
SQL: SHOW COLUMNS FROM `blog_users` [ RunTime:0.0060s ]
SQL: SELECT `loginnum`,`username`,`nickname`,`head` FROM `blog_users` LIMIT 1   [ RunTime:0.0000s ]
SQL: SHOW COLUMNS FROM `blog_website` [ RunTime:0.0075s ]
SQL: SELECT `key`,`value` FROM `blog_website`  [ RunTime:0.0005s ]
SQL: SELECT s.id,s.title,s.name,s.tips,s.pid,p.pid as ppid,p.title as ptitle FROM blog_menu s left join blog_menu p on p.id=s.pid where s.name='Menu/update' [ RunTime:0.0000s ]
NOTIC: [8] Undefined offset: 0 F:\phpstudy\WWW\Blog\Application\Admin\Controller\CommonController.class.php 第 42 行.
SQL: SHOW COLUMNS FROM `blog_menu` [ RunTime:0.0055s ]
SQL: SELECT `id`,`title`,`pid`,`name`,`icon` FROM `blog_menu` WHERE ( islink=1 ) ORDER BY id ASC  [ RunTime:0.0005s ]
ERR: 1146:Table 'blog.blog_auth_rule' doesn't exist
 [ SQL语句 ] : SHOW COLUMNS FROM `blog_auth_rule`
ERR: 1146:Table 'blog.blog_auth_rule' doesn't exist
 [ SQL语句 ] : SHOW COLUMNS FROM `blog_auth_rule`

[ 2018-04-20T16:56:45+08:00 ] 127.0.0.1 /blog/index.php/Admin/Menu/update.html
INFO: [ app_begin ] --START--
INFO: Run Behavior\ReadHtmlCacheBehavior [ RunTime:0.000500s ]
INFO: Run Behavior\CheckLangBehavior [ RunTime:0.000000s ]
INFO: [ app_begin ] --END-- [ RunTime:0.000500s ]
SQL: SHOW COLUMNS FROM `blog_users` [ RunTime:0.0060s ]
SQL: SELECT `loginnum`,`username`,`nickname`,`head` FROM `blog_users` LIMIT 1   [ RunTime:0.0005s ]
SQL: SHOW COLUMNS FROM `blog_website` [ RunTime:0.0080s ]
SQL: SELECT `key`,`value` FROM `blog_website`  [ RunTime:0.0005s ]
SQL: SELECT s.id,s.title,s.name,s.tips,s.pid,p.pid as ppid,p.title as ptitle FROM blog_menu s left join blog_menu p on p.id=s.pid where s.name='Menu/update' [ RunTime:0.0000s ]
NOTIC: [8] Undefined offset: 0 F:\phpstudy\WWW\Blog\Application\Admin\Controller\CommonController.class.php 第 42 行.
SQL: SHOW COLUMNS FROM `blog_menu` [ RunTime:0.0050s ]
SQL: SELECT `id`,`title`,`pid`,`name`,`icon` FROM `blog_menu` WHERE ( islink=1 ) ORDER BY id ASC  [ RunTime:0.0005s ]

[ 2018-04-20T16:58:03+08:00 ] 127.0.0.1 /blog/index.php/Admin/Menu/update.html
INFO: [ app_begin ] --START--
INFO: Run Behavior\ReadHtmlCacheBehavior [ RunTime:0.000500s ]
INFO: Run Behavior\CheckLangBehavior [ RunTime:0.000500s ]
INFO: [ app_begin ] --END-- [ RunTime:0.001000s ]
SQL: SHOW COLUMNS FROM `blog_users` [ RunTime:0.0060s ]
SQL: SELECT `loginnum`,`username`,`nickname`,`head` FROM `blog_users` LIMIT 1   [ RunTime:0.0005s ]
SQL: SHOW COLUMNS FROM `blog_website` [ RunTime:0.0050s ]
SQL: SELECT `key`,`value` FROM `blog_website`  [ RunTime:0.0000s ]
SQL: SELECT s.id,s.title,s.name,s.tips,s.pid,p.pid as ppid,p.title as ptitle FROM blog_menu s left join blog_menu p on p.id=s.pid where s.name='Menu/update' [ RunTime:0.0005s ]
NOTIC: [8] Undefined offset: 0 F:\phpstudy\WWW\Blog\Application\Admin\Controller\CommonController.class.php 第 42 行.
SQL: SHOW COLUMNS FROM `blog_menu` [ RunTime:0.0065s ]
SQL: SELECT `id`,`title`,`pid`,`name`,`icon` FROM `blog_menu` WHERE ( islink=1 ) ORDER BY id ASC  [ RunTime:0.0000s ]

[ 2018-04-20T16:59:35+08:00 ] 127.0.0.1 /blog/index.php/Admin/Menu/update.html
INFO: [ app_begin ] --START--
INFO: Run Behavior\ReadHtmlCacheBehavior [ RunTime:0.000500s ]
INFO: Run Behavior\CheckLangBehavior [ RunTime:0.000500s ]
INFO: [ app_begin ] --END-- [ RunTime:0.001000s ]
SQL: SHOW COLUMNS FROM `blog_users` [ RunTime:0.0060s ]
SQL: SELECT `loginnum`,`username`,`nickname`,`head` FROM `blog_users` LIMIT 1   [ RunTime:0.0000s ]
SQL: SHOW COLUMNS FROM `blog_website` [ RunTime:0.0055s ]
SQL: SELECT `key`,`value` FROM `blog_website`  [ RunTime:0.0005s ]
SQL: SELECT s.id,s.title,s.name,s.tips,s.pid,p.pid as ppid,p.title as ptitle FROM blog_menu s left join blog_menu p on p.id=s.pid where s.name='Menu/update' [ RunTime:0.0000s ]
NOTIC: [8] Undefined offset: 0 F:\phpstudy\WWW\Blog\Application\Admin\Controller\CommonController.class.php 第 42 行.
SQL: SHOW COLUMNS FROM `blog_menu` [ RunTime:0.0060s ]
SQL: SELECT `id`,`title`,`pid`,`name`,`icon` FROM `blog_menu` WHERE ( islink=1 ) ORDER BY id ASC  [ RunTime:0.0000s ]

[ 2018-04-20T16:59:48+08:00 ] 127.0.0.1 /blog/index.php/Admin/Menu/update.html
INFO: [ app_begin ] --START--
INFO: Run Behavior\ReadHtmlCacheBehavior [ RunTime:0.000500s ]
INFO: Run Behavior\CheckLangBehavior [ RunTime:0.000500s ]
INFO: [ app_begin ] --END-- [ RunTime:0.001000s ]
SQL: SHOW COLUMNS FROM `blog_users` [ RunTime:0.0075s ]
SQL: SELECT `loginnum`,`username`,`nickname`,`head` FROM `blog_users` LIMIT 1   [ RunTime:0.0005s ]
SQL: SHOW COLUMNS FROM `blog_website` [ RunTime:0.0065s ]
SQL: SELECT `key`,`value` FROM `blog_website`  [ RunTime:0.0005s ]
SQL: SELECT s.id,s.title,s.name,s.tips,s.pid,p.pid as ppid,p.title as ptitle FROM blog_menu s left join blog_menu p on p.id=s.pid where s.name='Menu/update' [ RunTime:0.0000s ]
NOTIC: [8] Undefined offset: 0 F:\phpstudy\WWW\Blog\Application\Admin\Controller\CommonController.class.php 第 42 行.
SQL: SHOW COLUMNS FROM `blog_menu` [ RunTime:0.0070s ]
SQL: SELECT `id`,`title`,`pid`,`name`,`icon` FROM `blog_menu` WHERE ( islink=1 ) ORDER BY id ASC  [ RunTime:0.0005s ]

[ 2018-04-20T17:00:18+08:00 ] 127.0.0.1 /blog/index.php/Admin/Menu/update.html
INFO: [ app_begin ] --START--
INFO: Run Behavior\ReadHtmlCacheBehavior [ RunTime:0.000500s ]
INFO: Run Behavior\CheckLangBehavior [ RunTime:0.000000s ]
INFO: [ app_begin ] --END-- [ RunTime:0.001000s ]
SQL: SHOW COLUMNS FROM `blog_users` [ RunTime:0.0070s ]
SQL: SELECT `loginnum`,`username`,`nickname`,`head` FROM `blog_users` LIMIT 1   [ RunTime:0.0000s ]
SQL: SHOW COLUMNS FROM `blog_website` [ RunTime:0.0065s ]
SQL: SELECT `key`,`value` FROM `blog_website`  [ RunTime:0.0005s ]
SQL: SELECT s.id,s.title,s.name,s.tips,s.pid,p.pid as ppid,p.title as ptitle FROM blog_menu s left join blog_menu p on p.id=s.pid where s.name='Menu/update' [ RunTime:0.0005s ]
NOTIC: [8] Undefined offset: 0 F:\phpstudy\WWW\Blog\Application\Admin\Controller\CommonController.class.php 第 42 行.
SQL: SHOW COLUMNS FROM `blog_menu` [ RunTime:0.0055s ]
SQL: SELECT `id`,`title`,`pid`,`name`,`icon` FROM `blog_menu` WHERE ( islink=1 ) ORDER BY id ASC  [ RunTime:0.0000s ]

[ 2018-04-20T17:00:41+08:00 ] 127.0.0.1 /blog/index.php/Admin/Menu/update.html
INFO: [ app_begin ] --START--
INFO: Run Behavior\ReadHtmlCacheBehavior [ RunTime:0.000500s ]
INFO: Run Behavior\CheckLangBehavior [ RunTime:0.000500s ]
INFO: [ app_begin ] --END-- [ RunTime:0.001000s ]
SQL: SHOW COLUMNS FROM `blog_users` [ RunTime:0.0060s ]
SQL: SELECT `loginnum`,`username`,`nickname`,`head` FROM `blog_users` LIMIT 1   [ RunTime:0.0005s ]
SQL: SHOW COLUMNS FROM `blog_website` [ RunTime:0.0055s ]
SQL: SELECT `key`,`value` FROM `blog_website`  [ RunTime:0.0005s ]
SQL: SELECT s.id,s.title,s.name,s.tips,s.pid,p.pid as ppid,p.title as ptitle FROM blog_menu s left join blog_menu p on p.id=s.pid where s.name='Menu/update' [ RunTime:0.0000s ]
NOTIC: [8] Undefined offset: 0 F:\phpstudy\WWW\Blog\Application\Admin\Controller\CommonController.class.php 第 42 行.
SQL: SHOW COLUMNS FROM `blog_menu` [ RunTime:0.0050s ]
SQL: SELECT `id`,`title`,`pid`,`name`,`icon` FROM `blog_menu` WHERE ( islink=1 ) ORDER BY id ASC  [ RunTime:0.0005s ]

[ 2018-04-20T17:01:01+08:00 ] 127.0.0.1 /blog/index.php/Admin/Menu/update.html
INFO: [ app_begin ] --START--
INFO: Run Behavior\ReadHtmlCacheBehavior [ RunTime:0.000500s ]
INFO: Run Behavior\CheckLangBehavior [ RunTime:0.000000s ]
INFO: [ app_begin ] --END-- [ RunTime:0.001500s ]
SQL: SHOW COLUMNS FROM `blog_users` [ RunTime:0.0065s ]
SQL: SELECT `loginnum`,`username`,`nickname`,`head` FROM `blog_users` LIMIT 1   [ RunTime:0.0000s ]
SQL: SHOW COLUMNS FROM `blog_website` [ RunTime:0.0055s ]
SQL: SELECT `key`,`value` FROM `blog_website`  [ RunTime:0.0005s ]
SQL: SELECT s.id,s.title,s.name,s.tips,s.pid,p.pid as ppid,p.title as ptitle FROM blog_menu s left join blog_menu p on p.id=s.pid where s.name='Menu/update' [ RunTime:0.0005s ]
NOTIC: [8] Undefined offset: 0 F:\phpstudy\WWW\Blog\Application\Admin\Controller\CommonController.class.php 第 42 行.
SQL: SHOW COLUMNS FROM `blog_menu` [ RunTime:0.0055s ]
SQL: SELECT `id`,`title`,`pid`,`name`,`icon` FROM `blog_menu` WHERE ( islink=1 ) ORDER BY id ASC  [ RunTime:0.0005s ]

[ 2018-04-20T17:01:52+08:00 ] 127.0.0.1 /blog/index.php/Admin/Menu/update.html
INFO: [ app_begin ] --START--
INFO: Run Behavior\ReadHtmlCacheBehavior [ RunTime:0.000000s ]
INFO: Run Behavior\CheckLangBehavior [ RunTime:0.000500s ]
INFO: [ app_begin ] --END-- [ RunTime:0.001000s ]
SQL: SHOW COLUMNS FROM `blog_users` [ RunTime:0.0055s ]
SQL: SELECT `loginnum`,`username`,`nickname`,`head` FROM `blog_users` LIMIT 1   [ RunTime:0.0000s ]
SQL: SHOW COLUMNS FROM `blog_website` [ RunTime:0.0060s ]
SQL: SELECT `key`,`value` FROM `blog_website`  [ RunTime:0.0005s ]
SQL: SELECT s.id,s.title,s.name,s.tips,s.pid,p.pid as ppid,p.title as ptitle FROM blog_menu s left join blog_menu p on p.id=s.pid where s.name='Menu/update' [ RunTime:0.0005s ]
NOTIC: [8] Undefined offset: 0 F:\phpstudy\WWW\Blog\Application\Admin\Controller\CommonController.class.php 第 42 行.
SQL: SHOW COLUMNS FROM `blog_menu` [ RunTime:0.0060s ]
SQL: SELECT `id`,`title`,`pid`,`name`,`icon` FROM `blog_menu` WHERE ( islink=1 ) ORDER BY id ASC  [ RunTime:0.0005s ]
SQL: INSERT INTO `blog_menu` (`pid`,`title`,`name`,`icon`,`islink`,`tips`) VALUES ('2','网站设置','Setting/setting','menu-icon fa fa-caret-right','0','111') [ RunTime:0.0005s ]

[ 2018-04-20T17:02:50+08:00 ] 127.0.0.1 /blog/index.php/Admin/Setting/setting.html
ERR: 无法加载控制器:Setting

[ 2018-04-20T17:08:16+08:00 ] 127.0.0.1 /blog/index.php/Admin/Setting/setting.html
ERR: 无法加载控制器:Setting

[ 2018-04-20T17:08:54+08:00 ] 127.0.0.1 /blog/index.php/Admin/Menu/edit.html
ERR: 非法操作:edit

[ 2018-04-20T18:09:33+08:00 ] 127.0.0.1 /blog/index.php/Admin/Setting/setting.html
ERR: 无法加载控制器:Setting

[ 2018-04-20T18:09:40+08:00 ] 127.0.0.1 /blog/index.php/Admin/Personal/index.html
ERR: 无法加载控制器:Personal

