[ 2018-07-19T15:38:16+08:00 ] 127.0.0.1 /blog/index.php/Admin/index.html
INFO: [ app_init ] --START--
INFO: Run Behavior\BuildLiteBehavior [ RunTime:0.000000s ]
INFO: [ app_init ] --END-- [ RunTime:0.001000s ]
INFO: [ app_begin ] --START--
INFO: Run Behavior\ReadHtmlCacheBehavior [ RunTime:0.001000s ]
INFO: Run Behavior\CheckLangBehavior [ RunTime:0.001000s ]
INFO: [ app_begin ] --END-- [ RunTime:0.002000s ]
SQL: SHOW COLUMNS FROM `blog_admin` [ RunTime:0.0070s ]
SQL: SELECT * FROM `blog_admin` WHERE `userid` = 1 LIMIT 1   [ RunTime:0.0010s ]
SQL: SHOW COLUMNS FROM `blog_website` [ RunTime:0.0080s ]
SQL: SELECT `k`,`v` FROM `blog_website`  [ RunTime:0.0000s ]
SQL: SELECT s.id,s.title,s.name,s.tips,s.pid,p.pid as ppid,p.title as ptitle FROM blog_menu s left join blog_menu p on p.id=s.pid where s.name='Index/index' [ RunTime:0.0010s ]
SQL: SHOW COLUMNS FROM `blog_menu` [ RunTime:0.0100s ]
SQL: SELECT `id`,`title`,`pid`,`name`,`icon` FROM `blog_menu` WHERE ( islink=1 ) ORDER BY id ASC  [ RunTime:0.0010s ]
INFO: [ view_parse ] --START--
INFO: [ template_filter ] --START--
INFO: Run Behavior\ContentReplaceBehavior [ RunTime:0.000000s ]
INFO: [ template_filter ] --END-- [ RunTime:0.000000s ]
INFO: Run Behavior\ParseTemplateBehavior [ RunTime:0.028001s ]
INFO: [ view_parse ] --END-- [ RunTime:0.028001s ]
INFO: [ view_filter ] --START--
INFO: Run Behavior\WriteHtmlCacheBehavior [ RunTime:0.000000s ]
INFO: [ view_filter ] --END-- [ RunTime:0.000000s ]
INFO: [ app_end ] --START--
INFO: Run Behavior\ShowPageTraceBehavior [ RunTime:0.001000s ]
INFO: [ app_end ] --END-- [ RunTime:0.001000s ]

[ 2018-07-19T15:38:21+08:00 ] 127.0.0.1 /blog/index.php/Admin/assets/images/avatars/avatar.png
INFO: [ app_init ] --START--
INFO: Run Behavior\BuildLiteBehavior [ RunTime:0.000000s ]
INFO: [ app_init ] --END-- [ RunTime:0.000000s ]

[ 2018-07-19T15:38:22+08:00 ] 127.0.0.1 /blog/index.php/Admin/assets/images/avatars/avatar4.png
INFO: [ app_init ] --START--
INFO: Run Behavior\BuildLiteBehavior [ RunTime:0.000000s ]
INFO: [ app_init ] --END-- [ RunTime:0.001000s ]

[ 2018-07-19T15:38:22+08:00 ] 127.0.0.1 /blog/index.php/Admin/assets/images/avatars/avatar2.png
INFO: [ app_init ] --START--
INFO: Run Behavior\BuildLiteBehavior [ RunTime:0.000000s ]
INFO: [ app_init ] --END-- [ RunTime:0.001000s ]

[ 2018-07-19T15:38:22+08:00 ] 127.0.0.1 /blog/index.php/Admin/assets/images/avatars/avatar5.png
INFO: [ app_init ] --START--
INFO: Run Behavior\BuildLiteBehavior [ RunTime:0.000000s ]
INFO: [ app_init ] --END-- [ RunTime:0.001000s ]

[ 2018-07-19T15:38:23+08:00 ] 127.0.0.1 /blog/index.php/Admin/assets/images/avatars/avatar3.png
INFO: [ app_init ] --START--
INFO: Run Behavior\BuildLiteBehavior [ RunTime:0.000000s ]
INFO: [ app_init ] --END-- [ RunTime:0.001000s ]

[ 2018-07-19T15:38:31+08:00 ] 127.0.0.1 /blog/index.php/Admin/Member
INFO: [ app_init ] --START--
INFO: Run Behavior\BuildLiteBehavior [ RunTime:0.000000s ]
INFO: [ app_init ] --END-- [ RunTime:0.000000s ]
INFO: [ app_begin ] --START--
INFO: Run Behavior\ReadHtmlCacheBehavior [ RunTime:0.001001s ]
INFO: Run Behavior\CheckLangBehavior [ RunTime:0.000000s ]
INFO: [ app_begin ] --END-- [ RunTime:0.001001s ]
SQL: SHOW COLUMNS FROM `blog_admin` [ RunTime:0.0060s ]
SQL: SELECT * FROM `blog_admin` WHERE `userid` = 1 LIMIT 1   [ RunTime:0.0000s ]
SQL: SHOW COLUMNS FROM `blog_website` [ RunTime:0.0060s ]
SQL: SELECT `k`,`v` FROM `blog_website`  [ RunTime:0.0000s ]
SQL: SELECT s.id,s.title,s.name,s.tips,s.pid,p.pid as ppid,p.title as ptitle FROM blog_menu s left join blog_menu p on p.id=s.pid where s.name='Member/index' [ RunTime:0.0010s ]
SQL: SHOW COLUMNS FROM `blog_menu` [ RunTime:0.0050s ]
SQL: SELECT `id`,`title`,`pid`,`name`,`icon` FROM `blog_menu` WHERE ( islink=1 ) ORDER BY id ASC  [ RunTime:0.0000s ]
ERR: 1146:Table 'blog.blog_auth_group_access' doesn't exist
 [ SQL语句 ] : SELECT COUNT(*) AS tp_count FROM `blog_admin` INNER JOIN blog_auth_group_access ON blog_users.userid = blog_auth_group_access.uid INNER JOIN blog_auth_group ON blog_auth_group.id = blog_auth_group_access.group_id  ORDER BY blog_users.userid asc LIMIT 1  
ERR: 1146:Table 'blog.blog_auth_group_access' doesn't exist
 [ SQL语句 ] : SELECT COUNT(*) AS tp_count FROM `blog_admin` INNER JOIN blog_auth_group_access ON blog_users.userid = blog_auth_group_access.uid INNER JOIN blog_auth_group ON blog_auth_group.id = blog_auth_group_access.group_id  ORDER BY blog_users.userid asc LIMIT 1  

[ 2018-07-19T15:38:45+08:00 ] 127.0.0.1 /blog/index.php/Admin/Menu/assets/images/avatars/avatar.png
INFO: [ app_init ] --START--
INFO: Run Behavior\BuildLiteBehavior [ RunTime:0.000000s ]
INFO: [ app_init ] --END-- [ RunTime:0.000000s ]

[ 2018-07-19T15:38:45+08:00 ] 127.0.0.1 /blog/index.php/Admin/Menu/assets/images/avatars/avatar4.png
INFO: [ app_init ] --START--
INFO: Run Behavior\BuildLiteBehavior [ RunTime:0.000000s ]
INFO: [ app_init ] --END-- [ RunTime:0.001000s ]

[ 2018-07-19T15:38:45+08:00 ] 127.0.0.1 /blog/index.php/Admin/Menu/assets/images/avatars/avatar2.png
INFO: [ app_init ] --START--
INFO: Run Behavior\BuildLiteBehavior [ RunTime:0.000000s ]
INFO: [ app_init ] --END-- [ RunTime:0.001000s ]

[ 2018-07-19T15:38:45+08:00 ] 127.0.0.1 /blog/index.php/Admin/Menu/assets/images/avatars/avatar3.png
INFO: [ app_init ] --START--
INFO: Run Behavior\BuildLiteBehavior [ RunTime:0.000000s ]
INFO: [ app_init ] --END-- [ RunTime:0.000000s ]

[ 2018-07-19T15:38:45+08:00 ] 127.0.0.1 /blog/index.php/Admin/Menu/index.html
INFO: [ app_init ] --START--
INFO: Run Behavior\BuildLiteBehavior [ RunTime:0.000000s ]
INFO: [ app_init ] --END-- [ RunTime:0.001000s ]
INFO: [ app_begin ] --START--
INFO: Run Behavior\ReadHtmlCacheBehavior [ RunTime:0.001000s ]
INFO: Run Behavior\CheckLangBehavior [ RunTime:0.000000s ]
INFO: [ app_begin ] --END-- [ RunTime:0.001000s ]
SQL: SHOW COLUMNS FROM `blog_admin` [ RunTime:0.0050s ]
SQL: SELECT * FROM `blog_admin` WHERE `userid` = 1 LIMIT 1   [ RunTime:0.0000s ]
SQL: SHOW COLUMNS FROM `blog_website` [ RunTime:0.0060s ]
SQL: SELECT `k`,`v` FROM `blog_website`  [ RunTime:0.0010s ]
SQL: SELECT s.id,s.title,s.name,s.tips,s.pid,p.pid as ppid,p.title as ptitle FROM blog_menu s left join blog_menu p on p.id=s.pid where s.name='Menu/index' [ RunTime:0.0000s ]
SQL: SHOW COLUMNS FROM `blog_menu` [ RunTime:0.0050s ]
SQL: SELECT `id`,`title`,`pid`,`name`,`icon` FROM `blog_menu` WHERE ( islink=1 ) ORDER BY id ASC  [ RunTime:0.0010s ]
SQL: SELECT COUNT(*) AS tp_count FROM `blog_menu` LIMIT 1   [ RunTime:0.0000s ]
SQL: SELECT * FROM `blog_menu` ORDER BY id asc  [ RunTime:0.0010s ]
INFO: [ view_parse ] --START--
INFO: [ template_filter ] --START--
INFO: Run Behavior\ContentReplaceBehavior [ RunTime:0.000000s ]
INFO: [ template_filter ] --END-- [ RunTime:0.000000s ]
NOTIC: [8] Undefined variable: ccv F:\phpstudy\WWW\blog\Application\Runtime\Cache\Admin\b956215329b6f9aca22277599a4efdfc.php 第 761 行.
NOTIC: [8] Undefined variable: ccv F:\phpstudy\WWW\blog\Application\Runtime\Cache\Admin\b956215329b6f9aca22277599a4efdfc.php 第 761 行.
NOTIC: [8] Undefined variable: ccv F:\phpstudy\WWW\blog\Application\Runtime\Cache\Admin\b956215329b6f9aca22277599a4efdfc.php 第 761 行.
NOTIC: [8] Undefined variable: ccv F:\phpstudy\WWW\blog\Application\Runtime\Cache\Admin\b956215329b6f9aca22277599a4efdfc.php 第 761 行.
NOTIC: [8] Undefined variable: ccv F:\phpstudy\WWW\blog\Application\Runtime\Cache\Admin\b956215329b6f9aca22277599a4efdfc.php 第 761 行.
NOTIC: [8] Undefined variable: ccv F:\phpstudy\WWW\blog\Application\Runtime\Cache\Admin\b956215329b6f9aca22277599a4efdfc.php 第 761 行.
NOTIC: [8] Undefined variable: ccv F:\phpstudy\WWW\blog\Application\Runtime\Cache\Admin\b956215329b6f9aca22277599a4efdfc.php 第 761 行.
INFO: Run Behavior\ParseTemplateBehavior [ RunTime:0.029001s ]
INFO: [ view_parse ] --END-- [ RunTime:0.029001s ]
INFO: [ view_filter ] --START--
INFO: Run Behavior\WriteHtmlCacheBehavior [ RunTime:0.000000s ]
INFO: [ view_filter ] --END-- [ RunTime:0.000000s ]
INFO: [ app_end ] --START--
INFO: Run Behavior\ShowPageTraceBehavior [ RunTime:0.001000s ]
INFO: [ app_end ] --END-- [ RunTime:0.002000s ]

[ 2018-07-19T15:38:45+08:00 ] 127.0.0.1 /blog/index.php/Admin/Menu/assets/images/avatars/avatar5.png
INFO: [ app_init ] --START--
INFO: Run Behavior\BuildLiteBehavior [ RunTime:0.000000s ]
INFO: [ app_init ] --END-- [ RunTime:0.000000s ]

[ 2018-07-19T15:42:38+08:00 ] 127.0.0.1 /blog/index.php/Admin/Setting/setting.html
INFO: [ app_init ] --START--
INFO: Run Behavior\BuildLiteBehavior [ RunTime:0.000000s ]
INFO: [ app_init ] --END-- [ RunTime:0.000000s ]
INFO: [ app_begin ] --START--
INFO: Run Behavior\ReadHtmlCacheBehavior [ RunTime:0.000000s ]
INFO: Run Behavior\CheckLangBehavior [ RunTime:0.001000s ]
INFO: [ app_begin ] --END-- [ RunTime:0.001000s ]
SQL: SHOW COLUMNS FROM `blog_admin` [ RunTime:0.0110s ]
SQL: SELECT * FROM `blog_admin` WHERE `userid` = 1 LIMIT 1   [ RunTime:0.0010s ]
SQL: SHOW COLUMNS FROM `blog_website` [ RunTime:0.0080s ]
SQL: SELECT `k`,`v` FROM `blog_website`  [ RunTime:0.0000s ]
SQL: SELECT s.id,s.title,s.name,s.tips,s.pid,p.pid as ppid,p.title as ptitle FROM blog_menu s left join blog_menu p on p.id=s.pid where s.name='Setting/setting' [ RunTime:0.0010s ]
SQL: SHOW COLUMNS FROM `blog_menu` [ RunTime:0.0070s ]
SQL: SELECT `id`,`title`,`pid`,`name`,`icon` FROM `blog_menu` WHERE ( islink=1 ) ORDER BY id ASC  [ RunTime:0.0000s ]
SQL: SELECT * FROM `blog_website`  [ RunTime:0.0010s ]
INFO: [ view_parse ] --START--
INFO: [ template_filter ] --START--
INFO: Run Behavior\ContentReplaceBehavior [ RunTime:0.000000s ]
INFO: [ template_filter ] --END-- [ RunTime:0.000000s ]
NOTIC: [8] Use of undefined constant v - assumed 'v' F:\phpstudy\WWW\blog\Application\Runtime\Cache\Admin\bc3b8be664c5cdbaa47dd252b573a2e6.php 第 581 行.
NOTIC: [8] Use of undefined constant v - assumed 'v' F:\phpstudy\WWW\blog\Application\Runtime\Cache\Admin\bc3b8be664c5cdbaa47dd252b573a2e6.php 第 591 行.
NOTIC: [8] Use of undefined constant v - assumed 'v' F:\phpstudy\WWW\blog\Application\Runtime\Cache\Admin\bc3b8be664c5cdbaa47dd252b573a2e6.php 第 601 行.
NOTIC: [8] Use of undefined constant v - assumed 'v' F:\phpstudy\WWW\blog\Application\Runtime\Cache\Admin\bc3b8be664c5cdbaa47dd252b573a2e6.php 第 608 行.
NOTIC: [8] Use of undefined constant v - assumed 'v' F:\phpstudy\WWW\blog\Application\Runtime\Cache\Admin\bc3b8be664c5cdbaa47dd252b573a2e6.php 第 619 行.
NOTIC: [8] Use of undefined constant v - assumed 'v' F:\phpstudy\WWW\blog\Application\Runtime\Cache\Admin\bc3b8be664c5cdbaa47dd252b573a2e6.php 第 628 行.
INFO: Run Behavior\ParseTemplateBehavior [ RunTime:0.027002s ]
INFO: [ view_parse ] --END-- [ RunTime:0.027002s ]
INFO: [ view_filter ] --START--
INFO: Run Behavior\WriteHtmlCacheBehavior [ RunTime:0.000000s ]
INFO: [ view_filter ] --END-- [ RunTime:0.000000s ]
INFO: [ app_end ] --START--
INFO: Run Behavior\ShowPageTraceBehavior [ RunTime:0.001000s ]
INFO: [ app_end ] --END-- [ RunTime:0.001000s ]

[ 2018-07-19T15:42:38+08:00 ] 127.0.0.1 /blog/index.php/Admin/Setting/assets/images/avatars/avatar.png
INFO: [ app_init ] --START--
INFO: Run Behavior\BuildLiteBehavior [ RunTime:0.000000s ]
INFO: [ app_init ] --END-- [ RunTime:0.001000s ]

[ 2018-07-19T15:42:38+08:00 ] 127.0.0.1 /blog/index.php/Admin/Setting/assets/images/avatars/avatar3.png
INFO: [ app_init ] --START--
INFO: Run Behavior\BuildLiteBehavior [ RunTime:0.000000s ]
INFO: [ app_init ] --END-- [ RunTime:0.000000s ]

[ 2018-07-19T15:42:38+08:00 ] 127.0.0.1 /blog/index.php/Admin/Setting/assets/images/avatars/avatar4.png
INFO: [ app_init ] --START--
INFO: Run Behavior\BuildLiteBehavior [ RunTime:0.000000s ]
INFO: [ app_init ] --END-- [ RunTime:0.000000s ]

[ 2018-07-19T15:42:39+08:00 ] 127.0.0.1 /blog/index.php/Admin/Setting/assets/images/avatars/avatar5.png
INFO: [ app_init ] --START--
INFO: Run Behavior\BuildLiteBehavior [ RunTime:0.000000s ]
INFO: [ app_init ] --END-- [ RunTime:0.001000s ]

[ 2018-07-19T15:42:39+08:00 ] 127.0.0.1 /blog/index.php/Admin/Setting/assets/images/avatars/avatar2.png
INFO: [ app_init ] --START--
INFO: Run Behavior\BuildLiteBehavior [ RunTime:0.000000s ]
INFO: [ app_init ] --END-- [ RunTime:0.000000s ]

[ 2018-07-19T15:42:46+08:00 ] 127.0.0.1 /blog/index.php/Admin/Upload/uploadpic/Width/290/Height/90/BackCall/logo/Title/Logo.html
INFO: [ app_init ] --START--
INFO: Run Behavior\BuildLiteBehavior [ RunTime:0.000000s ]
INFO: [ app_init ] --END-- [ RunTime:0.001000s ]
INFO: [ app_begin ] --START--
INFO: Run Behavior\ReadHtmlCacheBehavior [ RunTime:0.001000s ]
INFO: Run Behavior\CheckLangBehavior [ RunTime:0.000000s ]
INFO: [ app_begin ] --END-- [ RunTime:0.001000s ]
SQL: SHOW COLUMNS FROM `blog_admin` [ RunTime:0.0150s ]
SQL: SELECT * FROM `blog_admin` WHERE `userid` = 1 LIMIT 1   [ RunTime:0.0010s ]
SQL: SHOW COLUMNS FROM `blog_website` [ RunTime:0.0180s ]
SQL: SELECT `k`,`v` FROM `blog_website`  [ RunTime:0.0000s ]
SQL: SELECT s.id,s.title,s.name,s.tips,s.pid,p.pid as ppid,p.title as ptitle FROM blog_menu s left join blog_menu p on p.id=s.pid where s.name='Upload/uploadpic' [ RunTime:0.0000s ]
NOTIC: [8] Undefined offset: 0 F:\phpstudy\WWW\blog\Application\Admin\Controller\CommonController.class.php 第 46 行.
SQL: SHOW COLUMNS FROM `blog_menu` [ RunTime:0.0150s ]
SQL: SELECT `id`,`title`,`pid`,`name`,`icon` FROM `blog_menu` WHERE ( islink=1 ) ORDER BY id ASC  [ RunTime:0.0010s ]
NOTIC: [8] Undefined index: img F:\phpstudy\WWW\blog\Application\Admin\Controller\UploadController.class.php 第 20 行.
INFO: [ view_parse ] --START--
INFO: [ template_filter ] --START--
INFO: Run Behavior\ContentReplaceBehavior [ RunTime:0.000000s ]
INFO: [ template_filter ] --END-- [ RunTime:0.000000s ]
INFO: Run Behavior\ParseTemplateBehavior [ RunTime:0.022001s ]
INFO: [ view_parse ] --END-- [ RunTime:0.022001s ]
INFO: [ view_filter ] --START--
INFO: Run Behavior\WriteHtmlCacheBehavior [ RunTime:0.001000s ]
INFO: [ view_filter ] --END-- [ RunTime:0.001000s ]
INFO: [ app_end ] --START--
INFO: Run Behavior\ShowPageTraceBehavior [ RunTime:0.001000s ]
INFO: [ app_end ] --END-- [ RunTime:0.001000s ]

