[ 2018-04-17T14:49:49+08:00 ] 127.0.0.1 /blog/index.php/Admin/Login/login.html
INFO: [ app_begin ] --START--
INFO: Run Behavior\ReadHtmlCacheBehavior [ RunTime:0.001000s ]
INFO: Run Behavior\CheckLangBehavior [ RunTime:0.001000s ]
INFO: [ app_begin ] --END-- [ RunTime:0.002000s ]
SQL: SHOW COLUMNS FROM `blog_users` [ RunTime:0.0100s ]
NOTIC: [8] Undefined index: validate F:\phpstudy\WWW\ThinkPHP\Library\Think\Model.class.php 第 1185 行.

[ 2018-04-17T14:50:10+08:00 ] 127.0.0.1 /blog/index.php/Admin/Login/login.html
INFO: [ app_begin ] --START--
INFO: Run Behavior\ReadHtmlCacheBehavior [ RunTime:0.000000s ]
INFO: Run Behavior\CheckLangBehavior [ RunTime:0.000000s ]
INFO: [ app_begin ] --END-- [ RunTime:0.001000s ]
SQL: SHOW COLUMNS FROM `blog_users` [ RunTime:0.0110s ]
NOTIC: [8] Undefined index: validate F:\phpstudy\WWW\ThinkPHP\Library\Think\Model.class.php 第 1185 行.
NOTIC: [8] Undefined index: auto F:\phpstudy\WWW\ThinkPHP\Library\Think\Model.class.php 第 1128 行.
ERR: 1054:Unknown column 'userid' in 'field list'
 [ SQL语句 ] : SELECT `userid`,`username`,`nickname`,`password`,`lastdate`,`lastip` FROM `blog_users` WHERE `username` = 'admin' LIMIT 1  
ERR: 1054:Unknown column 'userid' in 'field list'
 [ SQL语句 ] : SELECT `userid`,`username`,`nickname`,`password`,`lastdate`,`lastip` FROM `blog_users` WHERE `username` = 'admin' LIMIT 1  

[ 2018-04-17T14:50:16+08:00 ] 127.0.0.1 /blog/index.php/Admin/Login/login.html
INFO: [ app_begin ] --START--
INFO: Run Behavior\ReadHtmlCacheBehavior [ RunTime:0.000000s ]
INFO: Run Behavior\CheckLangBehavior [ RunTime:0.000000s ]
INFO: [ app_begin ] --END-- [ RunTime:0.001000s ]
SQL: SHOW COLUMNS FROM `blog_users` [ RunTime:0.0120s ]
NOTIC: [8] Undefined index: validate F:\phpstudy\WWW\ThinkPHP\Library\Think\Model.class.php 第 1185 行.

[ 2018-04-17T14:50:23+08:00 ] 127.0.0.1 /blog/index.php/Admin/Login/login.html
INFO: [ app_begin ] --START--
INFO: Run Behavior\ReadHtmlCacheBehavior [ RunTime:0.000000s ]
INFO: Run Behavior\CheckLangBehavior [ RunTime:0.001001s ]
INFO: [ app_begin ] --END-- [ RunTime:0.001001s ]
SQL: SHOW COLUMNS FROM `blog_users` [ RunTime:0.0100s ]
NOTIC: [8] Undefined index: validate F:\phpstudy\WWW\ThinkPHP\Library\Think\Model.class.php 第 1185 行.
NOTIC: [8] Undefined index: auto F:\phpstudy\WWW\ThinkPHP\Library\Think\Model.class.php 第 1128 行.
ERR: 1054:Unknown column 'userid' in 'field list'
 [ SQL语句 ] : SELECT `userid`,`username`,`nickname`,`password`,`lastdate`,`lastip` FROM `blog_users` WHERE `username` = 'admin' LIMIT 1  
ERR: 1054:Unknown column 'userid' in 'field list'
 [ SQL语句 ] : SELECT `userid`,`username`,`nickname`,`password`,`lastdate`,`lastip` FROM `blog_users` WHERE `username` = 'admin' LIMIT 1  

[ 2018-04-17T14:50:25+08:00 ] 127.0.0.1 /blog/index.php/Admin/Login/login.html
INFO: [ app_begin ] --START--
INFO: Run Behavior\ReadHtmlCacheBehavior [ RunTime:0.000000s ]
INFO: Run Behavior\CheckLangBehavior [ RunTime:0.000000s ]
INFO: [ app_begin ] --END-- [ RunTime:0.001000s ]
SQL: SHOW COLUMNS FROM `blog_users` [ RunTime:0.0110s ]
NOTIC: [8] Undefined index: validate F:\phpstudy\WWW\ThinkPHP\Library\Think\Model.class.php 第 1185 行.

[ 2018-04-17T14:50:45+08:00 ] 127.0.0.1 /blog/index.php/Admin/Login/login.html
INFO: [ app_begin ] --START--
INFO: Run Behavior\ReadHtmlCacheBehavior [ RunTime:0.000000s ]
INFO: Run Behavior\CheckLangBehavior [ RunTime:0.000000s ]
INFO: [ app_begin ] --END-- [ RunTime:0.000000s ]
SQL: SHOW COLUMNS FROM `blog_users` [ RunTime:0.0110s ]
NOTIC: [8] Undefined index: validate F:\phpstudy\WWW\ThinkPHP\Library\Think\Model.class.php 第 1185 行.
NOTIC: [8] Undefined index: auto F:\phpstudy\WWW\ThinkPHP\Library\Think\Model.class.php 第 1128 行.
ERR: 1054:Unknown column 'userid' in 'field list'
 [ SQL语句 ] : SELECT `userid`,`username`,`nickname`,`password`,`lastdate`,`lastip` FROM `blog_users` WHERE `username` = 'admin' LIMIT 1  
ERR: 1054:Unknown column 'userid' in 'field list'
 [ SQL语句 ] : SELECT `userid`,`username`,`nickname`,`password`,`lastdate`,`lastip` FROM `blog_users` WHERE `username` = 'admin' LIMIT 1  

[ 2018-04-17T14:50:47+08:00 ] 127.0.0.1 /blog/index.php/Admin/Login/login.html
INFO: [ app_begin ] --START--
INFO: Run Behavior\ReadHtmlCacheBehavior [ RunTime:0.000000s ]
INFO: Run Behavior\CheckLangBehavior [ RunTime:0.000000s ]
INFO: [ app_begin ] --END-- [ RunTime:0.000000s ]
SQL: SHOW COLUMNS FROM `blog_users` [ RunTime:0.0110s ]
NOTIC: [8] Undefined index: validate F:\phpstudy\WWW\ThinkPHP\Library\Think\Model.class.php 第 1185 行.

[ 2018-04-17T14:50:54+08:00 ] 127.0.0.1 /blog/index.php/Admin/Login/login.html
INFO: [ app_begin ] --START--
INFO: Run Behavior\ReadHtmlCacheBehavior [ RunTime:0.001000s ]
INFO: Run Behavior\CheckLangBehavior [ RunTime:0.000000s ]
INFO: [ app_begin ] --END-- [ RunTime:0.002000s ]
SQL: SHOW COLUMNS FROM `blog_users` [ RunTime:0.0140s ]
NOTIC: [8] Undefined index: validate F:\phpstudy\WWW\ThinkPHP\Library\Think\Model.class.php 第 1185 行.

[ 2018-04-17T14:51:10+08:00 ] 127.0.0.1 /blog/index.php/Admin/Login/login.html
INFO: [ app_begin ] --START--
INFO: Run Behavior\ReadHtmlCacheBehavior [ RunTime:0.000000s ]
INFO: Run Behavior\CheckLangBehavior [ RunTime:0.000000s ]
INFO: [ app_begin ] --END-- [ RunTime:0.000000s ]
SQL: SHOW COLUMNS FROM `blog_users` [ RunTime:0.0120s ]
NOTIC: [8] Undefined index: validate F:\phpstudy\WWW\ThinkPHP\Library\Think\Model.class.php 第 1185 行.
NOTIC: [8] Undefined index: auto F:\phpstudy\WWW\ThinkPHP\Library\Think\Model.class.php 第 1128 行.
ERR: 1054:Unknown column 'userid' in 'field list'
 [ SQL语句 ] : SELECT `userid`,`username`,`nickname`,`password`,`lastdate`,`lastip` FROM `blog_users` WHERE `username` = 'admin' LIMIT 1  
ERR: 1054:Unknown column 'userid' in 'field list'
 [ SQL语句 ] : SELECT `userid`,`username`,`nickname`,`password`,`lastdate`,`lastip` FROM `blog_users` WHERE `username` = 'admin' LIMIT 1  

[ 2018-04-17T14:51:13+08:00 ] 127.0.0.1 /blog/index.php/Admin/Login/login.html
INFO: [ app_begin ] --START--
INFO: Run Behavior\ReadHtmlCacheBehavior [ RunTime:0.000000s ]
INFO: Run Behavior\CheckLangBehavior [ RunTime:0.001000s ]
INFO: [ app_begin ] --END-- [ RunTime:0.001000s ]
SQL: SHOW COLUMNS FROM `blog_users` [ RunTime:0.0200s ]
NOTIC: [8] Undefined index: validate F:\phpstudy\WWW\ThinkPHP\Library\Think\Model.class.php 第 1185 行.

[ 2018-04-17T14:51:31+08:00 ] 127.0.0.1 /blog/index.php/Admin/Login/login.html
INFO: [ app_begin ] --START--
INFO: Run Behavior\ReadHtmlCacheBehavior [ RunTime:0.000000s ]
INFO: Run Behavior\CheckLangBehavior [ RunTime:0.001000s ]
INFO: [ app_begin ] --END-- [ RunTime:0.001000s ]
SQL: SHOW COLUMNS FROM `blog_users` [ RunTime:0.0110s ]
NOTIC: [8] Undefined index: validate F:\phpstudy\WWW\ThinkPHP\Library\Think\Model.class.php 第 1185 行.
NOTIC: [8] Undefined index: auto F:\phpstudy\WWW\ThinkPHP\Library\Think\Model.class.php 第 1128 行.
ERR: 1054:Unknown column 'userid' in 'field list'
 [ SQL语句 ] : SELECT `userid`,`username`,`nickname`,`password`,`lastdate`,`lastip` FROM `blog_users` WHERE `username` = 'admin' LIMIT 1  
ERR: 1054:Unknown column 'userid' in 'field list'
 [ SQL语句 ] : SELECT `userid`,`username`,`nickname`,`password`,`lastdate`,`lastip` FROM `blog_users` WHERE `username` = 'admin' LIMIT 1  

[ 2018-04-17T14:51:37+08:00 ] 127.0.0.1 /blog/index.php/Admin/Login/login.html
INFO: [ app_begin ] --START--
INFO: Run Behavior\ReadHtmlCacheBehavior [ RunTime:0.001000s ]
INFO: Run Behavior\CheckLangBehavior [ RunTime:0.001000s ]
INFO: [ app_begin ] --END-- [ RunTime:0.002000s ]
SQL: SHOW COLUMNS FROM `blog_users` [ RunTime:0.0140s ]
NOTIC: [8] Undefined index: validate F:\phpstudy\WWW\ThinkPHP\Library\Think\Model.class.php 第 1185 行.

[ 2018-04-17T14:52:08+08:00 ] 127.0.0.1 /blog/index.php/Admin/Login/login.html
INFO: [ app_begin ] --START--
INFO: Run Behavior\ReadHtmlCacheBehavior [ RunTime:0.000000s ]
INFO: Run Behavior\CheckLangBehavior [ RunTime:0.001000s ]
INFO: [ app_begin ] --END-- [ RunTime:0.002000s ]
SQL: SHOW COLUMNS FROM `blog_users` [ RunTime:0.0130s ]
NOTIC: [8] Undefined index: validate F:\phpstudy\WWW\ThinkPHP\Library\Think\Model.class.php 第 1185 行.
NOTIC: [8] Undefined index: auto F:\phpstudy\WWW\ThinkPHP\Library\Think\Model.class.php 第 1128 行.
ERR: 1054:Unknown column 'userid' in 'field list'
 [ SQL语句 ] : SELECT `userid`,`username`,`nickname`,`password`,`lastdate`,`lastip` FROM `blog_users` WHERE `username` = 'admin' LIMIT 1  
ERR: 1054:Unknown column 'userid' in 'field list'
 [ SQL语句 ] : SELECT `userid`,`username`,`nickname`,`password`,`lastdate`,`lastip` FROM `blog_users` WHERE `username` = 'admin' LIMIT 1  

[ 2018-04-17T14:52:49+08:00 ] 127.0.0.1 /blog/index.php/Admin/Login/login.html
INFO: [ app_begin ] --START--
INFO: Run Behavior\ReadHtmlCacheBehavior [ RunTime:0.000000s ]
INFO: Run Behavior\CheckLangBehavior [ RunTime:0.000000s ]
INFO: [ app_begin ] --END-- [ RunTime:0.001000s ]
SQL: SHOW COLUMNS FROM `blog_users` [ RunTime:0.0100s ]

[ 2018-04-17T14:53:01+08:00 ] 127.0.0.1 /blog/index.php/Admin/Login/login.html
INFO: [ app_begin ] --START--
INFO: Run Behavior\ReadHtmlCacheBehavior [ RunTime:0.000000s ]
INFO: Run Behavior\CheckLangBehavior [ RunTime:0.000000s ]
INFO: [ app_begin ] --END-- [ RunTime:0.001000s ]
SQL: SHOW COLUMNS FROM `blog_users` [ RunTime:0.0120s ]

[ 2018-04-17T14:53:05+08:00 ] 127.0.0.1 /blog/index.php/Admin/Login/login.html
INFO: [ app_begin ] --START--
INFO: Run Behavior\ReadHtmlCacheBehavior [ RunTime:0.000000s ]
INFO: Run Behavior\CheckLangBehavior [ RunTime:0.000000s ]
INFO: [ app_begin ] --END-- [ RunTime:0.001000s ]
SQL: SHOW COLUMNS FROM `blog_users` [ RunTime:0.0110s ]

[ 2018-04-17T14:53:06+08:00 ] 127.0.0.1 /blog/index.php/Admin/Login/login.html
INFO: [ app_begin ] --START--
INFO: Run Behavior\ReadHtmlCacheBehavior [ RunTime:0.001000s ]
INFO: Run Behavior\CheckLangBehavior [ RunTime:0.000000s ]
INFO: [ app_begin ] --END-- [ RunTime:0.001000s ]
SQL: SHOW COLUMNS FROM `blog_users` [ RunTime:0.0130s ]

[ 2018-04-17T14:53:14+08:00 ] 127.0.0.1 /blog/index.php/Admin/Login/login.html
INFO: [ app_begin ] --START--
INFO: Run Behavior\ReadHtmlCacheBehavior [ RunTime:0.000000s ]
INFO: Run Behavior\CheckLangBehavior [ RunTime:0.001000s ]
INFO: [ app_begin ] --END-- [ RunTime:0.001000s ]
SQL: SHOW COLUMNS FROM `blog_users` [ RunTime:0.0110s ]
NOTIC: [8] Undefined index: validate F:\phpstudy\WWW\ThinkPHP\Library\Think\Model.class.php 第 1185 行.

[ 2018-04-17T14:53:27+08:00 ] 127.0.0.1 /blog/index.php/Admin/Login/login.html
INFO: [ app_begin ] --START--
INFO: Run Behavior\ReadHtmlCacheBehavior [ RunTime:0.000000s ]
INFO: Run Behavior\CheckLangBehavior [ RunTime:0.000000s ]
INFO: [ app_begin ] --END-- [ RunTime:0.001000s ]
SQL: SHOW COLUMNS FROM `blog_users` [ RunTime:0.0110s ]
NOTIC: [8] Undefined index: validate F:\phpstudy\WWW\ThinkPHP\Library\Think\Model.class.php 第 1185 行.
NOTIC: [8] Undefined index: auto F:\phpstudy\WWW\ThinkPHP\Library\Think\Model.class.php 第 1128 行.
ERR: 1054:Unknown column 'userid' in 'field list'
 [ SQL语句 ] : SELECT `userid`,`username`,`nickname`,`password`,`lastdate`,`lastip` FROM `blog_users` WHERE `username` = 'admin' LIMIT 1  
ERR: 1054:Unknown column 'userid' in 'field list'
 [ SQL语句 ] : SELECT `userid`,`username`,`nickname`,`password`,`lastdate`,`lastip` FROM `blog_users` WHERE `username` = 'admin' LIMIT 1  

[ 2018-04-17T14:53:46+08:00 ] 127.0.0.1 /blog/index.php/Admin/Login/login.html
INFO: [ app_begin ] --START--
INFO: Run Behavior\ReadHtmlCacheBehavior [ RunTime:0.000000s ]
INFO: Run Behavior\CheckLangBehavior [ RunTime:0.000000s ]
INFO: [ app_begin ] --END-- [ RunTime:0.001000s ]
SQL: SHOW COLUMNS FROM `blog_users` [ RunTime:0.0100s ]
NOTIC: [8] Undefined index: validate F:\phpstudy\WWW\ThinkPHP\Library\Think\Model.class.php 第 1185 行.

[ 2018-04-17T14:53:58+08:00 ] 127.0.0.1 /blog/index.php/Admin/Login/login.html
INFO: [ app_begin ] --START--
INFO: Run Behavior\ReadHtmlCacheBehavior [ RunTime:0.000000s ]
INFO: Run Behavior\CheckLangBehavior [ RunTime:0.001000s ]
INFO: [ app_begin ] --END-- [ RunTime:0.001000s ]
SQL: SHOW COLUMNS FROM `blog_users` [ RunTime:0.0080s ]
NOTIC: [8] Undefined index: validate F:\phpstudy\WWW\ThinkPHP\Library\Think\Model.class.php 第 1185 行.
NOTIC: [8] Undefined index: auto F:\phpstudy\WWW\ThinkPHP\Library\Think\Model.class.php 第 1128 行.

[ 2018-04-17T14:54:26+08:00 ] 127.0.0.1 /blog/index.php/Admin/Login/login.html
INFO: [ app_begin ] --START--
INFO: Run Behavior\ReadHtmlCacheBehavior [ RunTime:0.001000s ]
INFO: Run Behavior\CheckLangBehavior [ RunTime:0.000000s ]
INFO: [ app_begin ] --END-- [ RunTime:0.001000s ]
SQL: SHOW COLUMNS FROM `blog_users` [ RunTime:0.0100s ]
NOTIC: [8] Undefined index: validate F:\phpstudy\WWW\ThinkPHP\Library\Think\Model.class.php 第 1185 行.

[ 2018-04-17T14:54:41+08:00 ] 127.0.0.1 /blog/index.php/Admin/Login/login.html
INFO: [ app_begin ] --START--
INFO: Run Behavior\ReadHtmlCacheBehavior [ RunTime:0.000000s ]
INFO: Run Behavior\CheckLangBehavior [ RunTime:0.001000s ]
INFO: [ app_begin ] --END-- [ RunTime:0.001000s ]
SQL: SHOW COLUMNS FROM `blog_users` [ RunTime:0.0120s ]
NOTIC: [8] Undefined index: validate F:\phpstudy\WWW\ThinkPHP\Library\Think\Model.class.php 第 1185 行.

[ 2018-04-17T14:54:54+08:00 ] 127.0.0.1 /blog/index.php/Admin/Login/login.html
INFO: [ app_begin ] --START--
INFO: Run Behavior\ReadHtmlCacheBehavior [ RunTime:0.000000s ]
INFO: Run Behavior\CheckLangBehavior [ RunTime:0.001000s ]
INFO: [ app_begin ] --END-- [ RunTime:0.001000s ]
SQL: SHOW COLUMNS FROM `blog_users` [ RunTime:0.0110s ]
NOTIC: [8] Undefined index: validate F:\phpstudy\WWW\ThinkPHP\Library\Think\Model.class.php 第 1185 行.
NOTIC: [8] Undefined index: auto F:\phpstudy\WWW\ThinkPHP\Library\Think\Model.class.php 第 1128 行.
ERR: 1054:Unknown column 'userid' in 'field list'
 [ SQL语句 ] : SELECT `userid`,`username`,`nickname`,`password`,`lastdate`,`lastip` FROM `blog_users` WHERE `username` = 'admin' LIMIT 1  
ERR: 1054:Unknown column 'userid' in 'field list'
 [ SQL语句 ] : SELECT `userid`,`username`,`nickname`,`password`,`lastdate`,`lastip` FROM `blog_users` WHERE `username` = 'admin' LIMIT 1  

[ 2018-04-17T14:55:05+08:00 ] 127.0.0.1 /blog/index.php/Admin/Login/login.html
INFO: [ app_begin ] --START--
INFO: Run Behavior\ReadHtmlCacheBehavior [ RunTime:0.001000s ]
INFO: Run Behavior\CheckLangBehavior [ RunTime:0.000000s ]
INFO: [ app_begin ] --END-- [ RunTime:0.001000s ]
SQL: SHOW COLUMNS FROM `blog_users` [ RunTime:0.0160s ]
NOTIC: [8] Undefined index: validate F:\phpstudy\WWW\ThinkPHP\Library\Think\Model.class.php 第 1185 行.

[ 2018-04-17T14:56:00+08:00 ] 127.0.0.1 /blog/index.php/Admin/Login/login.html
INFO: [ app_begin ] --START--
INFO: Run Behavior\ReadHtmlCacheBehavior [ RunTime:0.000000s ]
INFO: Run Behavior\CheckLangBehavior [ RunTime:0.000000s ]
INFO: [ app_begin ] --END-- [ RunTime:0.001000s ]
SQL: SHOW COLUMNS FROM `blog_users` [ RunTime:0.0120s ]
NOTIC: [8] Undefined index: validate F:\phpstudy\WWW\ThinkPHP\Library\Think\Model.class.php 第 1185 行.

[ 2018-04-17T14:56:20+08:00 ] 127.0.0.1 /blog/index.php/Admin/Login/login.html
INFO: [ app_begin ] --START--
INFO: Run Behavior\ReadHtmlCacheBehavior [ RunTime:0.000000s ]
INFO: Run Behavior\CheckLangBehavior [ RunTime:0.001000s ]
INFO: [ app_begin ] --END-- [ RunTime:0.001000s ]
SQL: SHOW COLUMNS FROM `blog_users` [ RunTime:0.0150s ]
NOTIC: [8] Undefined index: validate F:\phpstudy\WWW\ThinkPHP\Library\Think\Model.class.php 第 1185 行.
NOTIC: [8] Undefined index: auto F:\phpstudy\WWW\ThinkPHP\Library\Think\Model.class.php 第 1128 行.
SQL: SELECT `id`,`username`,`nickname`,`password`,`lastdate`,`lastip` FROM `blog_users` WHERE `username` = 'admin' LIMIT 1   [ RunTime:0.0010s ]
NOTIC: [8] Undefined index: userid F:\phpstudy\WWW\Blog\Application\Admin\Controller\LoginController.class.php 第 36 行.
SQL: SHOW COLUMNS FROM `blog_users` [ RunTime:0.0120s ]
SQL: UPDATE `blog_users` SET `loginnum`=loginnum+1 WHERE `username` = 'admin' [ RunTime:0.0000s ]
SQL: UPDATE `blog_users` SET `username`='admin',`password`='a66abb5684c45962d887564f08346e8d',`lastdate`='1523948180',`lastip`='127.0.0.1' WHERE `username` = 'admin' [ RunTime:0.0000s ]

[ 2018-04-17T14:57:02+08:00 ] 127.0.0.1 /blog/index.php/Admin/Login/login.html
INFO: [ app_begin ] --START--
INFO: Run Behavior\ReadHtmlCacheBehavior [ RunTime:0.001000s ]
INFO: Run Behavior\CheckLangBehavior [ RunTime:0.000000s ]
INFO: [ app_begin ] --END-- [ RunTime:0.001000s ]
SQL: SHOW COLUMNS FROM `blog_users` [ RunTime:0.0110s ]
NOTIC: [8] Undefined index: validate F:\phpstudy\WWW\ThinkPHP\Library\Think\Model.class.php 第 1185 行.
NOTIC: [8] Undefined index: auto F:\phpstudy\WWW\ThinkPHP\Library\Think\Model.class.php 第 1128 行.
SQL: SELECT `id`,`username`,`nickname`,`password`,`lastdate`,`lastip` FROM `blog_users` WHERE `username` = 'admin' LIMIT 1   [ RunTime:0.0010s ]
NOTIC: [8] Undefined index: userid F:\phpstudy\WWW\Blog\Application\Admin\Controller\LoginController.class.php 第 36 行.
SQL: SHOW COLUMNS FROM `blog_users` [ RunTime:0.0130s ]
SQL: UPDATE `blog_users` SET `loginnum`=loginnum+1 WHERE `username` = 'admin' [ RunTime:0.0000s ]
SQL: UPDATE `blog_users` SET `username`='admin',`password`='a66abb5684c45962d887564f08346e8d',`lastdate`='1523948222',`lastip`='127.0.0.1' WHERE `username` = 'admin' [ RunTime:0.0010s ]

[ 2018-04-17T14:57:22+08:00 ] 127.0.0.1 /blog/index.php/Admin/Login/login.html
INFO: [ app_begin ] --START--
INFO: Run Behavior\ReadHtmlCacheBehavior [ RunTime:0.001000s ]
INFO: Run Behavior\CheckLangBehavior [ RunTime:0.000000s ]
INFO: [ app_begin ] --END-- [ RunTime:0.001000s ]
SQL: SHOW COLUMNS FROM `blog_users` [ RunTime:0.0110s ]
NOTIC: [8] Undefined index: validate F:\phpstudy\WWW\ThinkPHP\Library\Think\Model.class.php 第 1185 行.
NOTIC: [8] Undefined index: auto F:\phpstudy\WWW\ThinkPHP\Library\Think\Model.class.php 第 1128 行.
SQL: SELECT `id`,`username`,`nickname`,`password`,`lastdate`,`lastip` FROM `blog_users` WHERE `username` = 'admin' LIMIT 1   [ RunTime:0.0000s ]
NOTIC: [8] Undefined index: userid F:\phpstudy\WWW\Blog\Application\Admin\Controller\LoginController.class.php 第 36 行.
SQL: SHOW COLUMNS FROM `blog_users` [ RunTime:0.0110s ]
SQL: UPDATE `blog_users` SET `loginnum`=loginnum+1 WHERE `username` = 'admin' [ RunTime:0.0000s ]
SQL: UPDATE `blog_users` SET `username`='admin',`password`='a66abb5684c45962d887564f08346e8d',`lastdate`='1523948242',`lastip`='127.0.0.1' WHERE `username` = 'admin' [ RunTime:0.0000s ]

[ 2018-04-17T14:58:24+08:00 ] 127.0.0.1 /blog/index.php/Admin/Login/login.html
INFO: [ app_begin ] --START--
INFO: Run Behavior\ReadHtmlCacheBehavior [ RunTime:0.000000s ]
INFO: Run Behavior\CheckLangBehavior [ RunTime:0.000000s ]
INFO: [ app_begin ] --END-- [ RunTime:0.001000s ]
SQL: SHOW COLUMNS FROM `blog_users` [ RunTime:0.0110s ]
NOTIC: [8] Undefined index: validate F:\phpstudy\WWW\ThinkPHP\Library\Think\Model.class.php 第 1185 行.
NOTIC: [8] Undefined index: auto F:\phpstudy\WWW\ThinkPHP\Library\Think\Model.class.php 第 1128 行.
SQL: SELECT `userid`,`username`,`nickname`,`password`,`lastdate`,`lastip` FROM `blog_users` WHERE `username` = 'admin' LIMIT 1   [ RunTime:0.0010s ]
SQL: SHOW COLUMNS FROM `blog_users` [ RunTime:0.0110s ]
SQL: UPDATE `blog_users` SET `loginnum`=loginnum+1 WHERE `username` = 'admin' AND `userid` = 1 [ RunTime:0.0000s ]
SQL: UPDATE `blog_users` SET `username`='admin',`password`='a66abb5684c45962d887564f08346e8d',`lastdate`='1523948304',`lastip`='127.0.0.1' WHERE `username` = 'admin' AND `userid` = 1 [ RunTime:0.0000s ]

[ 2018-04-17T15:21:11+08:00 ] 127.0.0.1 /blog/index.php/Admin/Index/header.html
ERR: 非法操作:header

[ 2018-04-17T15:21:42+08:00 ] 127.0.0.1 /blog/index.php/Admin/Index/header.html
ERR: 非法操作:header

[ 2018-04-17T15:21:58+08:00 ] 127.0.0.1 /blog/index.php/Admin/Index/header.html
ERR: 非法操作:header

[ 2018-04-17T15:22:11+08:00 ] 127.0.0.1 /blog/index.php/Admin/Index/header.html
ERR: 非法操作:header

[ 2018-04-17T15:22:39+08:00 ] 127.0.0.1 /blog/index.php/Admin/Index/header.html
ERR: 非法操作:header

[ 2018-04-17T15:23:20+08:00 ] 127.0.0.1 /blog/index.php/Admin/Index/header.html
ERR: 非法操作:header

[ 2018-04-17T15:23:41+08:00 ] 127.0.0.1 /blog/index.php/Admin/Index/header.html
ERR: 非法操作:header

[ 2018-04-17T19:35:12+08:00 ] 127.0.0.1 /blog/index.php/Admin/Index/index
ERR: 1146:Table 'blog.blog_web_site' doesn't exist
 [ SQL语句 ] : SHOW COLUMNS FROM `blog_web_site`

[ 2018-04-17T19:41:39+08:00 ] 127.0.0.1 /blog/index.php/Admin/Index/profile.html
ERR: 非法操作:profile

