[ 2018-05-30T12:33:32+08:00 ] 192.168.1.241 /blog/index.php/Admin/Category/edit/id/1.html
INFO: [ app_init ] --START--
INFO: Run Behavior\BuildLiteBehavior [ RunTime:0.000000s ]
INFO: [ app_init ] --END-- [ RunTime:0.003000s ]
INFO: [ app_begin ] --START--
INFO: Run Behavior\ReadHtmlCacheBehavior [ RunTime:0.001000s ]
INFO: Run Behavior\CheckLangBehavior [ RunTime:0.001000s ]
INFO: [ app_begin ] --END-- [ RunTime:0.002000s ]
SQL: SHOW COLUMNS FROM `blog_users` [ RunTime:0.0210s ]
SQL: SELECT * FROM `blog_users` WHERE `userid` = 1 LIMIT 1   [ RunTime:0.0000s ]
SQL: SHOW COLUMNS FROM `blog_website` [ RunTime:0.0190s ]
SQL: SELECT `k`,`v` FROM `blog_website`  [ RunTime:0.0010s ]
SQL: SELECT s.id,s.title,s.name,s.tips,s.pid,p.pid as ppid,p.title as ptitle FROM blog_menu s left join blog_menu p on p.id=s.pid where s.name='Category/index' [ RunTime:0.0070s ]
SQL: SHOW COLUMNS FROM `blog_menu` [ RunTime:0.0130s ]
SQL: SELECT `id`,`title`,`pid`,`name`,`icon` FROM `blog_menu` WHERE ( islink=1 ) ORDER BY id ASC  [ RunTime:0.0000s ]
SQL: SHOW COLUMNS FROM `blog_category` [ RunTime:0.0210s ]
SQL: SELECT * FROM `blog_category` WHERE ( id=1 ) LIMIT 1   [ RunTime:0.0080s ]
ERR: 1054:Unknown column 'o' in 'order clause'
 [ SQL语句 ] : SELECT `id`,`pid`,`name` FROM `blog_category` WHERE ( id <> 1 ) ORDER BY o asc 
ERR: 1054:Unknown column 'o' in 'order clause'
 [ SQL语句 ] : SELECT `id`,`pid`,`name` FROM `blog_category` WHERE ( id <> 1 ) ORDER BY o asc 

[ 2018-05-30T12:33:37+08:00 ] 192.168.1.241 /blog/index.php/Admin/Category/index.html
INFO: [ app_init ] --START--
INFO: Run Behavior\BuildLiteBehavior [ RunTime:0.000000s ]
INFO: [ app_init ] --END-- [ RunTime:0.001000s ]
INFO: [ app_begin ] --START--
INFO: Run Behavior\ReadHtmlCacheBehavior [ RunTime:0.001000s ]
INFO: Run Behavior\CheckLangBehavior [ RunTime:0.000000s ]
INFO: [ app_begin ] --END-- [ RunTime:0.001000s ]
SQL: SHOW COLUMNS FROM `blog_users` [ RunTime:0.0160s ]
SQL: SELECT * FROM `blog_users` WHERE `userid` = 1 LIMIT 1   [ RunTime:0.0000s ]
SQL: SHOW COLUMNS FROM `blog_website` [ RunTime:0.0160s ]
SQL: SELECT `k`,`v` FROM `blog_website`  [ RunTime:0.0000s ]
SQL: SELECT s.id,s.title,s.name,s.tips,s.pid,p.pid as ppid,p.title as ptitle FROM blog_menu s left join blog_menu p on p.id=s.pid where s.name='Category/index' [ RunTime:0.0000s ]
SQL: SHOW COLUMNS FROM `blog_menu` [ RunTime:0.0110s ]
SQL: SELECT `id`,`title`,`pid`,`name`,`icon` FROM `blog_menu` WHERE ( islink=1 ) ORDER BY id ASC  [ RunTime:0.0000s ]
SQL: SHOW COLUMNS FROM `blog_category` [ RunTime:0.0140s ]
SQL: SELECT COUNT(*) AS tp_count FROM `blog_category` LIMIT 1   [ RunTime:0.0000s ]
SQL: SELECT * FROM `blog_category` ORDER BY id asc  [ RunTime:0.0000s ]
INFO: [ view_parse ] --START--
INFO: [ template_filter ] --START--
INFO: Run Behavior\ContentReplaceBehavior [ RunTime:0.001000s ]
INFO: [ template_filter ] --END-- [ RunTime:0.001000s ]
INFO: Run Behavior\ParseTemplateBehavior [ RunTime:0.095005s ]
INFO: [ view_parse ] --END-- [ RunTime:0.095005s ]
INFO: [ view_filter ] --START--
INFO: Run Behavior\WriteHtmlCacheBehavior [ RunTime:0.001000s ]
INFO: [ view_filter ] --END-- [ RunTime:0.001000s ]
INFO: [ app_end ] --START--
INFO: Run Behavior\ShowPageTraceBehavior [ RunTime:0.000000s ]
INFO: [ app_end ] --END-- [ RunTime:0.000000s ]

[ 2018-05-30T12:33:37+08:00 ] 192.168.1.241 /blog/index.php/Admin/Category/assets/images/avatars/avatar.png
INFO: [ app_init ] --START--
INFO: Run Behavior\BuildLiteBehavior [ RunTime:0.000000s ]
INFO: [ app_init ] --END-- [ RunTime:0.001000s ]

[ 2018-05-30T12:33:37+08:00 ] 192.168.1.241 /blog/index.php/Admin/Category/assets/images/avatars/avatar2.png
INFO: [ app_init ] --START--
INFO: Run Behavior\BuildLiteBehavior [ RunTime:0.000000s ]
INFO: [ app_init ] --END-- [ RunTime:0.000000s ]

[ 2018-05-30T12:33:38+08:00 ] 192.168.1.241 /blog/index.php/Admin/Category/assets/images/avatars/avatar4.png
INFO: [ app_init ] --START--
INFO: Run Behavior\BuildLiteBehavior [ RunTime:0.000000s ]
INFO: [ app_init ] --END-- [ RunTime:0.000000s ]

[ 2018-05-30T12:33:38+08:00 ] 192.168.1.241 /blog/index.php/Admin/Category/assets/images/avatars/avatar5.png
INFO: [ app_init ] --START--
INFO: Run Behavior\BuildLiteBehavior [ RunTime:0.000000s ]
INFO: [ app_init ] --END-- [ RunTime:0.000000s ]

[ 2018-05-30T12:33:38+08:00 ] 192.168.1.241 /blog/index.php/Admin/Category/assets/images/avatars/avatar3.png
INFO: [ app_init ] --START--
INFO: Run Behavior\BuildLiteBehavior [ RunTime:0.000000s ]
INFO: [ app_init ] --END-- [ RunTime:0.001000s ]

[ 2018-05-30T12:36:00+08:00 ] 192.168.1.241 /blog/index.php/Admin/Category/index.html
INFO: [ app_init ] --START--
INFO: Run Behavior\BuildLiteBehavior [ RunTime:0.000000s ]
INFO: [ app_init ] --END-- [ RunTime:0.001000s ]
INFO: [ app_begin ] --START--
INFO: Run Behavior\ReadHtmlCacheBehavior [ RunTime:0.000000s ]
INFO: Run Behavior\CheckLangBehavior [ RunTime:0.001000s ]
INFO: [ app_begin ] --END-- [ RunTime:0.001000s ]
SQL: SHOW COLUMNS FROM `blog_users` [ RunTime:0.0180s ]
SQL: SELECT * FROM `blog_users` WHERE `userid` = 1 LIMIT 1   [ RunTime:0.0010s ]
SQL: SHOW COLUMNS FROM `blog_website` [ RunTime:0.0140s ]
SQL: SELECT `k`,`v` FROM `blog_website`  [ RunTime:0.0000s ]
SQL: SELECT s.id,s.title,s.name,s.tips,s.pid,p.pid as ppid,p.title as ptitle FROM blog_menu s left join blog_menu p on p.id=s.pid where s.name='Category/index' [ RunTime:0.0000s ]
SQL: SHOW COLUMNS FROM `blog_menu` [ RunTime:0.0150s ]
SQL: SELECT `id`,`title`,`pid`,`name`,`icon` FROM `blog_menu` WHERE ( islink=1 ) ORDER BY id ASC  [ RunTime:0.0000s ]
SQL: SHOW COLUMNS FROM `blog_category` [ RunTime:0.0150s ]
SQL: SELECT COUNT(*) AS tp_count FROM `blog_category` LIMIT 1   [ RunTime:0.0000s ]
SQL: SELECT * FROM `blog_category` ORDER BY id asc  [ RunTime:0.0000s ]
INFO: [ view_parse ] --START--
INFO: [ template_filter ] --START--
INFO: Run Behavior\ContentReplaceBehavior [ RunTime:0.000000s ]
INFO: [ template_filter ] --END-- [ RunTime:0.000000s ]
INFO: Run Behavior\ParseTemplateBehavior [ RunTime:0.024002s ]
INFO: [ view_parse ] --END-- [ RunTime:0.024002s ]
INFO: [ view_filter ] --START--
INFO: Run Behavior\WriteHtmlCacheBehavior [ RunTime:0.000000s ]
INFO: [ view_filter ] --END-- [ RunTime:0.001000s ]
INFO: [ app_end ] --START--
INFO: Run Behavior\ShowPageTraceBehavior [ RunTime:0.000000s ]
INFO: [ app_end ] --END-- [ RunTime:0.000000s ]

[ 2018-05-30T12:36:00+08:00 ] 192.168.1.241 /blog/index.php/Admin/Category/assets/images/avatars/avatar.png
INFO: [ app_init ] --START--
INFO: Run Behavior\BuildLiteBehavior [ RunTime:0.000000s ]
INFO: [ app_init ] --END-- [ RunTime:0.001000s ]

[ 2018-05-30T12:36:00+08:00 ] 192.168.1.241 /blog/index.php/Admin/Category/assets/images/avatars/avatar4.png
INFO: [ app_init ] --START--
INFO: Run Behavior\BuildLiteBehavior [ RunTime:0.000000s ]
INFO: [ app_init ] --END-- [ RunTime:0.000000s ]

[ 2018-05-30T12:36:00+08:00 ] 192.168.1.241 /blog/index.php/Admin/Category/assets/images/avatars/avatar3.png
INFO: [ app_init ] --START--
INFO: Run Behavior\BuildLiteBehavior [ RunTime:0.000000s ]
INFO: [ app_init ] --END-- [ RunTime:0.000000s ]

[ 2018-05-30T12:36:00+08:00 ] 192.168.1.241 /blog/index.php/Admin/Category/assets/images/avatars/avatar2.png
INFO: [ app_init ] --START--
INFO: Run Behavior\BuildLiteBehavior [ RunTime:0.000000s ]
INFO: [ app_init ] --END-- [ RunTime:0.000000s ]

[ 2018-05-30T12:36:00+08:00 ] 192.168.1.241 /blog/index.php/Admin/Category/assets/images/avatars/avatar5.png
INFO: [ app_init ] --START--
INFO: Run Behavior\BuildLiteBehavior [ RunTime:0.000000s ]
INFO: [ app_init ] --END-- [ RunTime:0.000000s ]

[ 2018-05-30T12:36:01+08:00 ] 192.168.1.241 /blog/index.php/Admin/Category/5a6edd577ced0_small
INFO: [ app_init ] --START--
INFO: Run Behavior\BuildLiteBehavior [ RunTime:0.000000s ]
INFO: [ app_init ] --END-- [ RunTime:0.001000s ]
INFO: [ app_begin ] --START--
INFO: Run Behavior\ReadHtmlCacheBehavior [ RunTime:0.002000s ]
INFO: Run Behavior\CheckLangBehavior [ RunTime:0.001000s ]
INFO: [ app_begin ] --END-- [ RunTime:0.003000s ]
SQL: SHOW COLUMNS FROM `blog_users` [ RunTime:0.0260s ]
SQL: SELECT * FROM `blog_users` WHERE `userid` = 1 LIMIT 1   [ RunTime:0.0010s ]
SQL: SHOW COLUMNS FROM `blog_website` [ RunTime:0.0280s ]
SQL: SELECT `k`,`v` FROM `blog_website`  [ RunTime:0.0010s ]
SQL: SELECT s.id,s.title,s.name,s.tips,s.pid,p.pid as ppid,p.title as ptitle FROM blog_menu s left join blog_menu p on p.id=s.pid where s.name='Category/5a6edd577ced0_small' [ RunTime:0.0010s ]
NOTIC: [8] Undefined offset: 0 F:\phpstudy\WWW\Blog\Application\Admin\Controller\CommonController.class.php 第 44 行.
SQL: SHOW COLUMNS FROM `blog_menu` [ RunTime:0.0270s ]
SQL: SELECT `id`,`title`,`pid`,`name`,`icon` FROM `blog_menu` WHERE ( islink=1 ) ORDER BY id ASC  [ RunTime:0.0000s ]
ERR: 非法操作:5a6edd577ced0_small

[ 2018-05-30T12:36:01+08:00 ] 192.168.1.241 /blog/index.php/Admin/Category/aaa
INFO: [ app_init ] --START--
INFO: Run Behavior\BuildLiteBehavior [ RunTime:0.000000s ]
INFO: [ app_init ] --END-- [ RunTime:0.000000s ]
INFO: [ app_begin ] --START--
INFO: Run Behavior\ReadHtmlCacheBehavior [ RunTime:0.001000s ]
INFO: Run Behavior\CheckLangBehavior [ RunTime:0.001000s ]
INFO: [ app_begin ] --END-- [ RunTime:0.002000s ]
SQL: SHOW COLUMNS FROM `blog_users` [ RunTime:0.0190s ]
SQL: SELECT * FROM `blog_users` WHERE `userid` = 1 LIMIT 1   [ RunTime:0.0000s ]
SQL: SHOW COLUMNS FROM `blog_website` [ RunTime:0.0210s ]
SQL: SELECT `k`,`v` FROM `blog_website`  [ RunTime:0.0000s ]
SQL: SELECT s.id,s.title,s.name,s.tips,s.pid,p.pid as ppid,p.title as ptitle FROM blog_menu s left join blog_menu p on p.id=s.pid where s.name='Category/aaa' [ RunTime:0.0000s ]
NOTIC: [8] Undefined offset: 0 F:\phpstudy\WWW\Blog\Application\Admin\Controller\CommonController.class.php 第 44 行.
SQL: SHOW COLUMNS FROM `blog_menu` [ RunTime:0.0210s ]
SQL: SELECT `id`,`title`,`pid`,`name`,`icon` FROM `blog_menu` WHERE ( islink=1 ) ORDER BY id ASC  [ RunTime:0.0000s ]
ERR: 非法操作:aaa

[ 2018-05-30T12:36:04+08:00 ] 192.168.1.241 /blog/index.php/Admin/Category/del/ids/2.html
INFO: [ app_init ] --START--
INFO: Run Behavior\BuildLiteBehavior [ RunTime:0.000000s ]
INFO: [ app_init ] --END-- [ RunTime:0.000000s ]
INFO: [ app_begin ] --START--
INFO: Run Behavior\ReadHtmlCacheBehavior [ RunTime:0.000000s ]
INFO: Run Behavior\CheckLangBehavior [ RunTime:0.001000s ]
INFO: [ app_begin ] --END-- [ RunTime:0.001000s ]
SQL: SHOW COLUMNS FROM `blog_users` [ RunTime:0.0130s ]
SQL: SELECT * FROM `blog_users` WHERE `userid` = 1 LIMIT 1   [ RunTime:0.0000s ]
SQL: SHOW COLUMNS FROM `blog_website` [ RunTime:0.0130s ]
SQL: SELECT `k`,`v` FROM `blog_website`  [ RunTime:0.0000s ]
SQL: SELECT s.id,s.title,s.name,s.tips,s.pid,p.pid as ppid,p.title as ptitle FROM blog_menu s left join blog_menu p on p.id=s.pid where s.name='Category/del' [ RunTime:0.0000s ]
NOTIC: [8] Undefined offset: 0 F:\phpstudy\WWW\Blog\Application\Admin\Controller\CommonController.class.php 第 44 行.
SQL: SHOW COLUMNS FROM `blog_menu` [ RunTime:0.0150s ]
SQL: SELECT `id`,`title`,`pid`,`name`,`icon` FROM `blog_menu` WHERE ( islink=1 ) ORDER BY id ASC  [ RunTime:0.0010s ]
SQL: SHOW COLUMNS FROM `blog_category` [ RunTime:0.0140s ]
SQL: DELETE FROM `blog_category` WHERE `id` IN ('2') [ RunTime:0.0010s ]
INFO: [ view_parse ] --START--
INFO: [ template_filter ] --START--
INFO: Run Behavior\ContentReplaceBehavior [ RunTime:0.000000s ]
INFO: [ template_filter ] --END-- [ RunTime:0.000000s ]
INFO: Run Behavior\ParseTemplateBehavior [ RunTime:0.006000s ]
INFO: [ view_parse ] --END-- [ RunTime:0.006000s ]
INFO: [ view_filter ] --START--
INFO: Run Behavior\WriteHtmlCacheBehavior [ RunTime:0.000000s ]
INFO: [ view_filter ] --END-- [ RunTime:0.000000s ]
INFO: [ app_end ] --START--
INFO: Run Behavior\ShowPageTraceBehavior [ RunTime:0.001001s ]
INFO: [ app_end ] --END-- [ RunTime:0.001001s ]

[ 2018-05-30T12:36:05+08:00 ] 192.168.1.241 /blog/index.php/Admin/Category/index.html
INFO: [ app_init ] --START--
INFO: Run Behavior\BuildLiteBehavior [ RunTime:0.000000s ]
INFO: [ app_init ] --END-- [ RunTime:0.000000s ]
INFO: [ app_begin ] --START--
INFO: Run Behavior\ReadHtmlCacheBehavior [ RunTime:0.000000s ]
INFO: Run Behavior\CheckLangBehavior [ RunTime:0.001000s ]
INFO: [ app_begin ] --END-- [ RunTime:0.001000s ]
SQL: SHOW COLUMNS FROM `blog_users` [ RunTime:0.0140s ]
SQL: SELECT * FROM `blog_users` WHERE `userid` = 1 LIMIT 1   [ RunTime:0.0000s ]
SQL: SHOW COLUMNS FROM `blog_website` [ RunTime:0.0130s ]
SQL: SELECT `k`,`v` FROM `blog_website`  [ RunTime:0.0010s ]
SQL: SELECT s.id,s.title,s.name,s.tips,s.pid,p.pid as ppid,p.title as ptitle FROM blog_menu s left join blog_menu p on p.id=s.pid where s.name='Category/index' [ RunTime:0.0000s ]
SQL: SHOW COLUMNS FROM `blog_menu` [ RunTime:0.0120s ]
SQL: SELECT `id`,`title`,`pid`,`name`,`icon` FROM `blog_menu` WHERE ( islink=1 ) ORDER BY id ASC  [ RunTime:0.0000s ]
SQL: SHOW COLUMNS FROM `blog_category` [ RunTime:0.0130s ]
SQL: SELECT COUNT(*) AS tp_count FROM `blog_category` LIMIT 1   [ RunTime:0.0000s ]
SQL: SELECT * FROM `blog_category` ORDER BY id asc  [ RunTime:0.0000s ]
INFO: [ view_parse ] --START--
INFO: [ template_filter ] --START--
INFO: Run Behavior\ContentReplaceBehavior [ RunTime:0.000000s ]
INFO: [ template_filter ] --END-- [ RunTime:0.000000s ]
INFO: Run Behavior\ParseTemplateBehavior [ RunTime:0.025001s ]
INFO: [ view_parse ] --END-- [ RunTime:0.025001s ]
INFO: [ view_filter ] --START--
INFO: Run Behavior\WriteHtmlCacheBehavior [ RunTime:0.000000s ]
INFO: [ view_filter ] --END-- [ RunTime:0.000000s ]
INFO: [ app_end ] --START--
INFO: Run Behavior\ShowPageTraceBehavior [ RunTime:0.001000s ]
INFO: [ app_end ] --END-- [ RunTime:0.001000s ]

[ 2018-05-30T12:36:05+08:00 ] 192.168.1.241 /blog/index.php/Admin/Category/assets/images/avatars/avatar.png
INFO: [ app_init ] --START--
INFO: Run Behavior\BuildLiteBehavior [ RunTime:0.000000s ]
INFO: [ app_init ] --END-- [ RunTime:0.000000s ]

[ 2018-05-30T12:36:05+08:00 ] 192.168.1.241 /blog/index.php/Admin/Category/assets/images/avatars/avatar4.png
INFO: [ app_init ] --START--
INFO: Run Behavior\BuildLiteBehavior [ RunTime:0.000000s ]
INFO: [ app_init ] --END-- [ RunTime:0.000000s ]

[ 2018-05-30T12:36:05+08:00 ] 192.168.1.241 /blog/index.php/Admin/Category/assets/images/avatars/avatar3.png
INFO: [ app_init ] --START--
INFO: Run Behavior\BuildLiteBehavior [ RunTime:0.000000s ]
INFO: [ app_init ] --END-- [ RunTime:0.000000s ]

[ 2018-05-30T12:36:05+08:00 ] 192.168.1.241 /blog/index.php/Admin/Category/assets/images/avatars/avatar2.png
INFO: [ app_init ] --START--
INFO: Run Behavior\BuildLiteBehavior [ RunTime:0.001000s ]
INFO: [ app_init ] --END-- [ RunTime:0.001000s ]

[ 2018-05-30T12:36:06+08:00 ] 192.168.1.241 /blog/index.php/Admin/Category/assets/images/avatars/avatar5.png
INFO: [ app_init ] --START--
INFO: Run Behavior\BuildLiteBehavior [ RunTime:0.000000s ]
INFO: [ app_init ] --END-- [ RunTime:0.000000s ]

[ 2018-05-30T12:36:59+08:00 ] 192.168.1.241 /blog/index.php/Admin/Category/index.html
INFO: [ app_init ] --START--
INFO: Run Behavior\BuildLiteBehavior [ RunTime:0.000000s ]
INFO: [ app_init ] --END-- [ RunTime:0.000000s ]
INFO: [ app_begin ] --START--
INFO: Run Behavior\ReadHtmlCacheBehavior [ RunTime:0.000000s ]
INFO: Run Behavior\CheckLangBehavior [ RunTime:0.001000s ]
INFO: [ app_begin ] --END-- [ RunTime:0.001000s ]
SQL: SHOW COLUMNS FROM `blog_users` [ RunTime:0.0130s ]
SQL: SELECT * FROM `blog_users` WHERE `userid` = 1 LIMIT 1   [ RunTime:0.0000s ]
SQL: SHOW COLUMNS FROM `blog_website` [ RunTime:0.0150s ]
SQL: SELECT `k`,`v` FROM `blog_website`  [ RunTime:0.0010s ]
SQL: SELECT s.id,s.title,s.name,s.tips,s.pid,p.pid as ppid,p.title as ptitle FROM blog_menu s left join blog_menu p on p.id=s.pid where s.name='Category/index' [ RunTime:0.0000s ]
SQL: SHOW COLUMNS FROM `blog_menu` [ RunTime:0.0150s ]
SQL: SELECT `id`,`title`,`pid`,`name`,`icon` FROM `blog_menu` WHERE ( islink=1 ) ORDER BY id ASC  [ RunTime:0.0000s ]
SQL: SHOW COLUMNS FROM `blog_category` [ RunTime:0.0160s ]
SQL: SELECT COUNT(*) AS tp_count FROM `blog_category` LIMIT 1   [ RunTime:0.0000s ]
SQL: SELECT * FROM `blog_category` ORDER BY id asc  [ RunTime:0.0010s ]
INFO: [ view_parse ] --START--
INFO: [ template_filter ] --START--
INFO: Run Behavior\ContentReplaceBehavior [ RunTime:0.000000s ]
INFO: [ template_filter ] --END-- [ RunTime:0.000000s ]
INFO: Run Behavior\ParseTemplateBehavior [ RunTime:0.024002s ]
INFO: [ view_parse ] --END-- [ RunTime:0.024002s ]
INFO: [ view_filter ] --START--
INFO: Run Behavior\WriteHtmlCacheBehavior [ RunTime:0.000000s ]
INFO: [ view_filter ] --END-- [ RunTime:0.000000s ]
INFO: [ app_end ] --START--
INFO: Run Behavior\ShowPageTraceBehavior [ RunTime:0.001000s ]
INFO: [ app_end ] --END-- [ RunTime:0.001000s ]

[ 2018-05-30T12:36:59+08:00 ] 192.168.1.241 /blog/index.php/Admin/Category/assets/images/avatars/avatar.png
INFO: [ app_init ] --START--
INFO: Run Behavior\BuildLiteBehavior [ RunTime:0.000000s ]
INFO: [ app_init ] --END-- [ RunTime:0.000000s ]

[ 2018-05-30T12:36:59+08:00 ] 192.168.1.241 /blog/index.php/Admin/Category/assets/images/avatars/avatar4.png
INFO: [ app_init ] --START--
INFO: Run Behavior\BuildLiteBehavior [ RunTime:0.000000s ]
INFO: [ app_init ] --END-- [ RunTime:0.001000s ]

[ 2018-05-30T12:36:59+08:00 ] 192.168.1.241 /blog/index.php/Admin/Category/assets/images/avatars/avatar3.png
INFO: [ app_init ] --START--
INFO: Run Behavior\BuildLiteBehavior [ RunTime:0.000000s ]
INFO: [ app_init ] --END-- [ RunTime:0.000000s ]

[ 2018-05-30T12:36:59+08:00 ] 192.168.1.241 /blog/index.php/Admin/Category/assets/images/avatars/avatar2.png
INFO: [ app_init ] --START--
INFO: Run Behavior\BuildLiteBehavior [ RunTime:0.000000s ]
INFO: [ app_init ] --END-- [ RunTime:0.000000s ]

[ 2018-05-30T12:36:59+08:00 ] 192.168.1.241 /blog/index.php/Admin/Category/assets/images/avatars/avatar5.png
INFO: [ app_init ] --START--
INFO: Run Behavior\BuildLiteBehavior [ RunTime:0.000000s ]
INFO: [ app_init ] --END-- [ RunTime:0.001000s ]

[ 2018-05-30T12:36:59+08:00 ] 192.168.1.241 /blog/index.php/Admin/Category/5a6edd577ced0_small
INFO: [ app_init ] --START--
INFO: Run Behavior\BuildLiteBehavior [ RunTime:0.000000s ]
INFO: [ app_init ] --END-- [ RunTime:0.001000s ]
INFO: [ app_begin ] --START--
INFO: Run Behavior\ReadHtmlCacheBehavior [ RunTime:0.001000s ]
INFO: Run Behavior\CheckLangBehavior [ RunTime:0.000000s ]
INFO: [ app_begin ] --END-- [ RunTime:0.001000s ]
SQL: SHOW COLUMNS FROM `blog_users` [ RunTime:0.0150s ]
SQL: SELECT * FROM `blog_users` WHERE `userid` = 1 LIMIT 1   [ RunTime:0.0000s ]
SQL: SHOW COLUMNS FROM `blog_website` [ RunTime:0.0130s ]
SQL: SELECT `k`,`v` FROM `blog_website`  [ RunTime:0.0010s ]
SQL: SELECT s.id,s.title,s.name,s.tips,s.pid,p.pid as ppid,p.title as ptitle FROM blog_menu s left join blog_menu p on p.id=s.pid where s.name='Category/5a6edd577ced0_small' [ RunTime:0.0000s ]
NOTIC: [8] Undefined offset: 0 F:\phpstudy\WWW\Blog\Application\Admin\Controller\CommonController.class.php 第 44 行.
SQL: SHOW COLUMNS FROM `blog_menu` [ RunTime:0.0150s ]
SQL: SELECT `id`,`title`,`pid`,`name`,`icon` FROM `blog_menu` WHERE ( islink=1 ) ORDER BY id ASC  [ RunTime:0.0010s ]
ERR: 非法操作:5a6edd577ced0_small

[ 2018-05-30T12:36:59+08:00 ] 192.168.1.241 /blog/index.php/Admin/Category/aaa
INFO: [ app_init ] --START--
INFO: Run Behavior\BuildLiteBehavior [ RunTime:0.000000s ]
INFO: [ app_init ] --END-- [ RunTime:0.000000s ]
INFO: [ app_begin ] --START--
INFO: Run Behavior\ReadHtmlCacheBehavior [ RunTime:0.000000s ]
INFO: Run Behavior\CheckLangBehavior [ RunTime:0.000000s ]
INFO: [ app_begin ] --END-- [ RunTime:0.001000s ]
SQL: SHOW COLUMNS FROM `blog_users` [ RunTime:0.0170s ]
SQL: SELECT * FROM `blog_users` WHERE `userid` = 1 LIMIT 1   [ RunTime:0.0000s ]
SQL: SHOW COLUMNS FROM `blog_website` [ RunTime:0.0150s ]
SQL: SELECT `k`,`v` FROM `blog_website`  [ RunTime:0.0000s ]
SQL: SELECT s.id,s.title,s.name,s.tips,s.pid,p.pid as ppid,p.title as ptitle FROM blog_menu s left join blog_menu p on p.id=s.pid where s.name='Category/aaa' [ RunTime:0.0000s ]
NOTIC: [8] Undefined offset: 0 F:\phpstudy\WWW\Blog\Application\Admin\Controller\CommonController.class.php 第 44 行.
SQL: SHOW COLUMNS FROM `blog_menu` [ RunTime:0.0140s ]
SQL: SELECT `id`,`title`,`pid`,`name`,`icon` FROM `blog_menu` WHERE ( islink=1 ) ORDER BY id ASC  [ RunTime:0.0000s ]
ERR: 非法操作:aaa

[ 2018-05-30T12:38:31+08:00 ] 192.168.1.241 /blog/index.php/Admin/Category/index.html
INFO: [ app_init ] --START--
INFO: Run Behavior\BuildLiteBehavior [ RunTime:0.000000s ]
INFO: [ app_init ] --END-- [ RunTime:0.000000s ]
INFO: [ app_begin ] --START--
INFO: Run Behavior\ReadHtmlCacheBehavior [ RunTime:0.001000s ]
INFO: Run Behavior\CheckLangBehavior [ RunTime:0.000000s ]
INFO: [ app_begin ] --END-- [ RunTime:0.001000s ]
SQL: SHOW COLUMNS FROM `blog_users` [ RunTime:0.0130s ]
SQL: SELECT * FROM `blog_users` WHERE `userid` = 1 LIMIT 1   [ RunTime:0.0000s ]
SQL: SHOW COLUMNS FROM `blog_website` [ RunTime:0.0140s ]
SQL: SELECT `k`,`v` FROM `blog_website`  [ RunTime:0.0000s ]
SQL: SELECT s.id,s.title,s.name,s.tips,s.pid,p.pid as ppid,p.title as ptitle FROM blog_menu s left join blog_menu p on p.id=s.pid where s.name='Category/index' [ RunTime:0.0000s ]
SQL: SHOW COLUMNS FROM `blog_menu` [ RunTime:0.0140s ]
SQL: SELECT `id`,`title`,`pid`,`name`,`icon` FROM `blog_menu` WHERE ( islink=1 ) ORDER BY id ASC  [ RunTime:0.0010s ]
SQL: SHOW COLUMNS FROM `blog_category` [ RunTime:0.0140s ]
SQL: SELECT COUNT(*) AS tp_count FROM `blog_category` LIMIT 1   [ RunTime:0.0010s ]
SQL: SELECT * FROM `blog_category` ORDER BY id asc  [ RunTime:0.0000s ]

[ 2018-05-30T12:39:46+08:00 ] 192.168.1.241 /blog/index.php/Admin/Category/index.html
INFO: [ app_init ] --START--
INFO: Run Behavior\BuildLiteBehavior [ RunTime:0.000000s ]
INFO: [ app_init ] --END-- [ RunTime:0.000000s ]
INFO: [ app_begin ] --START--
INFO: Run Behavior\ReadHtmlCacheBehavior [ RunTime:0.001000s ]
INFO: Run Behavior\CheckLangBehavior [ RunTime:0.000000s ]
INFO: [ app_begin ] --END-- [ RunTime:0.001000s ]
SQL: SHOW COLUMNS FROM `blog_users` [ RunTime:0.0130s ]
SQL: SELECT * FROM `blog_users` WHERE `userid` = 1 LIMIT 1   [ RunTime:0.0000s ]
SQL: SHOW COLUMNS FROM `blog_website` [ RunTime:0.0210s ]
SQL: SELECT `k`,`v` FROM `blog_website`  [ RunTime:0.0010s ]
SQL: SELECT s.id,s.title,s.name,s.tips,s.pid,p.pid as ppid,p.title as ptitle FROM blog_menu s left join blog_menu p on p.id=s.pid where s.name='Category/index' [ RunTime:0.0000s ]
SQL: SHOW COLUMNS FROM `blog_menu` [ RunTime:0.0200s ]
SQL: SELECT `id`,`title`,`pid`,`name`,`icon` FROM `blog_menu` WHERE ( islink=1 ) ORDER BY id ASC  [ RunTime:0.0010s ]
SQL: SHOW COLUMNS FROM `blog_category` [ RunTime:0.0140s ]
SQL: SELECT COUNT(*) AS tp_count FROM `blog_category` LIMIT 1   [ RunTime:0.0000s ]
SQL: SELECT * FROM `blog_category` ORDER BY id asc  [ RunTime:0.0000s ]
INFO: [ view_parse ] --START--
INFO: [ template_filter ] --START--
INFO: Run Behavior\ContentReplaceBehavior [ RunTime:0.000000s ]
INFO: [ template_filter ] --END-- [ RunTime:0.000000s ]
INFO: Run Behavior\ParseTemplateBehavior [ RunTime:0.032002s ]
INFO: [ view_parse ] --END-- [ RunTime:0.032002s ]
INFO: [ view_filter ] --START--
INFO: Run Behavior\WriteHtmlCacheBehavior [ RunTime:0.000000s ]
INFO: [ view_filter ] --END-- [ RunTime:0.000000s ]
INFO: [ app_end ] --START--
INFO: Run Behavior\ShowPageTraceBehavior [ RunTime:0.001000s ]
INFO: [ app_end ] --END-- [ RunTime:0.001000s ]

[ 2018-05-30T12:39:53+08:00 ] 192.168.1.241 /blog/index.php/Admin/Category/aaa
INFO: [ app_init ] --START--
INFO: Run Behavior\BuildLiteBehavior [ RunTime:0.000000s ]
INFO: [ app_init ] --END-- [ RunTime:0.000000s ]
INFO: [ app_begin ] --START--
INFO: Run Behavior\ReadHtmlCacheBehavior [ RunTime:0.000000s ]
INFO: Run Behavior\CheckLangBehavior [ RunTime:0.001000s ]
INFO: [ app_begin ] --END-- [ RunTime:0.001000s ]
SQL: SHOW COLUMNS FROM `blog_users` [ RunTime:0.0200s ]
SQL: SELECT * FROM `blog_users` WHERE `userid` = 1 LIMIT 1   [ RunTime:0.0000s ]
SQL: SHOW COLUMNS FROM `blog_website` [ RunTime:0.0200s ]
SQL: SELECT `k`,`v` FROM `blog_website`  [ RunTime:0.0000s ]
SQL: SELECT s.id,s.title,s.name,s.tips,s.pid,p.pid as ppid,p.title as ptitle FROM blog_menu s left join blog_menu p on p.id=s.pid where s.name='Category/aaa' [ RunTime:0.0000s ]
NOTIC: [8] Undefined offset: 0 F:\phpstudy\WWW\Blog\Application\Admin\Controller\CommonController.class.php 第 44 行.
SQL: SHOW COLUMNS FROM `blog_menu` [ RunTime:0.0200s ]
SQL: SELECT `id`,`title`,`pid`,`name`,`icon` FROM `blog_menu` WHERE ( islink=1 ) ORDER BY id ASC  [ RunTime:0.0000s ]
ERR: 非法操作:aaa

[ 2018-05-30T12:39:53+08:00 ] 192.168.1.241 /blog/index.php/Admin/Category/assets/images/avatars/avatar.png
INFO: [ app_init ] --START--
INFO: Run Behavior\BuildLiteBehavior [ RunTime:0.000000s ]
INFO: [ app_init ] --END-- [ RunTime:0.001000s ]

[ 2018-05-30T12:39:53+08:00 ] 192.168.1.241 /blog/index.php/Admin/Category/5a6edd577ced0_small
INFO: [ app_init ] --START--
INFO: Run Behavior\BuildLiteBehavior [ RunTime:0.000000s ]
INFO: [ app_init ] --END-- [ RunTime:0.000000s ]
INFO: [ app_begin ] --START--
INFO: Run Behavior\ReadHtmlCacheBehavior [ RunTime:0.001000s ]
INFO: Run Behavior\CheckLangBehavior [ RunTime:0.000000s ]
INFO: [ app_begin ] --END-- [ RunTime:0.001000s ]
SQL: SHOW COLUMNS FROM `blog_users` [ RunTime:0.0210s ]
SQL: SELECT * FROM `blog_users` WHERE `userid` = 1 LIMIT 1   [ RunTime:0.0000s ]
SQL: SHOW COLUMNS FROM `blog_website` [ RunTime:0.0230s ]
SQL: SELECT `k`,`v` FROM `blog_website`  [ RunTime:0.0000s ]
SQL: SELECT s.id,s.title,s.name,s.tips,s.pid,p.pid as ppid,p.title as ptitle FROM blog_menu s left join blog_menu p on p.id=s.pid where s.name='Category/5a6edd577ced0_small' [ RunTime:0.0000s ]
NOTIC: [8] Undefined offset: 0 F:\phpstudy\WWW\Blog\Application\Admin\Controller\CommonController.class.php 第 44 行.
SQL: SHOW COLUMNS FROM `blog_menu` [ RunTime:0.0140s ]
SQL: SELECT `id`,`title`,`pid`,`name`,`icon` FROM `blog_menu` WHERE ( islink=1 ) ORDER BY id ASC  [ RunTime:0.0000s ]
ERR: 非法操作:5a6edd577ced0_small

[ 2018-05-30T12:39:53+08:00 ] 192.168.1.241 /blog/index.php/Admin/Category/assets/images/avatars/avatar3.png
INFO: [ app_init ] --START--
INFO: Run Behavior\BuildLiteBehavior [ RunTime:0.000000s ]
INFO: [ app_init ] --END-- [ RunTime:0.000000s ]

[ 2018-05-30T12:39:53+08:00 ] 192.168.1.241 /blog/index.php/Admin/Category/assets/images/avatars/avatar4.png
INFO: [ app_init ] --START--
INFO: Run Behavior\BuildLiteBehavior [ RunTime:0.000000s ]
INFO: [ app_init ] --END-- [ RunTime:0.001000s ]

[ 2018-05-30T12:39:53+08:00 ] 192.168.1.241 /blog/index.php/Admin/Category/assets/images/avatars/avatar2.png
INFO: [ app_init ] --START--
INFO: Run Behavior\BuildLiteBehavior [ RunTime:0.000000s ]
INFO: [ app_init ] --END-- [ RunTime:0.000000s ]

[ 2018-05-30T12:39:53+08:00 ] 192.168.1.241 /blog/index.php/Admin/Category/assets/images/avatars/avatar5.png
INFO: [ app_init ] --START--
INFO: Run Behavior\BuildLiteBehavior [ RunTime:0.000000s ]
INFO: [ app_init ] --END-- [ RunTime:0.001000s ]

[ 2018-05-30T12:40:05+08:00 ] 192.168.1.241 /blog/index.php/Admin/Category/del/ids/11.html
INFO: [ app_init ] --START--
INFO: Run Behavior\BuildLiteBehavior [ RunTime:0.000000s ]
INFO: [ app_init ] --END-- [ RunTime:0.000000s ]
INFO: [ app_begin ] --START--
INFO: Run Behavior\ReadHtmlCacheBehavior [ RunTime:0.000000s ]
INFO: Run Behavior\CheckLangBehavior [ RunTime:0.000000s ]
INFO: [ app_begin ] --END-- [ RunTime:0.001000s ]
SQL: SHOW COLUMNS FROM `blog_users` [ RunTime:0.0150s ]
SQL: SELECT * FROM `blog_users` WHERE `userid` = 1 LIMIT 1   [ RunTime:0.0000s ]
SQL: SHOW COLUMNS FROM `blog_website` [ RunTime:0.0200s ]
SQL: SELECT `k`,`v` FROM `blog_website`  [ RunTime:0.0000s ]
SQL: SELECT s.id,s.title,s.name,s.tips,s.pid,p.pid as ppid,p.title as ptitle FROM blog_menu s left join blog_menu p on p.id=s.pid where s.name='Category/del' [ RunTime:0.0000s ]
NOTIC: [8] Undefined offset: 0 F:\phpstudy\WWW\Blog\Application\Admin\Controller\CommonController.class.php 第 44 行.
SQL: SHOW COLUMNS FROM `blog_menu` [ RunTime:0.0190s ]
SQL: SELECT `id`,`title`,`pid`,`name`,`icon` FROM `blog_menu` WHERE ( islink=1 ) ORDER BY id ASC  [ RunTime:0.0010s ]
SQL: SHOW COLUMNS FROM `blog_category` [ RunTime:0.0160s ]
SQL: DELETE FROM `blog_category` WHERE `id` IN ('11') [ RunTime:0.0000s ]
INFO: [ view_parse ] --START--
INFO: [ template_filter ] --START--
INFO: Run Behavior\ContentReplaceBehavior [ RunTime:0.000000s ]
INFO: [ template_filter ] --END-- [ RunTime:0.000000s ]
INFO: Run Behavior\ParseTemplateBehavior [ RunTime:0.009001s ]
INFO: [ view_parse ] --END-- [ RunTime:0.009001s ]
INFO: [ view_filter ] --START--
INFO: Run Behavior\WriteHtmlCacheBehavior [ RunTime:0.000000s ]
INFO: [ view_filter ] --END-- [ RunTime:0.000000s ]
INFO: [ app_end ] --START--
INFO: Run Behavior\ShowPageTraceBehavior [ RunTime:0.001000s ]
INFO: [ app_end ] --END-- [ RunTime:0.001000s ]

[ 2018-05-30T12:40:06+08:00 ] 192.168.1.241 /blog/index.php/Admin/Category/index.html
INFO: [ app_init ] --START--
INFO: Run Behavior\BuildLiteBehavior [ RunTime:0.000000s ]
INFO: [ app_init ] --END-- [ RunTime:0.000000s ]
INFO: [ app_begin ] --START--
INFO: Run Behavior\ReadHtmlCacheBehavior [ RunTime:0.000000s ]
INFO: Run Behavior\CheckLangBehavior [ RunTime:0.000000s ]
INFO: [ app_begin ] --END-- [ RunTime:0.001000s ]
SQL: SHOW COLUMNS FROM `blog_users` [ RunTime:0.0160s ]
SQL: SELECT * FROM `blog_users` WHERE `userid` = 1 LIMIT 1   [ RunTime:0.0010s ]
SQL: SHOW COLUMNS FROM `blog_website` [ RunTime:0.0170s ]
SQL: SELECT `k`,`v` FROM `blog_website`  [ RunTime:0.0010s ]
SQL: SELECT s.id,s.title,s.name,s.tips,s.pid,p.pid as ppid,p.title as ptitle FROM blog_menu s left join blog_menu p on p.id=s.pid where s.name='Category/index' [ RunTime:0.0000s ]
SQL: SHOW COLUMNS FROM `blog_menu` [ RunTime:0.0160s ]
SQL: SELECT `id`,`title`,`pid`,`name`,`icon` FROM `blog_menu` WHERE ( islink=1 ) ORDER BY id ASC  [ RunTime:0.0000s ]
SQL: SHOW COLUMNS FROM `blog_category` [ RunTime:0.0130s ]
SQL: SELECT COUNT(*) AS tp_count FROM `blog_category` LIMIT 1   [ RunTime:0.0000s ]
SQL: SELECT * FROM `blog_category` ORDER BY id asc  [ RunTime:0.0010s ]
INFO: [ view_parse ] --START--
INFO: [ template_filter ] --START--
INFO: Run Behavior\ContentReplaceBehavior [ RunTime:0.000000s ]
INFO: [ template_filter ] --END-- [ RunTime:0.000000s ]
INFO: Run Behavior\ParseTemplateBehavior [ RunTime:0.028001s ]
INFO: [ view_parse ] --END-- [ RunTime:0.028001s ]
INFO: [ view_filter ] --START--
INFO: Run Behavior\WriteHtmlCacheBehavior [ RunTime:0.001001s ]
INFO: [ view_filter ] --END-- [ RunTime:0.001001s ]
INFO: [ app_end ] --START--
INFO: Run Behavior\ShowPageTraceBehavior [ RunTime:0.000000s ]
INFO: [ app_end ] --END-- [ RunTime:0.000000s ]

[ 2018-05-30T12:40:13+08:00 ] 192.168.1.241 /blog/index.php/Admin/Category/aaa
INFO: [ app_init ] --START--
INFO: Run Behavior\BuildLiteBehavior [ RunTime:0.000000s ]
INFO: [ app_init ] --END-- [ RunTime:0.001000s ]
INFO: [ app_begin ] --START--
INFO: Run Behavior\ReadHtmlCacheBehavior [ RunTime:0.000000s ]
INFO: Run Behavior\CheckLangBehavior [ RunTime:0.001000s ]
INFO: [ app_begin ] --END-- [ RunTime:0.001000s ]
SQL: SHOW COLUMNS FROM `blog_users` [ RunTime:0.0300s ]
SQL: SELECT * FROM `blog_users` WHERE `userid` = 1 LIMIT 1   [ RunTime:0.0010s ]
SQL: SHOW COLUMNS FROM `blog_website` [ RunTime:0.0310s ]
SQL: SELECT `k`,`v` FROM `blog_website`  [ RunTime:0.0000s ]
SQL: SELECT s.id,s.title,s.name,s.tips,s.pid,p.pid as ppid,p.title as ptitle FROM blog_menu s left join blog_menu p on p.id=s.pid where s.name='Category/aaa' [ RunTime:0.0010s ]
NOTIC: [8] Undefined offset: 0 F:\phpstudy\WWW\Blog\Application\Admin\Controller\CommonController.class.php 第 44 行.
SQL: SHOW COLUMNS FROM `blog_menu` [ RunTime:0.0190s ]
SQL: SELECT `id`,`title`,`pid`,`name`,`icon` FROM `blog_menu` WHERE ( islink=1 ) ORDER BY id ASC  [ RunTime:0.0000s ]
ERR: 非法操作:aaa

[ 2018-05-30T12:40:13+08:00 ] 192.168.1.241 /blog/index.php/Admin/Category/assets/images/avatars/avatar.png
INFO: [ app_init ] --START--
INFO: Run Behavior\BuildLiteBehavior [ RunTime:0.000000s ]
INFO: [ app_init ] --END-- [ RunTime:0.000000s ]

[ 2018-05-30T12:40:13+08:00 ] 192.168.1.241 /blog/index.php/Admin/Category/assets/images/avatars/avatar3.png
INFO: [ app_init ] --START--
INFO: Run Behavior\BuildLiteBehavior [ RunTime:0.000000s ]
INFO: [ app_init ] --END-- [ RunTime:0.000000s ]

[ 2018-05-30T12:40:13+08:00 ] 192.168.1.241 /blog/index.php/Admin/Category/assets/images/avatars/avatar4.png
INFO: [ app_init ] --START--
INFO: Run Behavior\BuildLiteBehavior [ RunTime:0.000000s ]
INFO: [ app_init ] --END-- [ RunTime:0.000000s ]

[ 2018-05-30T12:40:13+08:00 ] 192.168.1.241 /blog/index.php/Admin/Category/assets/images/avatars/avatar2.png
INFO: [ app_init ] --START--
INFO: Run Behavior\BuildLiteBehavior [ RunTime:0.000000s ]
INFO: [ app_init ] --END-- [ RunTime:0.001000s ]

[ 2018-05-30T12:40:13+08:00 ] 192.168.1.241 /blog/index.php/Admin/Category/assets/images/avatars/avatar5.png
INFO: [ app_init ] --START--
INFO: Run Behavior\BuildLiteBehavior [ RunTime:0.000000s ]
INFO: [ app_init ] --END-- [ RunTime:0.001000s ]

[ 2018-05-30T12:40:20+08:00 ] 192.168.1.241 /blog/index.php/Admin/Category/edit/id/2.html
INFO: [ app_init ] --START--
INFO: Run Behavior\BuildLiteBehavior [ RunTime:0.000000s ]
INFO: [ app_init ] --END-- [ RunTime:0.000000s ]
INFO: [ app_begin ] --START--
INFO: Run Behavior\ReadHtmlCacheBehavior [ RunTime:0.001000s ]
INFO: Run Behavior\CheckLangBehavior [ RunTime:0.000000s ]
INFO: [ app_begin ] --END-- [ RunTime:0.001000s ]
SQL: SHOW COLUMNS FROM `blog_users` [ RunTime:0.0170s ]
SQL: SELECT * FROM `blog_users` WHERE `userid` = 1 LIMIT 1   [ RunTime:0.0000s ]
SQL: SHOW COLUMNS FROM `blog_website` [ RunTime:0.0130s ]
SQL: SELECT `k`,`v` FROM `blog_website`  [ RunTime:0.0000s ]
SQL: SELECT s.id,s.title,s.name,s.tips,s.pid,p.pid as ppid,p.title as ptitle FROM blog_menu s left join blog_menu p on p.id=s.pid where s.name='Category/index' [ RunTime:0.0010s ]
SQL: SHOW COLUMNS FROM `blog_menu` [ RunTime:0.0110s ]
SQL: SELECT `id`,`title`,`pid`,`name`,`icon` FROM `blog_menu` WHERE ( islink=1 ) ORDER BY id ASC  [ RunTime:0.0010s ]
SQL: SHOW COLUMNS FROM `blog_category` [ RunTime:0.0120s ]
SQL: SELECT * FROM `blog_category` WHERE ( id=2 ) LIMIT 1   [ RunTime:0.0000s ]
ERR: 1054:Unknown column 'o' in 'order clause'
 [ SQL语句 ] : SELECT `id`,`pid`,`name` FROM `blog_category` WHERE ( id <> 2 ) ORDER BY o asc 
ERR: 1054:Unknown column 'o' in 'order clause'
 [ SQL语句 ] : SELECT `id`,`pid`,`name` FROM `blog_category` WHERE ( id <> 2 ) ORDER BY o asc 

[ 2018-05-30T12:40:57+08:00 ] 192.168.1.241 /blog/index.php/Admin/Category/index.html
INFO: [ app_init ] --START--
INFO: Run Behavior\BuildLiteBehavior [ RunTime:0.000000s ]
INFO: [ app_init ] --END-- [ RunTime:0.001000s ]
INFO: [ app_begin ] --START--
INFO: Run Behavior\ReadHtmlCacheBehavior [ RunTime:0.000000s ]
INFO: Run Behavior\CheckLangBehavior [ RunTime:0.001000s ]
INFO: [ app_begin ] --END-- [ RunTime:0.001000s ]
SQL: SHOW COLUMNS FROM `blog_users` [ RunTime:0.0160s ]
SQL: SELECT * FROM `blog_users` WHERE `userid` = 1 LIMIT 1   [ RunTime:0.0000s ]
SQL: SHOW COLUMNS FROM `blog_website` [ RunTime:0.0140s ]
SQL: SELECT `k`,`v` FROM `blog_website`  [ RunTime:0.0000s ]
SQL: SELECT s.id,s.title,s.name,s.tips,s.pid,p.pid as ppid,p.title as ptitle FROM blog_menu s left join blog_menu p on p.id=s.pid where s.name='Category/index' [ RunTime:0.0010s ]
SQL: SHOW COLUMNS FROM `blog_menu` [ RunTime:0.0130s ]
SQL: SELECT `id`,`title`,`pid`,`name`,`icon` FROM `blog_menu` WHERE ( islink=1 ) ORDER BY id ASC  [ RunTime:0.0000s ]
SQL: SHOW COLUMNS FROM `blog_category` [ RunTime:0.0140s ]
SQL: SELECT COUNT(*) AS tp_count FROM `blog_category` LIMIT 1   [ RunTime:0.0000s ]
SQL: SELECT * FROM `blog_category` ORDER BY id asc  [ RunTime:0.0010s ]
INFO: [ view_parse ] --START--
INFO: [ template_filter ] --START--
INFO: Run Behavior\ContentReplaceBehavior [ RunTime:0.000000s ]
INFO: [ template_filter ] --END-- [ RunTime:0.000000s ]
INFO: Run Behavior\ParseTemplateBehavior [ RunTime:0.036002s ]
INFO: [ view_parse ] --END-- [ RunTime:0.036002s ]
INFO: [ view_filter ] --START--
INFO: Run Behavior\WriteHtmlCacheBehavior [ RunTime:0.000000s ]
INFO: [ view_filter ] --END-- [ RunTime:0.000000s ]
INFO: [ app_end ] --START--
INFO: Run Behavior\ShowPageTraceBehavior [ RunTime:0.000000s ]
INFO: [ app_end ] --END-- [ RunTime:0.000000s ]

[ 2018-05-30T12:41:03+08:00 ] 192.168.1.241 /blog/index.php/Admin/Category/aaa
INFO: [ app_init ] --START--
INFO: Run Behavior\BuildLiteBehavior [ RunTime:0.000000s ]
INFO: [ app_init ] --END-- [ RunTime:0.001000s ]
INFO: [ app_begin ] --START--
INFO: Run Behavior\ReadHtmlCacheBehavior [ RunTime:0.000000s ]
INFO: Run Behavior\CheckLangBehavior [ RunTime:0.001000s ]
INFO: [ app_begin ] --END-- [ RunTime:0.001000s ]
SQL: SHOW COLUMNS FROM `blog_users` [ RunTime:0.0200s ]
SQL: SELECT * FROM `blog_users` WHERE `userid` = 1 LIMIT 1   [ RunTime:0.0000s ]
SQL: SHOW COLUMNS FROM `blog_website` [ RunTime:0.0200s ]
SQL: SELECT `k`,`v` FROM `blog_website`  [ RunTime:0.0000s ]
SQL: SELECT s.id,s.title,s.name,s.tips,s.pid,p.pid as ppid,p.title as ptitle FROM blog_menu s left join blog_menu p on p.id=s.pid where s.name='Category/aaa' [ RunTime:0.0010s ]
NOTIC: [8] Undefined offset: 0 F:\phpstudy\WWW\Blog\Application\Admin\Controller\CommonController.class.php 第 44 行.
SQL: SHOW COLUMNS FROM `blog_menu` [ RunTime:0.0240s ]
SQL: SELECT `id`,`title`,`pid`,`name`,`icon` FROM `blog_menu` WHERE ( islink=1 ) ORDER BY id ASC  [ RunTime:0.0010s ]
ERR: 非法操作:aaa

[ 2018-05-30T12:41:03+08:00 ] 192.168.1.241 /blog/index.php/Admin/Category/assets/images/avatars/avatar.png
INFO: [ app_init ] --START--
INFO: Run Behavior\BuildLiteBehavior [ RunTime:0.000000s ]
INFO: [ app_init ] --END-- [ RunTime:0.000000s ]

[ 2018-05-30T12:41:03+08:00 ] 192.168.1.241 /blog/index.php/Admin/Category/assets/images/avatars/avatar3.png
INFO: [ app_init ] --START--
INFO: Run Behavior\BuildLiteBehavior [ RunTime:0.000000s ]
INFO: [ app_init ] --END-- [ RunTime:0.001000s ]

[ 2018-05-30T12:41:03+08:00 ] 192.168.1.241 /blog/index.php/Admin/Category/assets/images/avatars/avatar5.png
INFO: [ app_init ] --START--
INFO: Run Behavior\BuildLiteBehavior [ RunTime:0.000000s ]
INFO: [ app_init ] --END-- [ RunTime:0.000000s ]

[ 2018-05-30T12:41:03+08:00 ] 192.168.1.241 /blog/index.php/Admin/Category/assets/images/avatars/avatar4.png
INFO: [ app_init ] --START--
INFO: Run Behavior\BuildLiteBehavior [ RunTime:0.000000s ]
INFO: [ app_init ] --END-- [ RunTime:0.000000s ]

[ 2018-05-30T12:41:04+08:00 ] 192.168.1.241 /blog/index.php/Admin/Category/assets/images/avatars/avatar2.png
INFO: [ app_init ] --START--
INFO: Run Behavior\BuildLiteBehavior [ RunTime:0.000000s ]
INFO: [ app_init ] --END-- [ RunTime:0.000000s ]

[ 2018-05-30T12:41:11+08:00 ] 192.168.1.241 /blog/index.php/Admin/Category/edit/id/12.html
INFO: [ app_init ] --START--
INFO: Run Behavior\BuildLiteBehavior [ RunTime:0.000000s ]
INFO: [ app_init ] --END-- [ RunTime:0.001000s ]
INFO: [ app_begin ] --START--
INFO: Run Behavior\ReadHtmlCacheBehavior [ RunTime:0.000000s ]
INFO: Run Behavior\CheckLangBehavior [ RunTime:0.001000s ]
INFO: [ app_begin ] --END-- [ RunTime:0.001000s ]
SQL: SHOW COLUMNS FROM `blog_users` [ RunTime:0.0180s ]
SQL: SELECT * FROM `blog_users` WHERE `userid` = 1 LIMIT 1   [ RunTime:0.0010s ]
SQL: SHOW COLUMNS FROM `blog_website` [ RunTime:0.0170s ]
SQL: SELECT `k`,`v` FROM `blog_website`  [ RunTime:0.0000s ]
SQL: SELECT s.id,s.title,s.name,s.tips,s.pid,p.pid as ppid,p.title as ptitle FROM blog_menu s left join blog_menu p on p.id=s.pid where s.name='Category/index' [ RunTime:0.0010s ]
SQL: SHOW COLUMNS FROM `blog_menu` [ RunTime:0.0150s ]
SQL: SELECT `id`,`title`,`pid`,`name`,`icon` FROM `blog_menu` WHERE ( islink=1 ) ORDER BY id ASC  [ RunTime:0.0010s ]
SQL: SHOW COLUMNS FROM `blog_category` [ RunTime:0.0200s ]
SQL: SELECT * FROM `blog_category` WHERE ( id=12 ) LIMIT 1   [ RunTime:0.0000s ]
ERR: 1054:Unknown column 'o' in 'order clause'
 [ SQL语句 ] : SELECT `id`,`pid`,`name` FROM `blog_category` WHERE ( id <> 12 ) ORDER BY o asc 
ERR: 1054:Unknown column 'o' in 'order clause'
 [ SQL语句 ] : SELECT `id`,`pid`,`name` FROM `blog_category` WHERE ( id <> 12 ) ORDER BY o asc 

[ 2018-05-30T12:41:31+08:00 ] 192.168.1.241 /blog/index.php/Admin/Category/edit/id/12.html
INFO: [ app_init ] --START--
INFO: Run Behavior\BuildLiteBehavior [ RunTime:0.000000s ]
INFO: [ app_init ] --END-- [ RunTime:0.001000s ]
INFO: [ app_begin ] --START--
INFO: Run Behavior\ReadHtmlCacheBehavior [ RunTime:0.001000s ]
INFO: Run Behavior\CheckLangBehavior [ RunTime:0.000000s ]
INFO: [ app_begin ] --END-- [ RunTime:0.001000s ]
SQL: SHOW COLUMNS FROM `blog_users` [ RunTime:0.0120s ]
SQL: SELECT * FROM `blog_users` WHERE `userid` = 1 LIMIT 1   [ RunTime:0.0000s ]
SQL: SHOW COLUMNS FROM `blog_website` [ RunTime:0.0180s ]
SQL: SELECT `k`,`v` FROM `blog_website`  [ RunTime:0.0000s ]
SQL: SELECT s.id,s.title,s.name,s.tips,s.pid,p.pid as ppid,p.title as ptitle FROM blog_menu s left join blog_menu p on p.id=s.pid where s.name='Category/index' [ RunTime:0.0000s ]
SQL: SHOW COLUMNS FROM `blog_menu` [ RunTime:0.0170s ]
SQL: SELECT `id`,`title`,`pid`,`name`,`icon` FROM `blog_menu` WHERE ( islink=1 ) ORDER BY id ASC  [ RunTime:0.0000s ]
SQL: SHOW COLUMNS FROM `blog_category` [ RunTime:0.0140s ]
SQL: SELECT * FROM `blog_category` WHERE ( id=12 ) LIMIT 1   [ RunTime:0.0000s ]
NOTIC: [8] Array to string conversion F:\phpstudy\WWW\Blog\Application\Admin\Controller\CategoryController.class.php 第 30 行.

[ 2018-05-30T12:42:18+08:00 ] 192.168.1.241 /blog/index.php/Admin/Category/edit/id/12.html
INFO: [ app_init ] --START--
INFO: Run Behavior\BuildLiteBehavior [ RunTime:0.000000s ]
INFO: [ app_init ] --END-- [ RunTime:0.001000s ]
INFO: [ app_begin ] --START--
INFO: Run Behavior\ReadHtmlCacheBehavior [ RunTime:0.001000s ]
INFO: Run Behavior\CheckLangBehavior [ RunTime:0.000000s ]
INFO: [ app_begin ] --END-- [ RunTime:0.001000s ]
SQL: SHOW COLUMNS FROM `blog_users` [ RunTime:0.0140s ]
SQL: SELECT * FROM `blog_users` WHERE `userid` = 1 LIMIT 1   [ RunTime:0.0000s ]
SQL: SHOW COLUMNS FROM `blog_website` [ RunTime:0.0100s ]
SQL: SELECT `k`,`v` FROM `blog_website`  [ RunTime:0.0010s ]
SQL: SELECT s.id,s.title,s.name,s.tips,s.pid,p.pid as ppid,p.title as ptitle FROM blog_menu s left join blog_menu p on p.id=s.pid where s.name='Category/index' [ RunTime:0.0000s ]
SQL: SHOW COLUMNS FROM `blog_menu` [ RunTime:0.0110s ]
SQL: SELECT `id`,`title`,`pid`,`name`,`icon` FROM `blog_menu` WHERE ( islink=1 ) ORDER BY id ASC  [ RunTime:0.0000s ]
SQL: SHOW COLUMNS FROM `blog_category` [ RunTime:0.0130s ]
SQL: SELECT * FROM `blog_category` WHERE ( id=12 ) LIMIT 1   [ RunTime:0.0010s ]
SQL: SELECT `id`,`pid`,`name` FROM `blog_category` WHERE ( id <> 12 ) ORDER BY id asc  [ RunTime:0.0000s ]
INFO: [ view_parse ] --START--
INFO: [ template_filter ] --START--
INFO: Run Behavior\ContentReplaceBehavior [ RunTime:0.000000s ]
INFO: [ template_filter ] --END-- [ RunTime:0.000000s ]
NOTIC: [8] Undefined index: iconUrl F:\phpstudy\WWW\Blog\Application\Runtime\Cache\Admin\115b910522123250764e63bae03373cc.php 第 638 行.
INFO: Run Behavior\ParseTemplateBehavior [ RunTime:0.027001s ]
INFO: [ view_parse ] --END-- [ RunTime:0.027001s ]
INFO: [ view_filter ] --START--
INFO: Run Behavior\WriteHtmlCacheBehavior [ RunTime:0.000000s ]
INFO: [ view_filter ] --END-- [ RunTime:0.000000s ]
INFO: [ app_end ] --START--
INFO: Run Behavior\ShowPageTraceBehavior [ RunTime:0.001000s ]
INFO: [ app_end ] --END-- [ RunTime:0.001000s ]

[ 2018-05-30T12:42:24+08:00 ] 192.168.1.241 /blog/index.php/Admin/Category/edit/id/assets/images/avatars/avatar.png
INFO: [ app_init ] --START--
INFO: Run Behavior\BuildLiteBehavior [ RunTime:0.000000s ]
INFO: [ app_init ] --END-- [ RunTime:0.000000s ]

[ 2018-05-30T12:42:24+08:00 ] 192.168.1.241 /blog/index.php/Admin/Category/edit/id/assets/images/avatars/avatar3.png
INFO: [ app_init ] --START--
INFO: Run Behavior\BuildLiteBehavior [ RunTime:0.000000s ]
INFO: [ app_init ] --END-- [ RunTime:0.000000s ]

[ 2018-05-30T12:42:24+08:00 ] 192.168.1.241 /blog/index.php/Admin/Category/edit/id/assets/images/avatars/avatar4.png
INFO: [ app_init ] --START--
INFO: Run Behavior\BuildLiteBehavior [ RunTime:0.000000s ]
INFO: [ app_init ] --END-- [ RunTime:0.001000s ]

[ 2018-05-30T12:42:25+08:00 ] 192.168.1.241 /blog/index.php/Admin/Category/edit/id/assets/images/avatars/avatar2.png
INFO: [ app_init ] --START--
INFO: Run Behavior\BuildLiteBehavior [ RunTime:0.000000s ]
INFO: [ app_init ] --END-- [ RunTime:0.000000s ]

[ 2018-05-30T12:42:25+08:00 ] 192.168.1.241 /blog/index.php/Admin/Category/edit/id/assets/images/avatars/avatar5.png
INFO: [ app_init ] --START--
INFO: Run Behavior\BuildLiteBehavior [ RunTime:0.000000s ]
INFO: [ app_init ] --END-- [ RunTime:0.000000s ]

[ 2018-05-30T12:42:47+08:00 ] 192.168.1.241 /blog/index.php/Admin/Category/update.html
INFO: [ app_init ] --START--
INFO: Run Behavior\BuildLiteBehavior [ RunTime:0.000000s ]
INFO: [ app_init ] --END-- [ RunTime:0.000000s ]
INFO: [ app_begin ] --START--
INFO: Run Behavior\ReadHtmlCacheBehavior [ RunTime:0.000000s ]
INFO: Run Behavior\CheckLangBehavior [ RunTime:0.001000s ]
INFO: [ app_begin ] --END-- [ RunTime:0.001000s ]
SQL: SHOW COLUMNS FROM `blog_users` [ RunTime:0.0120s ]
SQL: SELECT * FROM `blog_users` WHERE `userid` = 1 LIMIT 1   [ RunTime:0.0010s ]
SQL: SHOW COLUMNS FROM `blog_website` [ RunTime:0.0120s ]
SQL: SELECT `k`,`v` FROM `blog_website`  [ RunTime:0.0000s ]
SQL: SELECT s.id,s.title,s.name,s.tips,s.pid,p.pid as ppid,p.title as ptitle FROM blog_menu s left join blog_menu p on p.id=s.pid where s.name='Category/update' [ RunTime:0.0000s ]
NOTIC: [8] Undefined offset: 0 F:\phpstudy\WWW\Blog\Application\Admin\Controller\CommonController.class.php 第 44 行.
SQL: SHOW COLUMNS FROM `blog_menu` [ RunTime:0.0130s ]
SQL: SELECT `id`,`title`,`pid`,`name`,`icon` FROM `blog_menu` WHERE ( islink=1 ) ORDER BY id ASC  [ RunTime:0.0010s ]
SQL: SHOW COLUMNS FROM `blog_category` [ RunTime:0.0140s ]
SQL: INSERT INTO `blog_category` (`type`,`pid`,`name`,`url`,`iconUrl`,`seotitle`,`keywords`,`description`,`content`) VALUES ('0','1','aaa','aaa','','aaa','aaa','','aaa') [ RunTime:0.0000s ]
INFO: [ view_parse ] --START--
INFO: [ template_filter ] --START--
INFO: Run Behavior\ContentReplaceBehavior [ RunTime:0.000000s ]
INFO: [ template_filter ] --END-- [ RunTime:0.000000s ]
INFO: Run Behavior\ParseTemplateBehavior [ RunTime:0.005000s ]
INFO: [ view_parse ] --END-- [ RunTime:0.005000s ]
INFO: [ view_filter ] --START--
INFO: Run Behavior\WriteHtmlCacheBehavior [ RunTime:0.001000s ]
INFO: [ view_filter ] --END-- [ RunTime:0.001000s ]

[ 2018-05-30T12:42:48+08:00 ] 192.168.1.241 /blog/index.php/Admin/Category/index
INFO: [ app_init ] --START--
INFO: Run Behavior\BuildLiteBehavior [ RunTime:0.000000s ]
INFO: [ app_init ] --END-- [ RunTime:0.000000s ]
INFO: [ app_begin ] --START--
INFO: Run Behavior\ReadHtmlCacheBehavior [ RunTime:0.001000s ]
INFO: Run Behavior\CheckLangBehavior [ RunTime:0.000000s ]
INFO: [ app_begin ] --END-- [ RunTime:0.001000s ]
SQL: SHOW COLUMNS FROM `blog_users` [ RunTime:0.0150s ]
SQL: SELECT * FROM `blog_users` WHERE `userid` = 1 LIMIT 1   [ RunTime:0.0010s ]
SQL: SHOW COLUMNS FROM `blog_website` [ RunTime:0.0150s ]
SQL: SELECT `k`,`v` FROM `blog_website`  [ RunTime:0.0010s ]
SQL: SELECT s.id,s.title,s.name,s.tips,s.pid,p.pid as ppid,p.title as ptitle FROM blog_menu s left join blog_menu p on p.id=s.pid where s.name='Category/index' [ RunTime:0.0000s ]
SQL: SHOW COLUMNS FROM `blog_menu` [ RunTime:0.0130s ]
SQL: SELECT `id`,`title`,`pid`,`name`,`icon` FROM `blog_menu` WHERE ( islink=1 ) ORDER BY id ASC  [ RunTime:0.0000s ]
SQL: SHOW COLUMNS FROM `blog_category` [ RunTime:0.0140s ]
SQL: SELECT COUNT(*) AS tp_count FROM `blog_category` LIMIT 1   [ RunTime:0.0000s ]
SQL: SELECT * FROM `blog_category` ORDER BY id asc  [ RunTime:0.0010s ]
INFO: [ view_parse ] --START--
INFO: [ template_filter ] --START--
INFO: Run Behavior\ContentReplaceBehavior [ RunTime:0.001000s ]
INFO: [ template_filter ] --END-- [ RunTime:0.001000s ]
INFO: Run Behavior\ParseTemplateBehavior [ RunTime:0.025001s ]
INFO: [ view_parse ] --END-- [ RunTime:0.025001s ]
INFO: [ view_filter ] --START--
INFO: Run Behavior\WriteHtmlCacheBehavior [ RunTime:0.000000s ]
INFO: [ view_filter ] --END-- [ RunTime:0.000000s ]
INFO: [ app_end ] --START--
INFO: Run Behavior\ShowPageTraceBehavior [ RunTime:0.000000s ]
INFO: [ app_end ] --END-- [ RunTime:0.000000s ]

[ 2018-05-30T12:42:54+08:00 ] 192.168.1.241 /blog/index.php/Admin/Category/aaa
INFO: [ app_init ] --START--
INFO: Run Behavior\BuildLiteBehavior [ RunTime:0.000000s ]
INFO: [ app_init ] --END-- [ RunTime:0.000000s ]
INFO: [ app_begin ] --START--
INFO: Run Behavior\ReadHtmlCacheBehavior [ RunTime:0.001000s ]
INFO: Run Behavior\CheckLangBehavior [ RunTime:0.000000s ]
INFO: [ app_begin ] --END-- [ RunTime:0.001000s ]
SQL: SHOW COLUMNS FROM `blog_users` [ RunTime:0.0270s ]
SQL: SELECT * FROM `blog_users` WHERE `userid` = 1 LIMIT 1   [ RunTime:0.0010s ]
SQL: SHOW COLUMNS FROM `blog_website` [ RunTime:0.0300s ]
SQL: SELECT `k`,`v` FROM `blog_website`  [ RunTime:0.0000s ]
SQL: SELECT s.id,s.title,s.name,s.tips,s.pid,p.pid as ppid,p.title as ptitle FROM blog_menu s left join blog_menu p on p.id=s.pid where s.name='Category/aaa' [ RunTime:0.0010s ]
NOTIC: [8] Undefined offset: 0 F:\phpstudy\WWW\Blog\Application\Admin\Controller\CommonController.class.php 第 44 行.
SQL: SHOW COLUMNS FROM `blog_menu` [ RunTime:0.0190s ]
SQL: SELECT `id`,`title`,`pid`,`name`,`icon` FROM `blog_menu` WHERE ( islink=1 ) ORDER BY id ASC  [ RunTime:0.0000s ]
ERR: 非法操作:aaa

[ 2018-05-30T12:42:54+08:00 ] 192.168.1.241 /blog/index.php/Admin/Category/assets/images/avatars/avatar.png
INFO: [ app_init ] --START--
INFO: Run Behavior\BuildLiteBehavior [ RunTime:0.000000s ]
INFO: [ app_init ] --END-- [ RunTime:0.000000s ]

[ 2018-05-30T12:42:54+08:00 ] 192.168.1.241 /blog/index.php/Admin/Category/assets/images/avatars/avatar3.png
INFO: [ app_init ] --START--
INFO: Run Behavior\BuildLiteBehavior [ RunTime:0.000000s ]
INFO: [ app_init ] --END-- [ RunTime:0.001000s ]

[ 2018-05-30T12:42:54+08:00 ] 192.168.1.241 /blog/index.php/Admin/Category/assets/images/avatars/avatar2.png
INFO: [ app_init ] --START--
INFO: Run Behavior\BuildLiteBehavior [ RunTime:0.000000s ]
INFO: [ app_init ] --END-- [ RunTime:0.001000s ]

[ 2018-05-30T12:42:54+08:00 ] 192.168.1.241 /blog/index.php/Admin/Category/assets/images/avatars/avatar5.png
INFO: [ app_init ] --START--
INFO: Run Behavior\BuildLiteBehavior [ RunTime:0.000000s ]
INFO: [ app_init ] --END-- [ RunTime:0.000000s ]

[ 2018-05-30T12:42:55+08:00 ] 192.168.1.241 /blog/index.php/Admin/Category/assets/images/avatars/avatar4.png
INFO: [ app_init ] --START--
INFO: Run Behavior\BuildLiteBehavior [ RunTime:0.000000s ]
INFO: [ app_init ] --END-- [ RunTime:0.000000s ]

[ 2018-05-30T12:43:06+08:00 ] 192.168.1.241 /blog/index.php/Admin/Category/del/ids/14.html
INFO: [ app_init ] --START--
INFO: Run Behavior\BuildLiteBehavior [ RunTime:0.000000s ]
INFO: [ app_init ] --END-- [ RunTime:0.000000s ]
INFO: [ app_begin ] --START--
INFO: Run Behavior\ReadHtmlCacheBehavior [ RunTime:0.000000s ]
INFO: Run Behavior\CheckLangBehavior [ RunTime:0.001000s ]
INFO: [ app_begin ] --END-- [ RunTime:0.001000s ]
SQL: SHOW COLUMNS FROM `blog_users` [ RunTime:0.0130s ]
SQL: SELECT * FROM `blog_users` WHERE `userid` = 1 LIMIT 1   [ RunTime:0.0010s ]
SQL: SHOW COLUMNS FROM `blog_website` [ RunTime:0.0100s ]
SQL: SELECT `k`,`v` FROM `blog_website`  [ RunTime:0.0000s ]
SQL: SELECT s.id,s.title,s.name,s.tips,s.pid,p.pid as ppid,p.title as ptitle FROM blog_menu s left join blog_menu p on p.id=s.pid where s.name='Category/del' [ RunTime:0.0000s ]
NOTIC: [8] Undefined offset: 0 F:\phpstudy\WWW\Blog\Application\Admin\Controller\CommonController.class.php 第 44 行.
SQL: SHOW COLUMNS FROM `blog_menu` [ RunTime:0.0130s ]
SQL: SELECT `id`,`title`,`pid`,`name`,`icon` FROM `blog_menu` WHERE ( islink=1 ) ORDER BY id ASC  [ RunTime:0.0010s ]
SQL: SHOW COLUMNS FROM `blog_category` [ RunTime:0.0130s ]
SQL: DELETE FROM `blog_category` WHERE `id` IN ('14') [ RunTime:0.0000s ]
INFO: [ view_parse ] --START--
INFO: [ template_filter ] --START--
INFO: Run Behavior\ContentReplaceBehavior [ RunTime:0.000000s ]
INFO: [ template_filter ] --END-- [ RunTime:0.000000s ]
INFO: Run Behavior\ParseTemplateBehavior [ RunTime:0.006000s ]
INFO: [ view_parse ] --END-- [ RunTime:0.006000s ]
INFO: [ view_filter ] --START--
INFO: Run Behavior\WriteHtmlCacheBehavior [ RunTime:0.001000s ]
INFO: [ view_filter ] --END-- [ RunTime:0.001000s ]
INFO: [ app_end ] --START--
INFO: Run Behavior\ShowPageTraceBehavior [ RunTime:0.001000s ]
INFO: [ app_end ] --END-- [ RunTime:0.001000s ]

[ 2018-05-30T12:43:07+08:00 ] 192.168.1.241 /blog/index.php/Admin/Category/index
INFO: [ app_init ] --START--
INFO: Run Behavior\BuildLiteBehavior [ RunTime:0.000000s ]
INFO: [ app_init ] --END-- [ RunTime:0.000000s ]
INFO: [ app_begin ] --START--
INFO: Run Behavior\ReadHtmlCacheBehavior [ RunTime:0.000000s ]
INFO: Run Behavior\CheckLangBehavior [ RunTime:0.000000s ]
INFO: [ app_begin ] --END-- [ RunTime:0.000000s ]
SQL: SHOW COLUMNS FROM `blog_users` [ RunTime:0.0130s ]
SQL: SELECT * FROM `blog_users` WHERE `userid` = 1 LIMIT 1   [ RunTime:0.0000s ]
SQL: SHOW COLUMNS FROM `blog_website` [ RunTime:0.0160s ]
SQL: SELECT `k`,`v` FROM `blog_website`  [ RunTime:0.0000s ]
SQL: SELECT s.id,s.title,s.name,s.tips,s.pid,p.pid as ppid,p.title as ptitle FROM blog_menu s left join blog_menu p on p.id=s.pid where s.name='Category/index' [ RunTime:0.0000s ]
SQL: SHOW COLUMNS FROM `blog_menu` [ RunTime:0.0140s ]
SQL: SELECT `id`,`title`,`pid`,`name`,`icon` FROM `blog_menu` WHERE ( islink=1 ) ORDER BY id ASC  [ RunTime:0.0000s ]
SQL: SHOW COLUMNS FROM `blog_category` [ RunTime:0.0120s ]
SQL: SELECT COUNT(*) AS tp_count FROM `blog_category` LIMIT 1   [ RunTime:0.0000s ]
SQL: SELECT * FROM `blog_category` ORDER BY id asc  [ RunTime:0.0010s ]
INFO: [ view_parse ] --START--
INFO: [ template_filter ] --START--
INFO: Run Behavior\ContentReplaceBehavior [ RunTime:0.000000s ]
INFO: [ template_filter ] --END-- [ RunTime:0.000000s ]
INFO: Run Behavior\ParseTemplateBehavior [ RunTime:0.023001s ]
INFO: [ view_parse ] --END-- [ RunTime:0.023001s ]
INFO: [ view_filter ] --START--
INFO: Run Behavior\WriteHtmlCacheBehavior [ RunTime:0.000000s ]
INFO: [ view_filter ] --END-- [ RunTime:0.000000s ]
INFO: [ app_end ] --START--
INFO: Run Behavior\ShowPageTraceBehavior [ RunTime:0.000000s ]
INFO: [ app_end ] --END-- [ RunTime:0.000000s ]

[ 2018-05-30T12:43:13+08:00 ] 192.168.1.241 /blog/index.php/Admin/Category/aaa
INFO: [ app_init ] --START--
INFO: Run Behavior\BuildLiteBehavior [ RunTime:0.000000s ]
INFO: [ app_init ] --END-- [ RunTime:0.001000s ]
INFO: [ app_begin ] --START--
INFO: Run Behavior\ReadHtmlCacheBehavior [ RunTime:0.000000s ]
INFO: Run Behavior\CheckLangBehavior [ RunTime:0.001000s ]
INFO: [ app_begin ] --END-- [ RunTime:0.001000s ]
SQL: SHOW COLUMNS FROM `blog_users` [ RunTime:0.0230s ]
SQL: SELECT * FROM `blog_users` WHERE `userid` = 1 LIMIT 1   [ RunTime:0.0000s ]
SQL: SHOW COLUMNS FROM `blog_website` [ RunTime:0.0210s ]
SQL: SELECT `k`,`v` FROM `blog_website`  [ RunTime:0.0000s ]
SQL: SELECT s.id,s.title,s.name,s.tips,s.pid,p.pid as ppid,p.title as ptitle FROM blog_menu s left join blog_menu p on p.id=s.pid where s.name='Category/aaa' [ RunTime:0.0010s ]
NOTIC: [8] Undefined offset: 0 F:\phpstudy\WWW\Blog\Application\Admin\Controller\CommonController.class.php 第 44 行.
SQL: SHOW COLUMNS FROM `blog_menu` [ RunTime:0.0040s ]
SQL: SELECT `id`,`title`,`pid`,`name`,`icon` FROM `blog_menu` WHERE ( islink=1 ) ORDER BY id ASC  [ RunTime:0.0010s ]
ERR: 非法操作:aaa

[ 2018-05-30T12:43:13+08:00 ] 192.168.1.241 /blog/index.php/Admin/Category/assets/images/avatars/avatar.png
INFO: [ app_init ] --START--
INFO: Run Behavior\BuildLiteBehavior [ RunTime:0.000000s ]
INFO: [ app_init ] --END-- [ RunTime:0.001000s ]

[ 2018-05-30T12:43:13+08:00 ] 192.168.1.241 /blog/index.php/Admin/Category/assets/images/avatars/avatar3.png
INFO: [ app_init ] --START--
INFO: Run Behavior\BuildLiteBehavior [ RunTime:0.000000s ]
INFO: [ app_init ] --END-- [ RunTime:0.000000s ]

[ 2018-05-30T12:43:14+08:00 ] 192.168.1.241 /blog/index.php/Admin/Category/assets/images/avatars/avatar4.png
INFO: [ app_init ] --START--
INFO: Run Behavior\BuildLiteBehavior [ RunTime:0.000000s ]
INFO: [ app_init ] --END-- [ RunTime:0.001000s ]

[ 2018-05-30T12:43:14+08:00 ] 192.168.1.241 /blog/index.php/Admin/Category/assets/images/avatars/avatar5.png
INFO: [ app_init ] --START--
INFO: Run Behavior\BuildLiteBehavior [ RunTime:0.000000s ]
INFO: [ app_init ] --END-- [ RunTime:0.000000s ]

[ 2018-05-30T12:43:15+08:00 ] 192.168.1.241 /blog/index.php/Admin/Category/assets/images/avatars/avatar2.png
INFO: [ app_init ] --START--
INFO: Run Behavior\BuildLiteBehavior [ RunTime:0.000000s ]
INFO: [ app_init ] --END-- [ RunTime:0.000000s ]

[ 2018-05-30T12:43:18+08:00 ] 192.168.1.241 /blog/index.php/Admin/Category/edit/id/12.html
INFO: [ app_init ] --START--
INFO: Run Behavior\BuildLiteBehavior [ RunTime:0.000000s ]
INFO: [ app_init ] --END-- [ RunTime:0.000000s ]
INFO: [ app_begin ] --START--
INFO: Run Behavior\ReadHtmlCacheBehavior [ RunTime:0.000000s ]
INFO: Run Behavior\CheckLangBehavior [ RunTime:0.001000s ]
INFO: [ app_begin ] --END-- [ RunTime:0.001000s ]
SQL: SHOW COLUMNS FROM `blog_users` [ RunTime:0.0180s ]
SQL: SELECT * FROM `blog_users` WHERE `userid` = 1 LIMIT 1   [ RunTime:0.0000s ]
SQL: SHOW COLUMNS FROM `blog_website` [ RunTime:0.0130s ]
SQL: SELECT `k`,`v` FROM `blog_website`  [ RunTime:0.0010s ]
SQL: SELECT s.id,s.title,s.name,s.tips,s.pid,p.pid as ppid,p.title as ptitle FROM blog_menu s left join blog_menu p on p.id=s.pid where s.name='Category/index' [ RunTime:0.0000s ]
SQL: SHOW COLUMNS FROM `blog_menu` [ RunTime:0.0120s ]
SQL: SELECT `id`,`title`,`pid`,`name`,`icon` FROM `blog_menu` WHERE ( islink=1 ) ORDER BY id ASC  [ RunTime:0.0000s ]
SQL: SHOW COLUMNS FROM `blog_category` [ RunTime:0.0150s ]
SQL: SELECT * FROM `blog_category` WHERE ( id=12 ) LIMIT 1   [ RunTime:0.0000s ]
SQL: SELECT `id`,`pid`,`name` FROM `blog_category` WHERE ( id <> 12 ) ORDER BY id asc  [ RunTime:0.0010s ]
INFO: [ view_parse ] --START--
INFO: [ template_filter ] --START--
INFO: Run Behavior\ContentReplaceBehavior [ RunTime:0.000000s ]
INFO: [ template_filter ] --END-- [ RunTime:0.000000s ]
NOTIC: [8] Undefined index: iconUrl F:\phpstudy\WWW\Blog\Application\Runtime\Cache\Admin\115b910522123250764e63bae03373cc.php 第 638 行.
INFO: Run Behavior\ParseTemplateBehavior [ RunTime:0.021001s ]
INFO: [ view_parse ] --END-- [ RunTime:0.021001s ]
INFO: [ view_filter ] --START--
INFO: Run Behavior\WriteHtmlCacheBehavior [ RunTime:0.000000s ]
INFO: [ view_filter ] --END-- [ RunTime:0.000000s ]
INFO: [ app_end ] --START--
INFO: Run Behavior\ShowPageTraceBehavior [ RunTime:0.001000s ]
INFO: [ app_end ] --END-- [ RunTime:0.001000s ]

[ 2018-05-30T12:43:24+08:00 ] 192.168.1.241 /blog/index.php/Admin/Category/edit/id/assets/images/avatars/avatar.png
INFO: [ app_init ] --START--
INFO: Run Behavior\BuildLiteBehavior [ RunTime:0.000000s ]
INFO: [ app_init ] --END-- [ RunTime:0.000000s ]

[ 2018-05-30T12:43:24+08:00 ] 192.168.1.241 /blog/index.php/Admin/Category/edit/id/assets/images/avatars/avatar3.png
INFO: [ app_init ] --START--
INFO: Run Behavior\BuildLiteBehavior [ RunTime:0.001000s ]
INFO: [ app_init ] --END-- [ RunTime:0.001000s ]

[ 2018-05-30T12:43:24+08:00 ] 192.168.1.241 /blog/index.php/Admin/Category/edit/id/assets/images/avatars/avatar4.png
INFO: [ app_init ] --START--
INFO: Run Behavior\BuildLiteBehavior [ RunTime:0.000000s ]
INFO: [ app_init ] --END-- [ RunTime:0.000000s ]

[ 2018-05-30T12:43:24+08:00 ] 192.168.1.241 /blog/index.php/Admin/Category/edit/id/assets/images/avatars/avatar2.png
INFO: [ app_init ] --START--
INFO: Run Behavior\BuildLiteBehavior [ RunTime:0.000000s ]
INFO: [ app_init ] --END-- [ RunTime:0.000000s ]

[ 2018-05-30T12:43:25+08:00 ] 192.168.1.241 /blog/index.php/Admin/Category/edit/id/assets/images/avatars/avatar5.png
INFO: [ app_init ] --START--
INFO: Run Behavior\BuildLiteBehavior [ RunTime:0.000000s ]
INFO: [ app_init ] --END-- [ RunTime:0.000000s ]

[ 2018-05-30T12:45:49+08:00 ] 192.168.1.241 /blog/index.php/Admin/Category/update.html
INFO: [ app_init ] --START--
INFO: Run Behavior\BuildLiteBehavior [ RunTime:0.000000s ]
INFO: [ app_init ] --END-- [ RunTime:0.000000s ]
INFO: [ app_begin ] --START--
INFO: Run Behavior\ReadHtmlCacheBehavior [ RunTime:0.001001s ]
INFO: Run Behavior\CheckLangBehavior [ RunTime:0.000000s ]
INFO: [ app_begin ] --END-- [ RunTime:0.001001s ]
SQL: SHOW COLUMNS FROM `blog_users` [ RunTime:0.0310s ]
SQL: SELECT * FROM `blog_users` WHERE `userid` = 1 LIMIT 1   [ RunTime:0.0000s ]
SQL: SHOW COLUMNS FROM `blog_website` [ RunTime:0.0150s ]
SQL: SELECT `k`,`v` FROM `blog_website`  [ RunTime:0.0000s ]
SQL: SELECT s.id,s.title,s.name,s.tips,s.pid,p.pid as ppid,p.title as ptitle FROM blog_menu s left join blog_menu p on p.id=s.pid where s.name='Category/update' [ RunTime:0.0000s ]
NOTIC: [8] Undefined offset: 0 F:\phpstudy\WWW\Blog\Application\Admin\Controller\CommonController.class.php 第 44 行.
SQL: SHOW COLUMNS FROM `blog_menu` [ RunTime:0.0140s ]
SQL: SELECT `id`,`title`,`pid`,`name`,`icon` FROM `blog_menu` WHERE ( islink=1 ) ORDER BY id ASC  [ RunTime:0.0010s ]

[ 2018-05-30T12:46:36+08:00 ] 192.168.1.241 /blog/index.php/Admin/Category/update.html
INFO: [ app_init ] --START--
INFO: Run Behavior\BuildLiteBehavior [ RunTime:0.000000s ]
INFO: [ app_init ] --END-- [ RunTime:0.000000s ]
INFO: [ app_begin ] --START--
INFO: Run Behavior\ReadHtmlCacheBehavior [ RunTime:0.000000s ]
INFO: Run Behavior\CheckLangBehavior [ RunTime:0.001000s ]
INFO: [ app_begin ] --END-- [ RunTime:0.001000s ]
SQL: SHOW COLUMNS FROM `blog_users` [ RunTime:0.0220s ]
SQL: SELECT * FROM `blog_users` WHERE `userid` = 1 LIMIT 1   [ RunTime:0.0000s ]
SQL: SHOW COLUMNS FROM `blog_website` [ RunTime:0.0180s ]
SQL: SELECT `k`,`v` FROM `blog_website`  [ RunTime:0.0000s ]
SQL: SELECT s.id,s.title,s.name,s.tips,s.pid,p.pid as ppid,p.title as ptitle FROM blog_menu s left join blog_menu p on p.id=s.pid where s.name='Category/update' [ RunTime:0.0010s ]
NOTIC: [8] Undefined offset: 0 F:\phpstudy\WWW\Blog\Application\Admin\Controller\CommonController.class.php 第 44 行.
SQL: SHOW COLUMNS FROM `blog_menu` [ RunTime:0.0110s ]
SQL: SELECT `id`,`title`,`pid`,`name`,`icon` FROM `blog_menu` WHERE ( islink=1 ) ORDER BY id ASC  [ RunTime:0.0000s ]

[ 2018-05-30T12:46:41+08:00 ] 192.168.1.241 /blog/index.php/Admin/Category/update.html
INFO: [ app_init ] --START--
INFO: Run Behavior\BuildLiteBehavior [ RunTime:0.000000s ]
INFO: [ app_init ] --END-- [ RunTime:0.000000s ]
INFO: [ app_begin ] --START--
INFO: Run Behavior\ReadHtmlCacheBehavior [ RunTime:0.001000s ]
INFO: Run Behavior\CheckLangBehavior [ RunTime:0.000000s ]
INFO: [ app_begin ] --END-- [ RunTime:0.001000s ]
SQL: SHOW COLUMNS FROM `blog_users` [ RunTime:0.0120s ]
SQL: SELECT * FROM `blog_users` WHERE `userid` = 1 LIMIT 1   [ RunTime:0.0010s ]
SQL: SHOW COLUMNS FROM `blog_website` [ RunTime:0.0110s ]
SQL: SELECT `k`,`v` FROM `blog_website`  [ RunTime:0.0000s ]
SQL: SELECT s.id,s.title,s.name,s.tips,s.pid,p.pid as ppid,p.title as ptitle FROM blog_menu s left join blog_menu p on p.id=s.pid where s.name='Category/update' [ RunTime:0.0000s ]
NOTIC: [8] Undefined offset: 0 F:\phpstudy\WWW\Blog\Application\Admin\Controller\CommonController.class.php 第 44 行.
SQL: SHOW COLUMNS FROM `blog_menu` [ RunTime:0.0130s ]
SQL: SELECT `id`,`title`,`pid`,`name`,`icon` FROM `blog_menu` WHERE ( islink=1 ) ORDER BY id ASC  [ RunTime:0.0000s ]

[ 2018-05-30T12:46:43+08:00 ] 192.168.1.241 /blog/index.php/Admin/Category/edit/id/12.html
INFO: [ app_init ] --START--
INFO: Run Behavior\BuildLiteBehavior [ RunTime:0.000000s ]
INFO: [ app_init ] --END-- [ RunTime:0.000000s ]
INFO: [ app_begin ] --START--
INFO: Run Behavior\ReadHtmlCacheBehavior [ RunTime:0.000000s ]
INFO: Run Behavior\CheckLangBehavior [ RunTime:0.001000s ]
INFO: [ app_begin ] --END-- [ RunTime:0.001000s ]
SQL: SHOW COLUMNS FROM `blog_users` [ RunTime:0.0140s ]
SQL: SELECT * FROM `blog_users` WHERE `userid` = 1 LIMIT 1   [ RunTime:0.0000s ]
SQL: SHOW COLUMNS FROM `blog_website` [ RunTime:0.0160s ]
SQL: SELECT `k`,`v` FROM `blog_website`  [ RunTime:0.0000s ]
SQL: SELECT s.id,s.title,s.name,s.tips,s.pid,p.pid as ppid,p.title as ptitle FROM blog_menu s left join blog_menu p on p.id=s.pid where s.name='Category/index' [ RunTime:0.0010s ]
SQL: SHOW COLUMNS FROM `blog_menu` [ RunTime:0.0130s ]
SQL: SELECT `id`,`title`,`pid`,`name`,`icon` FROM `blog_menu` WHERE ( islink=1 ) ORDER BY id ASC  [ RunTime:0.0000s ]
SQL: SHOW COLUMNS FROM `blog_category` [ RunTime:0.0130s ]
SQL: SELECT * FROM `blog_category` WHERE ( id=12 ) LIMIT 1   [ RunTime:0.0010s ]
SQL: SELECT `id`,`pid`,`name` FROM `blog_category` WHERE ( id <> 12 ) ORDER BY id asc  [ RunTime:0.0000s ]
INFO: [ view_parse ] --START--
INFO: [ template_filter ] --START--
INFO: Run Behavior\ContentReplaceBehavior [ RunTime:0.000000s ]
INFO: [ template_filter ] --END-- [ RunTime:0.000000s ]
NOTIC: [8] Undefined index: iconUrl F:\phpstudy\WWW\Blog\Application\Runtime\Cache\Admin\115b910522123250764e63bae03373cc.php 第 638 行.
INFO: Run Behavior\ParseTemplateBehavior [ RunTime:0.021001s ]
INFO: [ view_parse ] --END-- [ RunTime:0.021001s ]
INFO: [ view_filter ] --START--
INFO: Run Behavior\WriteHtmlCacheBehavior [ RunTime:0.000000s ]
INFO: [ view_filter ] --END-- [ RunTime:0.000000s ]
INFO: [ app_end ] --START--
INFO: Run Behavior\ShowPageTraceBehavior [ RunTime:0.001000s ]
INFO: [ app_end ] --END-- [ RunTime:0.001000s ]

[ 2018-05-30T12:46:49+08:00 ] 192.168.1.241 /blog/index.php/Admin/Category/edit/id/assets/images/avatars/avatar.png
INFO: [ app_init ] --START--
INFO: Run Behavior\BuildLiteBehavior [ RunTime:0.000000s ]
INFO: [ app_init ] --END-- [ RunTime:0.000000s ]

[ 2018-05-30T12:46:49+08:00 ] 192.168.1.241 /blog/index.php/Admin/Category/edit/id/assets/images/avatars/avatar3.png
INFO: [ app_init ] --START--
INFO: Run Behavior\BuildLiteBehavior [ RunTime:0.000000s ]
INFO: [ app_init ] --END-- [ RunTime:0.000000s ]

[ 2018-05-30T12:46:49+08:00 ] 192.168.1.241 /blog/index.php/Admin/Category/edit/id/assets/images/avatars/avatar2.png
INFO: [ app_init ] --START--
INFO: Run Behavior\BuildLiteBehavior [ RunTime:0.000000s ]
INFO: [ app_init ] --END-- [ RunTime:0.000000s ]

[ 2018-05-30T12:46:49+08:00 ] 192.168.1.241 /blog/index.php/Admin/Category/edit/id/assets/images/avatars/avatar5.png
INFO: [ app_init ] --START--
INFO: Run Behavior\BuildLiteBehavior [ RunTime:0.000000s ]
INFO: [ app_init ] --END-- [ RunTime:0.000000s ]

[ 2018-05-30T12:46:50+08:00 ] 192.168.1.241 /blog/index.php/Admin/Category/edit/id/assets/images/avatars/avatar4.png
INFO: [ app_init ] --START--
INFO: Run Behavior\BuildLiteBehavior [ RunTime:0.000000s ]
INFO: [ app_init ] --END-- [ RunTime:0.001000s ]

[ 2018-05-30T12:46:52+08:00 ] 192.168.1.241 /blog/index.php/Admin/Category/update.html
INFO: [ app_init ] --START--
INFO: Run Behavior\BuildLiteBehavior [ RunTime:0.000000s ]
INFO: [ app_init ] --END-- [ RunTime:0.000000s ]
INFO: [ app_begin ] --START--
INFO: Run Behavior\ReadHtmlCacheBehavior [ RunTime:0.000000s ]
INFO: Run Behavior\CheckLangBehavior [ RunTime:0.001000s ]
INFO: [ app_begin ] --END-- [ RunTime:0.001000s ]
SQL: SHOW COLUMNS FROM `blog_users` [ RunTime:0.0130s ]
SQL: SELECT * FROM `blog_users` WHERE `userid` = 1 LIMIT 1   [ RunTime:0.0010s ]
SQL: SHOW COLUMNS FROM `blog_website` [ RunTime:0.0160s ]
SQL: SELECT `k`,`v` FROM `blog_website`  [ RunTime:0.0010s ]
SQL: SELECT s.id,s.title,s.name,s.tips,s.pid,p.pid as ppid,p.title as ptitle FROM blog_menu s left join blog_menu p on p.id=s.pid where s.name='Category/update' [ RunTime:0.0000s ]
NOTIC: [8] Undefined offset: 0 F:\phpstudy\WWW\Blog\Application\Admin\Controller\CommonController.class.php 第 44 行.
SQL: SHOW COLUMNS FROM `blog_menu` [ RunTime:0.0170s ]
SQL: SELECT `id`,`title`,`pid`,`name`,`icon` FROM `blog_menu` WHERE ( islink=1 ) ORDER BY id ASC  [ RunTime:0.0000s ]

[ 2018-05-30T12:47:06+08:00 ] 192.168.1.241 /blog/index.php/Admin/Category/update.html
INFO: [ app_init ] --START--
INFO: Run Behavior\BuildLiteBehavior [ RunTime:0.000000s ]
INFO: [ app_init ] --END-- [ RunTime:0.001000s ]
INFO: [ app_begin ] --START--
INFO: Run Behavior\ReadHtmlCacheBehavior [ RunTime:0.000000s ]
INFO: Run Behavior\CheckLangBehavior [ RunTime:0.000000s ]
INFO: [ app_begin ] --END-- [ RunTime:0.000000s ]
SQL: SHOW COLUMNS FROM `blog_users` [ RunTime:0.0110s ]
SQL: SELECT * FROM `blog_users` WHERE `userid` = 1 LIMIT 1   [ RunTime:0.0000s ]
SQL: SHOW COLUMNS FROM `blog_website` [ RunTime:0.0120s ]
SQL: SELECT `k`,`v` FROM `blog_website`  [ RunTime:0.0000s ]
SQL: SELECT s.id,s.title,s.name,s.tips,s.pid,p.pid as ppid,p.title as ptitle FROM blog_menu s left join blog_menu p on p.id=s.pid where s.name='Category/update' [ RunTime:0.0000s ]
NOTIC: [8] Undefined offset: 0 F:\phpstudy\WWW\Blog\Application\Admin\Controller\CommonController.class.php 第 44 行.
SQL: SHOW COLUMNS FROM `blog_menu` [ RunTime:0.0120s ]
SQL: SELECT `id`,`title`,`pid`,`name`,`icon` FROM `blog_menu` WHERE ( islink=1 ) ORDER BY id ASC  [ RunTime:0.0000s ]
SQL: SHOW COLUMNS FROM `blog_category` [ RunTime:0.0120s ]
SQL: UPDATE `blog_category` SET `type`='0',`pid`='2',`name`='aaa',`url`='aaa',`iconUrl`='',`seotitle`='aaa',`keywords`='aaa',`description`='',`content`='aaa' WHERE ( id=12 ) [ RunTime:0.0000s ]
INFO: [ view_parse ] --START--
INFO: [ template_filter ] --START--
INFO: Run Behavior\ContentReplaceBehavior [ RunTime:0.000000s ]
INFO: [ template_filter ] --END-- [ RunTime:0.000000s ]
INFO: Run Behavior\ParseTemplateBehavior [ RunTime:0.006001s ]
INFO: [ view_parse ] --END-- [ RunTime:0.007001s ]
INFO: [ view_filter ] --START--
INFO: Run Behavior\WriteHtmlCacheBehavior [ RunTime:0.000000s ]
INFO: [ view_filter ] --END-- [ RunTime:0.000000s ]

[ 2018-05-30T12:47:07+08:00 ] 192.168.1.241 /blog/index.php/Admin/Category/edit/id/12.html
INFO: [ app_init ] --START--
INFO: Run Behavior\BuildLiteBehavior [ RunTime:0.000000s ]
INFO: [ app_init ] --END-- [ RunTime:0.000000s ]
INFO: [ app_begin ] --START--
INFO: Run Behavior\ReadHtmlCacheBehavior [ RunTime:0.001000s ]
INFO: Run Behavior\CheckLangBehavior [ RunTime:0.000000s ]
INFO: [ app_begin ] --END-- [ RunTime:0.001000s ]
SQL: SHOW COLUMNS FROM `blog_users` [ RunTime:0.0140s ]
SQL: SELECT * FROM `blog_users` WHERE `userid` = 1 LIMIT 1   [ RunTime:0.0000s ]
SQL: SHOW COLUMNS FROM `blog_website` [ RunTime:0.0140s ]
SQL: SELECT `k`,`v` FROM `blog_website`  [ RunTime:0.0000s ]
SQL: SELECT s.id,s.title,s.name,s.tips,s.pid,p.pid as ppid,p.title as ptitle FROM blog_menu s left join blog_menu p on p.id=s.pid where s.name='Category/index' [ RunTime:0.0000s ]
SQL: SHOW COLUMNS FROM `blog_menu` [ RunTime:0.0120s ]
SQL: SELECT `id`,`title`,`pid`,`name`,`icon` FROM `blog_menu` WHERE ( islink=1 ) ORDER BY id ASC  [ RunTime:0.0010s ]
SQL: SHOW COLUMNS FROM `blog_category` [ RunTime:0.0150s ]
SQL: SELECT * FROM `blog_category` WHERE ( id=12 ) LIMIT 1   [ RunTime:0.0000s ]
SQL: SELECT `id`,`pid`,`name` FROM `blog_category` WHERE ( id <> 12 ) ORDER BY id asc  [ RunTime:0.0000s ]
INFO: [ view_parse ] --START--
INFO: [ template_filter ] --START--
INFO: Run Behavior\ContentReplaceBehavior [ RunTime:0.000000s ]
INFO: [ template_filter ] --END-- [ RunTime:0.000000s ]
NOTIC: [8] Undefined index: iconUrl F:\phpstudy\WWW\Blog\Application\Runtime\Cache\Admin\115b910522123250764e63bae03373cc.php 第 638 行.
INFO: Run Behavior\ParseTemplateBehavior [ RunTime:0.025001s ]
INFO: [ view_parse ] --END-- [ RunTime:0.025001s ]
INFO: [ view_filter ] --START--
INFO: Run Behavior\WriteHtmlCacheBehavior [ RunTime:0.001000s ]
INFO: [ view_filter ] --END-- [ RunTime:0.001000s ]
INFO: [ app_end ] --START--
INFO: Run Behavior\ShowPageTraceBehavior [ RunTime:0.000000s ]
INFO: [ app_end ] --END-- [ RunTime:0.000000s ]

[ 2018-05-30T12:47:14+08:00 ] 192.168.1.241 /blog/index.php/Admin/Category/edit/id/assets/images/avatars/avatar.png
INFO: [ app_init ] --START--
INFO: Run Behavior\BuildLiteBehavior [ RunTime:0.000000s ]
INFO: [ app_init ] --END-- [ RunTime:0.000000s ]

[ 2018-05-30T12:47:14+08:00 ] 192.168.1.241 /blog/index.php/Admin/Category/edit/id/assets/images/avatars/avatar3.png
INFO: [ app_init ] --START--
INFO: Run Behavior\BuildLiteBehavior [ RunTime:0.000000s ]
INFO: [ app_init ] --END-- [ RunTime:0.001000s ]

[ 2018-05-30T12:47:14+08:00 ] 192.168.1.241 /blog/index.php/Admin/Category/edit/id/assets/images/avatars/avatar4.png
INFO: [ app_init ] --START--
INFO: Run Behavior\BuildLiteBehavior [ RunTime:0.000000s ]
INFO: [ app_init ] --END-- [ RunTime:0.001000s ]

[ 2018-05-30T12:47:14+08:00 ] 192.168.1.241 /blog/index.php/Admin/Category/edit/id/assets/images/avatars/avatar2.png
INFO: [ app_init ] --START--
INFO: Run Behavior\BuildLiteBehavior [ RunTime:0.000000s ]
INFO: [ app_init ] --END-- [ RunTime:0.001000s ]

[ 2018-05-30T12:47:15+08:00 ] 192.168.1.241 /blog/index.php/Admin/Category/edit/id/assets/images/avatars/avatar5.png
INFO: [ app_init ] --START--
INFO: Run Behavior\BuildLiteBehavior [ RunTime:0.000000s ]
INFO: [ app_init ] --END-- [ RunTime:0.000000s ]

[ 2018-05-30T12:47:26+08:00 ] 192.168.1.241 /blog/index.php/Admin/Category/update.html
INFO: [ app_init ] --START--
INFO: Run Behavior\BuildLiteBehavior [ RunTime:0.000000s ]
INFO: [ app_init ] --END-- [ RunTime:0.000000s ]
INFO: [ app_begin ] --START--
INFO: Run Behavior\ReadHtmlCacheBehavior [ RunTime:0.000000s ]
INFO: Run Behavior\CheckLangBehavior [ RunTime:0.001000s ]
INFO: [ app_begin ] --END-- [ RunTime:0.001000s ]
SQL: SHOW COLUMNS FROM `blog_users` [ RunTime:0.0150s ]
SQL: SELECT * FROM `blog_users` WHERE `userid` = 1 LIMIT 1   [ RunTime:0.0010s ]
SQL: SHOW COLUMNS FROM `blog_website` [ RunTime:0.0130s ]
SQL: SELECT `k`,`v` FROM `blog_website`  [ RunTime:0.0000s ]
SQL: SELECT s.id,s.title,s.name,s.tips,s.pid,p.pid as ppid,p.title as ptitle FROM blog_menu s left join blog_menu p on p.id=s.pid where s.name='Category/update' [ RunTime:0.0000s ]
NOTIC: [8] Undefined offset: 0 F:\phpstudy\WWW\Blog\Application\Admin\Controller\CommonController.class.php 第 44 行.
SQL: SHOW COLUMNS FROM `blog_menu` [ RunTime:0.0180s ]
SQL: SELECT `id`,`title`,`pid`,`name`,`icon` FROM `blog_menu` WHERE ( islink=1 ) ORDER BY id ASC  [ RunTime:0.0000s ]
SQL: SHOW COLUMNS FROM `blog_category` [ RunTime:0.0130s ]
SQL: UPDATE `blog_category` SET `type`='0',`pid`='1',`name`='aaa',`url`='aaa',`iconUrl`='',`seotitle`='aaa',`keywords`='aaa',`description`='',`content`='aaa' WHERE ( id=12 ) [ RunTime:0.0000s ]
INFO: [ view_parse ] --START--
INFO: [ template_filter ] --START--
INFO: Run Behavior\ContentReplaceBehavior [ RunTime:0.000000s ]
INFO: [ template_filter ] --END-- [ RunTime:0.000000s ]
INFO: Run Behavior\ParseTemplateBehavior [ RunTime:0.007001s ]
INFO: [ view_parse ] --END-- [ RunTime:0.007001s ]
INFO: [ view_filter ] --START--
INFO: Run Behavior\WriteHtmlCacheBehavior [ RunTime:0.000000s ]
INFO: [ view_filter ] --END-- [ RunTime:0.000000s ]

[ 2018-05-30T12:47:27+08:00 ] 192.168.1.241 /blog/index.php/Admin/Category/edit/id/12.html
INFO: [ app_init ] --START--
INFO: Run Behavior\BuildLiteBehavior [ RunTime:0.000000s ]
INFO: [ app_init ] --END-- [ RunTime:0.000000s ]
INFO: [ app_begin ] --START--
INFO: Run Behavior\ReadHtmlCacheBehavior [ RunTime:0.000000s ]
INFO: Run Behavior\CheckLangBehavior [ RunTime:0.001000s ]
INFO: [ app_begin ] --END-- [ RunTime:0.001000s ]
SQL: SHOW COLUMNS FROM `blog_users` [ RunTime:0.0130s ]
SQL: SELECT * FROM `blog_users` WHERE `userid` = 1 LIMIT 1   [ RunTime:0.0000s ]
SQL: SHOW COLUMNS FROM `blog_website` [ RunTime:0.0120s ]
SQL: SELECT `k`,`v` FROM `blog_website`  [ RunTime:0.0000s ]
SQL: SELECT s.id,s.title,s.name,s.tips,s.pid,p.pid as ppid,p.title as ptitle FROM blog_menu s left join blog_menu p on p.id=s.pid where s.name='Category/index' [ RunTime:0.0010s ]
SQL: SHOW COLUMNS FROM `blog_menu` [ RunTime:0.0120s ]
SQL: SELECT `id`,`title`,`pid`,`name`,`icon` FROM `blog_menu` WHERE ( islink=1 ) ORDER BY id ASC  [ RunTime:0.0010s ]
SQL: SHOW COLUMNS FROM `blog_category` [ RunTime:0.0130s ]
SQL: SELECT * FROM `blog_category` WHERE ( id=12 ) LIMIT 1   [ RunTime:0.0000s ]
SQL: SELECT `id`,`pid`,`name` FROM `blog_category` WHERE ( id <> 12 ) ORDER BY id asc  [ RunTime:0.0010s ]
INFO: [ view_parse ] --START--
INFO: [ template_filter ] --START--
INFO: Run Behavior\ContentReplaceBehavior [ RunTime:0.000000s ]
INFO: [ template_filter ] --END-- [ RunTime:0.001000s ]
NOTIC: [8] Undefined index: iconUrl F:\phpstudy\WWW\Blog\Application\Runtime\Cache\Admin\115b910522123250764e63bae03373cc.php 第 638 行.
INFO: Run Behavior\ParseTemplateBehavior [ RunTime:0.022001s ]
INFO: [ view_parse ] --END-- [ RunTime:0.022001s ]
INFO: [ view_filter ] --START--
INFO: Run Behavior\WriteHtmlCacheBehavior [ RunTime:0.000000s ]
INFO: [ view_filter ] --END-- [ RunTime:0.000000s ]
INFO: [ app_end ] --START--
INFO: Run Behavior\ShowPageTraceBehavior [ RunTime:0.000000s ]
INFO: [ app_end ] --END-- [ RunTime:0.000000s ]

[ 2018-05-30T12:47:33+08:00 ] 192.168.1.241 /blog/index.php/Admin/Category/edit/id/assets/images/avatars/avatar.png
INFO: [ app_init ] --START--
INFO: Run Behavior\BuildLiteBehavior [ RunTime:0.000000s ]
INFO: [ app_init ] --END-- [ RunTime:0.001000s ]

[ 2018-05-30T12:47:33+08:00 ] 192.168.1.241 /blog/index.php/Admin/Category/edit/id/assets/images/avatars/avatar3.png
INFO: [ app_init ] --START--
INFO: Run Behavior\BuildLiteBehavior [ RunTime:0.000000s ]
INFO: [ app_init ] --END-- [ RunTime:0.000000s ]

[ 2018-05-30T12:47:33+08:00 ] 192.168.1.241 /blog/index.php/Admin/Category/edit/id/assets/images/avatars/avatar4.png
INFO: [ app_init ] --START--
INFO: Run Behavior\BuildLiteBehavior [ RunTime:0.000000s ]
INFO: [ app_init ] --END-- [ RunTime:0.000000s ]

[ 2018-05-30T12:47:33+08:00 ] 192.168.1.241 /blog/index.php/Admin/Category/edit/id/assets/images/avatars/avatar2.png
INFO: [ app_init ] --START--
INFO: Run Behavior\BuildLiteBehavior [ RunTime:0.000000s ]
INFO: [ app_init ] --END-- [ RunTime:0.000000s ]

[ 2018-05-30T12:47:34+08:00 ] 192.168.1.241 /blog/index.php/Admin/Category/edit/id/assets/images/avatars/avatar5.png
INFO: [ app_init ] --START--
INFO: Run Behavior\BuildLiteBehavior [ RunTime:0.000000s ]
INFO: [ app_init ] --END-- [ RunTime:0.000000s ]

[ 2018-05-30T12:47:40+08:00 ] 192.168.1.241 /blog/index.php/Admin/Category/index.html
INFO: [ app_init ] --START--
INFO: Run Behavior\BuildLiteBehavior [ RunTime:0.000000s ]
INFO: [ app_init ] --END-- [ RunTime:0.000000s ]
INFO: [ app_begin ] --START--
INFO: Run Behavior\ReadHtmlCacheBehavior [ RunTime:0.000000s ]
INFO: Run Behavior\CheckLangBehavior [ RunTime:0.001000s ]
INFO: [ app_begin ] --END-- [ RunTime:0.001000s ]
SQL: SHOW COLUMNS FROM `blog_users` [ RunTime:0.0130s ]
SQL: SELECT * FROM `blog_users` WHERE `userid` = 1 LIMIT 1   [ RunTime:0.0010s ]
SQL: SHOW COLUMNS FROM `blog_website` [ RunTime:0.0110s ]
SQL: SELECT `k`,`v` FROM `blog_website`  [ RunTime:0.0000s ]
SQL: SELECT s.id,s.title,s.name,s.tips,s.pid,p.pid as ppid,p.title as ptitle FROM blog_menu s left join blog_menu p on p.id=s.pid where s.name='Category/index' [ RunTime:0.0010s ]
SQL: SHOW COLUMNS FROM `blog_menu` [ RunTime:0.0150s ]
SQL: SELECT `id`,`title`,`pid`,`name`,`icon` FROM `blog_menu` WHERE ( islink=1 ) ORDER BY id ASC  [ RunTime:0.0000s ]
SQL: SHOW COLUMNS FROM `blog_category` [ RunTime:0.0120s ]
SQL: SELECT COUNT(*) AS tp_count FROM `blog_category` LIMIT 1   [ RunTime:0.0010s ]
SQL: SELECT * FROM `blog_category` ORDER BY id asc  [ RunTime:0.0000s ]
INFO: [ view_parse ] --START--
INFO: [ template_filter ] --START--
INFO: Run Behavior\ContentReplaceBehavior [ RunTime:0.000000s ]
INFO: [ template_filter ] --END-- [ RunTime:0.000000s ]
INFO: Run Behavior\ParseTemplateBehavior [ RunTime:0.024002s ]
INFO: [ view_parse ] --END-- [ RunTime:0.024002s ]
INFO: [ view_filter ] --START--
INFO: Run Behavior\WriteHtmlCacheBehavior [ RunTime:0.000000s ]
INFO: [ view_filter ] --END-- [ RunTime:0.000000s ]
INFO: [ app_end ] --START--
INFO: Run Behavior\ShowPageTraceBehavior [ RunTime:0.001000s ]
INFO: [ app_end ] --END-- [ RunTime:0.001000s ]

[ 2018-05-30T12:47:40+08:00 ] 192.168.1.241 /blog/index.php/Admin/Category/assets/images/avatars/avatar2.png
INFO: [ app_init ] --START--
INFO: Run Behavior\BuildLiteBehavior [ RunTime:0.000000s ]
INFO: [ app_init ] --END-- [ RunTime:0.001000s ]

[ 2018-05-30T12:47:40+08:00 ] 192.168.1.241 /blog/index.php/Admin/Category/assets/images/avatars/avatar5.png
INFO: [ app_init ] --START--
INFO: Run Behavior\BuildLiteBehavior [ RunTime:0.000000s ]
INFO: [ app_init ] --END-- [ RunTime:0.000000s ]

[ 2018-05-30T12:47:41+08:00 ] 192.168.1.241 /blog/index.php/Admin/Category/assets/images/avatars/avatar.png
INFO: [ app_init ] --START--
INFO: Run Behavior\BuildLiteBehavior [ RunTime:0.000000s ]
INFO: [ app_init ] --END-- [ RunTime:0.000000s ]

[ 2018-05-30T12:47:41+08:00 ] 192.168.1.241 /blog/index.php/Admin/Category/assets/images/avatars/avatar4.png
INFO: [ app_init ] --START--
INFO: Run Behavior\BuildLiteBehavior [ RunTime:0.000000s ]
INFO: [ app_init ] --END-- [ RunTime:0.000000s ]

[ 2018-05-30T12:47:41+08:00 ] 192.168.1.241 /blog/index.php/Admin/Category/assets/images/avatars/avatar3.png
INFO: [ app_init ] --START--
INFO: Run Behavior\BuildLiteBehavior [ RunTime:0.000000s ]
INFO: [ app_init ] --END-- [ RunTime:0.001000s ]

[ 2018-05-30T12:47:46+08:00 ] 192.168.1.241 /blog/index.php/Admin/Category/del/ids/12.html
INFO: [ app_init ] --START--
INFO: Run Behavior\BuildLiteBehavior [ RunTime:0.000000s ]
INFO: [ app_init ] --END-- [ RunTime:0.000000s ]
INFO: [ app_begin ] --START--
INFO: Run Behavior\ReadHtmlCacheBehavior [ RunTime:0.001000s ]
INFO: Run Behavior\CheckLangBehavior [ RunTime:0.000000s ]
INFO: [ app_begin ] --END-- [ RunTime:0.001000s ]
SQL: SHOW COLUMNS FROM `blog_users` [ RunTime:0.0120s ]
SQL: SELECT * FROM `blog_users` WHERE `userid` = 1 LIMIT 1   [ RunTime:0.0010s ]
SQL: SHOW COLUMNS FROM `blog_website` [ RunTime:0.0150s ]
SQL: SELECT `k`,`v` FROM `blog_website`  [ RunTime:0.0000s ]
SQL: SELECT s.id,s.title,s.name,s.tips,s.pid,p.pid as ppid,p.title as ptitle FROM blog_menu s left join blog_menu p on p.id=s.pid where s.name='Category/del' [ RunTime:0.0000s ]
NOTIC: [8] Undefined offset: 0 F:\phpstudy\WWW\Blog\Application\Admin\Controller\CommonController.class.php 第 44 行.
SQL: SHOW COLUMNS FROM `blog_menu` [ RunTime:0.0130s ]
SQL: SELECT `id`,`title`,`pid`,`name`,`icon` FROM `blog_menu` WHERE ( islink=1 ) ORDER BY id ASC  [ RunTime:0.0010s ]
SQL: SHOW COLUMNS FROM `blog_category` [ RunTime:0.0130s ]
SQL: DELETE FROM `blog_category` WHERE `id` IN ('12') [ RunTime:0.0000s ]
INFO: [ view_parse ] --START--
INFO: [ template_filter ] --START--
INFO: Run Behavior\ContentReplaceBehavior [ RunTime:0.000000s ]
INFO: [ template_filter ] --END-- [ RunTime:0.000000s ]
INFO: Run Behavior\ParseTemplateBehavior [ RunTime:0.012000s ]
INFO: [ view_parse ] --END-- [ RunTime:0.012000s ]
INFO: [ view_filter ] --START--
INFO: Run Behavior\WriteHtmlCacheBehavior [ RunTime:0.000000s ]
INFO: [ view_filter ] --END-- [ RunTime:0.000000s ]
INFO: [ app_end ] --START--
INFO: Run Behavior\ShowPageTraceBehavior [ RunTime:0.001000s ]
INFO: [ app_end ] --END-- [ RunTime:0.001000s ]

[ 2018-05-30T12:47:47+08:00 ] 192.168.1.241 /blog/index.php/Admin/Category/index.html
INFO: [ app_init ] --START--
INFO: Run Behavior\BuildLiteBehavior [ RunTime:0.000000s ]
INFO: [ app_init ] --END-- [ RunTime:0.000000s ]
INFO: [ app_begin ] --START--
INFO: Run Behavior\ReadHtmlCacheBehavior [ RunTime:0.000000s ]
INFO: Run Behavior\CheckLangBehavior [ RunTime:0.001000s ]
INFO: [ app_begin ] --END-- [ RunTime:0.001000s ]
SQL: SHOW COLUMNS FROM `blog_users` [ RunTime:0.0110s ]
SQL: SELECT * FROM `blog_users` WHERE `userid` = 1 LIMIT 1   [ RunTime:0.0000s ]
SQL: SHOW COLUMNS FROM `blog_website` [ RunTime:0.0130s ]
SQL: SELECT `k`,`v` FROM `blog_website`  [ RunTime:0.0000s ]
SQL: SELECT s.id,s.title,s.name,s.tips,s.pid,p.pid as ppid,p.title as ptitle FROM blog_menu s left join blog_menu p on p.id=s.pid where s.name='Category/index' [ RunTime:0.0000s ]
SQL: SHOW COLUMNS FROM `blog_menu` [ RunTime:0.0140s ]
SQL: SELECT `id`,`title`,`pid`,`name`,`icon` FROM `blog_menu` WHERE ( islink=1 ) ORDER BY id ASC  [ RunTime:0.0010s ]
SQL: SHOW COLUMNS FROM `blog_category` [ RunTime:0.0130s ]
SQL: SELECT COUNT(*) AS tp_count FROM `blog_category` LIMIT 1   [ RunTime:0.0000s ]
SQL: SELECT * FROM `blog_category` ORDER BY id asc  [ RunTime:0.0010s ]
INFO: [ view_parse ] --START--
INFO: [ template_filter ] --START--
INFO: Run Behavior\ContentReplaceBehavior [ RunTime:0.001000s ]
INFO: [ template_filter ] --END-- [ RunTime:0.001000s ]
INFO: Run Behavior\ParseTemplateBehavior [ RunTime:0.028002s ]
INFO: [ view_parse ] --END-- [ RunTime:0.028002s ]
INFO: [ view_filter ] --START--
INFO: Run Behavior\WriteHtmlCacheBehavior [ RunTime:0.001000s ]
INFO: [ view_filter ] --END-- [ RunTime:0.001000s ]
INFO: [ app_end ] --START--
INFO: Run Behavior\ShowPageTraceBehavior [ RunTime:0.000000s ]
INFO: [ app_end ] --END-- [ RunTime:0.000000s ]

[ 2018-05-30T12:47:47+08:00 ] 192.168.1.241 /blog/index.php/Admin/Category/assets/images/avatars/avatar2.png
INFO: [ app_init ] --START--
INFO: Run Behavior\BuildLiteBehavior [ RunTime:0.000000s ]
INFO: [ app_init ] --END-- [ RunTime:0.000000s ]

[ 2018-05-30T12:47:47+08:00 ] 192.168.1.241 /blog/index.php/Admin/Category/assets/images/avatars/avatar.png
INFO: [ app_init ] --START--
INFO: Run Behavior\BuildLiteBehavior [ RunTime:0.000000s ]
INFO: [ app_init ] --END-- [ RunTime:0.000000s ]

[ 2018-05-30T12:47:47+08:00 ] 192.168.1.241 /blog/index.php/Admin/Category/assets/images/avatars/avatar4.png
INFO: [ app_init ] --START--
INFO: Run Behavior\BuildLiteBehavior [ RunTime:0.000000s ]
INFO: [ app_init ] --END-- [ RunTime:0.000000s ]

[ 2018-05-30T12:47:47+08:00 ] 192.168.1.241 /blog/index.php/Admin/Category/assets/images/avatars/avatar3.png
INFO: [ app_init ] --START--
INFO: Run Behavior\BuildLiteBehavior [ RunTime:0.000000s ]
INFO: [ app_init ] --END-- [ RunTime:0.000000s ]

[ 2018-05-30T12:47:47+08:00 ] 192.168.1.241 /blog/index.php/Admin/Category/assets/images/avatars/avatar5.png
INFO: [ app_init ] --START--
INFO: Run Behavior\BuildLiteBehavior [ RunTime:0.000000s ]
INFO: [ app_init ] --END-- [ RunTime:0.000000s ]

