[ 2018-06-22T17:44:30+08:00 ] 192.168.1.241 /blog/index.php/Search/index/q/1/type/article.html
INFO: [ app_init ] --START--
INFO: Run Behavior\BuildLiteBehavior [ RunTime:0.000000s ]
INFO: [ app_init ] --END-- [ RunTime:0.000500s ]
INFO: [ app_begin ] --START--
INFO: Run Behavior\ReadHtmlCacheBehavior [ RunTime:0.000500s ]
INFO: Run Behavior\CheckLangBehavior [ RunTime:0.000500s ]
INFO: [ app_begin ] --END-- [ RunTime:0.001000s ]
SQL: SHOW COLUMNS FROM `blog_category` [ RunTime:0.0080s ]
SQL: SELECT * FROM `blog_category`  [ RunTime:0.0000s ]
SQL: SHOW COLUMNS FROM `blog_act` [ RunTime:0.0065s ]
SQL: SELECT COUNT(*) AS tp_count FROM `blog_act` WHERE ( title like '%1%' ) LIMIT 1   [ RunTime:0.0000s ]
SQL: SELECT * FROM `blog_act` WHERE ( title like '%1%' ) ORDER BY date LIMIT 0,1   [ RunTime:0.0000s ]
INFO: [ view_parse ] --START--
INFO: [ template_filter ] --START--
INFO: Run Behavior\ContentReplaceBehavior [ RunTime:0.000000s ]
INFO: [ template_filter ] --END-- [ RunTime:0.000500s ]
NOTIC: [8] Undefined variable: current F:\phpstudy\WWW\Blog\Application\Runtime\Cache\Index\a4bbf827e05883590a75f7eeaad104ff.php 第 13 行.
NOTIC: [8] Undefined variable: webcConfig F:\phpstudy\WWW\Blog\Application\Runtime\Cache\Index\a4bbf827e05883590a75f7eeaad104ff.php 第 13 行.
INFO: Run Behavior\ParseTemplateBehavior [ RunTime:0.022503s ]
INFO: [ view_parse ] --END-- [ RunTime:0.022503s ]
INFO: [ view_filter ] --START--
INFO: Run Behavior\WriteHtmlCacheBehavior [ RunTime:0.000500s ]
INFO: [ view_filter ] --END-- [ RunTime:0.000500s ]
INFO: [ app_end ] --START--
INFO: Run Behavior\ShowPageTraceBehavior [ RunTime:0.000500s ]
INFO: [ app_end ] --END-- [ RunTime:0.000500s ]

[ 2018-06-22T17:45:28+08:00 ] 192.168.1.241 /blog/index.php/Search/index/q/1/type/article.html
INFO: [ app_init ] --START--
INFO: Run Behavior\BuildLiteBehavior [ RunTime:0.000000s ]
INFO: [ app_init ] --END-- [ RunTime:0.000000s ]
INFO: [ app_begin ] --START--
INFO: Run Behavior\ReadHtmlCacheBehavior [ RunTime:0.000000s ]
INFO: Run Behavior\CheckLangBehavior [ RunTime:0.000500s ]
INFO: [ app_begin ] --END-- [ RunTime:0.000500s ]
SQL: SHOW COLUMNS FROM `blog_category` [ RunTime:0.0080s ]
SQL: SELECT * FROM `blog_category`  [ RunTime:0.0000s ]
SQL: SHOW COLUMNS FROM `blog_act` [ RunTime:0.0060s ]
SQL: SELECT COUNT(*) AS tp_count FROM `blog_act` WHERE ( title like '%1%' ) LIMIT 1   [ RunTime:0.0000s ]
SQL: SELECT * FROM `blog_act` WHERE ( title like '%1%' ) ORDER BY date LIMIT 0,1   [ RunTime:0.0005s ]
INFO: [ view_parse ] --START--
INFO: [ template_filter ] --START--
INFO: Run Behavior\ContentReplaceBehavior [ RunTime:0.000000s ]
INFO: [ template_filter ] --END-- [ RunTime:0.000501s ]
NOTIC: [8] Undefined variable: current F:\phpstudy\WWW\Blog\Application\Runtime\Cache\Index\a4bbf827e05883590a75f7eeaad104ff.php 第 13 行.
NOTIC: [8] Undefined variable: webcConfig F:\phpstudy\WWW\Blog\Application\Runtime\Cache\Index\a4bbf827e05883590a75f7eeaad104ff.php 第 13 行.
INFO: Run Behavior\ParseTemplateBehavior [ RunTime:0.015502s ]
INFO: [ view_parse ] --END-- [ RunTime:0.015502s ]
INFO: [ view_filter ] --START--
INFO: Run Behavior\WriteHtmlCacheBehavior [ RunTime:0.000500s ]
INFO: [ view_filter ] --END-- [ RunTime:0.000500s ]
INFO: [ app_end ] --START--
INFO: Run Behavior\ShowPageTraceBehavior [ RunTime:0.000500s ]
INFO: [ app_end ] --END-- [ RunTime:0.000500s ]

[ 2018-06-22T17:45:34+08:00 ] 192.168.1.241 /blog/index.php/Search/index/q/1/type/article/p/2.html
INFO: [ app_init ] --START--
INFO: Run Behavior\BuildLiteBehavior [ RunTime:0.000000s ]
INFO: [ app_init ] --END-- [ RunTime:0.000000s ]
INFO: [ app_begin ] --START--
INFO: Run Behavior\ReadHtmlCacheBehavior [ RunTime:0.000000s ]
INFO: Run Behavior\CheckLangBehavior [ RunTime:0.000500s ]
INFO: [ app_begin ] --END-- [ RunTime:0.000500s ]
SQL: SHOW COLUMNS FROM `blog_category` [ RunTime:0.0060s ]
SQL: SELECT * FROM `blog_category`  [ RunTime:0.0000s ]
SQL: SHOW COLUMNS FROM `blog_act` [ RunTime:0.0065s ]
SQL: SELECT COUNT(*) AS tp_count FROM `blog_act` WHERE ( title like '%1%' ) LIMIT 1   [ RunTime:0.0000s ]
SQL: SELECT * FROM `blog_act` WHERE ( title like '%1%' ) ORDER BY date LIMIT 1,1   [ RunTime:0.0005s ]
INFO: [ view_parse ] --START--
INFO: [ template_filter ] --START--
INFO: Run Behavior\ContentReplaceBehavior [ RunTime:0.000500s ]
INFO: [ template_filter ] --END-- [ RunTime:0.000500s ]
NOTIC: [8] Undefined variable: current F:\phpstudy\WWW\Blog\Application\Runtime\Cache\Index\a4bbf827e05883590a75f7eeaad104ff.php 第 13 行.
NOTIC: [8] Undefined variable: webcConfig F:\phpstudy\WWW\Blog\Application\Runtime\Cache\Index\a4bbf827e05883590a75f7eeaad104ff.php 第 13 行.
INFO: Run Behavior\ParseTemplateBehavior [ RunTime:0.014502s ]
INFO: [ view_parse ] --END-- [ RunTime:0.015002s ]
INFO: [ view_filter ] --START--
INFO: Run Behavior\WriteHtmlCacheBehavior [ RunTime:0.000000s ]
INFO: [ view_filter ] --END-- [ RunTime:0.000000s ]
INFO: [ app_end ] --START--
INFO: Run Behavior\ShowPageTraceBehavior [ RunTime:0.000500s ]
INFO: [ app_end ] --END-- [ RunTime:0.000500s ]

[ 2018-06-22T17:46:50+08:00 ] 192.168.1.241 /Blog/
INFO: [ app_init ] --START--
INFO: Run Behavior\BuildLiteBehavior [ RunTime:0.000000s ]
INFO: [ app_init ] --END-- [ RunTime:0.000500s ]
INFO: [ app_begin ] --START--
INFO: Run Behavior\ReadHtmlCacheBehavior [ RunTime:0.000000s ]
INFO: Run Behavior\CheckLangBehavior [ RunTime:0.000500s ]
INFO: [ app_begin ] --END-- [ RunTime:0.000500s ]
SQL: SHOW COLUMNS FROM `blog_category` [ RunTime:0.0060s ]
SQL: SELECT * FROM `blog_category`  [ RunTime:0.0005s ]
SQL: SHOW COLUMNS FROM `blog_act` [ RunTime:0.0075s ]
SQL: SELECT blog_act.*,blog_category.name,blog_users.nickname,blog_users.head,blog_users.pageurl FROM `blog_act` INNER JOIN blog_users ON blog_users.userid = blog_act.usersid INNER JOIN blog_category ON blog_category.id = blog_act.sid  ORDER BY id desc LIMIT 0,30   [ RunTime:0.0300s ]
INFO: [ view_parse ] --START--
INFO: [ template_filter ] --START--
INFO: Run Behavior\ContentReplaceBehavior [ RunTime:0.000500s ]
INFO: [ template_filter ] --END-- [ RunTime:0.000500s ]
NOTIC: [8] Undefined variable: current F:\phpstudy\WWW\Blog\Application\Runtime\Cache\Index\5f343310d4a83e1c2f6d4e5a6181e90a.php 第 13 行.
NOTIC: [8] Undefined variable: webcConfig F:\phpstudy\WWW\Blog\Application\Runtime\Cache\Index\5f343310d4a83e1c2f6d4e5a6181e90a.php 第 13 行.
NOTIC: [8] Undefined variable: search F:\phpstudy\WWW\Blog\Application\Runtime\Cache\Index\5f343310d4a83e1c2f6d4e5a6181e90a.php 第 110 行.
INFO: Run Behavior\ParseTemplateBehavior [ RunTime:0.018502s ]
INFO: [ view_parse ] --END-- [ RunTime:0.018502s ]
INFO: [ view_filter ] --START--
INFO: Run Behavior\WriteHtmlCacheBehavior [ RunTime:0.000500s ]
INFO: [ view_filter ] --END-- [ RunTime:0.000500s ]
INFO: [ app_end ] --START--
INFO: Run Behavior\ShowPageTraceBehavior [ RunTime:0.000500s ]
INFO: [ app_end ] --END-- [ RunTime:0.000500s ]

[ 2018-06-22T17:46:56+08:00 ] 192.168.1.241 /Blog/index.php/Article/Index/id/49.html
INFO: [ app_init ] --START--
INFO: Run Behavior\BuildLiteBehavior [ RunTime:0.000000s ]
INFO: [ app_init ] --END-- [ RunTime:0.000000s ]
INFO: [ app_begin ] --START--
INFO: Run Behavior\ReadHtmlCacheBehavior [ RunTime:0.000000s ]
INFO: Run Behavior\CheckLangBehavior [ RunTime:0.000500s ]
INFO: [ app_begin ] --END-- [ RunTime:0.000500s ]
SQL: SHOW COLUMNS FROM `blog_category` [ RunTime:0.0090s ]
SQL: SELECT * FROM `blog_category`  [ RunTime:0.0005s ]
SQL: SHOW COLUMNS FROM `blog_act` [ RunTime:0.0125s ]
SQL: SELECT blog_act.*,blog_category.name,blog_users.nickname,blog_users.head,blog_users.pageurl FROM `blog_act` INNER JOIN blog_users ON blog_users.userid = blog_act.usersid INNER JOIN blog_category ON blog_category.id = blog_act.sid  WHERE ( blog_act.id= 49 ) LIMIT 1   [ RunTime:0.0000s ]
INFO: [ view_parse ] --START--
INFO: [ template_filter ] --START--
INFO: Run Behavior\ContentReplaceBehavior [ RunTime:0.001501s ]
INFO: [ template_filter ] --END-- [ RunTime:0.001501s ]
NOTIC: [8] Undefined variable: current F:\phpstudy\WWW\Blog\Application\Runtime\Cache\Index\cca75959360efe1272a8b4838332e33c.php 第 13 行.
NOTIC: [8] Undefined variable: webcConfig F:\phpstudy\WWW\Blog\Application\Runtime\Cache\Index\cca75959360efe1272a8b4838332e33c.php 第 13 行.
NOTIC: [8] Undefined variable: search F:\phpstudy\WWW\Blog\Application\Runtime\Cache\Index\cca75959360efe1272a8b4838332e33c.php 第 110 行.
NOTIC: [8] Undefined variable: val F:\phpstudy\WWW\Blog\Application\Runtime\Cache\Index\cca75959360efe1272a8b4838332e33c.php 第 331 行.
INFO: Run Behavior\ParseTemplateBehavior [ RunTime:0.064508s ]
INFO: [ view_parse ] --END-- [ RunTime:0.064508s ]
INFO: [ view_filter ] --START--
INFO: Run Behavior\WriteHtmlCacheBehavior [ RunTime:0.000500s ]
INFO: [ view_filter ] --END-- [ RunTime:0.000500s ]
INFO: [ app_end ] --START--
INFO: Run Behavior\ShowPageTraceBehavior [ RunTime:0.001500s ]
INFO: [ app_end ] --END-- [ RunTime:0.001500s ]

[ 2018-06-22T18:08:29+08:00 ] 192.168.1.241 /blog/index.php/Search/index/q/1/type/article/p/2.html
INFO: [ app_init ] --START--
INFO: Run Behavior\BuildLiteBehavior [ RunTime:0.000000s ]
INFO: [ app_init ] --END-- [ RunTime:0.000000s ]
INFO: [ app_begin ] --START--
INFO: Run Behavior\ReadHtmlCacheBehavior [ RunTime:0.000500s ]
INFO: Run Behavior\CheckLangBehavior [ RunTime:0.000500s ]
INFO: [ app_begin ] --END-- [ RunTime:0.001000s ]
SQL: SHOW COLUMNS FROM `blog_category` [ RunTime:0.0090s ]
SQL: SELECT * FROM `blog_category`  [ RunTime:0.0005s ]
SQL: SHOW COLUMNS FROM `blog_act` [ RunTime:0.0080s ]
SQL: SELECT COUNT(*) AS tp_count FROM `blog_act` WHERE ( title like '%1%' ) LIMIT 1   [ RunTime:0.0000s ]
SQL: SELECT * FROM `blog_act` WHERE ( title like '%1%' ) ORDER BY date LIMIT 1,1   [ RunTime:0.0000s ]
INFO: [ view_parse ] --START--
INFO: [ template_filter ] --START--
INFO: Run Behavior\ContentReplaceBehavior [ RunTime:0.000500s ]
INFO: [ template_filter ] --END-- [ RunTime:0.000500s ]
NOTIC: [8] Undefined variable: current F:\phpstudy\WWW\Blog\Application\Runtime\Cache\Index\a4bbf827e05883590a75f7eeaad104ff.php 第 13 行.
NOTIC: [8] Undefined variable: webcConfig F:\phpstudy\WWW\Blog\Application\Runtime\Cache\Index\a4bbf827e05883590a75f7eeaad104ff.php 第 13 行.
INFO: Run Behavior\ParseTemplateBehavior [ RunTime:0.021003s ]
INFO: [ view_parse ] --END-- [ RunTime:0.021003s ]
INFO: [ view_filter ] --START--
INFO: Run Behavior\WriteHtmlCacheBehavior [ RunTime:0.000000s ]
INFO: [ view_filter ] --END-- [ RunTime:0.000000s ]
INFO: [ app_end ] --START--
INFO: Run Behavior\ShowPageTraceBehavior [ RunTime:0.000500s ]
INFO: [ app_end ] --END-- [ RunTime:0.000500s ]

[ 2018-06-22T18:09:04+08:00 ] 192.168.1.241 /blog/index.php/Search/index/q/1/type/article/p/2.html
INFO: [ app_init ] --START--
INFO: Run Behavior\BuildLiteBehavior [ RunTime:0.000000s ]
INFO: [ app_init ] --END-- [ RunTime:0.000500s ]
INFO: [ app_begin ] --START--
INFO: Run Behavior\ReadHtmlCacheBehavior [ RunTime:0.000500s ]
INFO: Run Behavior\CheckLangBehavior [ RunTime:0.000500s ]
INFO: [ app_begin ] --END-- [ RunTime:0.001000s ]
SQL: SHOW COLUMNS FROM `blog_category` [ RunTime:0.0105s ]
SQL: SELECT * FROM `blog_category`  [ RunTime:0.0000s ]
SQL: SHOW COLUMNS FROM `blog_act` [ RunTime:0.0060s ]
SQL: SELECT COUNT(*) AS tp_count FROM `blog_act` WHERE ( title like '%1%' ) LIMIT 1   [ RunTime:0.0000s ]
SQL: SELECT * FROM `blog_act` WHERE ( title like '%1%' ) ORDER BY date LIMIT 1,1   [ RunTime:0.0000s ]
INFO: [ view_parse ] --START--
INFO: [ template_filter ] --START--
INFO: Run Behavior\ContentReplaceBehavior [ RunTime:0.000000s ]
INFO: [ template_filter ] --END-- [ RunTime:0.000000s ]
NOTIC: [8] Undefined variable: current F:\phpstudy\WWW\Blog\Application\Runtime\Cache\Index\a4bbf827e05883590a75f7eeaad104ff.php 第 13 行.
NOTIC: [8] Undefined variable: webcConfig F:\phpstudy\WWW\Blog\Application\Runtime\Cache\Index\a4bbf827e05883590a75f7eeaad104ff.php 第 13 行.
INFO: Run Behavior\ParseTemplateBehavior [ RunTime:0.015002s ]
INFO: [ view_parse ] --END-- [ RunTime:0.015002s ]
INFO: [ view_filter ] --START--
INFO: Run Behavior\WriteHtmlCacheBehavior [ RunTime:0.000000s ]
INFO: [ view_filter ] --END-- [ RunTime:0.000000s ]
INFO: [ app_end ] --START--
INFO: Run Behavior\ShowPageTraceBehavior [ RunTime:0.000000s ]
INFO: [ app_end ] --END-- [ RunTime:0.000000s ]

[ 2018-06-22T18:09:42+08:00 ] 192.168.1.241 /blog/index.php/Search/index/q/1/type/article/p/2.html
INFO: [ app_init ] --START--
INFO: Run Behavior\BuildLiteBehavior [ RunTime:0.000000s ]
INFO: [ app_init ] --END-- [ RunTime:0.000500s ]
INFO: [ app_begin ] --START--
INFO: Run Behavior\ReadHtmlCacheBehavior [ RunTime:0.000500s ]
INFO: Run Behavior\CheckLangBehavior [ RunTime:0.000000s ]
INFO: [ app_begin ] --END-- [ RunTime:0.000500s ]
SQL: SHOW COLUMNS FROM `blog_category` [ RunTime:0.0050s ]
SQL: SELECT * FROM `blog_category`  [ RunTime:0.0005s ]
SQL: SHOW COLUMNS FROM `blog_act` [ RunTime:0.0050s ]
SQL: SELECT COUNT(*) AS tp_count FROM `blog_act` WHERE ( title like '%1%' ) LIMIT 1   [ RunTime:0.0000s ]
SQL: SELECT * FROM `blog_act` WHERE ( title like '%1%' ) ORDER BY date LIMIT 1,1   [ RunTime:0.0000s ]
INFO: [ view_parse ] --START--
INFO: [ template_filter ] --START--
INFO: Run Behavior\ContentReplaceBehavior [ RunTime:0.000000s ]
INFO: [ template_filter ] --END-- [ RunTime:0.000000s ]
NOTIC: [8] Undefined variable: current F:\phpstudy\WWW\Blog\Application\Runtime\Cache\Index\a4bbf827e05883590a75f7eeaad104ff.php 第 13 行.
NOTIC: [8] Undefined variable: webcConfig F:\phpstudy\WWW\Blog\Application\Runtime\Cache\Index\a4bbf827e05883590a75f7eeaad104ff.php 第 13 行.
INFO: Run Behavior\ParseTemplateBehavior [ RunTime:0.014002s ]
INFO: [ view_parse ] --END-- [ RunTime:0.014002s ]
INFO: [ view_filter ] --START--
INFO: Run Behavior\WriteHtmlCacheBehavior [ RunTime:0.000000s ]
INFO: [ view_filter ] --END-- [ RunTime:0.000000s ]
INFO: [ app_end ] --START--
INFO: Run Behavior\ShowPageTraceBehavior [ RunTime:0.000500s ]
INFO: [ app_end ] --END-- [ RunTime:0.000500s ]

[ 2018-06-22T18:10:21+08:00 ] 192.168.1.241 /blog/index.php/Search/index/q/1/type/article/p/2.html
INFO: [ app_init ] --START--
INFO: Run Behavior\BuildLiteBehavior [ RunTime:0.000000s ]
INFO: [ app_init ] --END-- [ RunTime:0.000000s ]
INFO: [ app_begin ] --START--
INFO: Run Behavior\ReadHtmlCacheBehavior [ RunTime:0.000000s ]
INFO: Run Behavior\CheckLangBehavior [ RunTime:0.000500s ]
INFO: [ app_begin ] --END-- [ RunTime:0.000500s ]
SQL: SHOW COLUMNS FROM `blog_category` [ RunTime:0.0055s ]
SQL: SELECT * FROM `blog_category`  [ RunTime:0.0000s ]
SQL: SHOW COLUMNS FROM `blog_act` [ RunTime:0.0045s ]
SQL: SELECT COUNT(*) AS tp_count FROM `blog_act` WHERE ( title like '%1%' ) LIMIT 1   [ RunTime:0.0005s ]
SQL: SELECT * FROM `blog_act` WHERE ( title like '%1%' ) ORDER BY date LIMIT 1,1   [ RunTime:0.0000s ]
INFO: [ view_parse ] --START--
INFO: [ template_filter ] --START--
INFO: Run Behavior\ContentReplaceBehavior [ RunTime:0.000000s ]
INFO: [ template_filter ] --END-- [ RunTime:0.000500s ]
NOTIC: [8] Undefined variable: current F:\phpstudy\WWW\Blog\Application\Runtime\Cache\Index\a4bbf827e05883590a75f7eeaad104ff.php 第 13 行.
NOTIC: [8] Undefined variable: webcConfig F:\phpstudy\WWW\Blog\Application\Runtime\Cache\Index\a4bbf827e05883590a75f7eeaad104ff.php 第 13 行.
INFO: Run Behavior\ParseTemplateBehavior [ RunTime:0.014002s ]
INFO: [ view_parse ] --END-- [ RunTime:0.014002s ]
INFO: [ view_filter ] --START--
INFO: Run Behavior\WriteHtmlCacheBehavior [ RunTime:0.000000s ]
INFO: [ view_filter ] --END-- [ RunTime:0.000000s ]
INFO: [ app_end ] --START--
INFO: Run Behavior\ShowPageTraceBehavior [ RunTime:0.000500s ]
INFO: [ app_end ] --END-- [ RunTime:0.000500s ]

[ 2018-06-22T18:12:51+08:00 ] 192.168.1.241 /blog/index.php/Search/index/q/1/type/article/p/2.html
INFO: [ app_init ] --START--
INFO: Run Behavior\BuildLiteBehavior [ RunTime:0.000000s ]
INFO: [ app_init ] --END-- [ RunTime:0.000500s ]
INFO: [ app_begin ] --START--
INFO: Run Behavior\ReadHtmlCacheBehavior [ RunTime:0.000000s ]
INFO: Run Behavior\CheckLangBehavior [ RunTime:0.000500s ]
INFO: [ app_begin ] --END-- [ RunTime:0.000500s ]
SQL: SHOW COLUMNS FROM `blog_category` [ RunTime:0.0080s ]
SQL: SELECT * FROM `blog_category`  [ RunTime:0.0005s ]
SQL: SHOW COLUMNS FROM `blog_act` [ RunTime:0.0060s ]
SQL: SELECT COUNT(*) AS tp_count FROM `blog_act` WHERE ( title like '%1%' ) LIMIT 1   [ RunTime:0.0000s ]
SQL: SELECT * FROM `blog_act` WHERE ( title like '%1%' ) ORDER BY date LIMIT 1,1   [ RunTime:0.0000s ]
INFO: [ view_parse ] --START--
INFO: [ template_filter ] --START--
INFO: Run Behavior\ContentReplaceBehavior [ RunTime:0.000000s ]
INFO: [ template_filter ] --END-- [ RunTime:0.000000s ]
NOTIC: [8] Undefined variable: current F:\phpstudy\WWW\Blog\Application\Runtime\Cache\Index\a4bbf827e05883590a75f7eeaad104ff.php 第 13 行.
NOTIC: [8] Undefined variable: webcConfig F:\phpstudy\WWW\Blog\Application\Runtime\Cache\Index\a4bbf827e05883590a75f7eeaad104ff.php 第 13 行.
INFO: Run Behavior\ParseTemplateBehavior [ RunTime:0.015002s ]
INFO: [ view_parse ] --END-- [ RunTime:0.015002s ]
INFO: [ view_filter ] --START--
INFO: Run Behavior\WriteHtmlCacheBehavior [ RunTime:0.000000s ]
INFO: [ view_filter ] --END-- [ RunTime:0.000000s ]
INFO: [ app_end ] --START--
INFO: Run Behavior\ShowPageTraceBehavior [ RunTime:0.000500s ]
INFO: [ app_end ] --END-- [ RunTime:0.000500s ]

[ 2018-06-22T18:13:18+08:00 ] 192.168.1.241 /blog/index.php/Search/index/q/1/type/article/p/2.html
INFO: [ app_init ] --START--
INFO: Run Behavior\BuildLiteBehavior [ RunTime:0.000000s ]
INFO: [ app_init ] --END-- [ RunTime:0.000000s ]
INFO: [ app_begin ] --START--
INFO: Run Behavior\ReadHtmlCacheBehavior [ RunTime:0.000500s ]
INFO: Run Behavior\CheckLangBehavior [ RunTime:0.000500s ]
INFO: [ app_begin ] --END-- [ RunTime:0.001000s ]
SQL: SHOW COLUMNS FROM `blog_category` [ RunTime:0.0060s ]
SQL: SELECT * FROM `blog_category`  [ RunTime:0.0005s ]
SQL: SHOW COLUMNS FROM `blog_act` [ RunTime:0.0055s ]
SQL: SELECT COUNT(*) AS tp_count FROM `blog_act` WHERE ( title like '%1%' ) LIMIT 1   [ RunTime:0.0000s ]
SQL: SELECT * FROM `blog_act` WHERE ( title like '%1%' ) ORDER BY date LIMIT 1,1   [ RunTime:0.0000s ]
INFO: [ view_parse ] --START--
INFO: [ template_filter ] --START--
INFO: Run Behavior\ContentReplaceBehavior [ RunTime:0.000500s ]
INFO: [ template_filter ] --END-- [ RunTime:0.000500s ]
NOTIC: [8] Undefined variable: current F:\phpstudy\WWW\Blog\Application\Runtime\Cache\Index\a4bbf827e05883590a75f7eeaad104ff.php 第 13 行.
NOTIC: [8] Undefined variable: webcConfig F:\phpstudy\WWW\Blog\Application\Runtime\Cache\Index\a4bbf827e05883590a75f7eeaad104ff.php 第 13 行.
INFO: Run Behavior\ParseTemplateBehavior [ RunTime:0.014501s ]
INFO: [ view_parse ] --END-- [ RunTime:0.014501s ]
INFO: [ view_filter ] --START--
INFO: Run Behavior\WriteHtmlCacheBehavior [ RunTime:0.000500s ]
INFO: [ view_filter ] --END-- [ RunTime:0.000500s ]
INFO: [ app_end ] --START--
INFO: Run Behavior\ShowPageTraceBehavior [ RunTime:0.000501s ]
INFO: [ app_end ] --END-- [ RunTime:0.000501s ]

[ 2018-06-22T18:14:20+08:00 ] 192.168.1.241 /blog/index.php/Search/index/q/1/type/article/p/2.html
INFO: [ app_init ] --START--
INFO: Run Behavior\BuildLiteBehavior [ RunTime:0.000000s ]
INFO: [ app_init ] --END-- [ RunTime:0.000500s ]
INFO: [ app_begin ] --START--
INFO: Run Behavior\ReadHtmlCacheBehavior [ RunTime:0.000500s ]
INFO: Run Behavior\CheckLangBehavior [ RunTime:0.000500s ]
INFO: [ app_begin ] --END-- [ RunTime:0.001000s ]
SQL: SHOW COLUMNS FROM `blog_category` [ RunTime:0.0060s ]
SQL: SELECT * FROM `blog_category`  [ RunTime:0.0000s ]
SQL: SHOW COLUMNS FROM `blog_act` [ RunTime:0.0055s ]
SQL: SELECT COUNT(*) AS tp_count FROM `blog_act` WHERE ( title like '%1%' ) LIMIT 1   [ RunTime:0.0005s ]
SQL: SELECT * FROM `blog_act` WHERE ( title like '%1%' ) ORDER BY date LIMIT 1,1   [ RunTime:0.0000s ]
INFO: [ view_parse ] --START--
INFO: [ template_filter ] --START--
INFO: Run Behavior\ContentReplaceBehavior [ RunTime:0.000000s ]
INFO: [ template_filter ] --END-- [ RunTime:0.000000s ]
NOTIC: [8] Undefined variable: current F:\phpstudy\WWW\Blog\Application\Runtime\Cache\Index\a4bbf827e05883590a75f7eeaad104ff.php 第 13 行.
NOTIC: [8] Undefined variable: webcConfig F:\phpstudy\WWW\Blog\Application\Runtime\Cache\Index\a4bbf827e05883590a75f7eeaad104ff.php 第 13 行.
INFO: Run Behavior\ParseTemplateBehavior [ RunTime:0.013502s ]
INFO: [ view_parse ] --END-- [ RunTime:0.013502s ]
INFO: [ view_filter ] --START--
INFO: Run Behavior\WriteHtmlCacheBehavior [ RunTime:0.000500s ]
INFO: [ view_filter ] --END-- [ RunTime:0.000500s ]
INFO: [ app_end ] --START--
INFO: Run Behavior\ShowPageTraceBehavior [ RunTime:0.000500s ]
INFO: [ app_end ] --END-- [ RunTime:0.000500s ]

[ 2018-06-22T18:15:23+08:00 ] 192.168.1.241 /blog/index.php/Search/index/q/1/type/article/p/2.html
INFO: [ app_init ] --START--
INFO: Run Behavior\BuildLiteBehavior [ RunTime:0.000000s ]
INFO: [ app_init ] --END-- [ RunTime:0.000500s ]
INFO: [ app_begin ] --START--
INFO: Run Behavior\ReadHtmlCacheBehavior [ RunTime:0.000000s ]
INFO: Run Behavior\CheckLangBehavior [ RunTime:0.000500s ]
INFO: [ app_begin ] --END-- [ RunTime:0.000500s ]
SQL: SHOW COLUMNS FROM `blog_category` [ RunTime:0.0055s ]
SQL: SELECT * FROM `blog_category`  [ RunTime:0.0005s ]
SQL: SHOW COLUMNS FROM `blog_act` [ RunTime:0.0055s ]
SQL: SELECT COUNT(*) AS tp_count FROM `blog_act` WHERE ( title like '%1%' ) LIMIT 1   [ RunTime:0.0000s ]
SQL: SELECT * FROM `blog_act` WHERE ( title like '%1%' ) ORDER BY date LIMIT 1,1   [ RunTime:0.0005s ]
INFO: [ view_parse ] --START--
INFO: [ template_filter ] --START--
INFO: Run Behavior\ContentReplaceBehavior [ RunTime:0.000000s ]
INFO: [ template_filter ] --END-- [ RunTime:0.000000s ]
NOTIC: [8] Undefined variable: current F:\phpstudy\WWW\Blog\Application\Runtime\Cache\Index\a4bbf827e05883590a75f7eeaad104ff.php 第 13 行.
NOTIC: [8] Undefined variable: webcConfig F:\phpstudy\WWW\Blog\Application\Runtime\Cache\Index\a4bbf827e05883590a75f7eeaad104ff.php 第 13 行.
INFO: Run Behavior\ParseTemplateBehavior [ RunTime:0.014502s ]
INFO: [ view_parse ] --END-- [ RunTime:0.014502s ]
INFO: [ view_filter ] --START--
INFO: Run Behavior\WriteHtmlCacheBehavior [ RunTime:0.000000s ]
INFO: [ view_filter ] --END-- [ RunTime:0.000000s ]
INFO: [ app_end ] --START--
INFO: Run Behavior\ShowPageTraceBehavior [ RunTime:0.000500s ]
INFO: [ app_end ] --END-- [ RunTime:0.000500s ]

[ 2018-06-22T18:16:13+08:00 ] 192.168.1.241 /blog/index.php/Search/index/q/1/type/article/p/2.html
INFO: [ app_init ] --START--
INFO: Run Behavior\BuildLiteBehavior [ RunTime:0.000000s ]
INFO: [ app_init ] --END-- [ RunTime:0.000500s ]
INFO: [ app_begin ] --START--
INFO: Run Behavior\ReadHtmlCacheBehavior [ RunTime:0.000000s ]
INFO: Run Behavior\CheckLangBehavior [ RunTime:0.000500s ]
INFO: [ app_begin ] --END-- [ RunTime:0.000500s ]
SQL: SHOW COLUMNS FROM `blog_category` [ RunTime:0.0055s ]
SQL: SELECT * FROM `blog_category`  [ RunTime:0.0000s ]
SQL: SHOW COLUMNS FROM `blog_act` [ RunTime:0.0050s ]
SQL: SELECT COUNT(*) AS tp_count FROM `blog_act` WHERE ( title like '%1%' ) LIMIT 1   [ RunTime:0.0005s ]
SQL: SELECT * FROM `blog_act` WHERE ( title like '%1%' ) ORDER BY date LIMIT 1,1   [ RunTime:0.0000s ]
INFO: [ view_parse ] --START--
INFO: [ template_filter ] --START--
INFO: Run Behavior\ContentReplaceBehavior [ RunTime:0.000000s ]
INFO: [ template_filter ] --END-- [ RunTime:0.000000s ]
NOTIC: [8] Undefined variable: current F:\phpstudy\WWW\Blog\Application\Runtime\Cache\Index\a4bbf827e05883590a75f7eeaad104ff.php 第 13 行.
NOTIC: [8] Undefined variable: webcConfig F:\phpstudy\WWW\Blog\Application\Runtime\Cache\Index\a4bbf827e05883590a75f7eeaad104ff.php 第 13 行.
INFO: Run Behavior\ParseTemplateBehavior [ RunTime:0.020503s ]
INFO: [ view_parse ] --END-- [ RunTime:0.020503s ]
INFO: [ view_filter ] --START--
INFO: Run Behavior\WriteHtmlCacheBehavior [ RunTime:0.000000s ]
INFO: [ view_filter ] --END-- [ RunTime:0.000000s ]
INFO: [ app_end ] --START--
INFO: Run Behavior\ShowPageTraceBehavior [ RunTime:0.000000s ]
INFO: [ app_end ] --END-- [ RunTime:0.000000s ]

[ 2018-06-22T18:17:19+08:00 ] 192.168.1.241 /blog/index.php/Search/index/q/1/type/article/p/2.html
INFO: [ app_init ] --START--
INFO: Run Behavior\BuildLiteBehavior [ RunTime:0.000000s ]
INFO: [ app_init ] --END-- [ RunTime:0.000500s ]
INFO: [ app_begin ] --START--
INFO: Run Behavior\ReadHtmlCacheBehavior [ RunTime:0.000500s ]
INFO: Run Behavior\CheckLangBehavior [ RunTime:0.000501s ]
INFO: [ app_begin ] --END-- [ RunTime:0.001001s ]
SQL: SHOW COLUMNS FROM `blog_category` [ RunTime:0.0065s ]
SQL: SELECT * FROM `blog_category`  [ RunTime:0.0005s ]
SQL: SHOW COLUMNS FROM `blog_act` [ RunTime:0.0065s ]
SQL: SELECT COUNT(*) AS tp_count FROM `blog_act` WHERE ( title like '%1%' ) LIMIT 1   [ RunTime:0.0005s ]
SQL: SELECT * FROM `blog_act` WHERE ( title like '%1%' ) ORDER BY date LIMIT 1,1   [ RunTime:0.0000s ]
INFO: [ view_parse ] --START--
INFO: [ template_filter ] --START--
INFO: Run Behavior\ContentReplaceBehavior [ RunTime:0.000000s ]
INFO: [ template_filter ] --END-- [ RunTime:0.000000s ]
NOTIC: [8] Undefined variable: current F:\phpstudy\WWW\Blog\Application\Runtime\Cache\Index\a4bbf827e05883590a75f7eeaad104ff.php 第 13 行.
NOTIC: [8] Undefined variable: webcConfig F:\phpstudy\WWW\Blog\Application\Runtime\Cache\Index\a4bbf827e05883590a75f7eeaad104ff.php 第 13 行.
INFO: Run Behavior\ParseTemplateBehavior [ RunTime:0.013502s ]
INFO: [ view_parse ] --END-- [ RunTime:0.013502s ]
INFO: [ view_filter ] --START--
INFO: Run Behavior\WriteHtmlCacheBehavior [ RunTime:0.000000s ]
INFO: [ view_filter ] --END-- [ RunTime:0.000000s ]
INFO: [ app_end ] --START--
INFO: Run Behavior\ShowPageTraceBehavior [ RunTime:0.000500s ]
INFO: [ app_end ] --END-- [ RunTime:0.000500s ]

[ 2018-06-22T18:17:37+08:00 ] 192.168.1.241 /blog/index.php/Search/index/q/1/type/article/p/2.html
INFO: [ app_init ] --START--
INFO: Run Behavior\BuildLiteBehavior [ RunTime:0.000000s ]
INFO: [ app_init ] --END-- [ RunTime:0.000000s ]
INFO: [ app_begin ] --START--
INFO: Run Behavior\ReadHtmlCacheBehavior [ RunTime:0.000000s ]
INFO: Run Behavior\CheckLangBehavior [ RunTime:0.000500s ]
INFO: [ app_begin ] --END-- [ RunTime:0.000500s ]
SQL: SHOW COLUMNS FROM `blog_category` [ RunTime:0.0055s ]
SQL: SELECT * FROM `blog_category`  [ RunTime:0.0000s ]
SQL: SHOW COLUMNS FROM `blog_act` [ RunTime:0.0055s ]
SQL: SELECT COUNT(*) AS tp_count FROM `blog_act` WHERE ( title like '%1%' ) LIMIT 1   [ RunTime:0.0005s ]
SQL: SELECT * FROM `blog_act` WHERE ( title like '%1%' ) ORDER BY date LIMIT 1,1   [ RunTime:0.0000s ]
INFO: [ view_parse ] --START--
INFO: [ template_filter ] --START--
INFO: Run Behavior\ContentReplaceBehavior [ RunTime:0.000500s ]
INFO: [ template_filter ] --END-- [ RunTime:0.000500s ]
NOTIC: [8] Undefined variable: current F:\phpstudy\WWW\Blog\Application\Runtime\Cache\Index\a4bbf827e05883590a75f7eeaad104ff.php 第 13 行.
NOTIC: [8] Undefined variable: webcConfig F:\phpstudy\WWW\Blog\Application\Runtime\Cache\Index\a4bbf827e05883590a75f7eeaad104ff.php 第 13 行.
INFO: Run Behavior\ParseTemplateBehavior [ RunTime:0.013002s ]
INFO: [ view_parse ] --END-- [ RunTime:0.013502s ]
INFO: [ view_filter ] --START--
INFO: Run Behavior\WriteHtmlCacheBehavior [ RunTime:0.000000s ]
INFO: [ view_filter ] --END-- [ RunTime:0.000500s ]
INFO: [ app_end ] --START--
INFO: Run Behavior\ShowPageTraceBehavior [ RunTime:0.000500s ]
INFO: [ app_end ] --END-- [ RunTime:0.000500s ]

[ 2018-06-22T18:18:02+08:00 ] 192.168.1.241 /blog/index.php/Search/index/q/1/type/article/p/2.html
INFO: [ app_init ] --START--
INFO: Run Behavior\BuildLiteBehavior [ RunTime:0.000000s ]
INFO: [ app_init ] --END-- [ RunTime:0.000500s ]
INFO: [ app_begin ] --START--
INFO: Run Behavior\ReadHtmlCacheBehavior [ RunTime:0.000500s ]
INFO: Run Behavior\CheckLangBehavior [ RunTime:0.000500s ]
INFO: [ app_begin ] --END-- [ RunTime:0.001000s ]
SQL: SHOW COLUMNS FROM `blog_category` [ RunTime:0.0070s ]
SQL: SELECT * FROM `blog_category`  [ RunTime:0.0005s ]
SQL: SHOW COLUMNS FROM `blog_act` [ RunTime:0.0085s ]
SQL: SELECT COUNT(*) AS tp_count FROM `blog_act` WHERE ( title like '%1%' ) LIMIT 1   [ RunTime:0.0000s ]
SQL: SELECT * FROM `blog_act` WHERE ( title like '%1%' ) ORDER BY date LIMIT 1,1   [ RunTime:0.0005s ]
INFO: [ view_parse ] --START--
INFO: [ template_filter ] --START--
INFO: Run Behavior\ContentReplaceBehavior [ RunTime:0.000500s ]
INFO: [ template_filter ] --END-- [ RunTime:0.000500s ]
NOTIC: [8] Undefined variable: current F:\phpstudy\WWW\Blog\Application\Runtime\Cache\Index\a4bbf827e05883590a75f7eeaad104ff.php 第 13 行.
NOTIC: [8] Undefined variable: webcConfig F:\phpstudy\WWW\Blog\Application\Runtime\Cache\Index\a4bbf827e05883590a75f7eeaad104ff.php 第 13 行.
INFO: Run Behavior\ParseTemplateBehavior [ RunTime:0.015502s ]
INFO: [ view_parse ] --END-- [ RunTime:0.015502s ]
INFO: [ view_filter ] --START--
INFO: Run Behavior\WriteHtmlCacheBehavior [ RunTime:0.000500s ]
INFO: [ view_filter ] --END-- [ RunTime:0.000500s ]
INFO: [ app_end ] --START--
INFO: Run Behavior\ShowPageTraceBehavior [ RunTime:0.000000s ]
INFO: [ app_end ] --END-- [ RunTime:0.000000s ]

[ 2018-06-22T18:21:08+08:00 ] 192.168.1.241 /blog/index.php/Search/index/q/1/type/article/p/2.html
INFO: [ app_init ] --START--
INFO: Run Behavior\BuildLiteBehavior [ RunTime:0.000000s ]
INFO: [ app_init ] --END-- [ RunTime:0.000500s ]
INFO: [ app_begin ] --START--
INFO: Run Behavior\ReadHtmlCacheBehavior [ RunTime:0.000500s ]
INFO: Run Behavior\CheckLangBehavior [ RunTime:0.000500s ]
INFO: [ app_begin ] --END-- [ RunTime:0.001000s ]
SQL: SHOW COLUMNS FROM `blog_category` [ RunTime:0.0060s ]
SQL: SELECT * FROM `blog_category`  [ RunTime:0.0000s ]
SQL: SHOW COLUMNS FROM `blog_act` [ RunTime:0.0075s ]
SQL: SELECT COUNT(*) AS tp_count FROM `blog_act` WHERE ( title like '%1%' ) LIMIT 1   [ RunTime:0.0005s ]
SQL: SELECT * FROM `blog_act` WHERE ( title like '%1%' ) ORDER BY date LIMIT 1,1   [ RunTime:0.0005s ]
INFO: [ view_parse ] --START--
INFO: [ template_filter ] --START--
INFO: Run Behavior\ContentReplaceBehavior [ RunTime:0.000500s ]
INFO: [ template_filter ] --END-- [ RunTime:0.000500s ]
NOTIC: [8] Undefined variable: current F:\phpstudy\WWW\Blog\Application\Runtime\Cache\Index\a4bbf827e05883590a75f7eeaad104ff.php 第 13 行.
NOTIC: [8] Undefined variable: webcConfig F:\phpstudy\WWW\Blog\Application\Runtime\Cache\Index\a4bbf827e05883590a75f7eeaad104ff.php 第 13 行.
INFO: Run Behavior\ParseTemplateBehavior [ RunTime:0.014002s ]
INFO: [ view_parse ] --END-- [ RunTime:0.014002s ]
INFO: [ view_filter ] --START--
INFO: Run Behavior\WriteHtmlCacheBehavior [ RunTime:0.000500s ]
INFO: [ view_filter ] --END-- [ RunTime:0.000500s ]
INFO: [ app_end ] --START--
INFO: Run Behavior\ShowPageTraceBehavior [ RunTime:0.000500s ]
INFO: [ app_end ] --END-- [ RunTime:0.000500s ]

[ 2018-06-22T18:21:58+08:00 ] 192.168.1.241 /blog/index.php/Search/index/q/1/type/article/p/2.html
INFO: [ app_init ] --START--
INFO: Run Behavior\BuildLiteBehavior [ RunTime:0.000000s ]
INFO: [ app_init ] --END-- [ RunTime:0.000000s ]
INFO: [ app_begin ] --START--
INFO: Run Behavior\ReadHtmlCacheBehavior [ RunTime:0.000000s ]
INFO: Run Behavior\CheckLangBehavior [ RunTime:0.000500s ]
INFO: [ app_begin ] --END-- [ RunTime:0.000500s ]
SQL: SHOW COLUMNS FROM `blog_category` [ RunTime:0.0060s ]
SQL: SELECT * FROM `blog_category`  [ RunTime:0.0000s ]
SQL: SHOW COLUMNS FROM `blog_act` [ RunTime:0.0075s ]
SQL: SELECT COUNT(*) AS tp_count FROM `blog_act` WHERE ( title like '%1%' ) LIMIT 1   [ RunTime:0.0005s ]
SQL: SELECT * FROM `blog_act` WHERE ( title like '%1%' ) ORDER BY date LIMIT 1,1   [ RunTime:0.0000s ]
INFO: [ view_parse ] --START--
INFO: [ template_filter ] --START--
INFO: Run Behavior\ContentReplaceBehavior [ RunTime:0.000500s ]
INFO: [ template_filter ] --END-- [ RunTime:0.000500s ]
NOTIC: [8] Undefined variable: current F:\phpstudy\WWW\Blog\Application\Runtime\Cache\Index\a4bbf827e05883590a75f7eeaad104ff.php 第 13 行.
NOTIC: [8] Undefined variable: webcConfig F:\phpstudy\WWW\Blog\Application\Runtime\Cache\Index\a4bbf827e05883590a75f7eeaad104ff.php 第 13 行.
INFO: Run Behavior\ParseTemplateBehavior [ RunTime:0.013502s ]
INFO: [ view_parse ] --END-- [ RunTime:0.013502s ]
INFO: [ view_filter ] --START--
INFO: Run Behavior\WriteHtmlCacheBehavior [ RunTime:0.000000s ]
INFO: [ view_filter ] --END-- [ RunTime:0.000000s ]
INFO: [ app_end ] --START--
INFO: Run Behavior\ShowPageTraceBehavior [ RunTime:0.000500s ]
INFO: [ app_end ] --END-- [ RunTime:0.000500s ]

[ 2018-06-22T18:22:06+08:00 ] 192.168.1.241 /blog/index.php/Search/index/q/1/type/article/p/2.html
INFO: [ app_init ] --START--
INFO: Run Behavior\BuildLiteBehavior [ RunTime:0.000000s ]
INFO: [ app_init ] --END-- [ RunTime:0.000500s ]
INFO: [ app_begin ] --START--
INFO: Run Behavior\ReadHtmlCacheBehavior [ RunTime:0.000500s ]
INFO: Run Behavior\CheckLangBehavior [ RunTime:0.000000s ]
INFO: [ app_begin ] --END-- [ RunTime:0.000500s ]
SQL: SHOW COLUMNS FROM `blog_category` [ RunTime:0.0065s ]
SQL: SELECT * FROM `blog_category`  [ RunTime:0.0005s ]
SQL: SHOW COLUMNS FROM `blog_act` [ RunTime:0.0060s ]
SQL: SELECT COUNT(*) AS tp_count FROM `blog_act` WHERE ( title like '%1%' ) LIMIT 1   [ RunTime:0.0000s ]
SQL: SELECT * FROM `blog_act` WHERE ( title like '%1%' ) ORDER BY date LIMIT 1,1   [ RunTime:0.0005s ]
INFO: [ view_parse ] --START--
INFO: [ template_filter ] --START--
INFO: Run Behavior\ContentReplaceBehavior [ RunTime:0.000000s ]
INFO: [ template_filter ] --END-- [ RunTime:0.000500s ]
NOTIC: [8] Undefined variable: current F:\phpstudy\WWW\Blog\Application\Runtime\Cache\Index\a4bbf827e05883590a75f7eeaad104ff.php 第 13 行.
NOTIC: [8] Undefined variable: webcConfig F:\phpstudy\WWW\Blog\Application\Runtime\Cache\Index\a4bbf827e05883590a75f7eeaad104ff.php 第 13 行.
INFO: Run Behavior\ParseTemplateBehavior [ RunTime:0.013501s ]
INFO: [ view_parse ] --END-- [ RunTime:0.013501s ]
INFO: [ view_filter ] --START--
INFO: Run Behavior\WriteHtmlCacheBehavior [ RunTime:0.000000s ]
INFO: [ view_filter ] --END-- [ RunTime:0.000500s ]
INFO: [ app_end ] --START--
INFO: Run Behavior\ShowPageTraceBehavior [ RunTime:0.000500s ]
INFO: [ app_end ] --END-- [ RunTime:0.000500s ]

[ 2018-06-22T18:22:29+08:00 ] 192.168.1.241 /blog/index.php/Search/index/q/1/type/article/p/2.html
INFO: [ app_init ] --START--
INFO: Run Behavior\BuildLiteBehavior [ RunTime:0.000000s ]
INFO: [ app_init ] --END-- [ RunTime:0.000500s ]
INFO: [ app_begin ] --START--
INFO: Run Behavior\ReadHtmlCacheBehavior [ RunTime:0.000500s ]
INFO: Run Behavior\CheckLangBehavior [ RunTime:0.000000s ]
INFO: [ app_begin ] --END-- [ RunTime:0.000500s ]
SQL: SHOW COLUMNS FROM `blog_category` [ RunTime:0.0065s ]
SQL: SELECT * FROM `blog_category`  [ RunTime:0.0000s ]
SQL: SHOW COLUMNS FROM `blog_act` [ RunTime:0.0060s ]
SQL: SELECT COUNT(*) AS tp_count FROM `blog_act` WHERE ( title like '%1%' ) LIMIT 1   [ RunTime:0.0000s ]
SQL: SELECT * FROM `blog_act` WHERE ( title like '%1%' ) ORDER BY date LIMIT 1,1   [ RunTime:0.0005s ]
INFO: [ view_parse ] --START--
INFO: [ template_filter ] --START--
INFO: Run Behavior\ContentReplaceBehavior [ RunTime:0.000500s ]
INFO: [ template_filter ] --END-- [ RunTime:0.000500s ]
NOTIC: [8] Undefined variable: current F:\phpstudy\WWW\Blog\Application\Runtime\Cache\Index\a4bbf827e05883590a75f7eeaad104ff.php 第 13 行.
NOTIC: [8] Undefined variable: webcConfig F:\phpstudy\WWW\Blog\Application\Runtime\Cache\Index\a4bbf827e05883590a75f7eeaad104ff.php 第 13 行.
INFO: Run Behavior\ParseTemplateBehavior [ RunTime:0.013502s ]
INFO: [ view_parse ] --END-- [ RunTime:0.013502s ]
INFO: [ view_filter ] --START--
INFO: Run Behavior\WriteHtmlCacheBehavior [ RunTime:0.000000s ]
INFO: [ view_filter ] --END-- [ RunTime:0.000000s ]
INFO: [ app_end ] --START--
INFO: Run Behavior\ShowPageTraceBehavior [ RunTime:0.000000s ]
INFO: [ app_end ] --END-- [ RunTime:0.000000s ]

[ 2018-06-22T18:23:22+08:00 ] 192.168.1.241 /blog/index.php/Search/index/q/1/type/article/p/2.html
INFO: [ app_init ] --START--
INFO: Run Behavior\BuildLiteBehavior [ RunTime:0.000000s ]
INFO: [ app_init ] --END-- [ RunTime:0.000500s ]
INFO: [ app_begin ] --START--
INFO: Run Behavior\ReadHtmlCacheBehavior [ RunTime:0.000500s ]
INFO: Run Behavior\CheckLangBehavior [ RunTime:0.000500s ]
INFO: [ app_begin ] --END-- [ RunTime:0.001000s ]
SQL: SHOW COLUMNS FROM `blog_category` [ RunTime:0.0100s ]
SQL: SELECT * FROM `blog_category`  [ RunTime:0.0005s ]
SQL: SHOW COLUMNS FROM `blog_act` [ RunTime:0.0085s ]
SQL: SELECT COUNT(*) AS tp_count FROM `blog_act` WHERE ( title like '%1%' ) LIMIT 1   [ RunTime:0.0005s ]
SQL: SELECT * FROM `blog_act` WHERE ( title like '%1%' ) ORDER BY date LIMIT 1,1   [ RunTime:0.0005s ]
INFO: [ view_parse ] --START--
INFO: [ template_filter ] --START--
INFO: Run Behavior\ContentReplaceBehavior [ RunTime:0.000500s ]
INFO: [ template_filter ] --END-- [ RunTime:0.000500s ]
NOTIC: [8] Undefined variable: current F:\phpstudy\WWW\Blog\Application\Runtime\Cache\Index\a4bbf827e05883590a75f7eeaad104ff.php 第 13 行.
NOTIC: [8] Undefined variable: webcConfig F:\phpstudy\WWW\Blog\Application\Runtime\Cache\Index\a4bbf827e05883590a75f7eeaad104ff.php 第 13 行.
INFO: Run Behavior\ParseTemplateBehavior [ RunTime:0.015502s ]
INFO: [ view_parse ] --END-- [ RunTime:0.015502s ]
INFO: [ view_filter ] --START--
INFO: Run Behavior\WriteHtmlCacheBehavior [ RunTime:0.000500s ]
INFO: [ view_filter ] --END-- [ RunTime:0.000500s ]
INFO: [ app_end ] --START--
INFO: Run Behavior\ShowPageTraceBehavior [ RunTime:0.000500s ]
INFO: [ app_end ] --END-- [ RunTime:0.000500s ]

[ 2018-06-22T18:23:37+08:00 ] 192.168.1.241 /blog/index.php/Search/index/q/1/type/article/p/2.html
INFO: [ app_init ] --START--
INFO: Run Behavior\BuildLiteBehavior [ RunTime:0.000000s ]
INFO: [ app_init ] --END-- [ RunTime:0.000000s ]
INFO: [ app_begin ] --START--
INFO: Run Behavior\ReadHtmlCacheBehavior [ RunTime:0.000500s ]
INFO: Run Behavior\CheckLangBehavior [ RunTime:0.000000s ]
INFO: [ app_begin ] --END-- [ RunTime:0.000500s ]
SQL: SHOW COLUMNS FROM `blog_category` [ RunTime:0.0070s ]
SQL: SELECT * FROM `blog_category`  [ RunTime:0.0000s ]
SQL: SHOW COLUMNS FROM `blog_act` [ RunTime:0.0060s ]
SQL: SELECT COUNT(*) AS tp_count FROM `blog_act` WHERE ( title like '%1%' ) LIMIT 1   [ RunTime:0.0000s ]
SQL: SELECT * FROM `blog_act` WHERE ( title like '%1%' ) ORDER BY date LIMIT 1,1   [ RunTime:0.0000s ]
INFO: [ view_parse ] --START--
INFO: [ template_filter ] --START--
INFO: Run Behavior\ContentReplaceBehavior [ RunTime:0.000000s ]
INFO: [ template_filter ] --END-- [ RunTime:0.000000s ]
NOTIC: [8] Undefined variable: current F:\phpstudy\WWW\Blog\Application\Runtime\Cache\Index\a4bbf827e05883590a75f7eeaad104ff.php 第 13 行.
NOTIC: [8] Undefined variable: webcConfig F:\phpstudy\WWW\Blog\Application\Runtime\Cache\Index\a4bbf827e05883590a75f7eeaad104ff.php 第 13 行.
INFO: Run Behavior\ParseTemplateBehavior [ RunTime:0.014502s ]
INFO: [ view_parse ] --END-- [ RunTime:0.014502s ]
INFO: [ view_filter ] --START--
INFO: Run Behavior\WriteHtmlCacheBehavior [ RunTime:0.000500s ]
INFO: [ view_filter ] --END-- [ RunTime:0.000500s ]
INFO: [ app_end ] --START--
INFO: Run Behavior\ShowPageTraceBehavior [ RunTime:0.000000s ]
INFO: [ app_end ] --END-- [ RunTime:0.000500s ]

[ 2018-06-22T18:25:48+08:00 ] 192.168.1.241 /blog/index.php/Search/index/q/1/type/article/p/2.html
INFO: [ app_init ] --START--
INFO: Run Behavior\BuildLiteBehavior [ RunTime:0.000000s ]
INFO: [ app_init ] --END-- [ RunTime:0.000000s ]
INFO: [ app_begin ] --START--
INFO: Run Behavior\ReadHtmlCacheBehavior [ RunTime:0.000500s ]
INFO: Run Behavior\CheckLangBehavior [ RunTime:0.000500s ]
INFO: [ app_begin ] --END-- [ RunTime:0.001000s ]
SQL: SHOW COLUMNS FROM `blog_category` [ RunTime:0.0070s ]
SQL: SELECT * FROM `blog_category`  [ RunTime:0.0005s ]
SQL: SHOW COLUMNS FROM `blog_act` [ RunTime:0.0070s ]
SQL: SELECT COUNT(*) AS tp_count FROM `blog_act` WHERE ( title like '%1%' ) LIMIT 1   [ RunTime:0.0000s ]
SQL: SELECT * FROM `blog_act` WHERE ( title like '%1%' ) ORDER BY date LIMIT 1,1   [ RunTime:0.0005s ]
INFO: [ view_parse ] --START--
INFO: [ template_filter ] --START--
INFO: Run Behavior\ContentReplaceBehavior [ RunTime:0.000500s ]
INFO: [ template_filter ] --END-- [ RunTime:0.000500s ]
NOTIC: [8] Undefined variable: current F:\phpstudy\WWW\Blog\Application\Runtime\Cache\Index\a4bbf827e05883590a75f7eeaad104ff.php 第 13 行.
NOTIC: [8] Undefined variable: webcConfig F:\phpstudy\WWW\Blog\Application\Runtime\Cache\Index\a4bbf827e05883590a75f7eeaad104ff.php 第 13 行.
INFO: Run Behavior\ParseTemplateBehavior [ RunTime:0.020002s ]
INFO: [ view_parse ] --END-- [ RunTime:0.020002s ]
INFO: [ view_filter ] --START--
INFO: Run Behavior\WriteHtmlCacheBehavior [ RunTime:0.000500s ]
INFO: [ view_filter ] --END-- [ RunTime:0.000500s ]
INFO: [ app_end ] --START--
INFO: Run Behavior\ShowPageTraceBehavior [ RunTime:0.000501s ]
INFO: [ app_end ] --END-- [ RunTime:0.000501s ]

[ 2018-06-22T18:25:57+08:00 ] 192.168.1.241 /blog/index.php/Search/index/q/1/type/article/p/2.html
INFO: [ app_init ] --START--
INFO: Run Behavior\BuildLiteBehavior [ RunTime:0.000000s ]
INFO: [ app_init ] --END-- [ RunTime:0.000000s ]
INFO: [ app_begin ] --START--
INFO: Run Behavior\ReadHtmlCacheBehavior [ RunTime:0.000500s ]
INFO: Run Behavior\CheckLangBehavior [ RunTime:0.000500s ]
INFO: [ app_begin ] --END-- [ RunTime:0.001000s ]
SQL: SHOW COLUMNS FROM `blog_category` [ RunTime:0.0080s ]
SQL: SELECT * FROM `blog_category`  [ RunTime:0.0005s ]
SQL: SHOW COLUMNS FROM `blog_act` [ RunTime:0.0075s ]
SQL: SELECT COUNT(*) AS tp_count FROM `blog_act` WHERE ( title like '%1%' ) LIMIT 1   [ RunTime:0.0000s ]
SQL: SELECT * FROM `blog_act` WHERE ( title like '%1%' ) ORDER BY date LIMIT 1,1   [ RunTime:0.0000s ]
INFO: [ view_parse ] --START--
INFO: [ template_filter ] --START--
INFO: Run Behavior\ContentReplaceBehavior [ RunTime:0.000500s ]
INFO: [ template_filter ] --END-- [ RunTime:0.000500s ]
NOTIC: [8] Undefined variable: current F:\phpstudy\WWW\Blog\Application\Runtime\Cache\Index\a4bbf827e05883590a75f7eeaad104ff.php 第 13 行.
NOTIC: [8] Undefined variable: webcConfig F:\phpstudy\WWW\Blog\Application\Runtime\Cache\Index\a4bbf827e05883590a75f7eeaad104ff.php 第 13 行.
INFO: Run Behavior\ParseTemplateBehavior [ RunTime:0.018502s ]
INFO: [ view_parse ] --END-- [ RunTime:0.018502s ]
INFO: [ view_filter ] --START--
INFO: Run Behavior\WriteHtmlCacheBehavior [ RunTime:0.000000s ]
INFO: [ view_filter ] --END-- [ RunTime:0.000000s ]
INFO: [ app_end ] --START--
INFO: Run Behavior\ShowPageTraceBehavior [ RunTime:0.000500s ]
INFO: [ app_end ] --END-- [ RunTime:0.000500s ]

[ 2018-06-22T18:26:11+08:00 ] 192.168.1.241 /blog/index.php/Search/index/q/1/type/article/p/2.html
INFO: [ app_init ] --START--
INFO: Run Behavior\BuildLiteBehavior [ RunTime:0.000000s ]
INFO: [ app_init ] --END-- [ RunTime:0.000000s ]
INFO: [ app_begin ] --START--
INFO: Run Behavior\ReadHtmlCacheBehavior [ RunTime:0.000000s ]
INFO: Run Behavior\CheckLangBehavior [ RunTime:0.000500s ]
INFO: [ app_begin ] --END-- [ RunTime:0.001000s ]
SQL: SHOW COLUMNS FROM `blog_category` [ RunTime:0.0090s ]
SQL: SELECT * FROM `blog_category`  [ RunTime:0.0005s ]
SQL: SHOW COLUMNS FROM `blog_act` [ RunTime:0.0080s ]
SQL: SELECT COUNT(*) AS tp_count FROM `blog_act` WHERE ( title like '%1%' ) LIMIT 1   [ RunTime:0.0005s ]
SQL: SELECT * FROM `blog_act` WHERE ( title like '%1%' ) ORDER BY date LIMIT 1,1   [ RunTime:0.0005s ]
INFO: [ view_parse ] --START--
INFO: [ template_filter ] --START--
INFO: Run Behavior\ContentReplaceBehavior [ RunTime:0.000000s ]
INFO: [ template_filter ] --END-- [ RunTime:0.000500s ]
NOTIC: [8] Undefined variable: current F:\phpstudy\WWW\Blog\Application\Runtime\Cache\Index\a4bbf827e05883590a75f7eeaad104ff.php 第 13 行.
NOTIC: [8] Undefined variable: webcConfig F:\phpstudy\WWW\Blog\Application\Runtime\Cache\Index\a4bbf827e05883590a75f7eeaad104ff.php 第 13 行.
INFO: Run Behavior\ParseTemplateBehavior [ RunTime:0.030504s ]
INFO: [ view_parse ] --END-- [ RunTime:0.030504s ]
INFO: [ view_filter ] --START--
INFO: Run Behavior\WriteHtmlCacheBehavior [ RunTime:0.000500s ]
INFO: [ view_filter ] --END-- [ RunTime:0.000500s ]
INFO: [ app_end ] --START--
INFO: Run Behavior\ShowPageTraceBehavior [ RunTime:0.000500s ]
INFO: [ app_end ] --END-- [ RunTime:0.000500s ]

[ 2018-06-22T18:27:03+08:00 ] 192.168.1.241 /blog/index.php/Search/index/q/1/type/article/p/2.html
INFO: [ app_init ] --START--
INFO: Run Behavior\BuildLiteBehavior [ RunTime:0.000000s ]
INFO: [ app_init ] --END-- [ RunTime:0.000000s ]
INFO: [ app_begin ] --START--
INFO: Run Behavior\ReadHtmlCacheBehavior [ RunTime:0.000000s ]
INFO: Run Behavior\CheckLangBehavior [ RunTime:0.000500s ]
INFO: [ app_begin ] --END-- [ RunTime:0.000500s ]
SQL: SHOW COLUMNS FROM `blog_category` [ RunTime:0.0065s ]
SQL: SELECT * FROM `blog_category`  [ RunTime:0.0005s ]
SQL: SHOW COLUMNS FROM `blog_act` [ RunTime:0.0070s ]
SQL: SELECT COUNT(*) AS tp_count FROM `blog_act` WHERE ( title like '%1%' ) LIMIT 1   [ RunTime:0.0005s ]
SQL: SELECT * FROM `blog_act` WHERE ( title like '%1%' ) ORDER BY date LIMIT 1,1   [ RunTime:0.0000s ]
INFO: [ view_parse ] --START--
INFO: [ template_filter ] --START--
INFO: Run Behavior\ContentReplaceBehavior [ RunTime:0.000000s ]
INFO: [ template_filter ] --END-- [ RunTime:0.000000s ]
NOTIC: [8] Undefined variable: current F:\phpstudy\WWW\Blog\Application\Runtime\Cache\Index\a4bbf827e05883590a75f7eeaad104ff.php 第 13 行.
NOTIC: [8] Undefined variable: webcConfig F:\phpstudy\WWW\Blog\Application\Runtime\Cache\Index\a4bbf827e05883590a75f7eeaad104ff.php 第 13 行.
INFO: Run Behavior\ParseTemplateBehavior [ RunTime:0.014502s ]
INFO: [ view_parse ] --END-- [ RunTime:0.014502s ]
INFO: [ view_filter ] --START--
INFO: Run Behavior\WriteHtmlCacheBehavior [ RunTime:0.000500s ]
INFO: [ view_filter ] --END-- [ RunTime:0.000500s ]
INFO: [ app_end ] --START--
INFO: Run Behavior\ShowPageTraceBehavior [ RunTime:0.000500s ]
INFO: [ app_end ] --END-- [ RunTime:0.000500s ]

[ 2018-06-22T18:27:12+08:00 ] 192.168.1.241 /blog/index.php/Search/index/q/1/type/article/p/2.html
INFO: [ app_init ] --START--
INFO: Run Behavior\BuildLiteBehavior [ RunTime:0.000000s ]
INFO: [ app_init ] --END-- [ RunTime:0.000500s ]
INFO: [ app_begin ] --START--
INFO: Run Behavior\ReadHtmlCacheBehavior [ RunTime:0.000500s ]
INFO: Run Behavior\CheckLangBehavior [ RunTime:0.000000s ]
INFO: [ app_begin ] --END-- [ RunTime:0.001000s ]
SQL: SHOW COLUMNS FROM `blog_category` [ RunTime:0.0070s ]
SQL: SELECT * FROM `blog_category`  [ RunTime:0.0000s ]
SQL: SHOW COLUMNS FROM `blog_act` [ RunTime:0.0065s ]
SQL: SELECT COUNT(*) AS tp_count FROM `blog_act` WHERE ( title like '%1%' ) LIMIT 1   [ RunTime:0.0000s ]
SQL: SELECT * FROM `blog_act` WHERE ( title like '%1%' ) ORDER BY date LIMIT 1,1   [ RunTime:0.0005s ]
INFO: [ view_parse ] --START--
INFO: [ template_filter ] --START--
INFO: Run Behavior\ContentReplaceBehavior [ RunTime:0.000500s ]
INFO: [ template_filter ] --END-- [ RunTime:0.000500s ]
NOTIC: [8] Undefined variable: current F:\phpstudy\WWW\Blog\Application\Runtime\Cache\Index\a4bbf827e05883590a75f7eeaad104ff.php 第 13 行.
NOTIC: [8] Undefined variable: webcConfig F:\phpstudy\WWW\Blog\Application\Runtime\Cache\Index\a4bbf827e05883590a75f7eeaad104ff.php 第 13 行.
INFO: Run Behavior\ParseTemplateBehavior [ RunTime:0.014002s ]
INFO: [ view_parse ] --END-- [ RunTime:0.014002s ]
INFO: [ view_filter ] --START--
INFO: Run Behavior\WriteHtmlCacheBehavior [ RunTime:0.000000s ]
INFO: [ view_filter ] --END-- [ RunTime:0.000000s ]
INFO: [ app_end ] --START--
INFO: Run Behavior\ShowPageTraceBehavior [ RunTime:0.000500s ]
INFO: [ app_end ] --END-- [ RunTime:0.000500s ]

[ 2018-06-22T18:27:31+08:00 ] 192.168.1.241 /blog/index.php/Search/index/q/1/type/article/p/2.html
INFO: [ app_init ] --START--
INFO: Run Behavior\BuildLiteBehavior [ RunTime:0.000000s ]
INFO: [ app_init ] --END-- [ RunTime:0.000500s ]
INFO: [ app_begin ] --START--
INFO: Run Behavior\ReadHtmlCacheBehavior [ RunTime:0.000500s ]
INFO: Run Behavior\CheckLangBehavior [ RunTime:0.000500s ]
INFO: [ app_begin ] --END-- [ RunTime:0.001000s ]
SQL: SHOW COLUMNS FROM `blog_category` [ RunTime:0.0050s ]
SQL: SELECT * FROM `blog_category`  [ RunTime:0.0000s ]
SQL: SHOW COLUMNS FROM `blog_act` [ RunTime:0.0050s ]
SQL: SELECT COUNT(*) AS tp_count FROM `blog_act` WHERE ( title like '%1%' ) LIMIT 1   [ RunTime:0.0000s ]
SQL: SELECT * FROM `blog_act` WHERE ( title like '%1%' ) ORDER BY date LIMIT 1,1   [ RunTime:0.0000s ]
INFO: [ view_parse ] --START--
INFO: [ template_filter ] --START--
INFO: Run Behavior\ContentReplaceBehavior [ RunTime:0.000500s ]
INFO: [ template_filter ] --END-- [ RunTime:0.000500s ]
NOTIC: [8] Undefined variable: current F:\phpstudy\WWW\Blog\Application\Runtime\Cache\Index\a4bbf827e05883590a75f7eeaad104ff.php 第 13 行.
NOTIC: [8] Undefined variable: webcConfig F:\phpstudy\WWW\Blog\Application\Runtime\Cache\Index\a4bbf827e05883590a75f7eeaad104ff.php 第 13 行.
INFO: Run Behavior\ParseTemplateBehavior [ RunTime:0.013502s ]
INFO: [ view_parse ] --END-- [ RunTime:0.014002s ]
INFO: [ view_filter ] --START--
INFO: Run Behavior\WriteHtmlCacheBehavior [ RunTime:0.000500s ]
INFO: [ view_filter ] --END-- [ RunTime:0.000500s ]
INFO: [ app_end ] --START--
INFO: Run Behavior\ShowPageTraceBehavior [ RunTime:0.000500s ]
INFO: [ app_end ] --END-- [ RunTime:0.000500s ]

[ 2018-06-22T18:27:49+08:00 ] 192.168.1.241 /blog/index.php/Search/index/q/1/type/article/p/2.html
INFO: [ app_init ] --START--
INFO: Run Behavior\BuildLiteBehavior [ RunTime:0.000000s ]
INFO: [ app_init ] --END-- [ RunTime:0.000000s ]
INFO: [ app_begin ] --START--
INFO: Run Behavior\ReadHtmlCacheBehavior [ RunTime:0.000000s ]
INFO: Run Behavior\CheckLangBehavior [ RunTime:0.000000s ]
INFO: [ app_begin ] --END-- [ RunTime:0.000500s ]
SQL: SHOW COLUMNS FROM `blog_category` [ RunTime:0.0065s ]
SQL: SELECT * FROM `blog_category`  [ RunTime:0.0000s ]
SQL: SHOW COLUMNS FROM `blog_act` [ RunTime:0.0070s ]
SQL: SELECT COUNT(*) AS tp_count FROM `blog_act` WHERE ( title like '%1%' ) LIMIT 1   [ RunTime:0.0000s ]
SQL: SELECT * FROM `blog_act` WHERE ( title like '%1%' ) ORDER BY date LIMIT 1,1   [ RunTime:0.0000s ]
INFO: [ view_parse ] --START--
INFO: [ template_filter ] --START--
INFO: Run Behavior\ContentReplaceBehavior [ RunTime:0.000000s ]
INFO: [ template_filter ] --END-- [ RunTime:0.000000s ]
NOTIC: [8] Undefined variable: current F:\phpstudy\WWW\Blog\Application\Runtime\Cache\Index\a4bbf827e05883590a75f7eeaad104ff.php 第 13 行.
NOTIC: [8] Undefined variable: webcConfig F:\phpstudy\WWW\Blog\Application\Runtime\Cache\Index\a4bbf827e05883590a75f7eeaad104ff.php 第 13 行.
INFO: Run Behavior\ParseTemplateBehavior [ RunTime:0.014502s ]
INFO: [ view_parse ] --END-- [ RunTime:0.014502s ]
INFO: [ view_filter ] --START--
INFO: Run Behavior\WriteHtmlCacheBehavior [ RunTime:0.000000s ]
INFO: [ view_filter ] --END-- [ RunTime:0.000000s ]
INFO: [ app_end ] --START--
INFO: Run Behavior\ShowPageTraceBehavior [ RunTime:0.000500s ]
INFO: [ app_end ] --END-- [ RunTime:0.000500s ]

[ 2018-06-22T19:11:45+08:00 ] 192.168.1.241 /blog/index.php/Search/index/q/1/type/article/p/2.html
INFO: [ app_init ] --START--
INFO: Run Behavior\BuildLiteBehavior [ RunTime:0.000500s ]
INFO: [ app_init ] --END-- [ RunTime:0.000500s ]
INFO: [ app_begin ] --START--
INFO: Run Behavior\ReadHtmlCacheBehavior [ RunTime:0.000500s ]
INFO: Run Behavior\CheckLangBehavior [ RunTime:0.000500s ]
INFO: [ app_begin ] --END-- [ RunTime:0.001000s ]
SQL: SHOW COLUMNS FROM `blog_category` [ RunTime:0.0065s ]
SQL: SELECT * FROM `blog_category`  [ RunTime:0.0000s ]
SQL: SHOW COLUMNS FROM `blog_act` [ RunTime:0.0060s ]
SQL: SELECT COUNT(*) AS tp_count FROM `blog_act` WHERE ( title like '%1%' ) LIMIT 1   [ RunTime:0.0005s ]
SQL: SELECT * FROM `blog_act` WHERE ( title like '%1%' ) ORDER BY date LIMIT 1,1   [ RunTime:0.0000s ]
INFO: [ view_parse ] --START--
INFO: [ template_filter ] --START--
INFO: Run Behavior\ContentReplaceBehavior [ RunTime:0.000000s ]
INFO: [ template_filter ] --END-- [ RunTime:0.000000s ]
NOTIC: [8] Undefined variable: current F:\phpstudy\WWW\Blog\Application\Runtime\Cache\Index\a4bbf827e05883590a75f7eeaad104ff.php 第 13 行.
NOTIC: [8] Undefined variable: webcConfig F:\phpstudy\WWW\Blog\Application\Runtime\Cache\Index\a4bbf827e05883590a75f7eeaad104ff.php 第 13 行.
INFO: Run Behavior\ParseTemplateBehavior [ RunTime:0.021003s ]
INFO: [ view_parse ] --END-- [ RunTime:0.021003s ]
INFO: [ view_filter ] --START--
INFO: Run Behavior\WriteHtmlCacheBehavior [ RunTime:0.000500s ]
INFO: [ view_filter ] --END-- [ RunTime:0.000500s ]
INFO: [ app_end ] --START--
INFO: Run Behavior\ShowPageTraceBehavior [ RunTime:0.000000s ]
INFO: [ app_end ] --END-- [ RunTime:0.000500s ]

[ 2018-06-22T19:25:21+08:00 ] 192.168.1.241 /blog/index.php/Search/index/q/1/type/article/p/2.html
INFO: [ app_init ] --START--
INFO: Run Behavior\BuildLiteBehavior [ RunTime:0.000000s ]
INFO: [ app_init ] --END-- [ RunTime:0.000500s ]
INFO: [ app_begin ] --START--
INFO: Run Behavior\ReadHtmlCacheBehavior [ RunTime:0.000500s ]
INFO: Run Behavior\CheckLangBehavior [ RunTime:0.000000s ]
INFO: [ app_begin ] --END-- [ RunTime:0.000500s ]
SQL: SHOW COLUMNS FROM `blog_category` [ RunTime:0.0055s ]
SQL: SELECT * FROM `blog_category`  [ RunTime:0.0000s ]
SQL: SHOW COLUMNS FROM `blog_act` [ RunTime:0.0055s ]
SQL: SELECT COUNT(*) AS tp_count FROM `blog_act` WHERE ( title like '%1%' ) LIMIT 1   [ RunTime:0.0005s ]
SQL: SELECT * FROM `blog_act` WHERE ( title like '%1%' ) ORDER BY date LIMIT 1,1   [ RunTime:0.0000s ]
INFO: [ view_parse ] --START--
INFO: [ template_filter ] --START--
INFO: Run Behavior\ContentReplaceBehavior [ RunTime:0.000000s ]
INFO: [ template_filter ] --END-- [ RunTime:0.000000s ]
NOTIC: [8] Undefined variable: current F:\phpstudy\WWW\Blog\Application\Runtime\Cache\Index\a4bbf827e05883590a75f7eeaad104ff.php 第 13 行.
NOTIC: [8] Undefined variable: webcConfig F:\phpstudy\WWW\Blog\Application\Runtime\Cache\Index\a4bbf827e05883590a75f7eeaad104ff.php 第 13 行.
INFO: Run Behavior\ParseTemplateBehavior [ RunTime:0.022003s ]
INFO: [ view_parse ] --END-- [ RunTime:0.022003s ]
INFO: [ view_filter ] --START--
INFO: Run Behavior\WriteHtmlCacheBehavior [ RunTime:0.000000s ]
INFO: [ view_filter ] --END-- [ RunTime:0.000000s ]
INFO: [ app_end ] --START--
INFO: Run Behavior\ShowPageTraceBehavior [ RunTime:0.000500s ]
INFO: [ app_end ] --END-- [ RunTime:0.000500s ]

[ 2018-06-22T19:26:01+08:00 ] 192.168.1.241 /blog/index.php/Search/index/q/1/type/article/p/2.html
INFO: [ app_init ] --START--
INFO: Run Behavior\BuildLiteBehavior [ RunTime:0.000000s ]
INFO: [ app_init ] --END-- [ RunTime:0.000500s ]
INFO: [ app_begin ] --START--
INFO: Run Behavior\ReadHtmlCacheBehavior [ RunTime:0.000500s ]
INFO: Run Behavior\CheckLangBehavior [ RunTime:0.000500s ]
INFO: [ app_begin ] --END-- [ RunTime:0.001000s ]
SQL: SHOW COLUMNS FROM `blog_category` [ RunTime:0.0060s ]
SQL: SELECT * FROM `blog_category`  [ RunTime:0.0005s ]
SQL: SHOW COLUMNS FROM `blog_act` [ RunTime:0.0060s ]
SQL: SELECT COUNT(*) AS tp_count FROM `blog_act` WHERE ( title like '%1%' ) LIMIT 1   [ RunTime:0.0005s ]
SQL: SELECT * FROM `blog_act` WHERE ( title like '%1%' ) ORDER BY date LIMIT 1,1   [ RunTime:0.0000s ]
INFO: [ view_parse ] --START--
INFO: [ template_filter ] --START--
INFO: Run Behavior\ContentReplaceBehavior [ RunTime:0.000000s ]
INFO: [ template_filter ] --END-- [ RunTime:0.000000s ]
NOTIC: [8] Undefined variable: current F:\phpstudy\WWW\Blog\Application\Runtime\Cache\Index\a4bbf827e05883590a75f7eeaad104ff.php 第 13 行.
NOTIC: [8] Undefined variable: webcConfig F:\phpstudy\WWW\Blog\Application\Runtime\Cache\Index\a4bbf827e05883590a75f7eeaad104ff.php 第 13 行.
INFO: Run Behavior\ParseTemplateBehavior [ RunTime:0.018002s ]
INFO: [ view_parse ] --END-- [ RunTime:0.018002s ]
INFO: [ view_filter ] --START--
INFO: Run Behavior\WriteHtmlCacheBehavior [ RunTime:0.000000s ]
INFO: [ view_filter ] --END-- [ RunTime:0.000000s ]
INFO: [ app_end ] --START--
INFO: Run Behavior\ShowPageTraceBehavior [ RunTime:0.000501s ]
INFO: [ app_end ] --END-- [ RunTime:0.000501s ]

[ 2018-06-22T19:26:27+08:00 ] 192.168.1.241 /blog/index.php/Search/index/q/1/type/article/p/2.html
INFO: [ app_init ] --START--
INFO: Run Behavior\BuildLiteBehavior [ RunTime:0.000000s ]
INFO: [ app_init ] --END-- [ RunTime:0.000000s ]
INFO: [ app_begin ] --START--
INFO: Run Behavior\ReadHtmlCacheBehavior [ RunTime:0.000000s ]
INFO: Run Behavior\CheckLangBehavior [ RunTime:0.000500s ]
INFO: [ app_begin ] --END-- [ RunTime:0.000500s ]
SQL: SHOW COLUMNS FROM `blog_category` [ RunTime:0.0070s ]
SQL: SELECT * FROM `blog_category`  [ RunTime:0.0000s ]
SQL: SHOW COLUMNS FROM `blog_act` [ RunTime:0.0070s ]
SQL: SELECT COUNT(*) AS tp_count FROM `blog_act` WHERE ( title like '%1%' ) LIMIT 1   [ RunTime:0.0005s ]
SQL: SELECT * FROM `blog_act` WHERE ( title like '%1%' ) ORDER BY date LIMIT 1,1   [ RunTime:0.0000s ]
INFO: [ view_parse ] --START--
INFO: [ template_filter ] --START--
INFO: Run Behavior\ContentReplaceBehavior [ RunTime:0.000000s ]
INFO: [ template_filter ] --END-- [ RunTime:0.000000s ]
NOTIC: [8] Undefined variable: current F:\phpstudy\WWW\Blog\Application\Runtime\Cache\Index\a4bbf827e05883590a75f7eeaad104ff.php 第 13 行.
NOTIC: [8] Undefined variable: webcConfig F:\phpstudy\WWW\Blog\Application\Runtime\Cache\Index\a4bbf827e05883590a75f7eeaad104ff.php 第 13 行.
INFO: Run Behavior\ParseTemplateBehavior [ RunTime:0.014002s ]
INFO: [ view_parse ] --END-- [ RunTime:0.014502s ]
INFO: [ view_filter ] --START--
INFO: Run Behavior\WriteHtmlCacheBehavior [ RunTime:0.000500s ]
INFO: [ view_filter ] --END-- [ RunTime:0.000500s ]
INFO: [ app_end ] --START--
INFO: Run Behavior\ShowPageTraceBehavior [ RunTime:0.000500s ]
INFO: [ app_end ] --END-- [ RunTime:0.000500s ]

[ 2018-06-22T19:27:38+08:00 ] 192.168.1.241 /blog/index.php/Search/index/q/1/type/article/p/2.html
INFO: [ app_init ] --START--
INFO: Run Behavior\BuildLiteBehavior [ RunTime:0.000000s ]
INFO: [ app_init ] --END-- [ RunTime:0.000500s ]
INFO: [ app_begin ] --START--
INFO: Run Behavior\ReadHtmlCacheBehavior [ RunTime:0.000000s ]
INFO: Run Behavior\CheckLangBehavior [ RunTime:0.000500s ]
INFO: [ app_begin ] --END-- [ RunTime:0.000500s ]
SQL: SHOW COLUMNS FROM `blog_category` [ RunTime:0.0065s ]
SQL: SELECT * FROM `blog_category`  [ RunTime:0.0000s ]
SQL: SHOW COLUMNS FROM `blog_act` [ RunTime:0.0055s ]
SQL: SELECT COUNT(*) AS tp_count FROM `blog_act` WHERE ( title like '%1%' ) LIMIT 1   [ RunTime:0.0005s ]
SQL: SELECT * FROM `blog_act` WHERE ( title like '%1%' ) ORDER BY date LIMIT 1,1   [ RunTime:0.0000s ]
INFO: [ view_parse ] --START--
INFO: [ template_filter ] --START--
INFO: Run Behavior\ContentReplaceBehavior [ RunTime:0.000000s ]
INFO: [ template_filter ] --END-- [ RunTime:0.000500s ]
NOTIC: [8] Undefined variable: current F:\phpstudy\WWW\Blog\Application\Runtime\Cache\Index\a4bbf827e05883590a75f7eeaad104ff.php 第 13 行.
NOTIC: [8] Undefined variable: webcConfig F:\phpstudy\WWW\Blog\Application\Runtime\Cache\Index\a4bbf827e05883590a75f7eeaad104ff.php 第 13 行.
INFO: Run Behavior\ParseTemplateBehavior [ RunTime:0.015001s ]
INFO: [ view_parse ] --END-- [ RunTime:0.015001s ]
INFO: [ view_filter ] --START--
INFO: Run Behavior\WriteHtmlCacheBehavior [ RunTime:0.000000s ]
INFO: [ view_filter ] --END-- [ RunTime:0.000000s ]
INFO: [ app_end ] --START--
INFO: Run Behavior\ShowPageTraceBehavior [ RunTime:0.000000s ]
INFO: [ app_end ] --END-- [ RunTime:0.000000s ]

[ 2018-06-22T19:27:44+08:00 ] 192.168.1.241 /blog/index.php/Search/index/q/1/type/article/p/2.html
INFO: [ app_init ] --START--
INFO: Run Behavior\BuildLiteBehavior [ RunTime:0.000000s ]
INFO: [ app_init ] --END-- [ RunTime:0.000000s ]
INFO: [ app_begin ] --START--
INFO: Run Behavior\ReadHtmlCacheBehavior [ RunTime:0.000000s ]
INFO: Run Behavior\CheckLangBehavior [ RunTime:0.000500s ]
INFO: [ app_begin ] --END-- [ RunTime:0.000500s ]
SQL: SHOW COLUMNS FROM `blog_category` [ RunTime:0.0065s ]
SQL: SELECT * FROM `blog_category`  [ RunTime:0.0005s ]
SQL: SHOW COLUMNS FROM `blog_act` [ RunTime:0.0065s ]
SQL: SELECT COUNT(*) AS tp_count FROM `blog_act` WHERE ( title like '%1%' ) LIMIT 1   [ RunTime:0.0005s ]
SQL: SELECT * FROM `blog_act` WHERE ( title like '%1%' ) ORDER BY date LIMIT 1,1   [ RunTime:0.0005s ]
INFO: [ view_parse ] --START--
INFO: [ template_filter ] --START--
INFO: Run Behavior\ContentReplaceBehavior [ RunTime:0.000000s ]
INFO: [ template_filter ] --END-- [ RunTime:0.000000s ]
NOTIC: [8] Undefined variable: current F:\phpstudy\WWW\Blog\Application\Runtime\Cache\Index\a4bbf827e05883590a75f7eeaad104ff.php 第 13 行.
NOTIC: [8] Undefined variable: webcConfig F:\phpstudy\WWW\Blog\Application\Runtime\Cache\Index\a4bbf827e05883590a75f7eeaad104ff.php 第 13 行.
INFO: Run Behavior\ParseTemplateBehavior [ RunTime:0.016002s ]
INFO: [ view_parse ] --END-- [ RunTime:0.016002s ]
INFO: [ view_filter ] --START--
INFO: Run Behavior\WriteHtmlCacheBehavior [ RunTime:0.000000s ]
INFO: [ view_filter ] --END-- [ RunTime:0.000000s ]
INFO: [ app_end ] --START--
INFO: Run Behavior\ShowPageTraceBehavior [ RunTime:0.000000s ]
INFO: [ app_end ] --END-- [ RunTime:0.000000s ]

[ 2018-06-22T19:32:32+08:00 ] 192.168.1.241 /blog/index.php/Search/index/q/1/type/article/p/2.html
INFO: [ app_init ] --START--
INFO: Run Behavior\BuildLiteBehavior [ RunTime:0.000000s ]
INFO: [ app_init ] --END-- [ RunTime:0.000500s ]
INFO: [ app_begin ] --START--
INFO: Run Behavior\ReadHtmlCacheBehavior [ RunTime:0.000000s ]
INFO: Run Behavior\CheckLangBehavior [ RunTime:0.000501s ]
INFO: [ app_begin ] --END-- [ RunTime:0.000501s ]
SQL: SHOW COLUMNS FROM `blog_category` [ RunTime:0.0055s ]
SQL: SELECT * FROM `blog_category`  [ RunTime:0.0000s ]
SQL: SHOW COLUMNS FROM `blog_act` [ RunTime:0.0055s ]
SQL: SELECT COUNT(*) AS tp_count FROM `blog_act` WHERE ( title like '%1%' ) LIMIT 1   [ RunTime:0.0005s ]
SQL: SELECT * FROM `blog_act` WHERE ( title like '%1%' ) ORDER BY date LIMIT 1,1   [ RunTime:0.0000s ]
INFO: [ view_parse ] --START--
INFO: [ template_filter ] --START--
INFO: Run Behavior\ContentReplaceBehavior [ RunTime:0.000000s ]
INFO: [ template_filter ] --END-- [ RunTime:0.000000s ]
NOTIC: [8] Undefined variable: current F:\phpstudy\WWW\Blog\Application\Runtime\Cache\Index\a4bbf827e05883590a75f7eeaad104ff.php 第 13 行.
NOTIC: [8] Undefined variable: webcConfig F:\phpstudy\WWW\Blog\Application\Runtime\Cache\Index\a4bbf827e05883590a75f7eeaad104ff.php 第 13 行.
INFO: Run Behavior\ParseTemplateBehavior [ RunTime:0.014002s ]
INFO: [ view_parse ] --END-- [ RunTime:0.014002s ]
INFO: [ view_filter ] --START--
INFO: Run Behavior\WriteHtmlCacheBehavior [ RunTime:0.000500s ]
INFO: [ view_filter ] --END-- [ RunTime:0.000500s ]
INFO: [ app_end ] --START--
INFO: Run Behavior\ShowPageTraceBehavior [ RunTime:0.000500s ]
INFO: [ app_end ] --END-- [ RunTime:0.000500s ]

[ 2018-06-22T19:33:11+08:00 ] 192.168.1.241 /blog/index.php/Search/index/q/1/type/article/p/2.html
INFO: [ app_init ] --START--
INFO: Run Behavior\BuildLiteBehavior [ RunTime:0.000000s ]
INFO: [ app_init ] --END-- [ RunTime:0.000500s ]
INFO: [ app_begin ] --START--
INFO: Run Behavior\ReadHtmlCacheBehavior [ RunTime:0.000500s ]
INFO: Run Behavior\CheckLangBehavior [ RunTime:0.000500s ]
INFO: [ app_begin ] --END-- [ RunTime:0.001000s ]
SQL: SHOW COLUMNS FROM `blog_category` [ RunTime:0.0045s ]
SQL: SELECT * FROM `blog_category`  [ RunTime:0.0000s ]
SQL: SHOW COLUMNS FROM `blog_act` [ RunTime:0.0055s ]
SQL: SELECT COUNT(*) AS tp_count FROM `blog_act` WHERE ( title like '%1%' ) LIMIT 1   [ RunTime:0.0005s ]
SQL: SELECT * FROM `blog_act` WHERE ( title like '%1%' ) ORDER BY date LIMIT 1,1   [ RunTime:0.0000s ]
INFO: [ view_parse ] --START--
INFO: [ template_filter ] --START--
INFO: Run Behavior\ContentReplaceBehavior [ RunTime:0.000000s ]
INFO: [ template_filter ] --END-- [ RunTime:0.000000s ]
NOTIC: [8] Undefined variable: current F:\phpstudy\WWW\Blog\Application\Runtime\Cache\Index\a4bbf827e05883590a75f7eeaad104ff.php 第 13 行.
NOTIC: [8] Undefined variable: webcConfig F:\phpstudy\WWW\Blog\Application\Runtime\Cache\Index\a4bbf827e05883590a75f7eeaad104ff.php 第 13 行.
INFO: Run Behavior\ParseTemplateBehavior [ RunTime:0.015002s ]
INFO: [ view_parse ] --END-- [ RunTime:0.015002s ]
INFO: [ view_filter ] --START--
INFO: Run Behavior\WriteHtmlCacheBehavior [ RunTime:0.000500s ]
INFO: [ view_filter ] --END-- [ RunTime:0.000500s ]
INFO: [ app_end ] --START--
INFO: Run Behavior\ShowPageTraceBehavior [ RunTime:0.000500s ]
INFO: [ app_end ] --END-- [ RunTime:0.000500s ]

