[ 2018-08-17T21:23:32+08:00 ] ::1 /blog/
INFO: [ app_init ] --START--
INFO: Run Behavior\BuildLiteBehavior [ RunTime:0.000012s ]
INFO: [ app_init ] --END-- [ RunTime:0.001690s ]
INFO: [ app_begin ] --START--
INFO: Run Behavior\ReadHtmlCacheBehavior [ RunTime:0.000772s ]
INFO: Run Behavior\CheckLangBehavior [ RunTime:0.001199s ]
INFO: [ app_begin ] --END-- [ RunTime:0.002075s ]
SQL: SHOW COLUMNS FROM `blog_category` [ RunTime:0.0463s ]
SQL: SELECT * FROM `blog_category`  [ RunTime:0.0007s ]
SQL: SHOW COLUMNS FROM `blog_act` [ RunTime:0.0399s ]
SQL: SELECT blog_act.id,blog_act.title,blog_act.date,blog_act.thumbs,blog_category.name,blog_users.nickname,blog_users.head,blog_users.pageurl FROM `blog_act` INNER JOIN blog_users ON blog_users.id = blog_act.userid INNER JOIN blog_category ON blog_category.id = blog_act.pid  ORDER BY view desc LIMIT 0,20   [ RunTime:0.3378s ]
SQL: SELECT `id`,`title`,`content` FROM `blog_act` WHERE ( blog_act.id = 1527151509 || blog_act.id = 1527154543 || blog_act.id = 1527151225 || blog_act.id = 1527153877 || blog_act.id = 1527154308 )  [ RunTime:0.0009s ]
INFO: [ view_parse ] --START--
INFO: [ template_filter ] --START--
INFO: Run Behavior\ContentReplaceBehavior [ RunTime:0.000242s ]
INFO: [ template_filter ] --END-- [ RunTime:0.000288s ]
NOTIC: [8] Undefined variable: search F:\phpstudy\WWW\blog\Application\Runtime\Cache\Index\5f343310d4a83e1c2f6d4e5a6181e90a.php 第 112 行.
INFO: Run Behavior\ParseTemplateBehavior [ RunTime:0.066244s ]
INFO: [ view_parse ] --END-- [ RunTime:0.066288s ]
INFO: [ view_filter ] --START--
INFO: Run Behavior\WriteHtmlCacheBehavior [ RunTime:0.006694s ]
INFO: [ view_filter ] --END-- [ RunTime:0.006733s ]
INFO: [ app_end ] --START--
INFO: Run Behavior\ShowPageTraceBehavior [ RunTime:0.001640s ]
INFO: [ app_end ] --END-- [ RunTime:0.001700s ]

[ 2018-08-17T21:26:46+08:00 ] ::1 /blog/
INFO: [ app_init ] --START--
INFO: Run Behavior\BuildLiteBehavior [ RunTime:0.000011s ]
INFO: [ app_init ] --END-- [ RunTime:0.000384s ]
INFO: [ app_begin ] --START--
INFO: Run Behavior\ReadHtmlCacheBehavior [ RunTime:0.000466s ]
INFO: Run Behavior\CheckLangBehavior [ RunTime:0.000563s ]
INFO: [ app_begin ] --END-- [ RunTime:0.001125s ]
SQL: SHOW COLUMNS FROM `blog_category` [ RunTime:0.0117s ]
SQL: SELECT * FROM `blog_category`  [ RunTime:0.0003s ]
SQL: SHOW COLUMNS FROM `blog_act` [ RunTime:0.0089s ]
SQL: SELECT blog_act.id,blog_act.title,blog_act.date,blog_act.thumbs,blog_category.name,blog_users.nickname,blog_users.head,blog_users.pageurl FROM `blog_act` INNER JOIN blog_users ON blog_users.id = blog_act.userid INNER JOIN blog_category ON blog_category.id = blog_act.pid  ORDER BY view desc LIMIT 0,20   [ RunTime:0.0389s ]
SQL: SELECT `id`,`title`,`content` FROM `blog_act` WHERE ( blog_act.id = 1527151509 || blog_act.id = 1527154543 || blog_act.id = 1527151225 || blog_act.id = 1527153877 || blog_act.id = 1527154308 )  [ RunTime:0.0010s ]
INFO: [ view_parse ] --START--
INFO: [ template_filter ] --START--
INFO: Run Behavior\ContentReplaceBehavior [ RunTime:0.000238s ]
INFO: [ template_filter ] --END-- [ RunTime:0.000283s ]
NOTIC: [8] Undefined variable: search F:\phpstudy\WWW\blog\Application\Runtime\Cache\Index\5f343310d4a83e1c2f6d4e5a6181e90a.php 第 112 行.
INFO: Run Behavior\ParseTemplateBehavior [ RunTime:0.027246s ]
INFO: [ view_parse ] --END-- [ RunTime:0.027290s ]
INFO: [ view_filter ] --START--
INFO: Run Behavior\WriteHtmlCacheBehavior [ RunTime:0.000324s ]
INFO: [ view_filter ] --END-- [ RunTime:0.000357s ]
INFO: [ app_end ] --START--
INFO: Run Behavior\ShowPageTraceBehavior [ RunTime:0.000517s ]
INFO: [ app_end ] --END-- [ RunTime:0.000567s ]

[ 2018-08-17T21:51:38+08:00 ] ::1 /blog/index.php/User/login.html
INFO: [ app_init ] --START--
INFO: Run Behavior\BuildLiteBehavior [ RunTime:0.000011s ]
INFO: [ app_init ] --END-- [ RunTime:0.000411s ]
INFO: [ app_begin ] --START--
INFO: Run Behavior\ReadHtmlCacheBehavior [ RunTime:0.000539s ]
INFO: Run Behavior\CheckLangBehavior [ RunTime:0.000627s ]
INFO: [ app_begin ] --END-- [ RunTime:0.001262s ]
SQL: SHOW COLUMNS FROM `blog_category` [ RunTime:0.0096s ]
SQL: SELECT * FROM `blog_category`  [ RunTime:0.0004s ]
INFO: [ view_parse ] --START--
INFO: [ template_filter ] --START--
INFO: Run Behavior\ContentReplaceBehavior [ RunTime:0.000040s ]
INFO: [ template_filter ] --END-- [ RunTime:0.000090s ]
INFO: Run Behavior\ParseTemplateBehavior [ RunTime:0.030117s ]
INFO: [ view_parse ] --END-- [ RunTime:0.030162s ]
INFO: [ view_filter ] --START--
INFO: Run Behavior\WriteHtmlCacheBehavior [ RunTime:0.000324s ]
INFO: [ view_filter ] --END-- [ RunTime:0.000356s ]
INFO: [ app_end ] --START--
INFO: Run Behavior\ShowPageTraceBehavior [ RunTime:0.000528s ]
INFO: [ app_end ] --END-- [ RunTime:0.000566s ]

[ 2018-08-17T21:52:20+08:00 ] ::1 /blog/index.php/User/User/oauth/type/weibo
INFO: [ app_init ] --START--
INFO: Run Behavior\BuildLiteBehavior [ RunTime:0.000012s ]
INFO: [ app_init ] --END-- [ RunTime:0.000367s ]
INFO: [ app_begin ] --START--
INFO: Run Behavior\ReadHtmlCacheBehavior [ RunTime:0.000448s ]
INFO: Run Behavior\CheckLangBehavior [ RunTime:0.000458s ]
INFO: [ app_begin ] --END-- [ RunTime:0.000996s ]
SQL: SHOW COLUMNS FROM `blog_category` [ RunTime:0.0088s ]
SQL: SELECT * FROM `blog_category`  [ RunTime:0.0004s ]
ERR: 非法操作:User

[ 2018-08-17T21:52:30+08:00 ] ::1 /blog/index.php/Article/index/id/1527151509.html
INFO: [ app_init ] --START--
INFO: Run Behavior\BuildLiteBehavior [ RunTime:0.000016s ]
INFO: [ app_init ] --END-- [ RunTime:0.000468s ]
INFO: [ app_begin ] --START--
INFO: Run Behavior\ReadHtmlCacheBehavior [ RunTime:0.000564s ]
INFO: Run Behavior\CheckLangBehavior [ RunTime:0.000591s ]
INFO: [ app_begin ] --END-- [ RunTime:0.001267s ]
SQL: SHOW COLUMNS FROM `blog_category` [ RunTime:0.0087s ]
SQL: SELECT * FROM `blog_category`  [ RunTime:0.0003s ]
SQL: SHOW COLUMNS FROM `blog_act` [ RunTime:0.0099s ]
SQL: SELECT blog_act.*,blog_category.name,blog_users.nickname,blog_users.head,blog_users.pageurl FROM `blog_act` INNER JOIN blog_users ON blog_users.id = blog_act.userid INNER JOIN blog_category ON blog_category.id = blog_act.pid  WHERE ( blog_act.id= 1527151509 ) LIMIT 1   [ RunTime:0.0011s ]
SQL: UPDATE `blog_act` SET `view`=view+1 WHERE ( id=1527151509 ) [ RunTime:0.0004s ]
INFO: [ view_parse ] --START--
INFO: [ template_filter ] --START--
INFO: Run Behavior\ContentReplaceBehavior [ RunTime:0.000232s ]
INFO: [ template_filter ] --END-- [ RunTime:0.000275s ]
NOTIC: [8] Undefined variable: search F:\phpstudy\WWW\blog\Application\Runtime\Cache\Index\cf8f315f1b956b3e9fd9250eef4bad6a.php 第 112 行.
INFO: Run Behavior\ParseTemplateBehavior [ RunTime:0.027430s ]
INFO: [ view_parse ] --END-- [ RunTime:0.027471s ]
INFO: [ view_filter ] --START--
INFO: Run Behavior\WriteHtmlCacheBehavior [ RunTime:0.000241s ]
INFO: [ view_filter ] --END-- [ RunTime:0.000272s ]
INFO: [ app_end ] --START--
INFO: Run Behavior\ShowPageTraceBehavior [ RunTime:0.000465s ]
INFO: [ app_end ] --END-- [ RunTime:0.000511s ]

[ 2018-08-17T22:03:47+08:00 ] ::1 /blog/index.php/User/login.html
INFO: [ app_init ] --START--
INFO: Run Behavior\BuildLiteBehavior [ RunTime:0.000012s ]
INFO: [ app_init ] --END-- [ RunTime:0.000413s ]
INFO: [ app_begin ] --START--
INFO: Run Behavior\ReadHtmlCacheBehavior [ RunTime:0.000508s ]
INFO: Run Behavior\CheckLangBehavior [ RunTime:0.000528s ]
INFO: [ app_begin ] --END-- [ RunTime:0.001132s ]
SQL: SHOW COLUMNS FROM `blog_category` [ RunTime:0.0089s ]
SQL: SELECT * FROM `blog_category`  [ RunTime:0.0004s ]
INFO: [ view_parse ] --START--
INFO: [ template_filter ] --START--
INFO: Run Behavior\ContentReplaceBehavior [ RunTime:0.000040s ]
INFO: [ template_filter ] --END-- [ RunTime:0.000087s ]
INFO: Run Behavior\ParseTemplateBehavior [ RunTime:0.016372s ]
INFO: [ view_parse ] --END-- [ RunTime:0.016417s ]
INFO: [ view_filter ] --START--
INFO: Run Behavior\WriteHtmlCacheBehavior [ RunTime:0.000340s ]
INFO: [ view_filter ] --END-- [ RunTime:0.000376s ]
INFO: [ app_end ] --START--
INFO: Run Behavior\ShowPageTraceBehavior [ RunTime:0.000505s ]
INFO: [ app_end ] --END-- [ RunTime:0.000542s ]

[ 2018-08-17T22:03:50+08:00 ] ::1 /blog/index.php/User/User/oauth/type/weibo
INFO: [ app_init ] --START--
INFO: Run Behavior\BuildLiteBehavior [ RunTime:0.000012s ]
INFO: [ app_init ] --END-- [ RunTime:0.000333s ]
INFO: [ app_begin ] --START--
INFO: Run Behavior\ReadHtmlCacheBehavior [ RunTime:0.000408s ]
INFO: Run Behavior\CheckLangBehavior [ RunTime:0.000431s ]
INFO: [ app_begin ] --END-- [ RunTime:0.000925s ]
SQL: SHOW COLUMNS FROM `blog_category` [ RunTime:0.0087s ]
SQL: SELECT * FROM `blog_category`  [ RunTime:0.0003s ]
ERR: 非法操作:User

[ 2018-08-17T22:04:11+08:00 ] ::1 /blog/index.php/User/User/oauth/type/weibo
INFO: [ app_init ] --START--
INFO: Run Behavior\BuildLiteBehavior [ RunTime:0.000011s ]
INFO: [ app_init ] --END-- [ RunTime:0.000336s ]
INFO: [ app_begin ] --START--
INFO: Run Behavior\ReadHtmlCacheBehavior [ RunTime:0.000428s ]
INFO: Run Behavior\CheckLangBehavior [ RunTime:0.000451s ]
INFO: [ app_begin ] --END-- [ RunTime:0.000966s ]
SQL: SHOW COLUMNS FROM `blog_category` [ RunTime:0.0093s ]
SQL: SELECT * FROM `blog_category`  [ RunTime:0.0003s ]
ERR: 非法操作:User

[ 2018-08-17T22:10:25+08:00 ] ::1 /blog/index.php/User/User/oauth/type/weibo
INFO: [ app_init ] --START--
INFO: Run Behavior\BuildLiteBehavior [ RunTime:0.000011s ]
INFO: [ app_init ] --END-- [ RunTime:0.000409s ]
INFO: [ app_begin ] --START--
INFO: Run Behavior\ReadHtmlCacheBehavior [ RunTime:0.000469s ]
INFO: Run Behavior\CheckLangBehavior [ RunTime:0.000498s ]
INFO: [ app_begin ] --END-- [ RunTime:0.001054s ]
SQL: SHOW COLUMNS FROM `blog_category` [ RunTime:0.0089s ]
SQL: SELECT * FROM `blog_category`  [ RunTime:0.0003s ]
ERR: 非法操作:User

[ 2018-08-17T22:10:47+08:00 ] ::1 /blog/index.php/User/User/oauth/type/weibo
INFO: [ app_init ] --START--
INFO: Run Behavior\BuildLiteBehavior [ RunTime:0.000011s ]
INFO: [ app_init ] --END-- [ RunTime:0.000365s ]
INFO: [ app_begin ] --START--
INFO: Run Behavior\ReadHtmlCacheBehavior [ RunTime:0.000416s ]
INFO: Run Behavior\CheckLangBehavior [ RunTime:0.000432s ]
INFO: [ app_begin ] --END-- [ RunTime:0.000933s ]
SQL: SHOW COLUMNS FROM `blog_category` [ RunTime:0.0088s ]
SQL: SELECT * FROM `blog_category`  [ RunTime:0.0003s ]
ERR: 非法操作:User

[ 2018-08-17T22:17:29+08:00 ] ::1 /blog/index.php/User/login.html
INFO: [ app_init ] --START--
INFO: Run Behavior\BuildLiteBehavior [ RunTime:0.000011s ]
INFO: [ app_init ] --END-- [ RunTime:0.000432s ]
INFO: [ app_begin ] --START--
INFO: Run Behavior\ReadHtmlCacheBehavior [ RunTime:0.000484s ]
INFO: Run Behavior\CheckLangBehavior [ RunTime:0.000507s ]
INFO: [ app_begin ] --END-- [ RunTime:0.001083s ]
SQL: SHOW COLUMNS FROM `blog_category` [ RunTime:0.0099s ]
SQL: SELECT * FROM `blog_category`  [ RunTime:0.0003s ]
INFO: [ view_parse ] --START--
INFO: [ template_filter ] --START--
INFO: Run Behavior\ContentReplaceBehavior [ RunTime:0.000040s ]
INFO: [ template_filter ] --END-- [ RunTime:0.000086s ]
INFO: Run Behavior\ParseTemplateBehavior [ RunTime:0.016249s ]
INFO: [ view_parse ] --END-- [ RunTime:0.016291s ]
INFO: [ view_filter ] --START--
INFO: Run Behavior\WriteHtmlCacheBehavior [ RunTime:0.000314s ]
INFO: [ view_filter ] --END-- [ RunTime:0.000347s ]
INFO: [ app_end ] --START--
INFO: Run Behavior\ShowPageTraceBehavior [ RunTime:0.000483s ]
INFO: [ app_end ] --END-- [ RunTime:0.000520s ]

[ 2018-08-17T22:17:54+08:00 ] ::1 /blog/index.php/User/oauth/type/Sina.html
INFO: [ app_init ] --START--
INFO: Run Behavior\BuildLiteBehavior [ RunTime:0.000011s ]
INFO: [ app_init ] --END-- [ RunTime:0.000345s ]
INFO: [ app_begin ] --START--
INFO: Run Behavior\ReadHtmlCacheBehavior [ RunTime:0.000418s ]
INFO: Run Behavior\CheckLangBehavior [ RunTime:0.000441s ]
INFO: [ app_begin ] --END-- [ RunTime:0.000942s ]
SQL: SHOW COLUMNS FROM `blog_category` [ RunTime:0.0132s ]
SQL: SELECT * FROM `blog_category`  [ RunTime:0.0004s ]
ERR: 请配置您申请的APP_KEY和APP_SECRET

[ 2018-08-17T22:19:59+08:00 ] ::1 /blog/index.php/User/oauth/type/Sina.html
INFO: [ app_init ] --START--
INFO: Run Behavior\BuildLiteBehavior [ RunTime:0.000011s ]
INFO: [ app_init ] --END-- [ RunTime:0.000382s ]
INFO: [ app_begin ] --START--
INFO: Run Behavior\ReadHtmlCacheBehavior [ RunTime:0.000451s ]
INFO: Run Behavior\CheckLangBehavior [ RunTime:0.000475s ]
INFO: [ app_begin ] --END-- [ RunTime:0.001011s ]
SQL: SHOW COLUMNS FROM `blog_category` [ RunTime:0.0086s ]
SQL: SELECT * FROM `blog_category`  [ RunTime:0.0003s ]

[ 2018-08-17T22:23:18+08:00 ] ::1 /blog/index.php/User/login.html
INFO: [ app_init ] --START--
INFO: Run Behavior\BuildLiteBehavior [ RunTime:0.000011s ]
INFO: [ app_init ] --END-- [ RunTime:0.000390s ]
INFO: [ app_begin ] --START--
INFO: Run Behavior\ReadHtmlCacheBehavior [ RunTime:0.000491s ]
INFO: Run Behavior\CheckLangBehavior [ RunTime:0.000491s ]
INFO: [ app_begin ] --END-- [ RunTime:0.001074s ]
SQL: SHOW COLUMNS FROM `blog_category` [ RunTime:0.0094s ]
SQL: SELECT * FROM `blog_category`  [ RunTime:0.0003s ]
INFO: [ view_parse ] --START--
INFO: [ template_filter ] --START--
INFO: Run Behavior\ContentReplaceBehavior [ RunTime:0.000039s ]
INFO: [ template_filter ] --END-- [ RunTime:0.000082s ]
INFO: Run Behavior\ParseTemplateBehavior [ RunTime:0.006812s ]
INFO: [ view_parse ] --END-- [ RunTime:0.006853s ]
INFO: [ view_filter ] --START--
INFO: Run Behavior\WriteHtmlCacheBehavior [ RunTime:0.000290s ]
INFO: [ view_filter ] --END-- [ RunTime:0.000323s ]
INFO: [ app_end ] --START--
INFO: Run Behavior\ShowPageTraceBehavior [ RunTime:0.000499s ]
INFO: [ app_end ] --END-- [ RunTime:0.000536s ]

[ 2018-08-17T22:23:29+08:00 ] ::1 /blog/index.php/User/oauth/type/Sina.html
INFO: [ app_init ] --START--
INFO: Run Behavior\BuildLiteBehavior [ RunTime:0.000011s ]
INFO: [ app_init ] --END-- [ RunTime:0.000348s ]
INFO: [ app_begin ] --START--
INFO: Run Behavior\ReadHtmlCacheBehavior [ RunTime:0.000411s ]
INFO: Run Behavior\CheckLangBehavior [ RunTime:0.000419s ]
INFO: [ app_begin ] --END-- [ RunTime:0.000915s ]
SQL: SHOW COLUMNS FROM `blog_category` [ RunTime:0.0090s ]
SQL: SELECT * FROM `blog_category`  [ RunTime:0.0003s ]

[ 2018-08-17T22:37:55+08:00 ] ::1 /blog/index.php/User/oauth/type/Sina.html
INFO: [ app_init ] --START--
INFO: Run Behavior\BuildLiteBehavior [ RunTime:0.000012s ]
INFO: [ app_init ] --END-- [ RunTime:0.000429s ]
INFO: [ app_begin ] --START--
INFO: Run Behavior\ReadHtmlCacheBehavior [ RunTime:0.000486s ]
INFO: Run Behavior\CheckLangBehavior [ RunTime:0.000762s ]
INFO: [ app_begin ] --END-- [ RunTime:0.001341s ]
SQL: SHOW COLUMNS FROM `blog_category` [ RunTime:0.0098s ]
SQL: SELECT * FROM `blog_category`  [ RunTime:0.0004s ]

[ 2018-08-17T22:39:46+08:00 ] ::1 /blog/index.php/User/oauth/type/Sina.html
INFO: [ app_init ] --START--
INFO: Run Behavior\BuildLiteBehavior [ RunTime:0.000012s ]
INFO: [ app_init ] --END-- [ RunTime:0.000336s ]
INFO: [ app_begin ] --START--
INFO: Run Behavior\ReadHtmlCacheBehavior [ RunTime:0.000415s ]
INFO: Run Behavior\CheckLangBehavior [ RunTime:0.000434s ]
INFO: [ app_begin ] --END-- [ RunTime:0.000933s ]
SQL: SHOW COLUMNS FROM `blog_category` [ RunTime:0.0090s ]
SQL: SELECT * FROM `blog_category`  [ RunTime:0.0003s ]

[ 2018-08-17T22:42:25+08:00 ] ::1 /blog/index.php/User/oauth/type/Sina.html
INFO: [ app_init ] --START--
INFO: Run Behavior\BuildLiteBehavior [ RunTime:0.000011s ]
INFO: [ app_init ] --END-- [ RunTime:0.000413s ]
INFO: [ app_begin ] --START--
INFO: Run Behavior\ReadHtmlCacheBehavior [ RunTime:0.000472s ]
INFO: Run Behavior\CheckLangBehavior [ RunTime:0.000496s ]
INFO: [ app_begin ] --END-- [ RunTime:0.001055s ]
SQL: SHOW COLUMNS FROM `blog_category` [ RunTime:0.0091s ]
SQL: SELECT * FROM `blog_category`  [ RunTime:0.0004s ]

[ 2018-08-17T22:44:25+08:00 ] ::1 /blog/index.php/User/callback/type/sina.html?code=39c3b5907568555c4a5317235f51a657
INFO: [ app_init ] --START--
INFO: Run Behavior\BuildLiteBehavior [ RunTime:0.000016s ]
INFO: [ app_init ] --END-- [ RunTime:0.000505s ]
INFO: [ app_begin ] --START--
INFO: Run Behavior\ReadHtmlCacheBehavior [ RunTime:0.000613s ]
INFO: Run Behavior\CheckLangBehavior [ RunTime:0.000658s ]
INFO: [ app_begin ] --END-- [ RunTime:0.001396s ]
SQL: SHOW COLUMNS FROM `blog_category` [ RunTime:0.0095s ]
SQL: SELECT * FROM `blog_category`  [ RunTime:0.0004s ]

[ 2018-08-17T22:44:43+08:00 ] ::1 /blog/index.php/User/callback/type/sina.html?code=39c3b5907568555c4a5317235f51a657
INFO: [ app_init ] --START--
INFO: Run Behavior\BuildLiteBehavior [ RunTime:0.000011s ]
INFO: [ app_init ] --END-- [ RunTime:0.000408s ]
INFO: [ app_begin ] --START--
INFO: Run Behavior\ReadHtmlCacheBehavior [ RunTime:0.000503s ]
INFO: Run Behavior\CheckLangBehavior [ RunTime:0.000521s ]
INFO: [ app_begin ] --END-- [ RunTime:0.001112s ]
SQL: SHOW COLUMNS FROM `blog_category` [ RunTime:0.0093s ]
SQL: SELECT * FROM `blog_category`  [ RunTime:0.0004s ]
NOTIC: [8] Undefined index: access_token F:\phpstudy\WWW\Thinkphp\Library\Vendor\ThinkSDK\sdk\SinaSDK.class.php 第 75 行.

[ 2018-08-17T22:44:57+08:00 ] ::1 /blog/index.php/User/callback/type/sina.html?code=39c3b5907568555c4a5317235f51a657
INFO: [ app_init ] --START--
INFO: Run Behavior\BuildLiteBehavior [ RunTime:0.000012s ]
INFO: [ app_init ] --END-- [ RunTime:0.000345s ]
INFO: [ app_begin ] --START--
INFO: Run Behavior\ReadHtmlCacheBehavior [ RunTime:0.000412s ]
INFO: Run Behavior\CheckLangBehavior [ RunTime:0.000437s ]
INFO: [ app_begin ] --END-- [ RunTime:0.000933s ]
SQL: SHOW COLUMNS FROM `blog_category` [ RunTime:0.0092s ]
SQL: SELECT * FROM `blog_category`  [ RunTime:0.0003s ]

[ 2018-08-17T22:45:03+08:00 ] ::1 /blog/index.php/User/callback/type/sina.html?code=39c3b5907568555c4a5317235f51a657
INFO: [ app_init ] --START--
INFO: Run Behavior\BuildLiteBehavior [ RunTime:0.000014s ]
INFO: [ app_init ] --END-- [ RunTime:0.000532s ]
INFO: [ app_begin ] --START--
INFO: Run Behavior\ReadHtmlCacheBehavior [ RunTime:0.000433s ]
INFO: Run Behavior\CheckLangBehavior [ RunTime:0.000440s ]
INFO: [ app_begin ] --END-- [ RunTime:0.000961s ]
SQL: SHOW COLUMNS FROM `blog_category` [ RunTime:0.0091s ]
SQL: SELECT * FROM `blog_category`  [ RunTime:0.0003s ]

[ 2018-08-17T22:45:12+08:00 ] ::1 /blog/index.php/User/callback/type/sina.html?code=39c3b5907568555c4a5317235f51a657
INFO: [ app_init ] --START--
INFO: Run Behavior\BuildLiteBehavior [ RunTime:0.000012s ]
INFO: [ app_init ] --END-- [ RunTime:0.000337s ]
INFO: [ app_begin ] --START--
INFO: Run Behavior\ReadHtmlCacheBehavior [ RunTime:0.000417s ]
INFO: Run Behavior\CheckLangBehavior [ RunTime:0.000426s ]
INFO: [ app_begin ] --END-- [ RunTime:0.000931s ]
SQL: SHOW COLUMNS FROM `blog_category` [ RunTime:0.0093s ]
SQL: SELECT * FROM `blog_category`  [ RunTime:0.0003s ]
NOTIC: [8] Undefined index: access_token F:\phpstudy\WWW\Thinkphp\Library\Vendor\ThinkSDK\sdk\SinaSDK.class.php 第 75 行.

[ 2018-08-17T22:46:47+08:00 ] ::1 /blog/index.php/User/oauth/type/Sina.html
INFO: [ app_init ] --START--
INFO: Run Behavior\BuildLiteBehavior [ RunTime:0.000011s ]
INFO: [ app_init ] --END-- [ RunTime:0.000424s ]
INFO: [ app_begin ] --START--
INFO: Run Behavior\ReadHtmlCacheBehavior [ RunTime:0.000488s ]
INFO: Run Behavior\CheckLangBehavior [ RunTime:0.000523s ]
INFO: [ app_begin ] --END-- [ RunTime:0.001116s ]
SQL: SHOW COLUMNS FROM `blog_category` [ RunTime:0.0097s ]
SQL: SELECT * FROM `blog_category`  [ RunTime:0.0003s ]

[ 2018-08-17T22:47:44+08:00 ] ::1 /blog/index.php/User/oauth/type/Sina.html
INFO: [ app_init ] --START--
INFO: Run Behavior\BuildLiteBehavior [ RunTime:0.000011s ]
INFO: [ app_init ] --END-- [ RunTime:0.000329s ]
INFO: [ app_begin ] --START--
INFO: Run Behavior\ReadHtmlCacheBehavior [ RunTime:0.000406s ]
INFO: Run Behavior\CheckLangBehavior [ RunTime:0.000427s ]
INFO: [ app_begin ] --END-- [ RunTime:0.000918s ]
SQL: SHOW COLUMNS FROM `blog_category` [ RunTime:0.0096s ]
SQL: SELECT * FROM `blog_category`  [ RunTime:0.0003s ]

[ 2018-08-17T22:48:05+08:00 ] ::1 /blog/index.php/User/callback/type/sina.html?code=3ec94e93e634a517dfbdc66a36aa6911
INFO: [ app_init ] --START--
INFO: Run Behavior\BuildLiteBehavior [ RunTime:0.000011s ]
INFO: [ app_init ] --END-- [ RunTime:0.000402s ]
INFO: [ app_begin ] --START--
INFO: Run Behavior\ReadHtmlCacheBehavior [ RunTime:0.000402s ]
INFO: Run Behavior\CheckLangBehavior [ RunTime:0.000437s ]
INFO: [ app_begin ] --END-- [ RunTime:0.000922s ]
SQL: SHOW COLUMNS FROM `blog_category` [ RunTime:0.0091s ]
SQL: SELECT * FROM `blog_category`  [ RunTime:0.0003s ]

[ 2018-08-17T22:48:25+08:00 ] ::1 /blog/index.php/User/callback/type/sina.html?code=3ec94e93e634a517dfbdc66a36aa6911
INFO: [ app_init ] --START--
INFO: Run Behavior\BuildLiteBehavior [ RunTime:0.000013s ]
INFO: [ app_init ] --END-- [ RunTime:0.000434s ]
INFO: [ app_begin ] --START--
INFO: Run Behavior\ReadHtmlCacheBehavior [ RunTime:0.000415s ]
INFO: Run Behavior\CheckLangBehavior [ RunTime:0.000467s ]
INFO: [ app_begin ] --END-- [ RunTime:0.000969s ]
SQL: SHOW COLUMNS FROM `blog_category` [ RunTime:0.0089s ]
SQL: SELECT * FROM `blog_category`  [ RunTime:0.0003s ]

[ 2018-08-17T22:48:35+08:00 ] ::1 /blog/index.php/User/callback/type/sina.html?code=3ec94e93e634a517dfbdc66a36aa6911
INFO: [ app_init ] --START--
INFO: Run Behavior\BuildLiteBehavior [ RunTime:0.000011s ]
INFO: [ app_init ] --END-- [ RunTime:0.000331s ]
INFO: [ app_begin ] --START--
INFO: Run Behavior\ReadHtmlCacheBehavior [ RunTime:0.000413s ]
INFO: Run Behavior\CheckLangBehavior [ RunTime:0.000424s ]
INFO: [ app_begin ] --END-- [ RunTime:0.000920s ]
SQL: SHOW COLUMNS FROM `blog_category` [ RunTime:0.0089s ]
SQL: SELECT * FROM `blog_category`  [ RunTime:0.0004s ]

[ 2018-08-17T22:48:45+08:00 ] ::1 /blog/index.php/User/callback/type/sina.html?code=3ec94e93e634a517dfbdc66a36aa6911
INFO: [ app_init ] --START--
INFO: Run Behavior\BuildLiteBehavior [ RunTime:0.000011s ]
INFO: [ app_init ] --END-- [ RunTime:0.000339s ]
INFO: [ app_begin ] --START--
INFO: Run Behavior\ReadHtmlCacheBehavior [ RunTime:0.000413s ]
INFO: Run Behavior\CheckLangBehavior [ RunTime:0.000427s ]
INFO: [ app_begin ] --END-- [ RunTime:0.000926s ]
SQL: SHOW COLUMNS FROM `blog_category` [ RunTime:0.0089s ]
SQL: SELECT * FROM `blog_category`  [ RunTime:0.0003s ]

[ 2018-08-17T22:48:57+08:00 ] ::1 /blog/index.php/User/callback/type/sina.html?code=3ec94e93e634a517dfbdc66a36aa6911
INFO: [ app_init ] --START--
INFO: Run Behavior\BuildLiteBehavior [ RunTime:0.000012s ]
INFO: [ app_init ] --END-- [ RunTime:0.000402s ]
INFO: [ app_begin ] --START--
INFO: Run Behavior\ReadHtmlCacheBehavior [ RunTime:0.000472s ]
INFO: Run Behavior\CheckLangBehavior [ RunTime:0.000485s ]
INFO: [ app_begin ] --END-- [ RunTime:0.001045s ]
SQL: SHOW COLUMNS FROM `blog_category` [ RunTime:0.0097s ]
SQL: SELECT * FROM `blog_category`  [ RunTime:0.0003s ]
NOTIC: [8] Undefined index: access_token F:\phpstudy\WWW\Thinkphp\Library\Vendor\ThinkSDK\sdk\SinaSDK.class.php 第 75 行.

[ 2018-08-17T22:49:05+08:00 ] ::1 /blog/index.php/User/callback/type/sina.html?code=3ec94e93e634a517dfbdc66a36aa6911
INFO: [ app_init ] --START--
INFO: Run Behavior\BuildLiteBehavior [ RunTime:0.000012s ]
INFO: [ app_init ] --END-- [ RunTime:0.000332s ]
INFO: [ app_begin ] --START--
INFO: Run Behavior\ReadHtmlCacheBehavior [ RunTime:0.000504s ]
INFO: Run Behavior\CheckLangBehavior [ RunTime:0.000651s ]
INFO: [ app_begin ] --END-- [ RunTime:0.001265s ]
SQL: SHOW COLUMNS FROM `blog_category` [ RunTime:0.0093s ]
SQL: SELECT * FROM `blog_category`  [ RunTime:0.0004s ]

[ 2018-08-17T22:49:10+08:00 ] ::1 /blog/index.php/User/callback/type/sina.html?code=3ec94e93e634a517dfbdc66a36aa6911
INFO: [ app_init ] --START--
INFO: Run Behavior\BuildLiteBehavior [ RunTime:0.000011s ]
INFO: [ app_init ] --END-- [ RunTime:0.000341s ]
INFO: [ app_begin ] --START--
INFO: Run Behavior\ReadHtmlCacheBehavior [ RunTime:0.000422s ]
INFO: Run Behavior\CheckLangBehavior [ RunTime:0.000431s ]
INFO: [ app_begin ] --END-- [ RunTime:0.000940s ]
SQL: SHOW COLUMNS FROM `blog_category` [ RunTime:0.0093s ]
SQL: SELECT * FROM `blog_category`  [ RunTime:0.0004s ]
NOTIC: [8] Undefined index: access_token F:\phpstudy\WWW\Thinkphp\Library\Vendor\ThinkSDK\sdk\SinaSDK.class.php 第 75 行.

[ 2018-08-17T22:51:20+08:00 ] ::1 /blog/index.php/User/callback/type/sina.html?code=3ec94e93e634a517dfbdc66a36aa6911
INFO: [ app_init ] --START--
INFO: Run Behavior\BuildLiteBehavior [ RunTime:0.000011s ]
INFO: [ app_init ] --END-- [ RunTime:0.000389s ]
INFO: [ app_begin ] --START--
INFO: Run Behavior\ReadHtmlCacheBehavior [ RunTime:0.000462s ]
INFO: Run Behavior\CheckLangBehavior [ RunTime:0.000488s ]
INFO: [ app_begin ] --END-- [ RunTime:0.001037s ]
SQL: SHOW COLUMNS FROM `blog_category` [ RunTime:0.0087s ]
SQL: SELECT * FROM `blog_category`  [ RunTime:0.0004s ]
NOTIC: [8] Undefined index: access_token F:\phpstudy\WWW\Thinkphp\Library\Vendor\ThinkSDK\sdk\SinaSDK.class.php 第 75 行.
ERR: 获取新浪微博ACCESS_TOKEN出错：invalid_grant

[ 2018-08-17T22:52:36+08:00 ] ::1 /blog/index.php/User/callback/type/sina.html?code=3ec94e93e634a517dfbdc66a36aa6911
INFO: [ app_init ] --START--
INFO: Run Behavior\BuildLiteBehavior [ RunTime:0.000012s ]
INFO: [ app_init ] --END-- [ RunTime:0.000333s ]
INFO: [ app_begin ] --START--
INFO: Run Behavior\ReadHtmlCacheBehavior [ RunTime:0.000418s ]
INFO: Run Behavior\CheckLangBehavior [ RunTime:0.000427s ]
INFO: [ app_begin ] --END-- [ RunTime:0.000929s ]
SQL: SHOW COLUMNS FROM `blog_category` [ RunTime:0.0127s ]
SQL: SELECT * FROM `blog_category`  [ RunTime:0.0003s ]
NOTIC: [8] Undefined index: access_token F:\phpstudy\WWW\Thinkphp\Library\Vendor\ThinkSDK\sdk\SinaSDK.class.php 第 75 行.
ERR: 获取新浪微博ACCESS_TOKEN出错：invalid_grant

[ 2018-08-17T22:52:45+08:00 ] ::1 /blog/index.php/User/callback/type/sina.html?code=3ec94e93e634a517dfbdc66a36aa6911
INFO: [ app_init ] --START--
INFO: Run Behavior\BuildLiteBehavior [ RunTime:0.000012s ]
INFO: [ app_init ] --END-- [ RunTime:0.000335s ]
INFO: [ app_begin ] --START--
INFO: Run Behavior\ReadHtmlCacheBehavior [ RunTime:0.000408s ]
INFO: Run Behavior\CheckLangBehavior [ RunTime:0.000482s ]
INFO: [ app_begin ] --END-- [ RunTime:0.000977s ]
SQL: SHOW COLUMNS FROM `blog_category` [ RunTime:0.0089s ]
SQL: SELECT * FROM `blog_category`  [ RunTime:0.0003s ]
NOTIC: [8] Undefined index: access_token F:\phpstudy\WWW\Thinkphp\Library\Vendor\ThinkSDK\sdk\SinaSDK.class.php 第 75 行.
ERR: 获取新浪微博ACCESS_TOKEN出错：invalid_grant

[ 2018-08-17T22:52:50+08:00 ] ::1 /blog/index.php/User/callback/type/sina.html?code=3ec94e93e634a517dfbdc66a36aa6911
INFO: [ app_init ] --START--
INFO: Run Behavior\BuildLiteBehavior [ RunTime:0.000012s ]
INFO: [ app_init ] --END-- [ RunTime:0.000357s ]
INFO: [ app_begin ] --START--
INFO: Run Behavior\ReadHtmlCacheBehavior [ RunTime:0.000405s ]
INFO: Run Behavior\CheckLangBehavior [ RunTime:0.000435s ]
INFO: [ app_begin ] --END-- [ RunTime:0.000925s ]
SQL: SHOW COLUMNS FROM `blog_category` [ RunTime:0.0088s ]
SQL: SELECT * FROM `blog_category`  [ RunTime:0.0003s ]
NOTIC: [8] Undefined index: access_token F:\phpstudy\WWW\Thinkphp\Library\Vendor\ThinkSDK\sdk\SinaSDK.class.php 第 75 行.
ERR: 获取新浪微博ACCESS_TOKEN出错：invalid_grant

[ 2018-08-17T22:53:23+08:00 ] ::1 /blog/index.php/User/callback/type/sina.html?code=3ec94e93e634a517dfbdc66a36aa6911
INFO: [ app_init ] --START--
INFO: Run Behavior\BuildLiteBehavior [ RunTime:0.000011s ]
INFO: [ app_init ] --END-- [ RunTime:0.000401s ]
INFO: [ app_begin ] --START--
INFO: Run Behavior\ReadHtmlCacheBehavior [ RunTime:0.000511s ]
INFO: Run Behavior\CheckLangBehavior [ RunTime:0.000544s ]
INFO: [ app_begin ] --END-- [ RunTime:0.001147s ]
SQL: SHOW COLUMNS FROM `blog_category` [ RunTime:0.0089s ]
SQL: SELECT * FROM `blog_category`  [ RunTime:0.0003s ]

[ 2018-08-17T22:56:19+08:00 ] ::1 /blog/index.php/User/callback/type/sina.html?code=3ec94e93e634a517dfbdc66a36aa6911
INFO: [ app_init ] --START--
INFO: Run Behavior\BuildLiteBehavior [ RunTime:0.000011s ]
INFO: [ app_init ] --END-- [ RunTime:0.000422s ]
INFO: [ app_begin ] --START--
INFO: Run Behavior\ReadHtmlCacheBehavior [ RunTime:0.000492s ]
INFO: Run Behavior\CheckLangBehavior [ RunTime:0.000519s ]
INFO: [ app_begin ] --END-- [ RunTime:0.001103s ]
SQL: SHOW COLUMNS FROM `blog_category` [ RunTime:0.0093s ]
SQL: SELECT * FROM `blog_category`  [ RunTime:0.0003s ]

[ 2018-08-17T22:56:58+08:00 ] ::1 /blog/index.php/User/callback/type/sina.html?code=3ec94e93e634a517dfbdc66a36aa6911
INFO: [ app_init ] --START--
INFO: Run Behavior\BuildLiteBehavior [ RunTime:0.000012s ]
INFO: [ app_init ] --END-- [ RunTime:0.000334s ]
INFO: [ app_begin ] --START--
INFO: Run Behavior\ReadHtmlCacheBehavior [ RunTime:0.000406s ]
INFO: Run Behavior\CheckLangBehavior [ RunTime:0.000439s ]
INFO: [ app_begin ] --END-- [ RunTime:0.000932s ]
SQL: SHOW COLUMNS FROM `blog_category` [ RunTime:0.0090s ]
SQL: SELECT * FROM `blog_category`  [ RunTime:0.0003s ]

[ 2018-08-17T22:57:31+08:00 ] ::1 /blog/index.php/User/callback/type/sina.html?code=3ec94e93e634a517dfbdc66a36aa6911
INFO: [ app_init ] --START--
INFO: Run Behavior\BuildLiteBehavior [ RunTime:0.000011s ]
INFO: [ app_init ] --END-- [ RunTime:0.000338s ]
INFO: [ app_begin ] --START--
INFO: Run Behavior\ReadHtmlCacheBehavior [ RunTime:0.000422s ]
INFO: Run Behavior\CheckLangBehavior [ RunTime:0.000429s ]
INFO: [ app_begin ] --END-- [ RunTime:0.000938s ]
SQL: SHOW COLUMNS FROM `blog_category` [ RunTime:0.0088s ]
SQL: SELECT * FROM `blog_category`  [ RunTime:0.0003s ]

[ 2018-08-17T22:57:43+08:00 ] ::1 /blog/index.php/User/callback/type/sina.html?code=3ec94e93e634a517dfbdc66a36aa6911
INFO: [ app_init ] --START--
INFO: Run Behavior\BuildLiteBehavior [ RunTime:0.000012s ]
INFO: [ app_init ] --END-- [ RunTime:0.000348s ]
INFO: [ app_begin ] --START--
INFO: Run Behavior\ReadHtmlCacheBehavior [ RunTime:0.000435s ]
INFO: Run Behavior\CheckLangBehavior [ RunTime:0.000438s ]
INFO: [ app_begin ] --END-- [ RunTime:0.000962s ]
SQL: SHOW COLUMNS FROM `blog_category` [ RunTime:0.0091s ]
SQL: SELECT * FROM `blog_category`  [ RunTime:0.0003s ]
NOTIC: [8] Undefined index: access_token F:\phpstudy\WWW\Thinkphp\Library\Vendor\ThinkSDK\sdk\SinaSDK.class.php 第 75 行.
ERR: 获取新浪微博ACCESS_TOKEN出错：invalid_grant

[ 2018-08-17T23:51:04+08:00 ] ::1 /blog/index.php/User/callback/type/sina.html?code=3ec94e93e634a517dfbdc66a36aa6911
INFO: [ app_init ] --START--
INFO: Run Behavior\BuildLiteBehavior [ RunTime:0.000011s ]
INFO: [ app_init ] --END-- [ RunTime:0.000423s ]
INFO: [ app_begin ] --START--
INFO: Run Behavior\ReadHtmlCacheBehavior [ RunTime:0.000495s ]
INFO: Run Behavior\CheckLangBehavior [ RunTime:0.000758s ]
INFO: [ app_begin ] --END-- [ RunTime:0.001345s ]
SQL: SHOW COLUMNS FROM `blog_category` [ RunTime:0.0101s ]
SQL: SELECT * FROM `blog_category`  [ RunTime:0.0004s ]
NOTIC: [8] Undefined index: access_token F:\phpstudy\WWW\Thinkphp\Library\Vendor\ThinkSDK\sdk\SinaSDK.class.php 第 75 行.

[ 2018-08-17T23:55:27+08:00 ] ::1 /blog/index.php/User/callback/type/sina.html?code=3ec94e93e634a517dfbdc66a36aa6911
INFO: [ app_init ] --START--
INFO: Run Behavior\BuildLiteBehavior [ RunTime:0.000012s ]
INFO: [ app_init ] --END-- [ RunTime:0.000392s ]
INFO: [ app_begin ] --START--
INFO: Run Behavior\ReadHtmlCacheBehavior [ RunTime:0.000471s ]
INFO: Run Behavior\CheckLangBehavior [ RunTime:0.000485s ]
INFO: [ app_begin ] --END-- [ RunTime:0.001041s ]
SQL: SHOW COLUMNS FROM `blog_category` [ RunTime:0.0101s ]
SQL: SELECT * FROM `blog_category`  [ RunTime:0.0004s ]

[ 2018-08-17T23:56:03+08:00 ] ::1 /blog/index.php/User/callback/type/sina.html?code=3ec94e93e634a517dfbdc66a36aa6911
INFO: [ app_init ] --START--
INFO: Run Behavior\BuildLiteBehavior [ RunTime:0.000011s ]
INFO: [ app_init ] --END-- [ RunTime:0.000419s ]
INFO: [ app_begin ] --START--
INFO: Run Behavior\ReadHtmlCacheBehavior [ RunTime:0.000411s ]
INFO: Run Behavior\CheckLangBehavior [ RunTime:0.000430s ]
INFO: [ app_begin ] --END-- [ RunTime:0.000926s ]
SQL: SHOW COLUMNS FROM `blog_category` [ RunTime:0.0088s ]
SQL: SELECT * FROM `blog_category`  [ RunTime:0.0003s ]

[ 2018-08-17T23:56:05+08:00 ] ::1 /blog/index.php/User/callback/type/sina.html?code=3ec94e93e634a517dfbdc66a36aa6911
INFO: [ app_init ] --START--
INFO: Run Behavior\BuildLiteBehavior [ RunTime:0.000011s ]
INFO: [ app_init ] --END-- [ RunTime:0.000327s ]
INFO: [ app_begin ] --START--
INFO: Run Behavior\ReadHtmlCacheBehavior [ RunTime:0.000404s ]
INFO: Run Behavior\CheckLangBehavior [ RunTime:0.000419s ]
INFO: [ app_begin ] --END-- [ RunTime:0.000907s ]
SQL: SHOW COLUMNS FROM `blog_category` [ RunTime:0.0092s ]
SQL: SELECT * FROM `blog_category`  [ RunTime:0.0004s ]

[ 2018-08-17T23:56:43+08:00 ] ::1 /blog/index.php/User/callback/type/sina.html?code=3ec94e93e634a517dfbdc66a36aa6911
INFO: [ app_init ] --START--
INFO: Run Behavior\BuildLiteBehavior [ RunTime:0.000011s ]
INFO: [ app_init ] --END-- [ RunTime:0.000351s ]
INFO: [ app_begin ] --START--
INFO: Run Behavior\ReadHtmlCacheBehavior [ RunTime:0.000411s ]
INFO: Run Behavior\CheckLangBehavior [ RunTime:0.000433s ]
INFO: [ app_begin ] --END-- [ RunTime:0.000930s ]
SQL: SHOW COLUMNS FROM `blog_category` [ RunTime:0.0090s ]
SQL: SELECT * FROM `blog_category`  [ RunTime:0.0004s ]

[ 2018-08-17T23:56:48+08:00 ] ::1 /blog/index.php/User/callback/type/sina.html?code=3ec94e93e634a517dfbdc66a36aa6911
INFO: [ app_init ] --START--
INFO: Run Behavior\BuildLiteBehavior [ RunTime:0.000011s ]
INFO: [ app_init ] --END-- [ RunTime:0.000327s ]
INFO: [ app_begin ] --START--
INFO: Run Behavior\ReadHtmlCacheBehavior [ RunTime:0.000400s ]
INFO: Run Behavior\CheckLangBehavior [ RunTime:0.000430s ]
INFO: [ app_begin ] --END-- [ RunTime:0.000913s ]
SQL: SHOW COLUMNS FROM `blog_category` [ RunTime:0.0090s ]
SQL: SELECT * FROM `blog_category`  [ RunTime:0.0003s ]

[ 2018-08-17T23:58:09+08:00 ] ::1 /blog/index.php/User/callback/type/sina.html?code=3ec94e93e634a517dfbdc66a36aa6911
INFO: [ app_init ] --START--
INFO: Run Behavior\BuildLiteBehavior [ RunTime:0.000011s ]
INFO: [ app_init ] --END-- [ RunTime:0.000438s ]
INFO: [ app_begin ] --START--
INFO: Run Behavior\ReadHtmlCacheBehavior [ RunTime:0.000528s ]
INFO: Run Behavior\CheckLangBehavior [ RunTime:0.000544s ]
INFO: [ app_begin ] --END-- [ RunTime:0.001173s ]
SQL: SHOW COLUMNS FROM `blog_category` [ RunTime:0.0180s ]
SQL: SELECT * FROM `blog_category`  [ RunTime:0.0003s ]
NOTIC: [8192] Non-static method Api\Controller\OauthController::qq() should not be called statically, assuming $this from incompatible context F:\phpstudy\WWW\blog\Application\Index\Controller\UserController.class.php 第 307 行.
NOTIC: [2] Missing argument 1 for Api\Controller\OauthController::qq(), called in F:\phpstudy\WWW\blog\Application\Index\Controller\UserController.class.php on line 307 and defined F:\phpstudy\WWW\blog\Application\Api\Controller\OauthController.class.php 第 5 行.

[ 2018-08-17T23:58:10+08:00 ] ::1 /blog/index.php/User/callback/type/sina.html?code=3ec94e93e634a517dfbdc66a36aa6911
INFO: [ app_init ] --START--
INFO: Run Behavior\BuildLiteBehavior [ RunTime:0.000012s ]
INFO: [ app_init ] --END-- [ RunTime:0.000354s ]
INFO: [ app_begin ] --START--
INFO: Run Behavior\ReadHtmlCacheBehavior [ RunTime:0.000435s ]
INFO: Run Behavior\CheckLangBehavior [ RunTime:0.000440s ]
INFO: [ app_begin ] --END-- [ RunTime:0.000960s ]
SQL: SHOW COLUMNS FROM `blog_category` [ RunTime:0.0095s ]
SQL: SELECT * FROM `blog_category`  [ RunTime:0.0003s ]
NOTIC: [8192] Non-static method Api\Controller\OauthController::qq() should not be called statically, assuming $this from incompatible context F:\phpstudy\WWW\blog\Application\Index\Controller\UserController.class.php 第 307 行.
NOTIC: [2] Missing argument 1 for Api\Controller\OauthController::qq(), called in F:\phpstudy\WWW\blog\Application\Index\Controller\UserController.class.php on line 307 and defined F:\phpstudy\WWW\blog\Application\Api\Controller\OauthController.class.php 第 5 行.

[ 2018-08-17T23:58:11+08:00 ] ::1 /blog/index.php/User/callback/type/sina.html?code=3ec94e93e634a517dfbdc66a36aa6911
INFO: [ app_init ] --START--
INFO: Run Behavior\BuildLiteBehavior [ RunTime:0.000013s ]
INFO: [ app_init ] --END-- [ RunTime:0.000415s ]
INFO: [ app_begin ] --START--
INFO: Run Behavior\ReadHtmlCacheBehavior [ RunTime:0.000549s ]
INFO: Run Behavior\CheckLangBehavior [ RunTime:0.000557s ]
INFO: [ app_begin ] --END-- [ RunTime:0.001247s ]
SQL: SHOW COLUMNS FROM `blog_category` [ RunTime:0.0096s ]
SQL: SELECT * FROM `blog_category`  [ RunTime:0.0004s ]
NOTIC: [8192] Non-static method Api\Controller\OauthController::qq() should not be called statically, assuming $this from incompatible context F:\phpstudy\WWW\blog\Application\Index\Controller\UserController.class.php 第 307 行.
NOTIC: [2] Missing argument 1 for Api\Controller\OauthController::qq(), called in F:\phpstudy\WWW\blog\Application\Index\Controller\UserController.class.php on line 307 and defined F:\phpstudy\WWW\blog\Application\Api\Controller\OauthController.class.php 第 5 行.

[ 2018-08-17T23:58:12+08:00 ] ::1 /blog/index.php/User/callback/type/sina.html?code=3ec94e93e634a517dfbdc66a36aa6911
INFO: [ app_init ] --START--
INFO: Run Behavior\BuildLiteBehavior [ RunTime:0.000010s ]
INFO: [ app_init ] --END-- [ RunTime:0.000413s ]
INFO: [ app_begin ] --START--
INFO: Run Behavior\ReadHtmlCacheBehavior [ RunTime:0.000465s ]
INFO: Run Behavior\CheckLangBehavior [ RunTime:0.000498s ]
INFO: [ app_begin ] --END-- [ RunTime:0.001057s ]
SQL: SHOW COLUMNS FROM `blog_category` [ RunTime:0.0098s ]
SQL: SELECT * FROM `blog_category`  [ RunTime:0.0003s ]
NOTIC: [8192] Non-static method Api\Controller\OauthController::qq() should not be called statically, assuming $this from incompatible context F:\phpstudy\WWW\blog\Application\Index\Controller\UserController.class.php 第 307 行.
NOTIC: [2] Missing argument 1 for Api\Controller\OauthController::qq(), called in F:\phpstudy\WWW\blog\Application\Index\Controller\UserController.class.php on line 307 and defined F:\phpstudy\WWW\blog\Application\Api\Controller\OauthController.class.php 第 5 行.

[ 2018-08-17T23:58:26+08:00 ] ::1 /blog/index.php/User/callback/type/sina.html?code=3ec94e93e634a517dfbdc66a36aa6911
INFO: [ app_init ] --START--
INFO: Run Behavior\BuildLiteBehavior [ RunTime:0.000011s ]
INFO: [ app_init ] --END-- [ RunTime:0.000333s ]
INFO: [ app_begin ] --START--
INFO: Run Behavior\ReadHtmlCacheBehavior [ RunTime:0.000411s ]
INFO: Run Behavior\CheckLangBehavior [ RunTime:0.000434s ]
INFO: [ app_begin ] --END-- [ RunTime:0.000930s ]
SQL: SHOW COLUMNS FROM `blog_category` [ RunTime:0.0092s ]
SQL: SELECT * FROM `blog_category`  [ RunTime:0.0004s ]
NOTIC: [8192] Non-static method Api\Controller\OauthController::qq() should not be called statically, assuming $this from incompatible context F:\phpstudy\WWW\blog\Application\Index\Controller\UserController.class.php 第 307 行.
NOTIC: [2] Missing argument 1 for Api\Controller\OauthController::qq(), called in F:\phpstudy\WWW\blog\Application\Index\Controller\UserController.class.php on line 307 and defined F:\phpstudy\WWW\blog\Application\Api\Controller\OauthController.class.php 第 5 行.

[ 2018-08-17T23:59:01+08:00 ] ::1 /blog/index.php/User/callback/type/sina.html?code=3ec94e93e634a517dfbdc66a36aa6911
INFO: [ app_init ] --START--
INFO: Run Behavior\BuildLiteBehavior [ RunTime:0.000012s ]
INFO: [ app_init ] --END-- [ RunTime:0.000337s ]
INFO: [ app_begin ] --START--
INFO: Run Behavior\ReadHtmlCacheBehavior [ RunTime:0.000407s ]
INFO: Run Behavior\CheckLangBehavior [ RunTime:0.015201s ]
INFO: [ app_begin ] --END-- [ RunTime:0.015704s ]
SQL: SHOW COLUMNS FROM `blog_category` [ RunTime:0.0094s ]
SQL: SELECT * FROM `blog_category`  [ RunTime:0.0003s ]
NOTIC: [8192] Non-static method Api\Controller\OauthController::qq() should not be called statically, assuming $this from incompatible context F:\phpstudy\WWW\blog\Application\Index\Controller\UserController.class.php 第 307 行.
NOTIC: [2] Missing argument 1 for Api\Controller\OauthController::qq(), called in F:\phpstudy\WWW\blog\Application\Index\Controller\UserController.class.php on line 307 and defined F:\phpstudy\WWW\blog\Application\Api\Controller\OauthController.class.php 第 7 行.
NOTIC: [8] Undefined variable: token F:\phpstudy\WWW\blog\Application\Api\Controller\OauthController.class.php 第 9 行.

