[ 2018-06-26T11:11:24+08:00 ] 192.168.1.241 /blog/
INFO: [ app_init ] --START--
INFO: Run Behavior\BuildLiteBehavior [ RunTime:0.000000s ]
INFO: [ app_init ] --END-- [ RunTime:0.000500s ]
INFO: [ app_begin ] --START--
INFO: Run Behavior\ReadHtmlCacheBehavior [ RunTime:0.000500s ]
INFO: Run Behavior\CheckLangBehavior [ RunTime:0.000500s ]
INFO: [ app_begin ] --END-- [ RunTime:0.001000s ]
SQL: SHOW COLUMNS FROM `blog_category` [ RunTime:0.0070s ]
SQL: SELECT * FROM `blog_category`  [ RunTime:0.0005s ]
SQL: SHOW COLUMNS FROM `blog_act` [ RunTime:0.0075s ]
SQL: SELECT blog_act.*,blog_category.name,blog_users.nickname,blog_users.head,blog_users.pageurl FROM `blog_act` INNER JOIN blog_users ON blog_users.userid = blog_act.usersid INNER JOIN blog_category ON blog_category.id = blog_act.sid  ORDER BY id desc LIMIT 0,30   [ RunTime:0.0020s ]
INFO: [ view_parse ] --START--
INFO: [ template_filter ] --START--
INFO: Run Behavior\ContentReplaceBehavior [ RunTime:0.000000s ]
INFO: [ template_filter ] --END-- [ RunTime:0.000000s ]
NOTIC: [8] Undefined variable: current F:\phpstudy\WWW\Blog\Application\Runtime\Cache\Index\5f343310d4a83e1c2f6d4e5a6181e90a.php 第 13 行.
NOTIC: [8] Undefined variable: webcConfig F:\phpstudy\WWW\Blog\Application\Runtime\Cache\Index\5f343310d4a83e1c2f6d4e5a6181e90a.php 第 13 行.
NOTIC: [8] Undefined variable: search F:\phpstudy\WWW\Blog\Application\Runtime\Cache\Index\5f343310d4a83e1c2f6d4e5a6181e90a.php 第 110 行.
INFO: Run Behavior\ParseTemplateBehavior [ RunTime:0.024503s ]
INFO: [ view_parse ] --END-- [ RunTime:0.024503s ]
INFO: [ view_filter ] --START--
INFO: Run Behavior\WriteHtmlCacheBehavior [ RunTime:0.000000s ]
INFO: [ view_filter ] --END-- [ RunTime:0.000000s ]
INFO: [ app_end ] --START--
INFO: Run Behavior\ShowPageTraceBehavior [ RunTime:0.000000s ]
INFO: [ app_end ] --END-- [ RunTime:0.000000s ]

[ 2018-06-26T11:11:30+08:00 ] 192.168.1.241 /blog/index.php/Article/Index/id/49.html
INFO: [ app_init ] --START--
INFO: Run Behavior\BuildLiteBehavior [ RunTime:0.000000s ]
INFO: [ app_init ] --END-- [ RunTime:0.000500s ]
INFO: [ app_begin ] --START--
INFO: Run Behavior\ReadHtmlCacheBehavior [ RunTime:0.000500s ]
INFO: Run Behavior\CheckLangBehavior [ RunTime:0.000500s ]
INFO: [ app_begin ] --END-- [ RunTime:0.001000s ]
SQL: SHOW COLUMNS FROM `blog_category` [ RunTime:0.0125s ]
SQL: SELECT * FROM `blog_category`  [ RunTime:0.0005s ]
SQL: SHOW COLUMNS FROM `blog_act` [ RunTime:0.0085s ]
SQL: SELECT blog_act.*,blog_category.name,blog_users.nickname,blog_users.head,blog_users.pageurl FROM `blog_act` INNER JOIN blog_users ON blog_users.userid = blog_act.usersid INNER JOIN blog_category ON blog_category.id = blog_act.sid  WHERE ( blog_act.id= 49 ) LIMIT 1   [ RunTime:0.0005s ]
INFO: [ view_parse ] --START--
INFO: [ template_filter ] --START--
INFO: Run Behavior\ContentReplaceBehavior [ RunTime:0.001000s ]
INFO: [ template_filter ] --END-- [ RunTime:0.001000s ]
NOTIC: [8] Undefined variable: current F:\phpstudy\WWW\Blog\Application\Runtime\Cache\Index\cca75959360efe1272a8b4838332e33c.php 第 13 行.
NOTIC: [8] Undefined variable: webcConfig F:\phpstudy\WWW\Blog\Application\Runtime\Cache\Index\cca75959360efe1272a8b4838332e33c.php 第 13 行.
NOTIC: [8] Undefined variable: search F:\phpstudy\WWW\Blog\Application\Runtime\Cache\Index\cca75959360efe1272a8b4838332e33c.php 第 110 行.
NOTIC: [8] Undefined variable: val F:\phpstudy\WWW\Blog\Application\Runtime\Cache\Index\cca75959360efe1272a8b4838332e33c.php 第 331 行.
INFO: Run Behavior\ParseTemplateBehavior [ RunTime:0.075510s ]
INFO: [ view_parse ] --END-- [ RunTime:0.075510s ]
INFO: [ view_filter ] --START--
INFO: Run Behavior\WriteHtmlCacheBehavior [ RunTime:0.000000s ]
INFO: [ view_filter ] --END-- [ RunTime:0.000000s ]
INFO: [ app_end ] --START--
INFO: Run Behavior\ShowPageTraceBehavior [ RunTime:0.001000s ]
INFO: [ app_end ] --END-- [ RunTime:0.001000s ]

[ 2018-06-26T11:11:39+08:00 ] 192.168.1.241 /blog/index.php/Article/Index/id/User/login
INFO: [ app_init ] --START--
INFO: Run Behavior\BuildLiteBehavior [ RunTime:0.000000s ]
INFO: [ app_init ] --END-- [ RunTime:0.000000s ]
INFO: [ app_begin ] --START--
INFO: Run Behavior\ReadHtmlCacheBehavior [ RunTime:0.000500s ]
INFO: Run Behavior\CheckLangBehavior [ RunTime:0.000500s ]
INFO: [ app_begin ] --END-- [ RunTime:0.001000s ]
SQL: SHOW COLUMNS FROM `blog_category` [ RunTime:0.0050s ]
SQL: SELECT * FROM `blog_category`  [ RunTime:0.0005s ]
SQL: SHOW COLUMNS FROM `blog_act` [ RunTime:0.0065s ]
SQL: SELECT blog_act.*,blog_category.name,blog_users.nickname,blog_users.head,blog_users.pageurl FROM `blog_act` INNER JOIN blog_users ON blog_users.userid = blog_act.usersid INNER JOIN blog_category ON blog_category.id = blog_act.sid  WHERE ( blog_act.id= 0 ) LIMIT 1   [ RunTime:0.0000s ]
INFO: [ view_parse ] --START--
INFO: [ template_filter ] --START--
INFO: Run Behavior\ContentReplaceBehavior [ RunTime:0.001000s ]
INFO: [ template_filter ] --END-- [ RunTime:0.001000s ]
NOTIC: [8] Undefined variable: current F:\phpstudy\WWW\Blog\Application\Runtime\Cache\Index\cca75959360efe1272a8b4838332e33c.php 第 13 行.
NOTIC: [8] Undefined variable: webcConfig F:\phpstudy\WWW\Blog\Application\Runtime\Cache\Index\cca75959360efe1272a8b4838332e33c.php 第 13 行.
NOTIC: [8] Undefined variable: search F:\phpstudy\WWW\Blog\Application\Runtime\Cache\Index\cca75959360efe1272a8b4838332e33c.php 第 110 行.
NOTIC: [8] Undefined variable: val F:\phpstudy\WWW\Blog\Application\Runtime\Cache\Index\cca75959360efe1272a8b4838332e33c.php 第 331 行.
INFO: Run Behavior\ParseTemplateBehavior [ RunTime:0.045005s ]
INFO: [ view_parse ] --END-- [ RunTime:0.045005s ]
INFO: [ view_filter ] --START--
INFO: Run Behavior\WriteHtmlCacheBehavior [ RunTime:0.000000s ]
INFO: [ view_filter ] --END-- [ RunTime:0.000000s ]
INFO: [ app_end ] --START--
INFO: Run Behavior\ShowPageTraceBehavior [ RunTime:0.000500s ]
INFO: [ app_end ] --END-- [ RunTime:0.000500s ]

[ 2018-06-26T11:11:44+08:00 ] 192.168.1.241 /blog/index.php/Article/Index/id/49.html
INFO: [ app_init ] --START--
INFO: Run Behavior\BuildLiteBehavior [ RunTime:0.000000s ]
INFO: [ app_init ] --END-- [ RunTime:0.000500s ]
INFO: [ app_begin ] --START--
INFO: Run Behavior\ReadHtmlCacheBehavior [ RunTime:0.000500s ]
INFO: Run Behavior\CheckLangBehavior [ RunTime:0.000000s ]
INFO: [ app_begin ] --END-- [ RunTime:0.000500s ]
SQL: SHOW COLUMNS FROM `blog_category` [ RunTime:0.0090s ]
SQL: SELECT * FROM `blog_category`  [ RunTime:0.0005s ]
SQL: SHOW COLUMNS FROM `blog_act` [ RunTime:0.0065s ]
SQL: SELECT blog_act.*,blog_category.name,blog_users.nickname,blog_users.head,blog_users.pageurl FROM `blog_act` INNER JOIN blog_users ON blog_users.userid = blog_act.usersid INNER JOIN blog_category ON blog_category.id = blog_act.sid  WHERE ( blog_act.id= 49 ) LIMIT 1   [ RunTime:0.0005s ]
INFO: [ view_parse ] --START--
INFO: [ template_filter ] --START--
INFO: Run Behavior\ContentReplaceBehavior [ RunTime:0.001000s ]
INFO: [ template_filter ] --END-- [ RunTime:0.001000s ]
NOTIC: [8] Undefined variable: current F:\phpstudy\WWW\Blog\Application\Runtime\Cache\Index\cca75959360efe1272a8b4838332e33c.php 第 13 行.
NOTIC: [8] Undefined variable: webcConfig F:\phpstudy\WWW\Blog\Application\Runtime\Cache\Index\cca75959360efe1272a8b4838332e33c.php 第 13 行.
NOTIC: [8] Undefined variable: search F:\phpstudy\WWW\Blog\Application\Runtime\Cache\Index\cca75959360efe1272a8b4838332e33c.php 第 110 行.
NOTIC: [8] Undefined variable: val F:\phpstudy\WWW\Blog\Application\Runtime\Cache\Index\cca75959360efe1272a8b4838332e33c.php 第 331 行.
INFO: Run Behavior\ParseTemplateBehavior [ RunTime:0.046506s ]
INFO: [ view_parse ] --END-- [ RunTime:0.046506s ]
INFO: [ view_filter ] --START--
INFO: Run Behavior\WriteHtmlCacheBehavior [ RunTime:0.000500s ]
INFO: [ view_filter ] --END-- [ RunTime:0.000500s ]
INFO: [ app_end ] --START--
INFO: Run Behavior\ShowPageTraceBehavior [ RunTime:0.000000s ]
INFO: [ app_end ] --END-- [ RunTime:0.000000s ]

[ 2018-06-26T11:11:53+08:00 ] 192.168.1.241 /blog/index.php/Article/Index/id/User/login
INFO: [ app_init ] --START--
INFO: Run Behavior\BuildLiteBehavior [ RunTime:0.000000s ]
INFO: [ app_init ] --END-- [ RunTime:0.000500s ]
INFO: [ app_begin ] --START--
INFO: Run Behavior\ReadHtmlCacheBehavior [ RunTime:0.000000s ]
INFO: Run Behavior\CheckLangBehavior [ RunTime:0.000500s ]
INFO: [ app_begin ] --END-- [ RunTime:0.000500s ]
SQL: SHOW COLUMNS FROM `blog_category` [ RunTime:0.0070s ]
SQL: SELECT * FROM `blog_category`  [ RunTime:0.0005s ]
SQL: SHOW COLUMNS FROM `blog_act` [ RunTime:0.0055s ]
SQL: SELECT blog_act.*,blog_category.name,blog_users.nickname,blog_users.head,blog_users.pageurl FROM `blog_act` INNER JOIN blog_users ON blog_users.userid = blog_act.usersid INNER JOIN blog_category ON blog_category.id = blog_act.sid  WHERE ( blog_act.id= 0 ) LIMIT 1   [ RunTime:0.0005s ]
INFO: [ view_parse ] --START--
INFO: [ template_filter ] --START--
INFO: Run Behavior\ContentReplaceBehavior [ RunTime:0.000500s ]
INFO: [ template_filter ] --END-- [ RunTime:0.001000s ]
NOTIC: [8] Undefined variable: current F:\phpstudy\WWW\Blog\Application\Runtime\Cache\Index\cca75959360efe1272a8b4838332e33c.php 第 13 行.
NOTIC: [8] Undefined variable: webcConfig F:\phpstudy\WWW\Blog\Application\Runtime\Cache\Index\cca75959360efe1272a8b4838332e33c.php 第 13 行.
NOTIC: [8] Undefined variable: search F:\phpstudy\WWW\Blog\Application\Runtime\Cache\Index\cca75959360efe1272a8b4838332e33c.php 第 110 行.
NOTIC: [8] Undefined variable: val F:\phpstudy\WWW\Blog\Application\Runtime\Cache\Index\cca75959360efe1272a8b4838332e33c.php 第 331 行.
INFO: Run Behavior\ParseTemplateBehavior [ RunTime:0.044506s ]
INFO: [ view_parse ] --END-- [ RunTime:0.044506s ]
INFO: [ view_filter ] --START--
INFO: Run Behavior\WriteHtmlCacheBehavior [ RunTime:0.000500s ]
INFO: [ view_filter ] --END-- [ RunTime:0.000500s ]
INFO: [ app_end ] --START--
INFO: Run Behavior\ShowPageTraceBehavior [ RunTime:0.000000s ]
INFO: [ app_end ] --END-- [ RunTime:0.000000s ]

[ 2018-06-26T11:11:56+08:00 ] 192.168.1.241 /blog/index.php/Article/Index/id/49.html
INFO: [ app_init ] --START--
INFO: Run Behavior\BuildLiteBehavior [ RunTime:0.000000s ]
INFO: [ app_init ] --END-- [ RunTime:0.000000s ]
INFO: [ app_begin ] --START--
INFO: Run Behavior\ReadHtmlCacheBehavior [ RunTime:0.001000s ]
INFO: Run Behavior\CheckLangBehavior [ RunTime:0.000000s ]
INFO: [ app_begin ] --END-- [ RunTime:0.001500s ]
SQL: SHOW COLUMNS FROM `blog_category` [ RunTime:0.0070s ]
SQL: SELECT * FROM `blog_category`  [ RunTime:0.0010s ]
SQL: SHOW COLUMNS FROM `blog_act` [ RunTime:0.0105s ]
SQL: SELECT blog_act.*,blog_category.name,blog_users.nickname,blog_users.head,blog_users.pageurl FROM `blog_act` INNER JOIN blog_users ON blog_users.userid = blog_act.usersid INNER JOIN blog_category ON blog_category.id = blog_act.sid  WHERE ( blog_act.id= 49 ) LIMIT 1   [ RunTime:0.0005s ]
INFO: [ view_parse ] --START--
INFO: [ template_filter ] --START--
INFO: Run Behavior\ContentReplaceBehavior [ RunTime:0.001000s ]
INFO: [ template_filter ] --END-- [ RunTime:0.001000s ]
NOTIC: [8] Undefined variable: current F:\phpstudy\WWW\Blog\Application\Runtime\Cache\Index\cca75959360efe1272a8b4838332e33c.php 第 13 行.
NOTIC: [8] Undefined variable: webcConfig F:\phpstudy\WWW\Blog\Application\Runtime\Cache\Index\cca75959360efe1272a8b4838332e33c.php 第 13 行.
NOTIC: [8] Undefined variable: search F:\phpstudy\WWW\Blog\Application\Runtime\Cache\Index\cca75959360efe1272a8b4838332e33c.php 第 110 行.
NOTIC: [8] Undefined variable: val F:\phpstudy\WWW\Blog\Application\Runtime\Cache\Index\cca75959360efe1272a8b4838332e33c.php 第 331 行.
INFO: Run Behavior\ParseTemplateBehavior [ RunTime:0.049506s ]
INFO: [ view_parse ] --END-- [ RunTime:0.049506s ]
INFO: [ view_filter ] --START--
INFO: Run Behavior\WriteHtmlCacheBehavior [ RunTime:0.000500s ]
INFO: [ view_filter ] --END-- [ RunTime:0.000500s ]
INFO: [ app_end ] --START--
INFO: Run Behavior\ShowPageTraceBehavior [ RunTime:0.000500s ]
INFO: [ app_end ] --END-- [ RunTime:0.000500s ]

[ 2018-06-26T11:12:05+08:00 ] 192.168.1.241 /blog/index.php/
INFO: [ app_init ] --START--
INFO: Run Behavior\BuildLiteBehavior [ RunTime:0.000000s ]
INFO: [ app_init ] --END-- [ RunTime:0.000500s ]
INFO: [ app_begin ] --START--
INFO: Run Behavior\ReadHtmlCacheBehavior [ RunTime:0.000500s ]
INFO: Run Behavior\CheckLangBehavior [ RunTime:0.000000s ]
INFO: [ app_begin ] --END-- [ RunTime:0.000500s ]
SQL: SHOW COLUMNS FROM `blog_category` [ RunTime:0.0060s ]
SQL: SELECT * FROM `blog_category`  [ RunTime:0.0000s ]
SQL: SHOW COLUMNS FROM `blog_act` [ RunTime:0.0055s ]
SQL: SELECT blog_act.*,blog_category.name,blog_users.nickname,blog_users.head,blog_users.pageurl FROM `blog_act` INNER JOIN blog_users ON blog_users.userid = blog_act.usersid INNER JOIN blog_category ON blog_category.id = blog_act.sid  ORDER BY id desc LIMIT 0,30   [ RunTime:0.0010s ]
INFO: [ view_parse ] --START--
INFO: [ template_filter ] --START--
INFO: Run Behavior\ContentReplaceBehavior [ RunTime:0.000000s ]
INFO: [ template_filter ] --END-- [ RunTime:0.000000s ]
NOTIC: [8] Undefined variable: current F:\phpstudy\WWW\Blog\Application\Runtime\Cache\Index\5f343310d4a83e1c2f6d4e5a6181e90a.php 第 13 行.
NOTIC: [8] Undefined variable: webcConfig F:\phpstudy\WWW\Blog\Application\Runtime\Cache\Index\5f343310d4a83e1c2f6d4e5a6181e90a.php 第 13 行.
NOTIC: [8] Undefined variable: search F:\phpstudy\WWW\Blog\Application\Runtime\Cache\Index\5f343310d4a83e1c2f6d4e5a6181e90a.php 第 110 行.
INFO: Run Behavior\ParseTemplateBehavior [ RunTime:0.017002s ]
INFO: [ view_parse ] --END-- [ RunTime:0.017002s ]
INFO: [ view_filter ] --START--
INFO: Run Behavior\WriteHtmlCacheBehavior [ RunTime:0.000500s ]
INFO: [ view_filter ] --END-- [ RunTime:0.000500s ]
INFO: [ app_end ] --START--
INFO: Run Behavior\ShowPageTraceBehavior [ RunTime:0.000500s ]
INFO: [ app_end ] --END-- [ RunTime:0.000500s ]

[ 2018-06-26T11:12:20+08:00 ] 192.168.1.241 /blog/index.php/User/login
INFO: [ app_init ] --START--
INFO: Run Behavior\BuildLiteBehavior [ RunTime:0.000000s ]
INFO: [ app_init ] --END-- [ RunTime:0.000500s ]
INFO: [ app_begin ] --START--
INFO: Run Behavior\ReadHtmlCacheBehavior [ RunTime:0.000500s ]
INFO: Run Behavior\CheckLangBehavior [ RunTime:0.000500s ]
INFO: [ app_begin ] --END-- [ RunTime:0.001000s ]
SQL: SHOW COLUMNS FROM `blog_category` [ RunTime:0.0090s ]
SQL: SELECT * FROM `blog_category`  [ RunTime:0.0005s ]
SQL: SHOW COLUMNS FROM `blog_users` [ RunTime:0.0120s ]
NOTIC: [2] Illegal offset type in isset or empty F:\phpstudy\WWW\ThinkPHP\Library\Think\Model.class.php 第 1015 行.
NOTIC: [8] Undefined index: validate F:\phpstudy\WWW\ThinkPHP\Library\Think\Model.class.php 第 1185 行.
NOTIC: [8] Undefined index: auto F:\phpstudy\WWW\ThinkPHP\Library\Think\Model.class.php 第 1128 行.
SQL: SELECT `userid`,`username`,`nickname`,`password`,`lastdate`,`lastip` FROM `blog_users` WHERE `username` = 'root' LIMIT 1   [ RunTime:0.0005s ]
INFO: [ view_parse ] --START--
INFO: [ template_filter ] --START--
INFO: Run Behavior\ContentReplaceBehavior [ RunTime:0.000000s ]
INFO: [ template_filter ] --END-- [ RunTime:0.000000s ]
INFO: Run Behavior\ParseTemplateBehavior [ RunTime:0.018503s ]
INFO: [ view_parse ] --END-- [ RunTime:0.018503s ]
INFO: [ view_filter ] --START--
INFO: Run Behavior\WriteHtmlCacheBehavior [ RunTime:0.000000s ]
INFO: [ view_filter ] --END-- [ RunTime:0.000000s ]

[ 2018-06-26T11:12:24+08:00 ] 192.168.1.241 /blog/index.php/
INFO: [ app_init ] --START--
INFO: Run Behavior\BuildLiteBehavior [ RunTime:0.000000s ]
INFO: [ app_init ] --END-- [ RunTime:0.000500s ]
INFO: [ app_begin ] --START--
INFO: Run Behavior\ReadHtmlCacheBehavior [ RunTime:0.000500s ]
INFO: Run Behavior\CheckLangBehavior [ RunTime:0.000500s ]
INFO: [ app_begin ] --END-- [ RunTime:0.001000s ]
SQL: SHOW COLUMNS FROM `blog_category` [ RunTime:0.0070s ]
SQL: SELECT * FROM `blog_category`  [ RunTime:0.0005s ]
SQL: SHOW COLUMNS FROM `blog_act` [ RunTime:0.0055s ]
SQL: SELECT blog_act.*,blog_category.name,blog_users.nickname,blog_users.head,blog_users.pageurl FROM `blog_act` INNER JOIN blog_users ON blog_users.userid = blog_act.usersid INNER JOIN blog_category ON blog_category.id = blog_act.sid  ORDER BY id desc LIMIT 0,30   [ RunTime:0.0010s ]
INFO: [ view_parse ] --START--
INFO: [ template_filter ] --START--
INFO: Run Behavior\ContentReplaceBehavior [ RunTime:0.000000s ]
INFO: [ template_filter ] --END-- [ RunTime:0.000000s ]
NOTIC: [8] Undefined variable: current F:\phpstudy\WWW\Blog\Application\Runtime\Cache\Index\5f343310d4a83e1c2f6d4e5a6181e90a.php 第 13 行.
NOTIC: [8] Undefined variable: webcConfig F:\phpstudy\WWW\Blog\Application\Runtime\Cache\Index\5f343310d4a83e1c2f6d4e5a6181e90a.php 第 13 行.
NOTIC: [8] Undefined variable: search F:\phpstudy\WWW\Blog\Application\Runtime\Cache\Index\5f343310d4a83e1c2f6d4e5a6181e90a.php 第 110 行.
INFO: Run Behavior\ParseTemplateBehavior [ RunTime:0.017502s ]
INFO: [ view_parse ] --END-- [ RunTime:0.017502s ]
INFO: [ view_filter ] --START--
INFO: Run Behavior\WriteHtmlCacheBehavior [ RunTime:0.000000s ]
INFO: [ view_filter ] --END-- [ RunTime:0.000000s ]
INFO: [ app_end ] --START--
INFO: Run Behavior\ShowPageTraceBehavior [ RunTime:0.000000s ]
INFO: [ app_end ] --END-- [ RunTime:0.000000s ]

[ 2018-06-26T11:12:36+08:00 ] 192.168.1.241 /blog/
INFO: [ app_init ] --START--
INFO: Run Behavior\BuildLiteBehavior [ RunTime:0.000000s ]
INFO: [ app_init ] --END-- [ RunTime:0.000000s ]
INFO: [ app_begin ] --START--
INFO: Run Behavior\ReadHtmlCacheBehavior [ RunTime:0.000000s ]
INFO: Run Behavior\CheckLangBehavior [ RunTime:0.000500s ]
INFO: [ app_begin ] --END-- [ RunTime:0.000500s ]
SQL: SHOW COLUMNS FROM `blog_category` [ RunTime:0.0060s ]
SQL: SELECT * FROM `blog_category`  [ RunTime:0.0005s ]
SQL: SHOW COLUMNS FROM `blog_act` [ RunTime:0.0080s ]
SQL: SELECT blog_act.*,blog_category.name,blog_users.nickname,blog_users.head,blog_users.pageurl FROM `blog_act` INNER JOIN blog_users ON blog_users.userid = blog_act.usersid INNER JOIN blog_category ON blog_category.id = blog_act.sid  ORDER BY id desc LIMIT 0,30   [ RunTime:0.0010s ]
INFO: [ view_parse ] --START--
INFO: [ template_filter ] --START--
INFO: Run Behavior\ContentReplaceBehavior [ RunTime:0.000500s ]
INFO: [ template_filter ] --END-- [ RunTime:0.000500s ]
NOTIC: [8] Undefined variable: current F:\phpstudy\WWW\Blog\Application\Runtime\Cache\Index\5f343310d4a83e1c2f6d4e5a6181e90a.php 第 13 行.
NOTIC: [8] Undefined variable: webcConfig F:\phpstudy\WWW\Blog\Application\Runtime\Cache\Index\5f343310d4a83e1c2f6d4e5a6181e90a.php 第 13 行.
NOTIC: [8] Undefined variable: search F:\phpstudy\WWW\Blog\Application\Runtime\Cache\Index\5f343310d4a83e1c2f6d4e5a6181e90a.php 第 110 行.
INFO: Run Behavior\ParseTemplateBehavior [ RunTime:0.017002s ]
INFO: [ view_parse ] --END-- [ RunTime:0.017002s ]
INFO: [ view_filter ] --START--
INFO: Run Behavior\WriteHtmlCacheBehavior [ RunTime:0.000000s ]
INFO: [ view_filter ] --END-- [ RunTime:0.000000s ]
INFO: [ app_end ] --START--
INFO: Run Behavior\ShowPageTraceBehavior [ RunTime:0.000000s ]
INFO: [ app_end ] --END-- [ RunTime:0.000500s ]

[ 2018-06-26T11:12:42+08:00 ] 192.168.1.241 /blog/index.php
INFO: [ app_init ] --START--
INFO: Run Behavior\BuildLiteBehavior [ RunTime:0.000000s ]
INFO: [ app_init ] --END-- [ RunTime:0.000500s ]
INFO: [ app_begin ] --START--
INFO: Run Behavior\ReadHtmlCacheBehavior [ RunTime:0.001000s ]
INFO: Run Behavior\CheckLangBehavior [ RunTime:0.000500s ]
INFO: [ app_begin ] --END-- [ RunTime:0.001500s ]
SQL: SHOW COLUMNS FROM `blog_category` [ RunTime:0.0095s ]
SQL: SELECT * FROM `blog_category`  [ RunTime:0.0005s ]
SQL: SHOW COLUMNS FROM `blog_act` [ RunTime:0.0080s ]
SQL: SELECT blog_act.*,blog_category.name,blog_users.nickname,blog_users.head,blog_users.pageurl FROM `blog_act` INNER JOIN blog_users ON blog_users.userid = blog_act.usersid INNER JOIN blog_category ON blog_category.id = blog_act.sid  ORDER BY id desc LIMIT 0,30   [ RunTime:0.0010s ]
INFO: [ view_parse ] --START--
INFO: [ template_filter ] --START--
INFO: Run Behavior\ContentReplaceBehavior [ RunTime:0.000000s ]
INFO: [ template_filter ] --END-- [ RunTime:0.000000s ]
NOTIC: [8] Undefined variable: current F:\phpstudy\WWW\Blog\Application\Runtime\Cache\Index\5f343310d4a83e1c2f6d4e5a6181e90a.php 第 13 行.
NOTIC: [8] Undefined variable: webcConfig F:\phpstudy\WWW\Blog\Application\Runtime\Cache\Index\5f343310d4a83e1c2f6d4e5a6181e90a.php 第 13 行.
NOTIC: [8] Undefined variable: search F:\phpstudy\WWW\Blog\Application\Runtime\Cache\Index\5f343310d4a83e1c2f6d4e5a6181e90a.php 第 110 行.
INFO: Run Behavior\ParseTemplateBehavior [ RunTime:0.017002s ]
INFO: [ view_parse ] --END-- [ RunTime:0.017002s ]
INFO: [ view_filter ] --START--
INFO: Run Behavior\WriteHtmlCacheBehavior [ RunTime:0.000000s ]
INFO: [ view_filter ] --END-- [ RunTime:0.000000s ]
INFO: [ app_end ] --START--
INFO: Run Behavior\ShowPageTraceBehavior [ RunTime:0.000500s ]
INFO: [ app_end ] --END-- [ RunTime:0.000500s ]

[ 2018-06-26T11:12:50+08:00 ] 192.168.1.241 /blog/index.php
INFO: [ app_init ] --START--
INFO: Run Behavior\BuildLiteBehavior [ RunTime:0.000000s ]
INFO: [ app_init ] --END-- [ RunTime:0.000500s ]
INFO: [ app_begin ] --START--
INFO: Run Behavior\ReadHtmlCacheBehavior [ RunTime:0.000500s ]
INFO: Run Behavior\CheckLangBehavior [ RunTime:0.000000s ]
INFO: [ app_begin ] --END-- [ RunTime:0.000500s ]
SQL: SHOW COLUMNS FROM `blog_category` [ RunTime:0.0095s ]
SQL: SELECT * FROM `blog_category`  [ RunTime:0.0005s ]
SQL: SHOW COLUMNS FROM `blog_act` [ RunTime:0.0090s ]
SQL: SELECT blog_act.*,blog_category.name,blog_users.nickname,blog_users.head,blog_users.pageurl FROM `blog_act` INNER JOIN blog_users ON blog_users.userid = blog_act.usersid INNER JOIN blog_category ON blog_category.id = blog_act.sid  ORDER BY id desc LIMIT 0,30   [ RunTime:0.0010s ]
INFO: [ view_parse ] --START--
INFO: [ template_filter ] --START--
INFO: Run Behavior\ContentReplaceBehavior [ RunTime:0.000500s ]
INFO: [ template_filter ] --END-- [ RunTime:0.000500s ]
NOTIC: [8] Undefined variable: current F:\phpstudy\WWW\Blog\Application\Runtime\Cache\Index\5f343310d4a83e1c2f6d4e5a6181e90a.php 第 13 行.
NOTIC: [8] Undefined variable: webcConfig F:\phpstudy\WWW\Blog\Application\Runtime\Cache\Index\5f343310d4a83e1c2f6d4e5a6181e90a.php 第 13 行.
NOTIC: [8] Undefined variable: search F:\phpstudy\WWW\Blog\Application\Runtime\Cache\Index\5f343310d4a83e1c2f6d4e5a6181e90a.php 第 110 行.
INFO: Run Behavior\ParseTemplateBehavior [ RunTime:0.016502s ]
INFO: [ view_parse ] --END-- [ RunTime:0.016502s ]
INFO: [ view_filter ] --START--
INFO: Run Behavior\WriteHtmlCacheBehavior [ RunTime:0.000000s ]
INFO: [ view_filter ] --END-- [ RunTime:0.000000s ]
INFO: [ app_end ] --START--
INFO: Run Behavior\ShowPageTraceBehavior [ RunTime:0.000000s ]
INFO: [ app_end ] --END-- [ RunTime:0.000500s ]

[ 2018-06-26T11:12:54+08:00 ] 192.168.1.241 /blog/index.php/Index
INFO: [ app_init ] --START--
INFO: Run Behavior\BuildLiteBehavior [ RunTime:0.000000s ]
INFO: [ app_init ] --END-- [ RunTime:0.000000s ]
INFO: [ app_begin ] --START--
INFO: Run Behavior\ReadHtmlCacheBehavior [ RunTime:0.000500s ]
INFO: Run Behavior\CheckLangBehavior [ RunTime:0.000000s ]
INFO: [ app_begin ] --END-- [ RunTime:0.000500s ]
SQL: SHOW COLUMNS FROM `blog_category` [ RunTime:0.0065s ]
SQL: SELECT * FROM `blog_category`  [ RunTime:0.0000s ]
SQL: SHOW COLUMNS FROM `blog_act` [ RunTime:0.0095s ]
SQL: SELECT blog_act.*,blog_category.name,blog_users.nickname,blog_users.head,blog_users.pageurl FROM `blog_act` INNER JOIN blog_users ON blog_users.userid = blog_act.usersid INNER JOIN blog_category ON blog_category.id = blog_act.sid  ORDER BY id desc LIMIT 0,30   [ RunTime:0.0015s ]
INFO: [ view_parse ] --START--
INFO: [ template_filter ] --START--
INFO: Run Behavior\ContentReplaceBehavior [ RunTime:0.000500s ]
INFO: [ template_filter ] --END-- [ RunTime:0.000500s ]
NOTIC: [8] Undefined variable: current F:\phpstudy\WWW\Blog\Application\Runtime\Cache\Index\5f343310d4a83e1c2f6d4e5a6181e90a.php 第 13 行.
NOTIC: [8] Undefined variable: webcConfig F:\phpstudy\WWW\Blog\Application\Runtime\Cache\Index\5f343310d4a83e1c2f6d4e5a6181e90a.php 第 13 行.
NOTIC: [8] Undefined variable: search F:\phpstudy\WWW\Blog\Application\Runtime\Cache\Index\5f343310d4a83e1c2f6d4e5a6181e90a.php 第 110 行.
INFO: Run Behavior\ParseTemplateBehavior [ RunTime:0.019502s ]
INFO: [ view_parse ] --END-- [ RunTime:0.019502s ]
INFO: [ view_filter ] --START--
INFO: Run Behavior\WriteHtmlCacheBehavior [ RunTime:0.000500s ]
INFO: [ view_filter ] --END-- [ RunTime:0.000500s ]
INFO: [ app_end ] --START--
INFO: Run Behavior\ShowPageTraceBehavior [ RunTime:0.000500s ]
INFO: [ app_end ] --END-- [ RunTime:0.000500s ]

[ 2018-06-26T11:13:00+08:00 ] 192.168.1.241 /blog/index.php/User/login
INFO: [ app_init ] --START--
INFO: Run Behavior\BuildLiteBehavior [ RunTime:0.000000s ]
INFO: [ app_init ] --END-- [ RunTime:0.000000s ]
INFO: [ app_begin ] --START--
INFO: Run Behavior\ReadHtmlCacheBehavior [ RunTime:0.000500s ]
INFO: Run Behavior\CheckLangBehavior [ RunTime:0.000000s ]
INFO: [ app_begin ] --END-- [ RunTime:0.000500s ]
SQL: SHOW COLUMNS FROM `blog_category` [ RunTime:0.0060s ]
SQL: SELECT * FROM `blog_category`  [ RunTime:0.0000s ]
SQL: SHOW COLUMNS FROM `blog_users` [ RunTime:0.0055s ]
NOTIC: [2] Illegal offset type in isset or empty F:\phpstudy\WWW\ThinkPHP\Library\Think\Model.class.php 第 1015 行.
NOTIC: [8] Undefined index: validate F:\phpstudy\WWW\ThinkPHP\Library\Think\Model.class.php 第 1185 行.
NOTIC: [8] Undefined index: auto F:\phpstudy\WWW\ThinkPHP\Library\Think\Model.class.php 第 1128 行.
SQL: SELECT `userid`,`username`,`nickname`,`password`,`lastdate`,`lastip` FROM `blog_users` WHERE `username` = 'root' LIMIT 1   [ RunTime:0.0000s ]
INFO: [ view_parse ] --START--
INFO: [ template_filter ] --START--
INFO: Run Behavior\ContentReplaceBehavior [ RunTime:0.000000s ]
INFO: [ template_filter ] --END-- [ RunTime:0.000000s ]
INFO: Run Behavior\ParseTemplateBehavior [ RunTime:0.004001s ]
INFO: [ view_parse ] --END-- [ RunTime:0.004001s ]
INFO: [ view_filter ] --START--
INFO: Run Behavior\WriteHtmlCacheBehavior [ RunTime:0.000000s ]
INFO: [ view_filter ] --END-- [ RunTime:0.000000s ]

[ 2018-06-26T11:13:03+08:00 ] 192.168.1.241 /blog/index.php/Index
INFO: [ app_init ] --START--
INFO: Run Behavior\BuildLiteBehavior [ RunTime:0.000000s ]
INFO: [ app_init ] --END-- [ RunTime:0.000500s ]
INFO: [ app_begin ] --START--
INFO: Run Behavior\ReadHtmlCacheBehavior [ RunTime:0.000500s ]
INFO: Run Behavior\CheckLangBehavior [ RunTime:0.000500s ]
INFO: [ app_begin ] --END-- [ RunTime:0.001000s ]
SQL: SHOW COLUMNS FROM `blog_category` [ RunTime:0.0065s ]
SQL: SELECT * FROM `blog_category`  [ RunTime:0.0015s ]
SQL: SHOW COLUMNS FROM `blog_act` [ RunTime:0.0060s ]
SQL: SELECT blog_act.*,blog_category.name,blog_users.nickname,blog_users.head,blog_users.pageurl FROM `blog_act` INNER JOIN blog_users ON blog_users.userid = blog_act.usersid INNER JOIN blog_category ON blog_category.id = blog_act.sid  ORDER BY id desc LIMIT 0,30   [ RunTime:0.0010s ]
INFO: [ view_parse ] --START--
INFO: [ template_filter ] --START--
INFO: Run Behavior\ContentReplaceBehavior [ RunTime:0.000000s ]
INFO: [ template_filter ] --END-- [ RunTime:0.000000s ]
NOTIC: [8] Undefined variable: current F:\phpstudy\WWW\Blog\Application\Runtime\Cache\Index\5f343310d4a83e1c2f6d4e5a6181e90a.php 第 13 行.
NOTIC: [8] Undefined variable: webcConfig F:\phpstudy\WWW\Blog\Application\Runtime\Cache\Index\5f343310d4a83e1c2f6d4e5a6181e90a.php 第 13 行.
NOTIC: [8] Undefined variable: search F:\phpstudy\WWW\Blog\Application\Runtime\Cache\Index\5f343310d4a83e1c2f6d4e5a6181e90a.php 第 110 行.
INFO: Run Behavior\ParseTemplateBehavior [ RunTime:0.017002s ]
INFO: [ view_parse ] --END-- [ RunTime:0.017502s ]
INFO: [ view_filter ] --START--
INFO: Run Behavior\WriteHtmlCacheBehavior [ RunTime:0.000000s ]
INFO: [ view_filter ] --END-- [ RunTime:0.000000s ]
INFO: [ app_end ] --START--
INFO: Run Behavior\ShowPageTraceBehavior [ RunTime:0.000500s ]
INFO: [ app_end ] --END-- [ RunTime:0.000500s ]

