[ 2018-07-18T14:19:16+08:00 ] ::1 /blog/
INFO: [ app_init ] --START--
INFO: Run Behavior\BuildLiteBehavior [ RunTime:0.000000s ]
INFO: [ app_init ] --END-- [ RunTime:0.001000s ]
INFO: [ app_begin ] --START--
INFO: Run Behavior\ReadHtmlCacheBehavior [ RunTime:0.000000s ]
INFO: Run Behavior\CheckLangBehavior [ RunTime:0.001000s ]
INFO: [ app_begin ] --END-- [ RunTime:0.001000s ]
SQL: SHOW COLUMNS FROM `blog_category` [ RunTime:0.0080s ]
SQL: SELECT * FROM `blog_category`  [ RunTime:0.0000s ]
SQL: SHOW COLUMNS FROM `blog_act` [ RunTime:0.0070s ]
SQL: SELECT blog_act.*,blog_category.name,blog_users.nickname,blog_users.head,blog_users.pageurl FROM `blog_act` INNER JOIN blog_users ON blog_users.id = blog_act.userid INNER JOIN blog_category ON blog_category.id = blog_act.pid  ORDER BY id desc LIMIT 0,300   [ RunTime:0.0060s ]
INFO: [ view_parse ] --START--
INFO: [ template_filter ] --START--
INFO: Run Behavior\ContentReplaceBehavior [ RunTime:0.000000s ]
INFO: [ template_filter ] --END-- [ RunTime:0.000000s ]
NOTIC: [8] Undefined variable: search F:\phpstudy\WWW\blog\Application\Runtime\Cache\Index\5f343310d4a83e1c2f6d4e5a6181e90a.php 第 111 行.
INFO: Run Behavior\ParseTemplateBehavior [ RunTime:0.048003s ]
INFO: [ view_parse ] --END-- [ RunTime:0.048003s ]
INFO: [ view_filter ] --START--
INFO: Run Behavior\WriteHtmlCacheBehavior [ RunTime:0.000000s ]
INFO: [ view_filter ] --END-- [ RunTime:0.000000s ]
INFO: [ app_end ] --START--
INFO: Run Behavior\ShowPageTraceBehavior [ RunTime:0.001000s ]
INFO: [ app_end ] --END-- [ RunTime:0.001000s ]

[ 2018-07-18T14:19:37+08:00 ] ::1 /blog/index.php/Article/index/id/1527150285.html
INFO: [ app_init ] --START--
INFO: Run Behavior\BuildLiteBehavior [ RunTime:0.000000s ]
INFO: [ app_init ] --END-- [ RunTime:0.001000s ]
INFO: [ app_begin ] --START--
INFO: Run Behavior\ReadHtmlCacheBehavior [ RunTime:0.000000s ]
INFO: Run Behavior\CheckLangBehavior [ RunTime:0.001000s ]
INFO: [ app_begin ] --END-- [ RunTime:0.001000s ]
SQL: SHOW COLUMNS FROM `blog_category` [ RunTime:0.0080s ]
SQL: SELECT * FROM `blog_category`  [ RunTime:0.0000s ]
SQL: SHOW COLUMNS FROM `blog_act` [ RunTime:0.0120s ]
ERR: 1054:Unknown column 'blog_act.usersid' in 'on clause'
 [ SQL语句 ] : SELECT blog_act.*,blog_category.name,blog_users.nickname,blog_users.head,blog_users.pageurl FROM `blog_act` INNER JOIN blog_users ON blog_users.id = blog_act.usersid INNER JOIN blog_category ON blog_category.id = blog_act.sid  WHERE ( blog_act.id= 1527150285 ) LIMIT 1  
ERR: 1054:Unknown column 'blog_act.usersid' in 'on clause'
 [ SQL语句 ] : SELECT blog_act.*,blog_category.name,blog_users.nickname,blog_users.head,blog_users.pageurl FROM `blog_act` INNER JOIN blog_users ON blog_users.id = blog_act.usersid INNER JOIN blog_category ON blog_category.id = blog_act.sid  WHERE ( blog_act.id= 1527150285 ) LIMIT 1  

[ 2018-07-18T14:21:06+08:00 ] ::1 /blog/
INFO: [ app_init ] --START--
INFO: Run Behavior\BuildLiteBehavior [ RunTime:0.000000s ]
INFO: [ app_init ] --END-- [ RunTime:0.000000s ]
INFO: [ app_begin ] --START--
INFO: Run Behavior\ReadHtmlCacheBehavior [ RunTime:0.000000s ]
INFO: Run Behavior\CheckLangBehavior [ RunTime:0.000000s ]
INFO: [ app_begin ] --END-- [ RunTime:0.001000s ]
SQL: SHOW COLUMNS FROM `blog_category` [ RunTime:0.0070s ]
SQL: SELECT * FROM `blog_category`  [ RunTime:0.0010s ]
SQL: SHOW COLUMNS FROM `blog_act` [ RunTime:0.0060s ]
SQL: SELECT blog_act.*,blog_category.name,blog_users.nickname,blog_users.head,blog_users.pageurl FROM `blog_act` INNER JOIN blog_users ON blog_users.id = blog_act.userid INNER JOIN blog_category ON blog_category.id = blog_act.pid  ORDER BY id desc LIMIT 0,300   [ RunTime:0.0050s ]
INFO: [ view_parse ] --START--
INFO: [ template_filter ] --START--
INFO: Run Behavior\ContentReplaceBehavior [ RunTime:0.000000s ]
INFO: [ template_filter ] --END-- [ RunTime:0.000000s ]
NOTIC: [8] Undefined variable: search F:\phpstudy\WWW\blog\Application\Runtime\Cache\Index\5f343310d4a83e1c2f6d4e5a6181e90a.php 第 111 行.
INFO: Run Behavior\ParseTemplateBehavior [ RunTime:0.039002s ]
INFO: [ view_parse ] --END-- [ RunTime:0.039002s ]
INFO: [ view_filter ] --START--
INFO: Run Behavior\WriteHtmlCacheBehavior [ RunTime:0.000000s ]
INFO: [ view_filter ] --END-- [ RunTime:0.000000s ]
INFO: [ app_end ] --START--
INFO: Run Behavior\ShowPageTraceBehavior [ RunTime:0.001000s ]
INFO: [ app_end ] --END-- [ RunTime:0.002000s ]

[ 2018-07-18T15:36:23+08:00 ] ::1 /blog/
INFO: [ app_init ] --START--
INFO: Run Behavior\BuildLiteBehavior [ RunTime:0.000000s ]
INFO: [ app_init ] --END-- [ RunTime:0.000000s ]
INFO: [ app_begin ] --START--
INFO: Run Behavior\ReadHtmlCacheBehavior [ RunTime:0.000000s ]
INFO: Run Behavior\CheckLangBehavior [ RunTime:0.001000s ]
INFO: [ app_begin ] --END-- [ RunTime:0.001000s ]
SQL: SHOW COLUMNS FROM `blog_category` [ RunTime:0.0120s ]
SQL: SELECT * FROM `blog_category`  [ RunTime:0.0010s ]
SQL: SHOW COLUMNS FROM `blog_act` [ RunTime:0.0100s ]
SQL: SELECT blog_act.*,blog_category.name,blog_users.nickname,blog_users.head,blog_users.pageurl FROM `blog_act` INNER JOIN blog_users ON blog_users.id = blog_act.userid INNER JOIN blog_category ON blog_category.id = blog_act.pid  ORDER BY id desc LIMIT 0,300   [ RunTime:0.0040s ]
INFO: [ view_parse ] --START--
INFO: [ template_filter ] --START--
INFO: Run Behavior\ContentReplaceBehavior [ RunTime:0.001000s ]
INFO: [ template_filter ] --END-- [ RunTime:0.001000s ]
NOTIC: [8] Undefined variable: search F:\phpstudy\WWW\blog\Application\Runtime\Cache\Index\5f343310d4a83e1c2f6d4e5a6181e90a.php 第 111 行.
INFO: Run Behavior\ParseTemplateBehavior [ RunTime:0.039002s ]
INFO: [ view_parse ] --END-- [ RunTime:0.039002s ]
INFO: [ view_filter ] --START--
INFO: Run Behavior\WriteHtmlCacheBehavior [ RunTime:0.001000s ]
INFO: [ view_filter ] --END-- [ RunTime:0.001000s ]
INFO: [ app_end ] --START--
INFO: Run Behavior\ShowPageTraceBehavior [ RunTime:0.001000s ]
INFO: [ app_end ] --END-- [ RunTime:0.001000s ]

[ 2018-07-18T15:36:29+08:00 ] ::1 /blog/
INFO: [ app_init ] --START--
INFO: Run Behavior\BuildLiteBehavior [ RunTime:0.000000s ]
INFO: [ app_init ] --END-- [ RunTime:0.001000s ]
INFO: [ app_begin ] --START--
INFO: Run Behavior\ReadHtmlCacheBehavior [ RunTime:0.001000s ]
INFO: Run Behavior\CheckLangBehavior [ RunTime:0.001000s ]
INFO: [ app_begin ] --END-- [ RunTime:0.002000s ]
SQL: SHOW COLUMNS FROM `blog_category` [ RunTime:0.0110s ]
SQL: SELECT * FROM `blog_category`  [ RunTime:0.0010s ]
SQL: SHOW COLUMNS FROM `blog_act` [ RunTime:0.0140s ]
SQL: SELECT blog_act.*,blog_category.name,blog_users.nickname,blog_users.head,blog_users.pageurl FROM `blog_act` INNER JOIN blog_users ON blog_users.id = blog_act.userid INNER JOIN blog_category ON blog_category.id = blog_act.pid  ORDER BY id desc LIMIT 0,300   [ RunTime:0.0040s ]
INFO: [ view_parse ] --START--
INFO: [ template_filter ] --START--
INFO: Run Behavior\ContentReplaceBehavior [ RunTime:0.001000s ]
INFO: [ template_filter ] --END-- [ RunTime:0.001000s ]
NOTIC: [8] Undefined variable: search F:\phpstudy\WWW\blog\Application\Runtime\Cache\Index\5f343310d4a83e1c2f6d4e5a6181e90a.php 第 111 行.
INFO: Run Behavior\ParseTemplateBehavior [ RunTime:0.032001s ]
INFO: [ view_parse ] --END-- [ RunTime:0.032001s ]
INFO: [ view_filter ] --START--
INFO: Run Behavior\WriteHtmlCacheBehavior [ RunTime:0.001000s ]
INFO: [ view_filter ] --END-- [ RunTime:0.001000s ]
INFO: [ app_end ] --START--
INFO: Run Behavior\ShowPageTraceBehavior [ RunTime:0.001000s ]
INFO: [ app_end ] --END-- [ RunTime:0.001000s ]

