[ 2018-08-18T00:08:52+08:00 ] ::1 /blog/index.php/User/callback/type/sina.html?code=3ec94e93e634a517dfbdc66a36aa6911
INFO: [ app_init ] --START--
INFO: Run Behavior\BuildLiteBehavior [ RunTime:0.000011s ]
INFO: [ app_init ] --END-- [ RunTime:0.000402s ]
INFO: [ app_begin ] --START--
INFO: Run Behavior\ReadHtmlCacheBehavior [ RunTime:0.000463s ]
INFO: Run Behavior\CheckLangBehavior [ RunTime:0.000496s ]
INFO: [ app_begin ] --END-- [ RunTime:0.001047s ]
SQL: SHOW COLUMNS FROM `blog_category` [ RunTime:0.0108s ]
SQL: SELECT * FROM `blog_category`  [ RunTime:0.0003s ]
NOTIC: [2] include(F:\phpstudy\WWW): failed to open stream: Permission denied F:\phpstudy\WWW\blog\Application\Index\Controller\UserController.class.php 第 306 行.
NOTIC: [2] include(): Failed opening '../' for inclusion (include_path='.;C:\php\pear') F:\phpstudy\WWW\blog\Application\Index\Controller\UserController.class.php 第 306 行.
NOTIC: [8] Undefined index: access_token F:\phpstudy\WWW\Thinkphp\Library\Vendor\ThinkSDK\sdk\SinaSDK.class.php 第 75 行.

[ 2018-08-18T00:09:07+08:00 ] ::1 /blog/index.php/User/callback/type/sina.html?code=3ec94e93e634a517dfbdc66a36aa6911
INFO: [ app_init ] --START--
INFO: Run Behavior\BuildLiteBehavior [ RunTime:0.000012s ]
INFO: [ app_init ] --END-- [ RunTime:0.000337s ]
INFO: [ app_begin ] --START--
INFO: Run Behavior\ReadHtmlCacheBehavior [ RunTime:0.000415s ]
INFO: Run Behavior\CheckLangBehavior [ RunTime:0.000432s ]
INFO: [ app_begin ] --END-- [ RunTime:0.000935s ]
SQL: SHOW COLUMNS FROM `blog_category` [ RunTime:0.0267s ]
SQL: SELECT * FROM `blog_category`  [ RunTime:0.0003s ]
NOTIC: [2] include(F:\phpstudy\WWW): failed to open stream: Permission denied F:\phpstudy\WWW\blog\Application\Index\Controller\UserController.class.php 第 306 行.
NOTIC: [2] include(): Failed opening '../' for inclusion (include_path='.;C:\php\pear') F:\phpstudy\WWW\blog\Application\Index\Controller\UserController.class.php 第 306 行.

[ 2018-08-18T11:56:20+08:00 ] ::1 /blog/
INFO: [ app_init ] --START--
INFO: Run Behavior\BuildLiteBehavior [ RunTime:0.000012s ]
INFO: [ app_init ] --END-- [ RunTime:0.001876s ]
INFO: [ app_begin ] --START--
INFO: Run Behavior\ReadHtmlCacheBehavior [ RunTime:0.001205s ]
INFO: Run Behavior\CheckLangBehavior [ RunTime:0.001229s ]
INFO: [ app_begin ] --END-- [ RunTime:0.002615s ]
SQL: SHOW COLUMNS FROM `blog_category` [ RunTime:0.0437s ]
SQL: SELECT * FROM `blog_category`  [ RunTime:0.0007s ]
SQL: SHOW COLUMNS FROM `blog_act` [ RunTime:0.0528s ]
SQL: SELECT blog_act.id,blog_act.title,blog_act.date,blog_act.thumbs,blog_category.name,blog_users.nickname,blog_users.head,blog_users.pageurl FROM `blog_act` INNER JOIN blog_users ON blog_users.id = blog_act.userid INNER JOIN blog_category ON blog_category.id = blog_act.pid  ORDER BY view desc LIMIT 0,20   [ RunTime:0.3522s ]
SQL: SELECT `id`,`title`,`content` FROM `blog_act` WHERE ( blog_act.id = 1527151509 || blog_act.id = 1527154543 || blog_act.id = 1527151225 || blog_act.id = 1527153877 || blog_act.id = 1527154308 )  [ RunTime:0.0009s ]
INFO: [ view_parse ] --START--
INFO: [ template_filter ] --START--
INFO: Run Behavior\ContentReplaceBehavior [ RunTime:0.000241s ]
INFO: [ template_filter ] --END-- [ RunTime:0.000288s ]
NOTIC: [8] Undefined variable: search F:\phpstudy\WWW\blog\Application\Runtime\Cache\Index\5f343310d4a83e1c2f6d4e5a6181e90a.php 第 112 行.
INFO: Run Behavior\ParseTemplateBehavior [ RunTime:0.089498s ]
INFO: [ view_parse ] --END-- [ RunTime:0.089542s ]
INFO: [ view_filter ] --START--
INFO: Run Behavior\WriteHtmlCacheBehavior [ RunTime:0.008705s ]
INFO: [ view_filter ] --END-- [ RunTime:0.008744s ]
INFO: [ app_end ] --START--
INFO: Run Behavior\ShowPageTraceBehavior [ RunTime:0.008127s ]
INFO: [ app_end ] --END-- [ RunTime:0.008184s ]

[ 2018-08-18T11:56:22+08:00 ] ::1 /blog/index.php/Article/index/id/1527154543.html
INFO: [ app_init ] --START--
INFO: Run Behavior\BuildLiteBehavior [ RunTime:0.000012s ]
INFO: [ app_init ] --END-- [ RunTime:0.000360s ]
INFO: [ app_begin ] --START--
INFO: Run Behavior\ReadHtmlCacheBehavior [ RunTime:0.000449s ]
INFO: Run Behavior\CheckLangBehavior [ RunTime:0.000464s ]
INFO: [ app_begin ] --END-- [ RunTime:0.001013s ]
SQL: SHOW COLUMNS FROM `blog_category` [ RunTime:0.0121s ]
SQL: SELECT * FROM `blog_category`  [ RunTime:0.0004s ]
SQL: SHOW COLUMNS FROM `blog_act` [ RunTime:0.0126s ]
SQL: SELECT blog_act.*,blog_category.name,blog_users.nickname,blog_users.head,blog_users.pageurl FROM `blog_act` INNER JOIN blog_users ON blog_users.id = blog_act.userid INNER JOIN blog_category ON blog_category.id = blog_act.pid  WHERE ( blog_act.id= 1527154543 ) LIMIT 1   [ RunTime:0.0004s ]
SQL: UPDATE `blog_act` SET `view`=view+1 WHERE ( id=1527154543 ) [ RunTime:0.0005s ]
INFO: [ view_parse ] --START--
INFO: [ template_filter ] --START--
INFO: Run Behavior\ContentReplaceBehavior [ RunTime:0.000215s ]
INFO: [ template_filter ] --END-- [ RunTime:0.000260s ]
NOTIC: [8] Undefined variable: search F:\phpstudy\WWW\blog\Application\Runtime\Cache\Index\cf8f315f1b956b3e9fd9250eef4bad6a.php 第 112 行.
INFO: Run Behavior\ParseTemplateBehavior [ RunTime:0.030959s ]
INFO: [ view_parse ] --END-- [ RunTime:0.031001s ]
INFO: [ view_filter ] --START--
INFO: Run Behavior\WriteHtmlCacheBehavior [ RunTime:0.000244s ]
INFO: [ view_filter ] --END-- [ RunTime:0.000274s ]
INFO: [ app_end ] --START--
INFO: Run Behavior\ShowPageTraceBehavior [ RunTime:0.000464s ]
INFO: [ app_end ] --END-- [ RunTime:0.000508s ]

[ 2018-08-18T11:59:18+08:00 ] ::1 /blog/index.php/Article/index/id/1527154543.html
INFO: [ app_init ] --START--
INFO: Run Behavior\BuildLiteBehavior [ RunTime:0.000011s ]
INFO: [ app_init ] --END-- [ RunTime:0.000410s ]
INFO: [ app_begin ] --START--
INFO: Run Behavior\ReadHtmlCacheBehavior [ RunTime:0.000490s ]
INFO: Run Behavior\CheckLangBehavior [ RunTime:0.000511s ]
INFO: [ app_begin ] --END-- [ RunTime:0.001092s ]
SQL: SHOW COLUMNS FROM `blog_category` [ RunTime:0.0126s ]
SQL: SELECT * FROM `blog_category`  [ RunTime:0.0004s ]
SQL: SHOW COLUMNS FROM `blog_act` [ RunTime:0.0134s ]
SQL: SELECT blog_act.*,blog_category.name,blog_users.nickname,blog_users.head,blog_users.pageurl FROM `blog_act` INNER JOIN blog_users ON blog_users.id = blog_act.userid INNER JOIN blog_category ON blog_category.id = blog_act.pid  WHERE ( blog_act.id= 1527154543 ) LIMIT 1   [ RunTime:0.0006s ]
SQL: UPDATE `blog_act` SET `view`=view+1 WHERE ( id=1527154543 ) [ RunTime:0.0003s ]
INFO: [ view_parse ] --START--
INFO: [ template_filter ] --START--
INFO: Run Behavior\ContentReplaceBehavior [ RunTime:0.000233s ]
INFO: [ template_filter ] --END-- [ RunTime:0.000279s ]
NOTIC: [8] Undefined variable: search F:\phpstudy\WWW\blog\Application\Runtime\Cache\Index\cf8f315f1b956b3e9fd9250eef4bad6a.php 第 112 行.
INFO: Run Behavior\ParseTemplateBehavior [ RunTime:0.020446s ]
INFO: [ view_parse ] --END-- [ RunTime:0.020488s ]
INFO: [ view_filter ] --START--
INFO: Run Behavior\WriteHtmlCacheBehavior [ RunTime:0.000327s ]
INFO: [ view_filter ] --END-- [ RunTime:0.000359s ]
INFO: [ app_end ] --START--
INFO: Run Behavior\ShowPageTraceBehavior [ RunTime:0.000538s ]
INFO: [ app_end ] --END-- [ RunTime:0.000583s ]

[ 2018-08-18T11:59:30+08:00 ] ::1 /blog/index.php/Article/index/id/1527154543.html
INFO: [ app_init ] --START--
INFO: Run Behavior\BuildLiteBehavior [ RunTime:0.000011s ]
INFO: [ app_init ] --END-- [ RunTime:0.000354s ]
INFO: [ app_begin ] --START--
INFO: Run Behavior\ReadHtmlCacheBehavior [ RunTime:0.000440s ]
INFO: Run Behavior\CheckLangBehavior [ RunTime:0.000452s ]
INFO: [ app_begin ] --END-- [ RunTime:0.000981s ]
SQL: SHOW COLUMNS FROM `blog_category` [ RunTime:0.0125s ]
SQL: SELECT * FROM `blog_category`  [ RunTime:0.0003s ]
SQL: SHOW COLUMNS FROM `blog_act` [ RunTime:0.0131s ]
SQL: SELECT blog_act.*,blog_category.name,blog_users.nickname,blog_users.head,blog_users.pageurl FROM `blog_act` INNER JOIN blog_users ON blog_users.id = blog_act.userid INNER JOIN blog_category ON blog_category.id = blog_act.pid  WHERE ( blog_act.id= 1527154543 ) LIMIT 1   [ RunTime:0.0004s ]
SQL: UPDATE `blog_act` SET `view`=view+1 WHERE ( id=1527154543 ) [ RunTime:0.0003s ]
INFO: [ view_parse ] --START--
INFO: [ template_filter ] --START--
INFO: Run Behavior\ContentReplaceBehavior [ RunTime:0.000232s ]
INFO: [ template_filter ] --END-- [ RunTime:0.000277s ]
NOTIC: [8] Undefined variable: search F:\phpstudy\WWW\blog\Application\Runtime\Cache\Index\cf8f315f1b956b3e9fd9250eef4bad6a.php 第 112 行.
INFO: Run Behavior\ParseTemplateBehavior [ RunTime:0.019435s ]
INFO: [ view_parse ] --END-- [ RunTime:0.019477s ]
INFO: [ view_filter ] --START--
INFO: Run Behavior\WriteHtmlCacheBehavior [ RunTime:0.000250s ]
INFO: [ view_filter ] --END-- [ RunTime:0.000281s ]
INFO: [ app_end ] --START--
INFO: Run Behavior\ShowPageTraceBehavior [ RunTime:0.000495s ]
INFO: [ app_end ] --END-- [ RunTime:0.000541s ]

[ 2018-08-18T12:00:47+08:00 ] ::1 /blog/index.php/Article/index/id/1527154543.html
INFO: [ app_init ] --START--
INFO: Run Behavior\BuildLiteBehavior [ RunTime:0.000011s ]
INFO: [ app_init ] --END-- [ RunTime:0.000345s ]
INFO: [ app_begin ] --START--
INFO: Run Behavior\ReadHtmlCacheBehavior [ RunTime:0.000431s ]
INFO: Run Behavior\CheckLangBehavior [ RunTime:0.000469s ]
INFO: [ app_begin ] --END-- [ RunTime:0.000998s ]
SQL: SHOW COLUMNS FROM `blog_category` [ RunTime:0.0134s ]
SQL: SELECT * FROM `blog_category`  [ RunTime:0.0004s ]
SQL: SHOW COLUMNS FROM `blog_act` [ RunTime:0.0138s ]
SQL: SELECT blog_act.*,blog_category.name,blog_users.nickname,blog_users.head,blog_users.pageurl FROM `blog_act` INNER JOIN blog_users ON blog_users.id = blog_act.userid INNER JOIN blog_category ON blog_category.id = blog_act.pid  WHERE ( blog_act.id= 1527154543 ) LIMIT 1   [ RunTime:0.0005s ]
SQL: UPDATE `blog_act` SET `view`=view+1 WHERE ( id=1527154543 ) [ RunTime:0.0003s ]
INFO: [ view_parse ] --START--
INFO: [ template_filter ] --START--
INFO: Run Behavior\ContentReplaceBehavior [ RunTime:0.000233s ]
INFO: [ template_filter ] --END-- [ RunTime:0.000274s ]
NOTIC: [8] Undefined variable: search F:\phpstudy\WWW\blog\Application\Runtime\Cache\Index\cf8f315f1b956b3e9fd9250eef4bad6a.php 第 112 行.
INFO: Run Behavior\ParseTemplateBehavior [ RunTime:0.019428s ]
INFO: [ view_parse ] --END-- [ RunTime:0.019469s ]
INFO: [ view_filter ] --START--
INFO: Run Behavior\WriteHtmlCacheBehavior [ RunTime:0.000245s ]
INFO: [ view_filter ] --END-- [ RunTime:0.000275s ]
INFO: [ app_end ] --START--
INFO: Run Behavior\ShowPageTraceBehavior [ RunTime:0.000462s ]
INFO: [ app_end ] --END-- [ RunTime:0.000507s ]

[ 2018-08-18T12:06:12+08:00 ] ::1 /blog/index.php/Article/index/id/1527154543.html
INFO: [ app_init ] --START--
INFO: Run Behavior\BuildLiteBehavior [ RunTime:0.000011s ]
INFO: [ app_init ] --END-- [ RunTime:0.000432s ]
INFO: [ app_begin ] --START--
INFO: Run Behavior\ReadHtmlCacheBehavior [ RunTime:0.000493s ]
INFO: Run Behavior\CheckLangBehavior [ RunTime:0.000535s ]
INFO: [ app_begin ] --END-- [ RunTime:0.001122s ]
SQL: SHOW COLUMNS FROM `blog_category` [ RunTime:0.0288s ]
SQL: SELECT * FROM `blog_category`  [ RunTime:0.0004s ]
SQL: SHOW COLUMNS FROM `blog_act` [ RunTime:0.0151s ]
SQL: SELECT blog_act.*,blog_category.name,blog_users.nickname,blog_users.head,blog_users.pageurl FROM `blog_act` INNER JOIN blog_users ON blog_users.id = blog_act.userid INNER JOIN blog_category ON blog_category.id = blog_act.pid  WHERE ( blog_act.id= 1527154543 ) LIMIT 1   [ RunTime:0.0012s ]
SQL: UPDATE `blog_act` SET `view`=view+1 WHERE ( id=1527154543 ) [ RunTime:0.0004s ]
INFO: [ view_parse ] --START--
INFO: [ template_filter ] --START--
INFO: Run Behavior\ContentReplaceBehavior [ RunTime:0.000232s ]
INFO: [ template_filter ] --END-- [ RunTime:0.000276s ]
NOTIC: [8] Undefined variable: search F:\phpstudy\WWW\blog\Application\Runtime\Cache\Index\cf8f315f1b956b3e9fd9250eef4bad6a.php 第 112 行.
INFO: Run Behavior\ParseTemplateBehavior [ RunTime:0.030872s ]
INFO: [ view_parse ] --END-- [ RunTime:0.030915s ]
INFO: [ view_filter ] --START--
INFO: Run Behavior\WriteHtmlCacheBehavior [ RunTime:0.000342s ]
INFO: [ view_filter ] --END-- [ RunTime:0.000374s ]
INFO: [ app_end ] --START--
INFO: Run Behavior\ShowPageTraceBehavior [ RunTime:0.000575s ]
INFO: [ app_end ] --END-- [ RunTime:0.000622s ]

[ 2018-08-18T12:06:23+08:00 ] ::1 /blog/index.php/Article/index/id/1527154543.html
INFO: [ app_init ] --START--
INFO: Run Behavior\BuildLiteBehavior [ RunTime:0.000011s ]
INFO: [ app_init ] --END-- [ RunTime:0.000353s ]
INFO: [ app_begin ] --START--
INFO: Run Behavior\ReadHtmlCacheBehavior [ RunTime:0.000422s ]
INFO: Run Behavior\CheckLangBehavior [ RunTime:0.000464s ]
INFO: [ app_begin ] --END-- [ RunTime:0.000975s ]
SQL: SHOW COLUMNS FROM `blog_category` [ RunTime:0.0141s ]
SQL: SELECT * FROM `blog_category`  [ RunTime:0.0004s ]
SQL: SHOW COLUMNS FROM `blog_act` [ RunTime:0.0128s ]
SQL: SELECT blog_act.*,blog_category.name,blog_users.nickname,blog_users.head,blog_users.pageurl FROM `blog_act` INNER JOIN blog_users ON blog_users.id = blog_act.userid INNER JOIN blog_category ON blog_category.id = blog_act.pid  WHERE ( blog_act.id= 1527154543 ) LIMIT 1   [ RunTime:0.0005s ]
SQL: UPDATE `blog_act` SET `view`=view+1 WHERE ( id=1527154543 ) [ RunTime:0.0003s ]
INFO: [ view_parse ] --START--
INFO: [ template_filter ] --START--
INFO: Run Behavior\ContentReplaceBehavior [ RunTime:0.000242s ]
INFO: [ template_filter ] --END-- [ RunTime:0.000288s ]
NOTIC: [8] Undefined variable: search F:\phpstudy\WWW\blog\Application\Runtime\Cache\Index\cf8f315f1b956b3e9fd9250eef4bad6a.php 第 112 行.
INFO: Run Behavior\ParseTemplateBehavior [ RunTime:0.020054s ]
INFO: [ view_parse ] --END-- [ RunTime:0.020096s ]
INFO: [ view_filter ] --START--
INFO: Run Behavior\WriteHtmlCacheBehavior [ RunTime:0.000260s ]
INFO: [ view_filter ] --END-- [ RunTime:0.000292s ]
INFO: [ app_end ] --START--
INFO: Run Behavior\ShowPageTraceBehavior [ RunTime:0.000473s ]
INFO: [ app_end ] --END-- [ RunTime:0.000517s ]

[ 2018-08-18T12:06:39+08:00 ] ::1 /blog/index.php/Article/index/id/1527154543.html
INFO: [ app_init ] --START--
INFO: Run Behavior\BuildLiteBehavior [ RunTime:0.000011s ]
INFO: [ app_init ] --END-- [ RunTime:0.000369s ]
INFO: [ app_begin ] --START--
INFO: Run Behavior\ReadHtmlCacheBehavior [ RunTime:0.000429s ]
INFO: Run Behavior\CheckLangBehavior [ RunTime:0.000459s ]
INFO: [ app_begin ] --END-- [ RunTime:0.000977s ]
SQL: SHOW COLUMNS FROM `blog_category` [ RunTime:0.0251s ]
SQL: SELECT * FROM `blog_category`  [ RunTime:0.0003s ]
SQL: SHOW COLUMNS FROM `blog_act` [ RunTime:0.0273s ]
SQL: SELECT blog_act.*,blog_category.name,blog_users.nickname,blog_users.head,blog_users.pageurl FROM `blog_act` INNER JOIN blog_users ON blog_users.id = blog_act.userid INNER JOIN blog_category ON blog_category.id = blog_act.pid  WHERE ( blog_act.id= 1527154543 ) LIMIT 1   [ RunTime:0.0005s ]
SQL: UPDATE `blog_act` SET `view`=view+1 WHERE ( id=1527154543 ) [ RunTime:0.0003s ]
INFO: [ view_parse ] --START--
INFO: [ template_filter ] --START--
INFO: Run Behavior\ContentReplaceBehavior [ RunTime:0.000232s ]
INFO: [ template_filter ] --END-- [ RunTime:0.000276s ]
NOTIC: [8] Undefined variable: search F:\phpstudy\WWW\blog\Application\Runtime\Cache\Index\cf8f315f1b956b3e9fd9250eef4bad6a.php 第 112 行.
INFO: Run Behavior\ParseTemplateBehavior [ RunTime:0.019954s ]
INFO: [ view_parse ] --END-- [ RunTime:0.019997s ]
INFO: [ view_filter ] --START--
INFO: Run Behavior\WriteHtmlCacheBehavior [ RunTime:0.000270s ]
INFO: [ view_filter ] --END-- [ RunTime:0.000302s ]
INFO: [ app_end ] --START--
INFO: Run Behavior\ShowPageTraceBehavior [ RunTime:0.000452s ]
INFO: [ app_end ] --END-- [ RunTime:0.000488s ]

[ 2018-08-18T12:08:55+08:00 ] ::1 /blog/index.php/Article/index/id/1527153877.html
INFO: [ app_init ] --START--
INFO: Run Behavior\BuildLiteBehavior [ RunTime:0.000012s ]
INFO: [ app_init ] --END-- [ RunTime:0.000601s ]
INFO: [ app_begin ] --START--
INFO: Run Behavior\ReadHtmlCacheBehavior [ RunTime:0.002189s ]
INFO: Run Behavior\CheckLangBehavior [ RunTime:0.000548s ]
INFO: [ app_begin ] --END-- [ RunTime:0.002828s ]
SQL: SHOW COLUMNS FROM `blog_category` [ RunTime:0.0119s ]
SQL: SELECT * FROM `blog_category`  [ RunTime:0.0003s ]
SQL: SHOW COLUMNS FROM `blog_act` [ RunTime:0.0133s ]
SQL: SELECT blog_act.*,blog_category.name,blog_users.nickname,blog_users.head,blog_users.pageurl FROM `blog_act` INNER JOIN blog_users ON blog_users.id = blog_act.userid INNER JOIN blog_category ON blog_category.id = blog_act.pid  WHERE ( blog_act.id= 1527153877 ) LIMIT 1   [ RunTime:0.0005s ]
SQL: UPDATE `blog_act` SET `view`=view+1 WHERE ( id=1527153877 ) [ RunTime:0.0003s ]
INFO: [ view_parse ] --START--
INFO: [ template_filter ] --START--
INFO: Run Behavior\ContentReplaceBehavior [ RunTime:0.000211s ]
INFO: [ template_filter ] --END-- [ RunTime:0.000251s ]
NOTIC: [8] Undefined variable: search F:\phpstudy\WWW\blog\Application\Runtime\Cache\Index\cf8f315f1b956b3e9fd9250eef4bad6a.php 第 112 行.
INFO: Run Behavior\ParseTemplateBehavior [ RunTime:0.020594s ]
INFO: [ view_parse ] --END-- [ RunTime:0.020636s ]
INFO: [ view_filter ] --START--
INFO: Run Behavior\WriteHtmlCacheBehavior [ RunTime:0.000452s ]
INFO: [ view_filter ] --END-- [ RunTime:0.000483s ]
INFO: [ app_end ] --START--
INFO: Run Behavior\ShowPageTraceBehavior [ RunTime:0.000555s ]
INFO: [ app_end ] --END-- [ RunTime:0.000601s ]

[ 2018-08-18T12:09:21+08:00 ] ::1 /blog/index.php/Article/index/id/1527154308.html
INFO: [ app_init ] --START--
INFO: Run Behavior\BuildLiteBehavior [ RunTime:0.000012s ]
INFO: [ app_init ] --END-- [ RunTime:0.000483s ]
INFO: [ app_begin ] --START--
INFO: Run Behavior\ReadHtmlCacheBehavior [ RunTime:0.000657s ]
INFO: Run Behavior\CheckLangBehavior [ RunTime:0.000648s ]
INFO: [ app_begin ] --END-- [ RunTime:0.001401s ]
SQL: SHOW COLUMNS FROM `blog_category` [ RunTime:0.0120s ]
SQL: SELECT * FROM `blog_category`  [ RunTime:0.0004s ]
SQL: SHOW COLUMNS FROM `blog_act` [ RunTime:0.0122s ]
SQL: SELECT blog_act.*,blog_category.name,blog_users.nickname,blog_users.head,blog_users.pageurl FROM `blog_act` INNER JOIN blog_users ON blog_users.id = blog_act.userid INNER JOIN blog_category ON blog_category.id = blog_act.pid  WHERE ( blog_act.id= 1527154308 ) LIMIT 1   [ RunTime:0.0005s ]
SQL: UPDATE `blog_act` SET `view`=view+1 WHERE ( id=1527154308 ) [ RunTime:0.0003s ]
INFO: [ view_parse ] --START--
INFO: [ template_filter ] --START--
INFO: Run Behavior\ContentReplaceBehavior [ RunTime:0.000213s ]
INFO: [ template_filter ] --END-- [ RunTime:0.000254s ]
NOTIC: [8] Undefined variable: search F:\phpstudy\WWW\blog\Application\Runtime\Cache\Index\cf8f315f1b956b3e9fd9250eef4bad6a.php 第 112 行.
INFO: Run Behavior\ParseTemplateBehavior [ RunTime:0.019540s ]
INFO: [ view_parse ] --END-- [ RunTime:0.019582s ]
INFO: [ view_filter ] --START--
INFO: Run Behavior\WriteHtmlCacheBehavior [ RunTime:0.000260s ]
INFO: [ view_filter ] --END-- [ RunTime:0.000292s ]
INFO: [ app_end ] --START--
INFO: Run Behavior\ShowPageTraceBehavior [ RunTime:0.000479s ]
INFO: [ app_end ] --END-- [ RunTime:0.000535s ]

[ 2018-08-18T12:09:42+08:00 ] ::1 /blog/index.php/Article/index/id/1527151225.html
INFO: [ app_init ] --START--
INFO: Run Behavior\BuildLiteBehavior [ RunTime:0.000012s ]
INFO: [ app_init ] --END-- [ RunTime:0.000368s ]
INFO: [ app_begin ] --START--
INFO: Run Behavior\ReadHtmlCacheBehavior [ RunTime:0.000439s ]
INFO: Run Behavior\CheckLangBehavior [ RunTime:0.000521s ]
INFO: [ app_begin ] --END-- [ RunTime:0.001050s ]
SQL: SHOW COLUMNS FROM `blog_category` [ RunTime:0.0124s ]
SQL: SELECT * FROM `blog_category`  [ RunTime:0.0004s ]
SQL: SHOW COLUMNS FROM `blog_act` [ RunTime:0.0121s ]
SQL: SELECT blog_act.*,blog_category.name,blog_users.nickname,blog_users.head,blog_users.pageurl FROM `blog_act` INNER JOIN blog_users ON blog_users.id = blog_act.userid INNER JOIN blog_category ON blog_category.id = blog_act.pid  WHERE ( blog_act.id= 1527151225 ) LIMIT 1   [ RunTime:0.0004s ]
SQL: UPDATE `blog_act` SET `view`=view+1 WHERE ( id=1527151225 ) [ RunTime:0.0003s ]
INFO: [ view_parse ] --START--
INFO: [ template_filter ] --START--
INFO: Run Behavior\ContentReplaceBehavior [ RunTime:0.000234s ]
INFO: [ template_filter ] --END-- [ RunTime:0.000280s ]
NOTIC: [8] Undefined variable: search F:\phpstudy\WWW\blog\Application\Runtime\Cache\Index\cf8f315f1b956b3e9fd9250eef4bad6a.php 第 112 行.
INFO: Run Behavior\ParseTemplateBehavior [ RunTime:0.019925s ]
INFO: [ view_parse ] --END-- [ RunTime:0.019968s ]
INFO: [ view_filter ] --START--
INFO: Run Behavior\WriteHtmlCacheBehavior [ RunTime:0.000253s ]
INFO: [ view_filter ] --END-- [ RunTime:0.000284s ]
INFO: [ app_end ] --START--
INFO: Run Behavior\ShowPageTraceBehavior [ RunTime:0.000471s ]
INFO: [ app_end ] --END-- [ RunTime:0.000518s ]

[ 2018-08-18T14:20:55+08:00 ] ::1 /blog/index.php/Article/index/id/1527154543.html
INFO: [ app_init ] --START--
INFO: Run Behavior\BuildLiteBehavior [ RunTime:0.000011s ]
INFO: [ app_init ] --END-- [ RunTime:0.000422s ]
INFO: [ app_begin ] --START--
INFO: Run Behavior\ReadHtmlCacheBehavior [ RunTime:0.000492s ]
INFO: Run Behavior\CheckLangBehavior [ RunTime:0.000785s ]
INFO: [ app_begin ] --END-- [ RunTime:0.001371s ]
SQL: SHOW COLUMNS FROM `blog_category` [ RunTime:0.0104s ]
SQL: SELECT * FROM `blog_category`  [ RunTime:0.0004s ]
SQL: SHOW COLUMNS FROM `blog_act` [ RunTime:0.0104s ]
SQL: SELECT blog_act.*,blog_category.name,blog_users.nickname,blog_users.head,blog_users.pageurl FROM `blog_act` INNER JOIN blog_users ON blog_users.id = blog_act.userid INNER JOIN blog_category ON blog_category.id = blog_act.pid  WHERE ( blog_act.id= 1527154543 ) LIMIT 1   [ RunTime:0.0012s ]
SQL: UPDATE `blog_act` SET `view`=view+1 WHERE ( id=1527154543 ) [ RunTime:0.0004s ]
INFO: [ view_parse ] --START--
INFO: [ template_filter ] --START--
INFO: Run Behavior\ContentReplaceBehavior [ RunTime:0.000233s ]
INFO: [ template_filter ] --END-- [ RunTime:0.000281s ]
NOTIC: [8] Undefined variable: search F:\phpstudy\WWW\blog\Application\Runtime\Cache\Index\cf8f315f1b956b3e9fd9250eef4bad6a.php 第 112 行.
INFO: Run Behavior\ParseTemplateBehavior [ RunTime:0.029992s ]
INFO: [ view_parse ] --END-- [ RunTime:0.030035s ]
INFO: [ view_filter ] --START--
INFO: Run Behavior\WriteHtmlCacheBehavior [ RunTime:0.000331s ]
INFO: [ view_filter ] --END-- [ RunTime:0.000362s ]
INFO: [ app_end ] --START--
INFO: Run Behavior\ShowPageTraceBehavior [ RunTime:0.000541s ]
INFO: [ app_end ] --END-- [ RunTime:0.000586s ]

[ 2018-08-18T21:46:36+08:00 ] ::1 /blog/
INFO: [ app_init ] --START--
INFO: Run Behavior\BuildLiteBehavior [ RunTime:0.000019s ]
INFO: [ app_init ] --END-- [ RunTime:0.002007s ]
INFO: [ app_begin ] --START--
INFO: Run Behavior\ReadHtmlCacheBehavior [ RunTime:0.000768s ]
INFO: Run Behavior\CheckLangBehavior [ RunTime:0.002512s ]
INFO: [ app_begin ] --END-- [ RunTime:0.003391s ]
SQL: SHOW COLUMNS FROM `blog_category` [ RunTime:0.0234s ]
SQL: SELECT * FROM `blog_category`  [ RunTime:0.0076s ]
SQL: SHOW COLUMNS FROM `blog_act` [ RunTime:0.0208s ]
SQL: SELECT blog_act.id,blog_act.title,blog_act.date,blog_act.thumbs,blog_category.name,blog_users.nickname,blog_users.head,blog_users.pageurl FROM `blog_act` INNER JOIN blog_users ON blog_users.id = blog_act.userid INNER JOIN blog_category ON blog_category.id = blog_act.pid  ORDER BY view desc LIMIT 0,20   [ RunTime:0.3432s ]
SQL: SELECT `id`,`title`,`content` FROM `blog_act` WHERE ( blog_act.id = 1527151509 || blog_act.id = 1527154543 || blog_act.id = 1527151225 || blog_act.id = 1527153877 || blog_act.id = 1527154308 )  [ RunTime:0.0009s ]
INFO: [ view_parse ] --START--
INFO: [ template_filter ] --START--
INFO: Run Behavior\ContentReplaceBehavior [ RunTime:0.000246s ]
INFO: [ template_filter ] --END-- [ RunTime:0.000294s ]
NOTIC: [8] Undefined variable: search F:\phpstudy\WWW\blog\Application\Runtime\Cache\Index\5f343310d4a83e1c2f6d4e5a6181e90a.php 第 112 行.
INFO: Run Behavior\ParseTemplateBehavior [ RunTime:0.108241s ]
INFO: [ view_parse ] --END-- [ RunTime:0.108291s ]
INFO: [ view_filter ] --START--
INFO: Run Behavior\WriteHtmlCacheBehavior [ RunTime:0.000808s ]
INFO: [ view_filter ] --END-- [ RunTime:0.000846s ]
INFO: [ app_end ] --START--
INFO: Run Behavior\ShowPageTraceBehavior [ RunTime:0.000930s ]
INFO: [ app_end ] --END-- [ RunTime:0.000977s ]

[ 2018-08-18T21:46:43+08:00 ] ::1 /blog/index.php/Article/index/id/1527154543.html
INFO: [ app_init ] --START--
INFO: Run Behavior\BuildLiteBehavior [ RunTime:0.000012s ]
INFO: [ app_init ] --END-- [ RunTime:0.000398s ]
INFO: [ app_begin ] --START--
INFO: Run Behavior\ReadHtmlCacheBehavior [ RunTime:0.000465s ]
INFO: Run Behavior\CheckLangBehavior [ RunTime:0.000479s ]
INFO: [ app_begin ] --END-- [ RunTime:0.001049s ]
SQL: SHOW COLUMNS FROM `blog_category` [ RunTime:0.0103s ]
SQL: SELECT * FROM `blog_category`  [ RunTime:0.0003s ]
SQL: SHOW COLUMNS FROM `blog_act` [ RunTime:0.0098s ]
SQL: SELECT blog_act.*,blog_category.name,blog_users.nickname,blog_users.head,blog_users.pageurl FROM `blog_act` INNER JOIN blog_users ON blog_users.id = blog_act.userid INNER JOIN blog_category ON blog_category.id = blog_act.pid  WHERE ( blog_act.id= 1527154543 ) LIMIT 1   [ RunTime:0.0004s ]
SQL: UPDATE `blog_act` SET `view`=view+1 WHERE ( id=1527154543 ) [ RunTime:0.0069s ]
INFO: [ view_parse ] --START--
INFO: [ template_filter ] --START--
INFO: Run Behavior\ContentReplaceBehavior [ RunTime:0.000231s ]
INFO: [ template_filter ] --END-- [ RunTime:0.000277s ]
NOTIC: [8] Undefined variable: search F:\phpstudy\WWW\blog\Application\Runtime\Cache\Index\cf8f315f1b956b3e9fd9250eef4bad6a.php 第 112 行.
INFO: Run Behavior\ParseTemplateBehavior [ RunTime:0.029872s ]
INFO: [ view_parse ] --END-- [ RunTime:0.029915s ]
INFO: [ view_filter ] --START--
INFO: Run Behavior\WriteHtmlCacheBehavior [ RunTime:0.000248s ]
INFO: [ view_filter ] --END-- [ RunTime:0.000281s ]
INFO: [ app_end ] --START--
INFO: Run Behavior\ShowPageTraceBehavior [ RunTime:0.000474s ]
INFO: [ app_end ] --END-- [ RunTime:0.000520s ]

[ 2018-08-18T23:08:42+08:00 ] ::1 /blog/index.php/Article/index/id/1527154543.html
INFO: [ app_init ] --START--
INFO: Run Behavior\BuildLiteBehavior [ RunTime:0.000014s ]
INFO: [ app_init ] --END-- [ RunTime:0.000447s ]
INFO: [ app_begin ] --START--
INFO: Run Behavior\ReadHtmlCacheBehavior [ RunTime:0.000532s ]
INFO: Run Behavior\CheckLangBehavior [ RunTime:0.000789s ]
INFO: [ app_begin ] --END-- [ RunTime:0.001420s ]
SQL: SHOW COLUMNS FROM `blog_category` [ RunTime:0.0108s ]
SQL: SELECT * FROM `blog_category`  [ RunTime:0.0003s ]
SQL: SHOW COLUMNS FROM `blog_act` [ RunTime:0.0119s ]
SQL: SELECT blog_act.*,blog_category.name,blog_users.nickname,blog_users.head,blog_users.pageurl FROM `blog_act` INNER JOIN blog_users ON blog_users.id = blog_act.userid INNER JOIN blog_category ON blog_category.id = blog_act.pid  WHERE ( blog_act.id= 1527154543 ) LIMIT 1   [ RunTime:0.0013s ]
SQL: UPDATE `blog_act` SET `view`=view+1 WHERE ( id=1527154543 ) [ RunTime:0.0004s ]
INFO: [ view_parse ] --START--
INFO: [ template_filter ] --START--
INFO: Run Behavior\ContentReplaceBehavior [ RunTime:0.000240s ]
INFO: [ template_filter ] --END-- [ RunTime:0.000287s ]
NOTIC: [8] Undefined variable: search F:\phpstudy\WWW\blog\Application\Runtime\Cache\Index\cf8f315f1b956b3e9fd9250eef4bad6a.php 第 112 行.
INFO: Run Behavior\ParseTemplateBehavior [ RunTime:0.030077s ]
INFO: [ view_parse ] --END-- [ RunTime:0.030119s ]
INFO: [ view_filter ] --START--
INFO: Run Behavior\WriteHtmlCacheBehavior [ RunTime:0.000344s ]
INFO: [ view_filter ] --END-- [ RunTime:0.000389s ]
INFO: [ app_end ] --START--
INFO: Run Behavior\ShowPageTraceBehavior [ RunTime:0.000586s ]
INFO: [ app_end ] --END-- [ RunTime:0.000632s ]

[ 2018-08-18T23:09:02+08:00 ] ::1 /blog/index.php/Article/index/id/1527153877.html
INFO: [ app_init ] --START--
INFO: Run Behavior\BuildLiteBehavior [ RunTime:0.000017s ]
INFO: [ app_init ] --END-- [ RunTime:0.000368s ]
INFO: [ app_begin ] --START--
INFO: Run Behavior\ReadHtmlCacheBehavior [ RunTime:0.000434s ]
INFO: Run Behavior\CheckLangBehavior [ RunTime:0.000482s ]
INFO: [ app_begin ] --END-- [ RunTime:0.001009s ]
SQL: SHOW COLUMNS FROM `blog_category` [ RunTime:0.0106s ]
SQL: SELECT * FROM `blog_category`  [ RunTime:0.0003s ]
SQL: SHOW COLUMNS FROM `blog_act` [ RunTime:0.0106s ]
SQL: SELECT blog_act.*,blog_category.name,blog_users.nickname,blog_users.head,blog_users.pageurl FROM `blog_act` INNER JOIN blog_users ON blog_users.id = blog_act.userid INNER JOIN blog_category ON blog_category.id = blog_act.pid  WHERE ( blog_act.id= 1527153877 ) LIMIT 1   [ RunTime:0.0005s ]
SQL: UPDATE `blog_act` SET `view`=view+1 WHERE ( id=1527153877 ) [ RunTime:0.0003s ]
INFO: [ view_parse ] --START--
INFO: [ template_filter ] --START--
INFO: Run Behavior\ContentReplaceBehavior [ RunTime:0.000215s ]
INFO: [ template_filter ] --END-- [ RunTime:0.000259s ]
NOTIC: [8] Undefined variable: search F:\phpstudy\WWW\blog\Application\Runtime\Cache\Index\cf8f315f1b956b3e9fd9250eef4bad6a.php 第 112 行.
INFO: Run Behavior\ParseTemplateBehavior [ RunTime:0.018879s ]
INFO: [ view_parse ] --END-- [ RunTime:0.018922s ]
INFO: [ view_filter ] --START--
INFO: Run Behavior\WriteHtmlCacheBehavior [ RunTime:0.000255s ]
INFO: [ view_filter ] --END-- [ RunTime:0.000287s ]
INFO: [ app_end ] --START--
INFO: Run Behavior\ShowPageTraceBehavior [ RunTime:0.000471s ]
INFO: [ app_end ] --END-- [ RunTime:0.000518s ]

[ 2018-08-18T23:09:27+08:00 ] ::1 /blog/index.php/Article/index/id/1527154543.html
INFO: [ app_init ] --START--
INFO: Run Behavior\BuildLiteBehavior [ RunTime:0.000012s ]
INFO: [ app_init ] --END-- [ RunTime:0.000357s ]
INFO: [ app_begin ] --START--
INFO: Run Behavior\ReadHtmlCacheBehavior [ RunTime:0.000443s ]
INFO: Run Behavior\CheckLangBehavior [ RunTime:0.000457s ]
INFO: [ app_begin ] --END-- [ RunTime:0.000990s ]
SQL: SHOW COLUMNS FROM `blog_category` [ RunTime:0.0102s ]
SQL: SELECT * FROM `blog_category`  [ RunTime:0.0003s ]
SQL: SHOW COLUMNS FROM `blog_act` [ RunTime:0.0105s ]
SQL: SELECT blog_act.*,blog_category.name,blog_users.nickname,blog_users.head,blog_users.pageurl FROM `blog_act` INNER JOIN blog_users ON blog_users.id = blog_act.userid INNER JOIN blog_category ON blog_category.id = blog_act.pid  WHERE ( blog_act.id= 1527154543 ) LIMIT 1   [ RunTime:0.0004s ]
SQL: UPDATE `blog_act` SET `view`=view+1 WHERE ( id=1527154543 ) [ RunTime:0.0003s ]
INFO: [ view_parse ] --START--
INFO: [ template_filter ] --START--
INFO: Run Behavior\ContentReplaceBehavior [ RunTime:0.000231s ]
INFO: [ template_filter ] --END-- [ RunTime:0.000271s ]
NOTIC: [8] Undefined variable: search F:\phpstudy\WWW\blog\Application\Runtime\Cache\Index\cf8f315f1b956b3e9fd9250eef4bad6a.php 第 112 行.
INFO: Run Behavior\ParseTemplateBehavior [ RunTime:0.018512s ]
INFO: [ view_parse ] --END-- [ RunTime:0.018553s ]
INFO: [ view_filter ] --START--
INFO: Run Behavior\WriteHtmlCacheBehavior [ RunTime:0.000245s ]
INFO: [ view_filter ] --END-- [ RunTime:0.000276s ]
INFO: [ app_end ] --START--
INFO: Run Behavior\ShowPageTraceBehavior [ RunTime:0.000465s ]
INFO: [ app_end ] --END-- [ RunTime:0.000510s ]

