[ 2018-06-30T13:51:35+08:00 ] ::1 /blog/
INFO: [ app_init ] --START--
INFO: Run Behavior\BuildLiteBehavior [ RunTime:0.000007s ]
INFO: [ app_init ] --END-- [ RunTime:0.002501s ]
INFO: [ app_begin ] --START--
INFO: Run Behavior\ReadHtmlCacheBehavior [ RunTime:0.002430s ]
INFO: Run Behavior\CheckLangBehavior [ RunTime:0.000733s ]
INFO: [ app_begin ] --END-- [ RunTime:0.003212s ]
SQL: SHOW COLUMNS FROM `blog_category` [ RunTime:0.2086s ]
SQL: SELECT * FROM `blog_category`  [ RunTime:0.0252s ]
SQL: SHOW COLUMNS FROM `blog_act` [ RunTime:0.0827s ]
SQL: SELECT blog_act.*,blog_category.name,blog_users.nickname,blog_users.head,blog_users.pageurl FROM `blog_act` INNER JOIN blog_users ON blog_users.id = blog_act.usersid INNER JOIN blog_category ON blog_category.id = blog_act.sid  ORDER BY id desc LIMIT 0,30   [ RunTime:0.0285s ]
INFO: [ view_parse ] --START--
INFO: [ template_filter ] --START--
INFO: Run Behavior\ContentReplaceBehavior [ RunTime:0.000105s ]
INFO: [ template_filter ] --END-- [ RunTime:0.000132s ]
NOTIC: [8] Undefined variable: current F:\phpstudy\WWW\blog\Application\Runtime\Cache\Index\5f343310d4a83e1c2f6d4e5a6181e90a.php 第 13 行.
NOTIC: [8] Undefined variable: webcConfig F:\phpstudy\WWW\blog\Application\Runtime\Cache\Index\5f343310d4a83e1c2f6d4e5a6181e90a.php 第 13 行.
NOTIC: [8] Undefined variable: search F:\phpstudy\WWW\blog\Application\Runtime\Cache\Index\5f343310d4a83e1c2f6d4e5a6181e90a.php 第 110 行.
INFO: Run Behavior\ParseTemplateBehavior [ RunTime:0.237396s ]
INFO: [ view_parse ] --END-- [ RunTime:0.237431s ]
INFO: [ view_filter ] --START--
INFO: Run Behavior\WriteHtmlCacheBehavior [ RunTime:0.032977s ]
INFO: [ view_filter ] --END-- [ RunTime:0.033005s ]
INFO: [ app_end ] --START--
INFO: Run Behavior\ShowPageTraceBehavior [ RunTime:0.002367s ]
INFO: [ app_end ] --END-- [ RunTime:0.002397s ]

[ 2018-06-30T13:52:40+08:00 ] ::1 /blog/index.php/User/login.html
INFO: [ app_init ] --START--
INFO: Run Behavior\BuildLiteBehavior [ RunTime:0.000005s ]
INFO: [ app_init ] --END-- [ RunTime:0.000170s ]
INFO: [ app_begin ] --START--
INFO: Run Behavior\ReadHtmlCacheBehavior [ RunTime:0.000214s ]
INFO: Run Behavior\CheckLangBehavior [ RunTime:0.000227s ]
INFO: [ app_begin ] --END-- [ RunTime:0.000479s ]
SQL: SHOW COLUMNS FROM `blog_category` [ RunTime:0.0070s ]
SQL: SELECT * FROM `blog_category`  [ RunTime:0.0002s ]
INFO: [ view_parse ] --START--
INFO: [ template_filter ] --START--
INFO: Run Behavior\ContentReplaceBehavior [ RunTime:0.000021s ]
INFO: [ template_filter ] --END-- [ RunTime:0.000042s ]
NOTIC: [8] Undefined variable: current F:\phpstudy\WWW\blog\Application\Runtime\Cache\Index\a5682a6889973e48bbd9688b96db0147.php 第 13 行.
NOTIC: [8] Undefined variable: webcConfig F:\phpstudy\WWW\blog\Application\Runtime\Cache\Index\a5682a6889973e48bbd9688b96db0147.php 第 13 行.
INFO: Run Behavior\ParseTemplateBehavior [ RunTime:0.003593s ]
INFO: [ view_parse ] --END-- [ RunTime:0.003613s ]
INFO: [ view_filter ] --START--
INFO: Run Behavior\WriteHtmlCacheBehavior [ RunTime:0.000120s ]
INFO: [ view_filter ] --END-- [ RunTime:0.000135s ]
INFO: [ app_end ] --START--
INFO: Run Behavior\ShowPageTraceBehavior [ RunTime:0.000223s ]
INFO: [ app_end ] --END-- [ RunTime:0.000241s ]

[ 2018-06-30T13:52:47+08:00 ] ::1 /blog/index.php/User/forgot.html
INFO: [ app_init ] --START--
INFO: Run Behavior\BuildLiteBehavior [ RunTime:0.000006s ]
INFO: [ app_init ] --END-- [ RunTime:0.000173s ]
INFO: [ app_begin ] --START--
INFO: Run Behavior\ReadHtmlCacheBehavior [ RunTime:0.000216s ]
INFO: Run Behavior\CheckLangBehavior [ RunTime:0.000227s ]
INFO: [ app_begin ] --END-- [ RunTime:0.000481s ]
SQL: SHOW COLUMNS FROM `blog_category` [ RunTime:0.0043s ]
SQL: SELECT * FROM `blog_category`  [ RunTime:0.0002s ]
INFO: [ view_parse ] --START--
INFO: [ template_filter ] --START--
INFO: Run Behavior\ContentReplaceBehavior [ RunTime:0.000026s ]
INFO: [ template_filter ] --END-- [ RunTime:0.000050s ]
NOTIC: [8] Undefined variable: current F:\phpstudy\WWW\blog\Application\Runtime\Cache\Index\472392e59b726759e715ff7ce7d5aeaa.php 第 13 行.
NOTIC: [8] Undefined variable: webcConfig F:\phpstudy\WWW\blog\Application\Runtime\Cache\Index\472392e59b726759e715ff7ce7d5aeaa.php 第 13 行.
INFO: Run Behavior\ParseTemplateBehavior [ RunTime:0.021765s ]
INFO: [ view_parse ] --END-- [ RunTime:0.021786s ]
INFO: [ view_filter ] --START--
INFO: Run Behavior\WriteHtmlCacheBehavior [ RunTime:0.000120s ]
INFO: [ view_filter ] --END-- [ RunTime:0.000135s ]
INFO: [ app_end ] --START--
INFO: Run Behavior\ShowPageTraceBehavior [ RunTime:0.000213s ]
INFO: [ app_end ] --END-- [ RunTime:0.000231s ]

[ 2018-06-30T13:52:47+08:00 ] ::1 /blog/index.php/Api/verify.html
INFO: [ app_init ] --START--
INFO: Run Behavior\BuildLiteBehavior [ RunTime:0.000007s ]
INFO: [ app_init ] --END-- [ RunTime:0.000182s ]
INFO: [ app_begin ] --START--
INFO: Run Behavior\ReadHtmlCacheBehavior [ RunTime:0.000220s ]
INFO: Run Behavior\CheckLangBehavior [ RunTime:0.000228s ]
INFO: [ app_begin ] --END-- [ RunTime:0.000485s ]
INFO: [ app_end ] --START--
INFO: Run Behavior\ShowPageTraceBehavior [ RunTime:0.000259s ]
INFO: [ app_end ] --END-- [ RunTime:0.000290s ]

[ 2018-06-30T13:54:16+08:00 ] ::1 /blog/index.php/User/register
INFO: [ app_init ] --START--
INFO: Run Behavior\BuildLiteBehavior [ RunTime:0.000006s ]
INFO: [ app_init ] --END-- [ RunTime:0.000214s ]
INFO: [ app_begin ] --START--
INFO: Run Behavior\ReadHtmlCacheBehavior [ RunTime:0.000244s ]
INFO: Run Behavior\CheckLangBehavior [ RunTime:0.000259s ]
INFO: [ app_begin ] --END-- [ RunTime:0.000549s ]
SQL: SHOW COLUMNS FROM `blog_category` [ RunTime:0.0062s ]
SQL: SELECT * FROM `blog_category`  [ RunTime:0.0002s ]
SQL: SHOW COLUMNS FROM `blog_mail_verify` [ RunTime:0.0228s ]
NOTIC: [2] Missing argument 1 for Think\Model::field(), called in F:\phpstudy\WWW\blog\Application\Index\Controller\UserController.class.php on line 100 and defined F:\phpstudy\WWW\Thinkphp\Library\Think\Model.class.php 第 1740 行.
NOTIC: [8] Undefined variable: field F:\phpstudy\WWW\Thinkphp\Library\Think\Model.class.php 第 1741 行.
NOTIC: [8] Undefined variable: field F:\phpstudy\WWW\Thinkphp\Library\Think\Model.class.php 第 1751 行.
SQL: SELECT * FROM `blog_mail_verify` WHERE `email` = '1076217644@qq' LIMIT 1   [ RunTime:0.0001s ]
SQL: SHOW COLUMNS FROM `blog_users` [ RunTime:0.0064s ]
SQL: SELECT * FROM `blog_users` WHERE ( email='1076217644@qq' ) LIMIT 1   [ RunTime:0.0001s ]

[ 2018-06-30T15:38:08+08:00 ] ::1 /blog/index.php/Index/Questions.html
INFO: [ app_init ] --START--
INFO: Run Behavior\BuildLiteBehavior [ RunTime:0.000006s ]
INFO: [ app_init ] --END-- [ RunTime:0.000220s ]
INFO: [ app_begin ] --START--
INFO: Run Behavior\ReadHtmlCacheBehavior [ RunTime:0.003998s ]
INFO: Run Behavior\CheckLangBehavior [ RunTime:0.000443s ]
INFO: [ app_begin ] --END-- [ RunTime:0.004489s ]
ERR: 无法加载控制器:Questions

[ 2018-06-30T15:38:33+08:00 ] ::1 /blog/index.php/User/login.html
INFO: [ app_init ] --START--
INFO: Run Behavior\BuildLiteBehavior [ RunTime:0.000006s ]
INFO: [ app_init ] --END-- [ RunTime:0.000176s ]
INFO: [ app_begin ] --START--
INFO: Run Behavior\ReadHtmlCacheBehavior [ RunTime:0.000323s ]
INFO: Run Behavior\CheckLangBehavior [ RunTime:0.000309s ]
INFO: [ app_begin ] --END-- [ RunTime:0.000695s ]
SQL: SHOW COLUMNS FROM `blog_category` [ RunTime:0.0069s ]
SQL: SELECT * FROM `blog_category`  [ RunTime:0.0002s ]
INFO: [ view_parse ] --START--
INFO: [ template_filter ] --START--
INFO: Run Behavior\ContentReplaceBehavior [ RunTime:0.000022s ]
INFO: [ template_filter ] --END-- [ RunTime:0.000047s ]
NOTIC: [8] Undefined variable: current F:\phpstudy\WWW\blog\Application\Runtime\Cache\Index\a5682a6889973e48bbd9688b96db0147.php 第 13 行.
NOTIC: [8] Undefined variable: webcConfig F:\phpstudy\WWW\blog\Application\Runtime\Cache\Index\a5682a6889973e48bbd9688b96db0147.php 第 13 行.
INFO: Run Behavior\ParseTemplateBehavior [ RunTime:0.009040s ]
INFO: [ view_parse ] --END-- [ RunTime:0.009061s ]
INFO: [ view_filter ] --START--
INFO: Run Behavior\WriteHtmlCacheBehavior [ RunTime:0.000164s ]
INFO: [ view_filter ] --END-- [ RunTime:0.000181s ]
INFO: [ app_end ] --START--
INFO: Run Behavior\ShowPageTraceBehavior [ RunTime:0.000264s ]
INFO: [ app_end ] --END-- [ RunTime:0.000282s ]

[ 2018-06-30T15:47:14+08:00 ] ::1 /blog/index.php/Index
INFO: [ app_init ] --START--
INFO: Run Behavior\BuildLiteBehavior [ RunTime:0.000006s ]
INFO: [ app_init ] --END-- [ RunTime:0.000216s ]
INFO: [ app_begin ] --START--
INFO: Run Behavior\ReadHtmlCacheBehavior [ RunTime:0.000254s ]
INFO: Run Behavior\CheckLangBehavior [ RunTime:0.000267s ]
INFO: [ app_begin ] --END-- [ RunTime:0.000560s ]
SQL: SHOW COLUMNS FROM `blog_category` [ RunTime:0.0061s ]
SQL: SELECT * FROM `blog_category`  [ RunTime:0.0002s ]
SQL: SHOW COLUMNS FROM `blog_act` [ RunTime:0.0065s ]
SQL: SELECT blog_act.*,blog_category.name,blog_users.nickname,blog_users.head,blog_users.pageurl FROM `blog_act` INNER JOIN blog_users ON blog_users.id = blog_act.usersid INNER JOIN blog_category ON blog_category.id = blog_act.sid  ORDER BY id desc LIMIT 0,30   [ RunTime:0.0012s ]
INFO: [ view_parse ] --START--
INFO: [ template_filter ] --START--
INFO: Run Behavior\ContentReplaceBehavior [ RunTime:0.000106s ]
INFO: [ template_filter ] --END-- [ RunTime:0.000133s ]
NOTIC: [8] Undefined variable: current F:\phpstudy\WWW\blog\Application\Runtime\Cache\Index\5f343310d4a83e1c2f6d4e5a6181e90a.php 第 13 行.
NOTIC: [8] Undefined variable: webcConfig F:\phpstudy\WWW\blog\Application\Runtime\Cache\Index\5f343310d4a83e1c2f6d4e5a6181e90a.php 第 13 行.
NOTIC: [8] Undefined variable: search F:\phpstudy\WWW\blog\Application\Runtime\Cache\Index\5f343310d4a83e1c2f6d4e5a6181e90a.php 第 110 行.
INFO: Run Behavior\ParseTemplateBehavior [ RunTime:0.016481s ]
INFO: [ view_parse ] --END-- [ RunTime:0.016504s ]
INFO: [ view_filter ] --START--
INFO: Run Behavior\WriteHtmlCacheBehavior [ RunTime:0.000171s ]
INFO: [ view_filter ] --END-- [ RunTime:0.000187s ]
INFO: [ app_end ] --START--
INFO: Run Behavior\ShowPageTraceBehavior [ RunTime:0.000280s ]
INFO: [ app_end ] --END-- [ RunTime:0.000303s ]

[ 2018-06-30T15:48:05+08:00 ] ::1 /blog/index.php/Index/Questions.html
INFO: [ app_init ] --START--
INFO: Run Behavior\BuildLiteBehavior [ RunTime:0.000005s ]
INFO: [ app_init ] --END-- [ RunTime:0.000172s ]
INFO: [ app_begin ] --START--
INFO: Run Behavior\ReadHtmlCacheBehavior [ RunTime:0.000214s ]
INFO: Run Behavior\CheckLangBehavior [ RunTime:0.000227s ]
INFO: [ app_begin ] --END-- [ RunTime:0.000477s ]
ERR: 无法加载控制器:Questions

[ 2018-06-30T15:48:12+08:00 ] ::1 /blog/index.php/Search/index.html?q=1
INFO: [ app_init ] --START--
INFO: Run Behavior\BuildLiteBehavior [ RunTime:0.000006s ]
INFO: [ app_init ] --END-- [ RunTime:0.000176s ]
INFO: [ app_begin ] --START--
INFO: Run Behavior\ReadHtmlCacheBehavior [ RunTime:0.000215s ]
INFO: Run Behavior\CheckLangBehavior [ RunTime:0.000224s ]
INFO: [ app_begin ] --END-- [ RunTime:0.000475s ]
SQL: SHOW COLUMNS FROM `blog_category` [ RunTime:0.0107s ]
SQL: SELECT * FROM `blog_category`  [ RunTime:0.0002s ]
SQL: SHOW COLUMNS FROM `blog_act` [ RunTime:0.0063s ]
SQL: SELECT COUNT(*) AS tp_count FROM `blog_act` WHERE ( title like '%1%' ) LIMIT 1   [ RunTime:0.0002s ]
SQL: SELECT * FROM `blog_act` WHERE ( title like '%1%' ) ORDER BY date LIMIT 0,20   [ RunTime:0.0002s ]
INFO: [ view_parse ] --START--
INFO: [ template_filter ] --START--
INFO: Run Behavior\ContentReplaceBehavior [ RunTime:0.000121s ]
INFO: [ template_filter ] --END-- [ RunTime:0.000151s ]
NOTIC: [8] Undefined variable: current F:\phpstudy\WWW\blog\Application\Runtime\Cache\Index\a4bbf827e05883590a75f7eeaad104ff.php 第 13 行.
NOTIC: [8] Undefined variable: webcConfig F:\phpstudy\WWW\blog\Application\Runtime\Cache\Index\a4bbf827e05883590a75f7eeaad104ff.php 第 13 行.
INFO: Run Behavior\ParseTemplateBehavior [ RunTime:0.025547s ]
INFO: [ view_parse ] --END-- [ RunTime:0.025569s ]
INFO: [ view_filter ] --START--
INFO: Run Behavior\WriteHtmlCacheBehavior [ RunTime:0.000208s ]
INFO: [ view_filter ] --END-- [ RunTime:0.000224s ]
INFO: [ app_end ] --START--
INFO: Run Behavior\ShowPageTraceBehavior [ RunTime:0.000250s ]
INFO: [ app_end ] --END-- [ RunTime:0.000269s ]

[ 2018-06-30T15:48:17+08:00 ] ::1 /blog/index.php/Article/Index/id/10.html
INFO: [ app_init ] --START--
INFO: Run Behavior\BuildLiteBehavior [ RunTime:0.000006s ]
INFO: [ app_init ] --END-- [ RunTime:0.000175s ]
INFO: [ app_begin ] --START--
INFO: Run Behavior\ReadHtmlCacheBehavior [ RunTime:0.000220s ]
INFO: Run Behavior\CheckLangBehavior [ RunTime:0.000224s ]
INFO: [ app_begin ] --END-- [ RunTime:0.000482s ]
SQL: SHOW COLUMNS FROM `blog_category` [ RunTime:0.0065s ]
SQL: SELECT * FROM `blog_category`  [ RunTime:0.0002s ]
SQL: SHOW COLUMNS FROM `blog_act` [ RunTime:0.0062s ]
SQL: SELECT blog_act.*,blog_category.name,blog_users.nickname,blog_users.head,blog_users.pageurl FROM `blog_act` INNER JOIN blog_users ON blog_users.id = blog_act.usersid INNER JOIN blog_category ON blog_category.id = blog_act.sid  WHERE ( blog_act.id= 10 ) LIMIT 1   [ RunTime:0.0002s ]
INFO: [ view_parse ] --START--
INFO: [ template_filter ] --START--
INFO: Run Behavior\ContentReplaceBehavior [ RunTime:0.000610s ]
INFO: [ template_filter ] --END-- [ RunTime:0.000640s ]
NOTIC: [8] Undefined variable: current F:\phpstudy\WWW\blog\Application\Runtime\Cache\Index\cca75959360efe1272a8b4838332e33c.php 第 13 行.
NOTIC: [8] Undefined variable: webcConfig F:\phpstudy\WWW\blog\Application\Runtime\Cache\Index\cca75959360efe1272a8b4838332e33c.php 第 13 行.
NOTIC: [8] Undefined variable: search F:\phpstudy\WWW\blog\Application\Runtime\Cache\Index\cca75959360efe1272a8b4838332e33c.php 第 110 行.
NOTIC: [8] Undefined variable: val F:\phpstudy\WWW\blog\Application\Runtime\Cache\Index\cca75959360efe1272a8b4838332e33c.php 第 331 行.
INFO: Run Behavior\ParseTemplateBehavior [ RunTime:0.047303s ]
INFO: [ view_parse ] --END-- [ RunTime:0.047324s ]
INFO: [ view_filter ] --START--
INFO: Run Behavior\WriteHtmlCacheBehavior [ RunTime:0.000131s ]
INFO: [ view_filter ] --END-- [ RunTime:0.000147s ]
INFO: [ app_end ] --START--
INFO: Run Behavior\ShowPageTraceBehavior [ RunTime:0.000245s ]
INFO: [ app_end ] --END-- [ RunTime:0.000268s ]

[ 2018-06-30T15:48:26+08:00 ] ::1 /blog/index.php/Search/index/q/1/type/question.html
INFO: [ app_init ] --START--
INFO: Run Behavior\BuildLiteBehavior [ RunTime:0.000005s ]
INFO: [ app_init ] --END-- [ RunTime:0.000175s ]
INFO: [ app_begin ] --START--
INFO: Run Behavior\ReadHtmlCacheBehavior [ RunTime:0.000218s ]
INFO: Run Behavior\CheckLangBehavior [ RunTime:0.000224s ]
INFO: [ app_begin ] --END-- [ RunTime:0.000480s ]
SQL: SHOW COLUMNS FROM `blog_category` [ RunTime:0.0056s ]
SQL: SELECT * FROM `blog_category`  [ RunTime:0.0002s ]
SQL: SHOW COLUMNS FROM `blog_act` [ RunTime:0.0027s ]
SQL: SELECT COUNT(*) AS tp_count FROM `blog_act` WHERE ( title like '%1%' ) LIMIT 1   [ RunTime:0.0001s ]
SQL: SELECT * FROM `blog_act` WHERE ( title like '%1%' ) ORDER BY date LIMIT 0,20   [ RunTime:0.0002s ]
INFO: [ view_parse ] --START--
INFO: [ template_filter ] --START--
INFO: Run Behavior\ContentReplaceBehavior [ RunTime:0.000118s ]
INFO: [ template_filter ] --END-- [ RunTime:0.000141s ]
NOTIC: [8] Undefined variable: current F:\phpstudy\WWW\blog\Application\Runtime\Cache\Index\a4bbf827e05883590a75f7eeaad104ff.php 第 13 行.
NOTIC: [8] Undefined variable: webcConfig F:\phpstudy\WWW\blog\Application\Runtime\Cache\Index\a4bbf827e05883590a75f7eeaad104ff.php 第 13 行.
INFO: Run Behavior\ParseTemplateBehavior [ RunTime:0.010331s ]
INFO: [ view_parse ] --END-- [ RunTime:0.010352s ]
INFO: [ view_filter ] --START--
INFO: Run Behavior\WriteHtmlCacheBehavior [ RunTime:0.000126s ]
INFO: [ view_filter ] --END-- [ RunTime:0.000142s ]
INFO: [ app_end ] --START--
INFO: Run Behavior\ShowPageTraceBehavior [ RunTime:0.000234s ]
INFO: [ app_end ] --END-- [ RunTime:0.000256s ]

[ 2018-06-30T15:48:27+08:00 ] ::1 /blog/index.php/Search/index/q/1/type/question.html
INFO: [ app_init ] --START--
INFO: Run Behavior\BuildLiteBehavior [ RunTime:0.000006s ]
INFO: [ app_init ] --END-- [ RunTime:0.000179s ]
INFO: [ app_begin ] --START--
INFO: Run Behavior\ReadHtmlCacheBehavior [ RunTime:0.000223s ]
INFO: Run Behavior\CheckLangBehavior [ RunTime:0.000225s ]
INFO: [ app_begin ] --END-- [ RunTime:0.000484s ]
SQL: SHOW COLUMNS FROM `blog_category` [ RunTime:0.0069s ]
SQL: SELECT * FROM `blog_category`  [ RunTime:0.0002s ]
SQL: SHOW COLUMNS FROM `blog_act` [ RunTime:0.0179s ]
SQL: SELECT COUNT(*) AS tp_count FROM `blog_act` WHERE ( title like '%1%' ) LIMIT 1   [ RunTime:0.0002s ]
SQL: SELECT * FROM `blog_act` WHERE ( title like '%1%' ) ORDER BY date LIMIT 0,20   [ RunTime:0.0002s ]
INFO: [ view_parse ] --START--
INFO: [ template_filter ] --START--
INFO: Run Behavior\ContentReplaceBehavior [ RunTime:0.000115s ]
INFO: [ template_filter ] --END-- [ RunTime:0.000140s ]
NOTIC: [8] Undefined variable: current F:\phpstudy\WWW\blog\Application\Runtime\Cache\Index\a4bbf827e05883590a75f7eeaad104ff.php 第 13 行.
NOTIC: [8] Undefined variable: webcConfig F:\phpstudy\WWW\blog\Application\Runtime\Cache\Index\a4bbf827e05883590a75f7eeaad104ff.php 第 13 行.
INFO: Run Behavior\ParseTemplateBehavior [ RunTime:0.010218s ]
INFO: [ view_parse ] --END-- [ RunTime:0.010239s ]
INFO: [ view_filter ] --START--
INFO: Run Behavior\WriteHtmlCacheBehavior [ RunTime:0.000123s ]
INFO: [ view_filter ] --END-- [ RunTime:0.000138s ]
INFO: [ app_end ] --START--
INFO: Run Behavior\ShowPageTraceBehavior [ RunTime:0.000238s ]
INFO: [ app_end ] --END-- [ RunTime:0.000261s ]

[ 2018-06-30T15:48:28+08:00 ] ::1 /blog/index.php/Search/index/q/1/type/article.html
INFO: [ app_init ] --START--
INFO: Run Behavior\BuildLiteBehavior [ RunTime:0.000007s ]
INFO: [ app_init ] --END-- [ RunTime:0.000262s ]
INFO: [ app_begin ] --START--
INFO: Run Behavior\ReadHtmlCacheBehavior [ RunTime:0.000268s ]
INFO: Run Behavior\CheckLangBehavior [ RunTime:0.000272s ]
INFO: [ app_begin ] --END-- [ RunTime:0.000578s ]
SQL: SHOW COLUMNS FROM `blog_category` [ RunTime:0.0063s ]
SQL: SELECT * FROM `blog_category`  [ RunTime:0.0002s ]
SQL: SHOW COLUMNS FROM `blog_act` [ RunTime:0.0062s ]
SQL: SELECT COUNT(*) AS tp_count FROM `blog_act` WHERE ( title like '%1%' ) LIMIT 1   [ RunTime:0.0001s ]
SQL: SELECT * FROM `blog_act` WHERE ( title like '%1%' ) ORDER BY date LIMIT 0,20   [ RunTime:0.0002s ]
INFO: [ view_parse ] --START--
INFO: [ template_filter ] --START--
INFO: Run Behavior\ContentReplaceBehavior [ RunTime:0.000115s ]
INFO: [ template_filter ] --END-- [ RunTime:0.000139s ]
NOTIC: [8] Undefined variable: current F:\phpstudy\WWW\blog\Application\Runtime\Cache\Index\a4bbf827e05883590a75f7eeaad104ff.php 第 13 行.
NOTIC: [8] Undefined variable: webcConfig F:\phpstudy\WWW\blog\Application\Runtime\Cache\Index\a4bbf827e05883590a75f7eeaad104ff.php 第 13 行.
INFO: Run Behavior\ParseTemplateBehavior [ RunTime:0.015774s ]
INFO: [ view_parse ] --END-- [ RunTime:0.015796s ]
INFO: [ view_filter ] --START--
INFO: Run Behavior\WriteHtmlCacheBehavior [ RunTime:0.000174s ]
INFO: [ view_filter ] --END-- [ RunTime:0.000191s ]
INFO: [ app_end ] --START--
INFO: Run Behavior\ShowPageTraceBehavior [ RunTime:0.000276s ]
INFO: [ app_end ] --END-- [ RunTime:0.000299s ]

[ 2018-06-30T15:48:44+08:00 ] ::1 /blog/index.php/Index/index.html
INFO: [ app_init ] --START--
INFO: Run Behavior\BuildLiteBehavior [ RunTime:0.000006s ]
INFO: [ app_init ] --END-- [ RunTime:0.000175s ]
INFO: [ app_begin ] --START--
INFO: Run Behavior\ReadHtmlCacheBehavior [ RunTime:0.000219s ]
INFO: Run Behavior\CheckLangBehavior [ RunTime:0.000224s ]
INFO: [ app_begin ] --END-- [ RunTime:0.000479s ]
SQL: SHOW COLUMNS FROM `blog_category` [ RunTime:0.0063s ]
SQL: SELECT * FROM `blog_category`  [ RunTime:0.0002s ]
SQL: SHOW COLUMNS FROM `blog_act` [ RunTime:0.0070s ]
SQL: SELECT blog_act.*,blog_category.name,blog_users.nickname,blog_users.head,blog_users.pageurl FROM `blog_act` INNER JOIN blog_users ON blog_users.id = blog_act.usersid INNER JOIN blog_category ON blog_category.id = blog_act.sid  ORDER BY id desc LIMIT 0,30   [ RunTime:0.0008s ]
INFO: [ view_parse ] --START--
INFO: [ template_filter ] --START--
INFO: Run Behavior\ContentReplaceBehavior [ RunTime:0.000105s ]
INFO: [ template_filter ] --END-- [ RunTime:0.000128s ]
NOTIC: [8] Undefined variable: current F:\phpstudy\WWW\blog\Application\Runtime\Cache\Index\5f343310d4a83e1c2f6d4e5a6181e90a.php 第 13 行.
NOTIC: [8] Undefined variable: webcConfig F:\phpstudy\WWW\blog\Application\Runtime\Cache\Index\5f343310d4a83e1c2f6d4e5a6181e90a.php 第 13 行.
NOTIC: [8] Undefined variable: search F:\phpstudy\WWW\blog\Application\Runtime\Cache\Index\5f343310d4a83e1c2f6d4e5a6181e90a.php 第 110 行.
INFO: Run Behavior\ParseTemplateBehavior [ RunTime:0.010588s ]
INFO: [ view_parse ] --END-- [ RunTime:0.010610s ]
INFO: [ view_filter ] --START--
INFO: Run Behavior\WriteHtmlCacheBehavior [ RunTime:0.000130s ]
INFO: [ view_filter ] --END-- [ RunTime:0.000146s ]
INFO: [ app_end ] --START--
INFO: Run Behavior\ShowPageTraceBehavior [ RunTime:0.000237s ]
INFO: [ app_end ] --END-- [ RunTime:0.000259s ]

[ 2018-06-30T15:48:53+08:00 ] ::1 /blog/index.php/Index/Ai
INFO: [ app_init ] --START--
INFO: Run Behavior\BuildLiteBehavior [ RunTime:0.000006s ]
INFO: [ app_init ] --END-- [ RunTime:0.000172s ]
INFO: [ app_begin ] --START--
INFO: Run Behavior\ReadHtmlCacheBehavior [ RunTime:0.000220s ]
INFO: Run Behavior\CheckLangBehavior [ RunTime:0.000223s ]
INFO: [ app_begin ] --END-- [ RunTime:0.000479s ]
SQL: SHOW COLUMNS FROM `blog_category` [ RunTime:0.0059s ]
SQL: SELECT * FROM `blog_category`  [ RunTime:0.0002s ]
INFO: [ view_parse ] --START--
INFO: [ template_filter ] --START--
INFO: Run Behavior\ContentReplaceBehavior [ RunTime:0.000101s ]
INFO: [ template_filter ] --END-- [ RunTime:0.000127s ]
NOTIC: [8] Undefined variable: current F:\phpstudy\WWW\blog\Application\Runtime\Cache\Index\7b79685e72eea590f70f681cf02690e7.php 第 13 行.
NOTIC: [8] Undefined variable: webcConfig F:\phpstudy\WWW\blog\Application\Runtime\Cache\Index\7b79685e72eea590f70f681cf02690e7.php 第 13 行.
NOTIC: [8] Undefined variable: search F:\phpstudy\WWW\blog\Application\Runtime\Cache\Index\7b79685e72eea590f70f681cf02690e7.php 第 110 行.
INFO: Run Behavior\ParseTemplateBehavior [ RunTime:0.009970s ]
INFO: [ view_parse ] --END-- [ RunTime:0.009993s ]
INFO: [ view_filter ] --START--
INFO: Run Behavior\WriteHtmlCacheBehavior [ RunTime:0.000134s ]
INFO: [ view_filter ] --END-- [ RunTime:0.000149s ]
INFO: [ app_end ] --START--
INFO: Run Behavior\ShowPageTraceBehavior [ RunTime:0.000241s ]
INFO: [ app_end ] --END-- [ RunTime:0.000264s ]

[ 2018-06-30T15:49:00+08:00 ] ::1 /blog/index.php/Index/Bc
INFO: [ app_init ] --START--
INFO: Run Behavior\BuildLiteBehavior [ RunTime:0.000006s ]
INFO: [ app_init ] --END-- [ RunTime:0.000172s ]
INFO: [ app_begin ] --START--
INFO: Run Behavior\ReadHtmlCacheBehavior [ RunTime:0.000212s ]
INFO: Run Behavior\CheckLangBehavior [ RunTime:0.000223s ]
INFO: [ app_begin ] --END-- [ RunTime:0.000471s ]
SQL: SHOW COLUMNS FROM `blog_category` [ RunTime:0.0066s ]
SQL: SELECT * FROM `blog_category`  [ RunTime:0.0002s ]
INFO: [ view_parse ] --START--
INFO: [ template_filter ] --START--
INFO: Run Behavior\ContentReplaceBehavior [ RunTime:0.000098s ]
INFO: [ template_filter ] --END-- [ RunTime:0.000120s ]
NOTIC: [8] Undefined variable: current F:\phpstudy\WWW\blog\Application\Runtime\Cache\Index\68482d4f49be91aa0e0fd74365a92b9b.php 第 13 行.
NOTIC: [8] Undefined variable: webcConfig F:\phpstudy\WWW\blog\Application\Runtime\Cache\Index\68482d4f49be91aa0e0fd74365a92b9b.php 第 13 行.
NOTIC: [8] Undefined variable: search F:\phpstudy\WWW\blog\Application\Runtime\Cache\Index\68482d4f49be91aa0e0fd74365a92b9b.php 第 110 行.
INFO: Run Behavior\ParseTemplateBehavior [ RunTime:0.009686s ]
INFO: [ view_parse ] --END-- [ RunTime:0.009708s ]
INFO: [ view_filter ] --START--
INFO: Run Behavior\WriteHtmlCacheBehavior [ RunTime:0.000124s ]
INFO: [ view_filter ] --END-- [ RunTime:0.000139s ]
INFO: [ app_end ] --START--
INFO: Run Behavior\ShowPageTraceBehavior [ RunTime:0.000243s ]
INFO: [ app_end ] --END-- [ RunTime:0.000266s ]

[ 2018-06-30T15:49:03+08:00 ] ::1 /blog/index.php/Bc/Index.html
INFO: [ app_init ] --START--
INFO: Run Behavior\BuildLiteBehavior [ RunTime:0.000006s ]
INFO: [ app_init ] --END-- [ RunTime:0.000176s ]
INFO: [ app_begin ] --START--
INFO: Run Behavior\ReadHtmlCacheBehavior [ RunTime:0.000214s ]
INFO: Run Behavior\CheckLangBehavior [ RunTime:0.000224s ]
INFO: [ app_begin ] --END-- [ RunTime:0.000475s ]
SQL: SHOW COLUMNS FROM `blog_category` [ RunTime:0.0061s ]
SQL: SELECT * FROM `blog_category`  [ RunTime:0.0002s ]
INFO: [ view_parse ] --START--
INFO: [ template_filter ] --START--
INFO: Run Behavior\ContentReplaceBehavior [ RunTime:0.000100s ]
INFO: [ template_filter ] --END-- [ RunTime:0.000122s ]
NOTIC: [8] Undefined variable: current F:\phpstudy\WWW\blog\Application\Runtime\Cache\Index\e8e90303d8391bf57a0cb2b31de6462a.php 第 13 行.
NOTIC: [8] Undefined variable: webcConfig F:\phpstudy\WWW\blog\Application\Runtime\Cache\Index\e8e90303d8391bf57a0cb2b31de6462a.php 第 13 行.
NOTIC: [8] Undefined variable: search F:\phpstudy\WWW\blog\Application\Runtime\Cache\Index\e8e90303d8391bf57a0cb2b31de6462a.php 第 110 行.
INFO: Run Behavior\ParseTemplateBehavior [ RunTime:0.009998s ]
INFO: [ view_parse ] --END-- [ RunTime:0.010020s ]
INFO: [ view_filter ] --START--
INFO: Run Behavior\WriteHtmlCacheBehavior [ RunTime:0.000129s ]
INFO: [ view_filter ] --END-- [ RunTime:0.000144s ]
INFO: [ app_end ] --START--
INFO: Run Behavior\ShowPageTraceBehavior [ RunTime:0.000241s ]
INFO: [ app_end ] --END-- [ RunTime:0.000264s ]

[ 2018-06-30T15:49:21+08:00 ] ::1 /blog/index.php/Bc/Frontend
INFO: [ app_init ] --START--
INFO: Run Behavior\BuildLiteBehavior [ RunTime:0.000006s ]
INFO: [ app_init ] --END-- [ RunTime:0.000207s ]
INFO: [ app_begin ] --START--
INFO: Run Behavior\ReadHtmlCacheBehavior [ RunTime:0.000247s ]
INFO: Run Behavior\CheckLangBehavior [ RunTime:0.000257s ]
INFO: [ app_begin ] --END-- [ RunTime:0.000541s ]
SQL: SHOW COLUMNS FROM `blog_category` [ RunTime:0.0064s ]
SQL: SELECT * FROM `blog_category`  [ RunTime:0.0002s ]
ERR: 非法操作:Frontend

[ 2018-06-30T15:49:26+08:00 ] ::1 /blog/index.php/Bc/Questions.html
INFO: [ app_init ] --START--
INFO: Run Behavior\BuildLiteBehavior [ RunTime:0.000005s ]
INFO: [ app_init ] --END-- [ RunTime:0.000172s ]
INFO: [ app_begin ] --START--
INFO: Run Behavior\ReadHtmlCacheBehavior [ RunTime:0.000214s ]
INFO: Run Behavior\CheckLangBehavior [ RunTime:0.000224s ]
INFO: [ app_begin ] --END-- [ RunTime:0.000474s ]
SQL: SHOW COLUMNS FROM `blog_category` [ RunTime:0.0104s ]
SQL: SELECT * FROM `blog_category`  [ RunTime:0.0002s ]
ERR: 非法操作:Questions

[ 2018-06-30T15:52:16+08:00 ] ::1 /blog/index.php/Bc/Index.html
INFO: [ app_init ] --START--
INFO: Run Behavior\BuildLiteBehavior [ RunTime:0.000006s ]
INFO: [ app_init ] --END-- [ RunTime:0.000211s ]
INFO: [ app_begin ] --START--
INFO: Run Behavior\ReadHtmlCacheBehavior [ RunTime:0.000247s ]
INFO: Run Behavior\CheckLangBehavior [ RunTime:0.000263s ]
INFO: [ app_begin ] --END-- [ RunTime:0.000547s ]
SQL: SHOW COLUMNS FROM `blog_category` [ RunTime:0.0058s ]
SQL: SELECT * FROM `blog_category`  [ RunTime:0.0002s ]
INFO: [ view_parse ] --START--
INFO: [ template_filter ] --START--
INFO: Run Behavior\ContentReplaceBehavior [ RunTime:0.000101s ]
INFO: [ template_filter ] --END-- [ RunTime:0.000123s ]
NOTIC: [8] Undefined variable: current F:\phpstudy\WWW\blog\Application\Runtime\Cache\Index\e8e90303d8391bf57a0cb2b31de6462a.php 第 13 行.
NOTIC: [8] Undefined variable: webcConfig F:\phpstudy\WWW\blog\Application\Runtime\Cache\Index\e8e90303d8391bf57a0cb2b31de6462a.php 第 13 行.
NOTIC: [8] Undefined variable: search F:\phpstudy\WWW\blog\Application\Runtime\Cache\Index\e8e90303d8391bf57a0cb2b31de6462a.php 第 110 行.
INFO: Run Behavior\ParseTemplateBehavior [ RunTime:0.009998s ]
INFO: [ view_parse ] --END-- [ RunTime:0.010020s ]
INFO: [ view_filter ] --START--
INFO: Run Behavior\WriteHtmlCacheBehavior [ RunTime:0.000168s ]
INFO: [ view_filter ] --END-- [ RunTime:0.000188s ]
INFO: [ app_end ] --START--
INFO: Run Behavior\ShowPageTraceBehavior [ RunTime:0.000294s ]
INFO: [ app_end ] --END-- [ RunTime:0.000315s ]

[ 2018-06-30T15:52:17+08:00 ] ::1 /blog/index.php/Bc/Index.html
INFO: [ app_init ] --START--
INFO: Run Behavior\BuildLiteBehavior [ RunTime:0.000006s ]
INFO: [ app_init ] --END-- [ RunTime:0.000213s ]
INFO: [ app_begin ] --START--
INFO: Run Behavior\ReadHtmlCacheBehavior [ RunTime:0.000244s ]
INFO: Run Behavior\CheckLangBehavior [ RunTime:0.000261s ]
INFO: [ app_begin ] --END-- [ RunTime:0.000543s ]
SQL: SHOW COLUMNS FROM `blog_category` [ RunTime:0.0063s ]
SQL: SELECT * FROM `blog_category`  [ RunTime:0.0002s ]
INFO: [ view_parse ] --START--
INFO: [ template_filter ] --START--
INFO: Run Behavior\ContentReplaceBehavior [ RunTime:0.000101s ]
INFO: [ template_filter ] --END-- [ RunTime:0.000127s ]
NOTIC: [8] Undefined variable: current F:\phpstudy\WWW\blog\Application\Runtime\Cache\Index\e8e90303d8391bf57a0cb2b31de6462a.php 第 13 行.
NOTIC: [8] Undefined variable: webcConfig F:\phpstudy\WWW\blog\Application\Runtime\Cache\Index\e8e90303d8391bf57a0cb2b31de6462a.php 第 13 行.
NOTIC: [8] Undefined variable: search F:\phpstudy\WWW\blog\Application\Runtime\Cache\Index\e8e90303d8391bf57a0cb2b31de6462a.php 第 110 行.
INFO: Run Behavior\ParseTemplateBehavior [ RunTime:0.010204s ]
INFO: [ view_parse ] --END-- [ RunTime:0.010225s ]
INFO: [ view_filter ] --START--
INFO: Run Behavior\WriteHtmlCacheBehavior [ RunTime:0.000166s ]
INFO: [ view_filter ] --END-- [ RunTime:0.000183s ]
INFO: [ app_end ] --START--
INFO: Run Behavior\ShowPageTraceBehavior [ RunTime:0.000271s ]
INFO: [ app_end ] --END-- [ RunTime:0.000293s ]

[ 2018-06-30T15:52:18+08:00 ] ::1 /blog/index.php/Bc/Feed.html
INFO: [ app_init ] --START--
INFO: Run Behavior\BuildLiteBehavior [ RunTime:0.000005s ]
INFO: [ app_init ] --END-- [ RunTime:0.000172s ]
INFO: [ app_begin ] --START--
INFO: Run Behavior\ReadHtmlCacheBehavior [ RunTime:0.000214s ]
INFO: Run Behavior\CheckLangBehavior [ RunTime:0.000225s ]
INFO: [ app_begin ] --END-- [ RunTime:0.000475s ]
SQL: SHOW COLUMNS FROM `blog_category` [ RunTime:0.0079s ]
SQL: SELECT * FROM `blog_category`  [ RunTime:0.0002s ]
ERR: 非法操作:Feed

[ 2018-06-30T15:52:21+08:00 ] ::1 /blog/index.php/Bc/Index.html
INFO: [ app_init ] --START--
INFO: Run Behavior\BuildLiteBehavior [ RunTime:0.000006s ]
INFO: [ app_init ] --END-- [ RunTime:0.000178s ]
INFO: [ app_begin ] --START--
INFO: Run Behavior\ReadHtmlCacheBehavior [ RunTime:0.000219s ]
INFO: Run Behavior\CheckLangBehavior [ RunTime:0.000226s ]
INFO: [ app_begin ] --END-- [ RunTime:0.000484s ]
SQL: SHOW COLUMNS FROM `blog_category` [ RunTime:0.0061s ]
SQL: SELECT * FROM `blog_category`  [ RunTime:0.0002s ]
INFO: [ view_parse ] --START--
INFO: [ template_filter ] --START--
INFO: Run Behavior\ContentReplaceBehavior [ RunTime:0.000101s ]
INFO: [ template_filter ] --END-- [ RunTime:0.000122s ]
NOTIC: [8] Undefined variable: current F:\phpstudy\WWW\blog\Application\Runtime\Cache\Index\e8e90303d8391bf57a0cb2b31de6462a.php 第 13 行.
NOTIC: [8] Undefined variable: webcConfig F:\phpstudy\WWW\blog\Application\Runtime\Cache\Index\e8e90303d8391bf57a0cb2b31de6462a.php 第 13 行.
NOTIC: [8] Undefined variable: search F:\phpstudy\WWW\blog\Application\Runtime\Cache\Index\e8e90303d8391bf57a0cb2b31de6462a.php 第 110 行.
INFO: Run Behavior\ParseTemplateBehavior [ RunTime:0.009437s ]
INFO: [ view_parse ] --END-- [ RunTime:0.009458s ]
INFO: [ view_filter ] --START--
INFO: Run Behavior\WriteHtmlCacheBehavior [ RunTime:0.000126s ]
INFO: [ view_filter ] --END-- [ RunTime:0.000141s ]
INFO: [ app_end ] --START--
INFO: Run Behavior\ShowPageTraceBehavior [ RunTime:0.000233s ]
INFO: [ app_end ] --END-- [ RunTime:0.000256s ]

[ 2018-06-30T15:53:34+08:00 ] ::1 /blog/index.php/User/login
INFO: [ app_init ] --START--
INFO: Run Behavior\BuildLiteBehavior [ RunTime:0.000005s ]
INFO: [ app_init ] --END-- [ RunTime:0.000169s ]
INFO: [ app_begin ] --START--
INFO: Run Behavior\ReadHtmlCacheBehavior [ RunTime:0.000206s ]
INFO: Run Behavior\CheckLangBehavior [ RunTime:0.000218s ]
INFO: [ app_begin ] --END-- [ RunTime:0.000462s ]
SQL: SHOW COLUMNS FROM `blog_category` [ RunTime:0.0061s ]
SQL: SELECT * FROM `blog_category`  [ RunTime:0.0002s ]
SQL: SHOW COLUMNS FROM `blog_users` [ RunTime:0.0061s ]
SQL: SELECT `id`,`username`,`nickname`,`password`,`lastdate`,`lastip` FROM `blog_users` WHERE `username` = '1076217644@qq.com' LIMIT 1   [ RunTime:0.0002s ]
SQL: SHOW COLUMNS FROM `blog_admin` [ RunTime:0.0322s ]
SQL: UPDATE `blog_admin` SET `loginnum`=loginnum+1 WHERE `username` = '1076217644@qq.com' [ RunTime:0.0002s ]
SQL: UPDATE `blog_admin` SET `lastdate`='1530345214',`regip`='0.0.0.0',`lastip`='0.0.0.0' WHERE `username` = '1076217644@qq.com' [ RunTime:0.0001s ]

[ 2018-06-30T15:53:35+08:00 ] ::1 /blog/index.php/Bc/Index.html
INFO: [ app_init ] --START--
INFO: Run Behavior\BuildLiteBehavior [ RunTime:0.000007s ]
INFO: [ app_init ] --END-- [ RunTime:0.000178s ]
INFO: [ app_begin ] --START--
INFO: Run Behavior\ReadHtmlCacheBehavior [ RunTime:0.000217s ]
INFO: Run Behavior\CheckLangBehavior [ RunTime:0.000229s ]
INFO: [ app_begin ] --END-- [ RunTime:0.000485s ]
SQL: SHOW COLUMNS FROM `blog_users` [ RunTime:0.0174s ]
SQL: SELECT * FROM `blog_users` WHERE `id` = 25 LIMIT 1   [ RunTime:0.0002s ]
SQL: SHOW COLUMNS FROM `blog_category` [ RunTime:0.0058s ]
SQL: SELECT * FROM `blog_category`  [ RunTime:0.0002s ]
INFO: [ view_parse ] --START--
INFO: [ template_filter ] --START--
INFO: Run Behavior\ContentReplaceBehavior [ RunTime:0.000103s ]
INFO: [ template_filter ] --END-- [ RunTime:0.000130s ]
NOTIC: [8] Undefined variable: current F:\phpstudy\WWW\blog\Application\Runtime\Cache\Index\e8e90303d8391bf57a0cb2b31de6462a.php 第 13 行.
NOTIC: [8] Undefined variable: webcConfig F:\phpstudy\WWW\blog\Application\Runtime\Cache\Index\e8e90303d8391bf57a0cb2b31de6462a.php 第 13 行.
NOTIC: [8] Undefined variable: search F:\phpstudy\WWW\blog\Application\Runtime\Cache\Index\e8e90303d8391bf57a0cb2b31de6462a.php 第 110 行.
INFO: Run Behavior\ParseTemplateBehavior [ RunTime:0.009850s ]
INFO: [ view_parse ] --END-- [ RunTime:0.009870s ]
INFO: [ view_filter ] --START--
INFO: Run Behavior\WriteHtmlCacheBehavior [ RunTime:0.000124s ]
INFO: [ view_filter ] --END-- [ RunTime:0.000139s ]
INFO: [ app_end ] --START--
INFO: Run Behavior\ShowPageTraceBehavior [ RunTime:0.000232s ]
INFO: [ app_end ] --END-- [ RunTime:0.000255s ]

[ 2018-06-30T15:53:48+08:00 ] ::1 /blog/index.php/User/logout.html
INFO: [ app_init ] --START--
INFO: Run Behavior\BuildLiteBehavior [ RunTime:0.000006s ]
INFO: [ app_init ] --END-- [ RunTime:0.000168s ]
INFO: [ app_begin ] --START--
INFO: Run Behavior\ReadHtmlCacheBehavior [ RunTime:0.000210s ]
INFO: Run Behavior\CheckLangBehavior [ RunTime:0.000220s ]
INFO: [ app_begin ] --END-- [ RunTime:0.000466s ]
SQL: SHOW COLUMNS FROM `blog_users` [ RunTime:0.0060s ]
SQL: SELECT * FROM `blog_users` WHERE `id` = 25 LIMIT 1   [ RunTime:0.0002s ]
SQL: SHOW COLUMNS FROM `blog_category` [ RunTime:0.0058s ]
SQL: SELECT * FROM `blog_category`  [ RunTime:0.0002s ]
INFO: [ view_parse ] --START--
INFO: [ template_filter ] --START--
INFO: Run Behavior\ContentReplaceBehavior [ RunTime:0.000016s ]
INFO: [ template_filter ] --END-- [ RunTime:0.000042s ]
INFO: Run Behavior\ParseTemplateBehavior [ RunTime:0.012380s ]
INFO: [ view_parse ] --END-- [ RunTime:0.012405s ]
INFO: [ view_filter ] --START--
INFO: Run Behavior\WriteHtmlCacheBehavior [ RunTime:0.000117s ]
INFO: [ view_filter ] --END-- [ RunTime:0.000133s ]
INFO: [ app_end ] --START--
INFO: Run Behavior\ShowPageTraceBehavior [ RunTime:0.000218s ]
INFO: [ app_end ] --END-- [ RunTime:0.000237s ]

[ 2018-06-30T15:53:51+08:00 ] ::1 /blog/index.php/Index/index.html
INFO: [ app_init ] --START--
INFO: Run Behavior\BuildLiteBehavior [ RunTime:0.000005s ]
INFO: [ app_init ] --END-- [ RunTime:0.000168s ]
INFO: [ app_begin ] --START--
INFO: Run Behavior\ReadHtmlCacheBehavior [ RunTime:0.000218s ]
INFO: Run Behavior\CheckLangBehavior [ RunTime:0.000222s ]
INFO: [ app_begin ] --END-- [ RunTime:0.000477s ]
SQL: SHOW COLUMNS FROM `blog_category` [ RunTime:0.0065s ]
SQL: SELECT * FROM `blog_category`  [ RunTime:0.0002s ]
SQL: SHOW COLUMNS FROM `blog_act` [ RunTime:0.0063s ]
SQL: SELECT blog_act.*,blog_category.name,blog_users.nickname,blog_users.head,blog_users.pageurl FROM `blog_act` INNER JOIN blog_users ON blog_users.id = blog_act.usersid INNER JOIN blog_category ON blog_category.id = blog_act.sid  ORDER BY id desc LIMIT 0,30   [ RunTime:0.0009s ]
INFO: [ view_parse ] --START--
INFO: [ template_filter ] --START--
INFO: Run Behavior\ContentReplaceBehavior [ RunTime:0.000103s ]
INFO: [ template_filter ] --END-- [ RunTime:0.000123s ]
NOTIC: [8] Undefined variable: current F:\phpstudy\WWW\blog\Application\Runtime\Cache\Index\5f343310d4a83e1c2f6d4e5a6181e90a.php 第 13 行.
NOTIC: [8] Undefined variable: webcConfig F:\phpstudy\WWW\blog\Application\Runtime\Cache\Index\5f343310d4a83e1c2f6d4e5a6181e90a.php 第 13 行.
NOTIC: [8] Undefined variable: search F:\phpstudy\WWW\blog\Application\Runtime\Cache\Index\5f343310d4a83e1c2f6d4e5a6181e90a.php 第 110 行.
INFO: Run Behavior\ParseTemplateBehavior [ RunTime:0.010648s ]
INFO: [ view_parse ] --END-- [ RunTime:0.010669s ]
INFO: [ view_filter ] --START--
INFO: Run Behavior\WriteHtmlCacheBehavior [ RunTime:0.000129s ]
INFO: [ view_filter ] --END-- [ RunTime:0.000145s ]
INFO: [ app_end ] --START--
INFO: Run Behavior\ShowPageTraceBehavior [ RunTime:0.000245s ]
INFO: [ app_end ] --END-- [ RunTime:0.000268s ]

[ 2018-06-30T15:53:52+08:00 ] ::1 /blog/index.php/Api/verify.html
INFO: [ app_init ] --START--
INFO: Run Behavior\BuildLiteBehavior [ RunTime:0.000005s ]
INFO: [ app_init ] --END-- [ RunTime:0.000176s ]
INFO: [ app_begin ] --START--
INFO: Run Behavior\ReadHtmlCacheBehavior [ RunTime:0.000216s ]
INFO: Run Behavior\CheckLangBehavior [ RunTime:0.000223s ]
INFO: [ app_begin ] --END-- [ RunTime:0.000476s ]
INFO: [ app_end ] --START--
INFO: Run Behavior\ShowPageTraceBehavior [ RunTime:0.000274s ]
INFO: [ app_end ] --END-- [ RunTime:0.000306s ]

