[ 2018-06-24T13:09:46+08:00 ] ::1 /blog/
INFO: [ app_init ] --START--
INFO: Run Behavior\BuildLiteBehavior [ RunTime:0.000007s ]
INFO: [ app_init ] --END-- [ RunTime:0.001205s ]
INFO: [ app_begin ] --START--
INFO: Run Behavior\ReadHtmlCacheBehavior [ RunTime:0.000671s ]
INFO: Run Behavior\CheckLangBehavior [ RunTime:0.000781s ]
INFO: [ app_begin ] --END-- [ RunTime:0.001505s ]
SQL: SHOW COLUMNS FROM `blog_category` [ RunTime:0.0112s ]
SQL: SELECT * FROM `blog_category`  [ RunTime:0.0005s ]
SQL: SHOW COLUMNS FROM `blog_act` [ RunTime:0.0070s ]
SQL: SELECT blog_act.*,blog_category.name,blog_users.nickname,blog_users.head,blog_users.pageurl FROM `blog_act` INNER JOIN blog_users ON blog_users.userid = blog_act.usersid INNER JOIN blog_category ON blog_category.id = blog_act.sid  ORDER BY id desc LIMIT 0,30   [ RunTime:0.0025s ]
INFO: [ view_parse ] --START--
INFO: [ template_filter ] --START--
INFO: Run Behavior\ContentReplaceBehavior [ RunTime:0.000104s ]
INFO: [ template_filter ] --END-- [ RunTime:0.000130s ]
NOTIC: [8] Undefined variable: current F:\phpstudy\WWW\blog\Application\Runtime\Cache\Index\5f343310d4a83e1c2f6d4e5a6181e90a.php 第 13 行.
NOTIC: [8] Undefined variable: webcConfig F:\phpstudy\WWW\blog\Application\Runtime\Cache\Index\5f343310d4a83e1c2f6d4e5a6181e90a.php 第 13 行.
NOTIC: [8] Undefined variable: search F:\phpstudy\WWW\blog\Application\Runtime\Cache\Index\5f343310d4a83e1c2f6d4e5a6181e90a.php 第 110 行.
INFO: Run Behavior\ParseTemplateBehavior [ RunTime:0.043016s ]
INFO: [ view_parse ] --END-- [ RunTime:0.043036s ]
INFO: [ view_filter ] --START--
INFO: Run Behavior\WriteHtmlCacheBehavior [ RunTime:0.001009s ]
INFO: [ view_filter ] --END-- [ RunTime:0.001029s ]
INFO: [ app_end ] --START--
INFO: Run Behavior\ShowPageTraceBehavior [ RunTime:0.000500s ]
INFO: [ app_end ] --END-- [ RunTime:0.000525s ]

[ 2018-06-24T13:19:52+08:00 ] ::1 /blog/index.php/Api/verify.html
INFO: [ app_init ] --START--
INFO: Run Behavior\BuildLiteBehavior [ RunTime:0.000011s ]
INFO: [ app_init ] --END-- [ RunTime:0.000419s ]
INFO: [ app_begin ] --START--
INFO: Run Behavior\ReadHtmlCacheBehavior [ RunTime:0.000498s ]
INFO: Run Behavior\CheckLangBehavior [ RunTime:0.000525s ]
INFO: [ app_begin ] --END-- [ RunTime:0.001099s ]
INFO: [ app_end ] --START--
INFO: Run Behavior\ShowPageTraceBehavior [ RunTime:0.000540s ]
INFO: [ app_end ] --END-- [ RunTime:0.000594s ]

[ 2018-06-24T13:20:07+08:00 ] ::1 /blog/index.php/Index/Api/sendMail
INFO: [ app_init ] --START--
INFO: Run Behavior\BuildLiteBehavior [ RunTime:0.000011s ]
INFO: [ app_init ] --END-- [ RunTime:0.000344s ]
INFO: [ app_begin ] --START--
INFO: Run Behavior\ReadHtmlCacheBehavior [ RunTime:0.000420s ]
INFO: Run Behavior\CheckLangBehavior [ RunTime:0.000454s ]
INFO: [ app_begin ] --END-- [ RunTime:0.000947s ]
SQL: SHOW COLUMNS FROM `blog_users` [ RunTime:0.0112s ]
SQL: SELECT * FROM `blog_users` WHERE `email` = '1076217644@qq.com' LIMIT 1   [ RunTime:0.0004s ]
SQL: SHOW COLUMNS FROM `blog_mail_verify` [ RunTime:0.0378s ]
SQL: SELECT * FROM `blog_mail_verify` WHERE `email` = '1076217644@qq.com' LIMIT 1   [ RunTime:0.0003s ]
NOTIC: [8] Undefined variable: date F:\phpstudy\WWW\blog\Application\Index\Controller\ApiController.class.php 第 55 行.

[ 2018-06-24T13:20:17+08:00 ] ::1 /blog/index.php/Index/Api/sendMail
INFO: [ app_init ] --START--
INFO: Run Behavior\BuildLiteBehavior [ RunTime:0.000011s ]
INFO: [ app_init ] --END-- [ RunTime:0.000345s ]
INFO: [ app_begin ] --START--
INFO: Run Behavior\ReadHtmlCacheBehavior [ RunTime:0.000414s ]
INFO: Run Behavior\CheckLangBehavior [ RunTime:0.000444s ]
INFO: [ app_begin ] --END-- [ RunTime:0.000927s ]
SQL: SHOW COLUMNS FROM `blog_users` [ RunTime:0.0111s ]
SQL: SELECT * FROM `blog_users` WHERE `email` = '1076217644@qq.com' LIMIT 1   [ RunTime:0.0003s ]
SQL: SHOW COLUMNS FROM `blog_mail_verify` [ RunTime:0.0109s ]
SQL: SELECT * FROM `blog_mail_verify` WHERE `email` = '1076217644@qq.com' LIMIT 1   [ RunTime:0.0003s ]
NOTIC: [8] Undefined variable: date F:\phpstudy\WWW\blog\Application\Index\Controller\ApiController.class.php 第 55 行.

[ 2018-06-24T13:22:13+08:00 ] ::1 /blog/index.php/Index/Api/sendMail
INFO: [ app_init ] --START--
INFO: Run Behavior\BuildLiteBehavior [ RunTime:0.000012s ]
INFO: [ app_init ] --END-- [ RunTime:0.000413s ]
INFO: [ app_begin ] --START--
INFO: Run Behavior\ReadHtmlCacheBehavior [ RunTime:0.000489s ]
INFO: Run Behavior\CheckLangBehavior [ RunTime:0.000523s ]
INFO: [ app_begin ] --END-- [ RunTime:0.001083s ]
SQL: SHOW COLUMNS FROM `blog_users` [ RunTime:0.0114s ]
SQL: SELECT * FROM `blog_users` WHERE `email` = '1076217644@qq.com' LIMIT 1   [ RunTime:0.0003s ]
SQL: SHOW COLUMNS FROM `blog_mail_verify` [ RunTime:0.0109s ]
SQL: SELECT * FROM `blog_mail_verify` WHERE `email` = '1076217644@qq.com' LIMIT 1   [ RunTime:0.0003s ]
NOTIC: [8] Undefined variable: date F:\phpstudy\WWW\blog\Application\Index\Controller\ApiController.class.php 第 55 行.

[ 2018-06-24T13:22:16+08:00 ] ::1 /blog/index.php/Index/Api/sendMail
INFO: [ app_init ] --START--
INFO: Run Behavior\BuildLiteBehavior [ RunTime:0.000012s ]
INFO: [ app_init ] --END-- [ RunTime:0.000346s ]
INFO: [ app_begin ] --START--
INFO: Run Behavior\ReadHtmlCacheBehavior [ RunTime:0.000422s ]
INFO: Run Behavior\CheckLangBehavior [ RunTime:0.000440s ]
INFO: [ app_begin ] --END-- [ RunTime:0.000930s ]
SQL: SHOW COLUMNS FROM `blog_users` [ RunTime:0.0180s ]
SQL: SELECT * FROM `blog_users` WHERE `email` = '1076217644@qq.com' LIMIT 1   [ RunTime:0.0003s ]
SQL: SHOW COLUMNS FROM `blog_mail_verify` [ RunTime:0.0107s ]
SQL: SELECT * FROM `blog_mail_verify` WHERE `email` = '1076217644@qq.com' LIMIT 1   [ RunTime:0.0003s ]
NOTIC: [8] Undefined variable: date F:\phpstudy\WWW\blog\Application\Index\Controller\ApiController.class.php 第 55 行.

[ 2018-06-24T13:23:12+08:00 ] ::1 /blog/index.php/Index/Api/sendMail
INFO: [ app_init ] --START--
INFO: Run Behavior\BuildLiteBehavior [ RunTime:0.000012s ]
INFO: [ app_init ] --END-- [ RunTime:0.000358s ]
INFO: [ app_begin ] --START--
INFO: Run Behavior\ReadHtmlCacheBehavior [ RunTime:0.000431s ]
INFO: Run Behavior\CheckLangBehavior [ RunTime:0.000451s ]
INFO: [ app_begin ] --END-- [ RunTime:0.000952s ]
SQL: SHOW COLUMNS FROM `blog_users` [ RunTime:0.0113s ]
SQL: SELECT * FROM `blog_users` WHERE `email` = '1076217644@qq.com' LIMIT 1   [ RunTime:0.0003s ]
SQL: SHOW COLUMNS FROM `blog_mail_verify` [ RunTime:0.0106s ]
SQL: SELECT * FROM `blog_mail_verify` WHERE `email` = '1076217644@qq.com' LIMIT 1   [ RunTime:0.0003s ]
NOTIC: [8] Undefined variable: date F:\phpstudy\WWW\blog\Application\Index\Controller\ApiController.class.php 第 55 行.

[ 2018-06-24T13:23:28+08:00 ] ::1 /blog/index.php/Index/Api/sendMail
INFO: [ app_init ] --START--
INFO: Run Behavior\BuildLiteBehavior [ RunTime:0.000011s ]
INFO: [ app_init ] --END-- [ RunTime:0.000351s ]
INFO: [ app_begin ] --START--
INFO: Run Behavior\ReadHtmlCacheBehavior [ RunTime:0.000474s ]
INFO: Run Behavior\CheckLangBehavior [ RunTime:0.000452s ]
INFO: [ app_begin ] --END-- [ RunTime:0.000996s ]
SQL: SHOW COLUMNS FROM `blog_users` [ RunTime:0.0239s ]
SQL: SELECT * FROM `blog_users` WHERE `email` = '1076217644@qq.com' LIMIT 1   [ RunTime:0.0003s ]
SQL: SHOW COLUMNS FROM `blog_mail_verify` [ RunTime:0.0195s ]
SQL: SELECT * FROM `blog_mail_verify` WHERE `email` = '1076217644@qq.com' LIMIT 1   [ RunTime:0.0003s ]
NOTIC: [8] Undefined variable: date F:\phpstudy\WWW\blog\Application\Index\Controller\ApiController.class.php 第 55 行.

[ 2018-06-24T13:23:46+08:00 ] ::1 /blog/index.php/Index/Api/sendMail
INFO: [ app_init ] --START--
INFO: Run Behavior\BuildLiteBehavior [ RunTime:0.000012s ]
INFO: [ app_init ] --END-- [ RunTime:0.000355s ]
INFO: [ app_begin ] --START--
INFO: Run Behavior\ReadHtmlCacheBehavior [ RunTime:0.000424s ]
INFO: Run Behavior\CheckLangBehavior [ RunTime:0.000464s ]
INFO: [ app_begin ] --END-- [ RunTime:0.000957s ]
SQL: SHOW COLUMNS FROM `blog_users` [ RunTime:0.0115s ]
SQL: SELECT * FROM `blog_users` WHERE `email` = '1076217644@qq.com' LIMIT 1   [ RunTime:0.0003s ]
SQL: SHOW COLUMNS FROM `blog_mail_verify` [ RunTime:0.0106s ]
SQL: SELECT * FROM `blog_mail_verify` WHERE `email` = '1076217644@qq.com' LIMIT 1   [ RunTime:0.0003s ]

[ 2018-06-24T13:25:04+08:00 ] ::1 /blog/index.php/Index/Api/sendMail
INFO: [ app_init ] --START--
INFO: Run Behavior\BuildLiteBehavior [ RunTime:0.000012s ]
INFO: [ app_init ] --END-- [ RunTime:0.000408s ]
INFO: [ app_begin ] --START--
INFO: Run Behavior\ReadHtmlCacheBehavior [ RunTime:0.000653s ]
INFO: Run Behavior\CheckLangBehavior [ RunTime:0.000628s ]
INFO: [ app_begin ] --END-- [ RunTime:0.001358s ]
SQL: SHOW COLUMNS FROM `blog_users` [ RunTime:0.0104s ]
SQL: SELECT * FROM `blog_users` WHERE `email` = '1076217644@qq.com' LIMIT 1   [ RunTime:0.0003s ]
SQL: SHOW COLUMNS FROM `blog_mail_verify` [ RunTime:0.0107s ]
SQL: SELECT * FROM `blog_mail_verify` WHERE `email` = '1076217644@qq.com' LIMIT 1   [ RunTime:0.0003s ]
NOTIC: [8] Undefined variable: date F:\phpstudy\WWW\blog\Application\Index\Controller\ApiController.class.php 第 55 行.
INFO: [ app_end ] --START--
INFO: Run Behavior\ShowPageTraceBehavior [ RunTime:0.000592s ]
INFO: [ app_end ] --END-- [ RunTime:0.000631s ]

[ 2018-06-24T13:25:15+08:00 ] ::1 /blog/index.php/Index/Api/sendMail
INFO: [ app_init ] --START--
INFO: Run Behavior\BuildLiteBehavior [ RunTime:0.000012s ]
INFO: [ app_init ] --END-- [ RunTime:0.000355s ]
INFO: [ app_begin ] --START--
INFO: Run Behavior\ReadHtmlCacheBehavior [ RunTime:0.000440s ]
INFO: Run Behavior\CheckLangBehavior [ RunTime:0.000454s ]
INFO: [ app_begin ] --END-- [ RunTime:0.000969s ]
SQL: SHOW COLUMNS FROM `blog_users` [ RunTime:0.0104s ]
SQL: SELECT * FROM `blog_users` WHERE `email` = '1076217644@qq.com' LIMIT 1   [ RunTime:0.0003s ]
SQL: SHOW COLUMNS FROM `blog_mail_verify` [ RunTime:0.0106s ]
SQL: SELECT * FROM `blog_mail_verify` WHERE `email` = '1076217644@qq.com' LIMIT 1   [ RunTime:0.0003s ]
NOTIC: [8] Undefined variable: date F:\phpstudy\WWW\blog\Application\Index\Controller\ApiController.class.php 第 55 行.
INFO: [ app_end ] --START--
INFO: Run Behavior\ShowPageTraceBehavior [ RunTime:0.000509s ]
INFO: [ app_end ] --END-- [ RunTime:0.000548s ]

[ 2018-06-24T13:25:37+08:00 ] ::1 /blog/index.php/Index/Api/sendMail
INFO: [ app_init ] --START--
INFO: Run Behavior\BuildLiteBehavior [ RunTime:0.000011s ]
INFO: [ app_init ] --END-- [ RunTime:0.000347s ]
INFO: [ app_begin ] --START--
INFO: Run Behavior\ReadHtmlCacheBehavior [ RunTime:0.002994s ]
INFO: Run Behavior\CheckLangBehavior [ RunTime:0.000458s ]
INFO: [ app_begin ] --END-- [ RunTime:0.003524s ]
SQL: SHOW COLUMNS FROM `blog_users` [ RunTime:0.0202s ]
SQL: SELECT * FROM `blog_users` WHERE `email` = '1076217644@qq.com' LIMIT 1   [ RunTime:0.0004s ]
SQL: SHOW COLUMNS FROM `blog_mail_verify` [ RunTime:0.0104s ]
SQL: SELECT * FROM `blog_mail_verify` WHERE `email` = '1076217644@qq.com' LIMIT 1   [ RunTime:0.0003s ]
INFO: [ app_end ] --START--
INFO: Run Behavior\ShowPageTraceBehavior [ RunTime:0.000511s ]
INFO: [ app_end ] --END-- [ RunTime:0.000550s ]

[ 2018-06-24T13:26:03+08:00 ] ::1 /blog/index.php/Index/Api/sendMail
INFO: [ app_init ] --START--
INFO: Run Behavior\BuildLiteBehavior [ RunTime:0.000012s ]
INFO: [ app_init ] --END-- [ RunTime:0.000359s ]
INFO: [ app_begin ] --START--
INFO: Run Behavior\ReadHtmlCacheBehavior [ RunTime:0.000433s ]
INFO: Run Behavior\CheckLangBehavior [ RunTime:0.000447s ]
INFO: [ app_begin ] --END-- [ RunTime:0.000948s ]
SQL: SHOW COLUMNS FROM `blog_users` [ RunTime:0.0099s ]
SQL: SELECT * FROM `blog_users` WHERE `email` = '1076217644@qq.com' LIMIT 1   [ RunTime:0.0003s ]
SQL: SHOW COLUMNS FROM `blog_mail_verify` [ RunTime:0.0104s ]
SQL: SELECT * FROM `blog_mail_verify` WHERE `email` = '1076217644@qq.com' LIMIT 1   [ RunTime:0.0003s ]
INFO: [ app_end ] --START--
INFO: Run Behavior\ShowPageTraceBehavior [ RunTime:0.000504s ]
INFO: [ app_end ] --END-- [ RunTime:0.000546s ]

[ 2018-06-24T13:26:15+08:00 ] ::1 /blog/index.php/Index/Api/sendMail
INFO: [ app_init ] --START--
INFO: Run Behavior\BuildLiteBehavior [ RunTime:0.000012s ]
INFO: [ app_init ] --END-- [ RunTime:0.000344s ]
INFO: [ app_begin ] --START--
INFO: Run Behavior\ReadHtmlCacheBehavior [ RunTime:0.000426s ]
INFO: Run Behavior\CheckLangBehavior [ RunTime:0.000445s ]
INFO: [ app_begin ] --END-- [ RunTime:0.000983s ]
SQL: SHOW COLUMNS FROM `blog_users` [ RunTime:0.0148s ]
SQL: SELECT * FROM `blog_users` WHERE `email` = '1076217644@qq.com' LIMIT 1   [ RunTime:0.0003s ]
SQL: SHOW COLUMNS FROM `blog_mail_verify` [ RunTime:0.0105s ]
SQL: SELECT * FROM `blog_mail_verify` WHERE `email` = '1076217644@qq.com' LIMIT 1   [ RunTime:0.0003s ]
INFO: [ app_end ] --START--
INFO: Run Behavior\ShowPageTraceBehavior [ RunTime:0.000506s ]
INFO: [ app_end ] --END-- [ RunTime:0.000546s ]

[ 2018-06-24T13:26:27+08:00 ] ::1 /blog/index.php/Index/Api/sendMail
INFO: [ app_init ] --START--
INFO: Run Behavior\BuildLiteBehavior [ RunTime:0.000011s ]
INFO: [ app_init ] --END-- [ RunTime:0.000416s ]
INFO: [ app_begin ] --START--
INFO: Run Behavior\ReadHtmlCacheBehavior [ RunTime:0.000500s ]
INFO: Run Behavior\CheckLangBehavior [ RunTime:0.000530s ]
INFO: [ app_begin ] --END-- [ RunTime:0.001100s ]
SQL: SHOW COLUMNS FROM `blog_users` [ RunTime:0.0084s ]
SQL: SELECT * FROM `blog_users` WHERE `email` = '1076217644@qq.com' LIMIT 1   [ RunTime:0.0003s ]
SQL: SHOW COLUMNS FROM `blog_mail_verify` [ RunTime:0.0086s ]
SQL: SELECT * FROM `blog_mail_verify` WHERE `email` = '1076217644@qq.com' LIMIT 1   [ RunTime:0.0002s ]
INFO: [ app_end ] --START--
INFO: Run Behavior\ShowPageTraceBehavior [ RunTime:0.000586s ]
INFO: [ app_end ] --END-- [ RunTime:0.000625s ]

[ 2018-06-24T14:03:20+08:00 ] ::1 /blog/index.php/Index/Api/sendMail
INFO: [ app_init ] --START--
INFO: Run Behavior\BuildLiteBehavior [ RunTime:0.000012s ]
INFO: [ app_init ] --END-- [ RunTime:0.000421s ]
INFO: [ app_begin ] --START--
INFO: Run Behavior\ReadHtmlCacheBehavior [ RunTime:0.000486s ]
INFO: Run Behavior\CheckLangBehavior [ RunTime:0.000529s ]
INFO: [ app_begin ] --END-- [ RunTime:0.001086s ]
SQL: SHOW COLUMNS FROM `blog_users` [ RunTime:0.0116s ]
SQL: SELECT * FROM `blog_users` WHERE `email` = '1076217644@qq.com' LIMIT 1   [ RunTime:0.0003s ]
SQL: SHOW COLUMNS FROM `blog_mail_verify` [ RunTime:0.0229s ]
SQL: SELECT * FROM `blog_mail_verify` WHERE `email` = '1076217644@qq.com' LIMIT 1   [ RunTime:0.0003s ]
INFO: [ app_end ] --START--
INFO: Run Behavior\ShowPageTraceBehavior [ RunTime:0.000603s ]
INFO: [ app_end ] --END-- [ RunTime:0.000645s ]

[ 2018-06-24T14:03:31+08:00 ] ::1 /blog/index.php/Index/Api/sendMail
INFO: [ app_init ] --START--
INFO: Run Behavior\BuildLiteBehavior [ RunTime:0.000015s ]
INFO: [ app_init ] --END-- [ RunTime:0.000458s ]
INFO: [ app_begin ] --START--
INFO: Run Behavior\ReadHtmlCacheBehavior [ RunTime:0.000557s ]
INFO: Run Behavior\CheckLangBehavior [ RunTime:0.000583s ]
INFO: [ app_begin ] --END-- [ RunTime:0.001229s ]

[ 2018-06-24T14:03:44+08:00 ] ::1 /blog/index.php/Index/Api/sendMail
INFO: [ app_init ] --START--
INFO: Run Behavior\BuildLiteBehavior [ RunTime:0.000012s ]
INFO: [ app_init ] --END-- [ RunTime:0.000345s ]
INFO: [ app_begin ] --START--
INFO: Run Behavior\ReadHtmlCacheBehavior [ RunTime:0.000424s ]
INFO: Run Behavior\CheckLangBehavior [ RunTime:0.000463s ]
INFO: [ app_begin ] --END-- [ RunTime:0.000959s ]
SQL: SHOW COLUMNS FROM `blog_users` [ RunTime:0.0116s ]
SQL: SELECT * FROM `blog_users` WHERE `email` = '1076217644@qq.com' LIMIT 1   [ RunTime:0.0004s ]
SQL: SHOW COLUMNS FROM `blog_mail_verify` [ RunTime:0.0114s ]
SQL: SELECT * FROM `blog_mail_verify` WHERE `email` = '1076217644@qq.com' LIMIT 1   [ RunTime:0.0003s ]
INFO: [ app_end ] --START--
INFO: Run Behavior\ShowPageTraceBehavior [ RunTime:0.000512s ]
INFO: [ app_end ] --END-- [ RunTime:0.000553s ]

[ 2018-06-24T14:04:02+08:00 ] ::1 /blog/index.php/Index/Api/sendMail
INFO: [ app_init ] --START--
INFO: Run Behavior\BuildLiteBehavior [ RunTime:0.000012s ]
INFO: [ app_init ] --END-- [ RunTime:0.000339s ]
INFO: [ app_begin ] --START--
INFO: Run Behavior\ReadHtmlCacheBehavior [ RunTime:0.000417s ]
INFO: Run Behavior\CheckLangBehavior [ RunTime:0.000444s ]
INFO: [ app_begin ] --END-- [ RunTime:0.000929s ]
SQL: SHOW COLUMNS FROM `blog_users` [ RunTime:0.0115s ]
SQL: SELECT * FROM `blog_users` WHERE `email` = '1076217644@qq.com' LIMIT 1   [ RunTime:0.0003s ]
SQL: SHOW COLUMNS FROM `blog_mail_verify` [ RunTime:0.0111s ]
SQL: SELECT * FROM `blog_mail_verify` WHERE `email` = '1076217644@qq.com' LIMIT 1   [ RunTime:0.0003s ]
INFO: [ app_end ] --START--
INFO: Run Behavior\ShowPageTraceBehavior [ RunTime:0.000520s ]
INFO: [ app_end ] --END-- [ RunTime:0.000560s ]

[ 2018-06-24T14:04:09+08:00 ] ::1 /blog/index.php/Index/Api/sendMail
INFO: [ app_init ] --START--
INFO: Run Behavior\BuildLiteBehavior [ RunTime:0.000012s ]
INFO: [ app_init ] --END-- [ RunTime:0.000345s ]
INFO: [ app_begin ] --START--
INFO: Run Behavior\ReadHtmlCacheBehavior [ RunTime:0.000666s ]
INFO: Run Behavior\CheckLangBehavior [ RunTime:0.000685s ]
INFO: [ app_begin ] --END-- [ RunTime:0.001464s ]

[ 2018-06-24T14:04:23+08:00 ] ::1 /blog/
INFO: [ app_init ] --START--
INFO: Run Behavior\BuildLiteBehavior [ RunTime:0.000013s ]
INFO: [ app_init ] --END-- [ RunTime:0.000369s ]
INFO: [ app_begin ] --START--
INFO: Run Behavior\ReadHtmlCacheBehavior [ RunTime:0.000744s ]
INFO: Run Behavior\CheckLangBehavior [ RunTime:0.000470s ]
INFO: [ app_begin ] --END-- [ RunTime:0.001291s ]
SQL: SHOW COLUMNS FROM `blog_category` [ RunTime:0.0233s ]
SQL: SELECT * FROM `blog_category`  [ RunTime:0.0003s ]
SQL: SHOW COLUMNS FROM `blog_act` [ RunTime:0.0145s ]
SQL: SELECT blog_act.*,blog_category.name,blog_users.nickname,blog_users.head,blog_users.pageurl FROM `blog_act` INNER JOIN blog_users ON blog_users.userid = blog_act.usersid INNER JOIN blog_category ON blog_category.id = blog_act.sid  ORDER BY id desc LIMIT 0,30   [ RunTime:0.0013s ]
INFO: [ view_parse ] --START--
INFO: [ template_filter ] --START--
INFO: Run Behavior\ContentReplaceBehavior [ RunTime:0.000202s ]
INFO: [ template_filter ] --END-- [ RunTime:0.000246s ]
NOTIC: [8] Undefined variable: current F:\phpstudy\WWW\blog\Application\Runtime\Cache\Index\5f343310d4a83e1c2f6d4e5a6181e90a.php 第 13 行.
NOTIC: [8] Undefined variable: webcConfig F:\phpstudy\WWW\blog\Application\Runtime\Cache\Index\5f343310d4a83e1c2f6d4e5a6181e90a.php 第 13 行.
NOTIC: [8] Undefined variable: search F:\phpstudy\WWW\blog\Application\Runtime\Cache\Index\5f343310d4a83e1c2f6d4e5a6181e90a.php 第 110 行.
INFO: Run Behavior\ParseTemplateBehavior [ RunTime:0.034313s ]
INFO: [ view_parse ] --END-- [ RunTime:0.034358s ]
INFO: [ view_filter ] --START--
INFO: Run Behavior\WriteHtmlCacheBehavior [ RunTime:0.000360s ]
INFO: [ view_filter ] --END-- [ RunTime:0.000394s ]
INFO: [ app_end ] --START--
INFO: Run Behavior\ShowPageTraceBehavior [ RunTime:0.000464s ]
INFO: [ app_end ] --END-- [ RunTime:0.000512s ]

[ 2018-06-24T14:04:26+08:00 ] ::1 /blog/index.php/Api/verify.html
INFO: [ app_init ] --START--
INFO: Run Behavior\BuildLiteBehavior [ RunTime:0.000012s ]
INFO: [ app_init ] --END-- [ RunTime:0.000383s ]
INFO: [ app_begin ] --START--
INFO: Run Behavior\ReadHtmlCacheBehavior [ RunTime:0.000433s ]
INFO: Run Behavior\CheckLangBehavior [ RunTime:0.000471s ]
INFO: [ app_begin ] --END-- [ RunTime:0.000979s ]
INFO: [ app_end ] --START--
INFO: Run Behavior\ShowPageTraceBehavior [ RunTime:0.000504s ]
INFO: [ app_end ] --END-- [ RunTime:0.000558s ]

[ 2018-06-24T14:04:36+08:00 ] ::1 /blog/index.php/Index/Api/sendMail
INFO: [ app_init ] --START--
INFO: Run Behavior\BuildLiteBehavior [ RunTime:0.000011s ]
INFO: [ app_init ] --END-- [ RunTime:0.000344s ]
INFO: [ app_begin ] --START--
INFO: Run Behavior\ReadHtmlCacheBehavior [ RunTime:0.000426s ]
INFO: Run Behavior\CheckLangBehavior [ RunTime:0.000440s ]
INFO: [ app_begin ] --END-- [ RunTime:0.000934s ]
SQL: SHOW COLUMNS FROM `blog_users` [ RunTime:0.0105s ]
SQL: SELECT * FROM `blog_users` WHERE `email` = '1076217644@qq.com' LIMIT 1   [ RunTime:0.0003s ]

[ 2018-06-24T14:04:48+08:00 ] ::1 /blog/index.php/Index/Api/sendMail
INFO: [ app_init ] --START--
INFO: Run Behavior\BuildLiteBehavior [ RunTime:0.000012s ]
INFO: [ app_init ] --END-- [ RunTime:0.000341s ]
INFO: [ app_begin ] --START--
INFO: Run Behavior\ReadHtmlCacheBehavior [ RunTime:0.000426s ]
INFO: Run Behavior\CheckLangBehavior [ RunTime:0.000443s ]
INFO: [ app_begin ] --END-- [ RunTime:0.000938s ]
SQL: SHOW COLUMNS FROM `blog_users` [ RunTime:0.0085s ]
SQL: SELECT * FROM `blog_users` WHERE `email` = '1076217644@qq.com' LIMIT 1   [ RunTime:0.0003s ]
SQL: SHOW COLUMNS FROM `blog_mail_verify` [ RunTime:0.0051s ]
SQL: SELECT * FROM `blog_mail_verify` WHERE `email` = '1076217644@qq.com' LIMIT 1   [ RunTime:0.0002s ]
INFO: [ app_end ] --START--
INFO: Run Behavior\ShowPageTraceBehavior [ RunTime:0.000493s ]
INFO: [ app_end ] --END-- [ RunTime:0.000532s ]

[ 2018-06-24T14:05:04+08:00 ] ::1 /blog/index.php/Index/Api/sendMail
INFO: [ app_init ] --START--
INFO: Run Behavior\BuildLiteBehavior [ RunTime:0.000013s ]
INFO: [ app_init ] --END-- [ RunTime:0.000365s ]
INFO: [ app_begin ] --START--
INFO: Run Behavior\ReadHtmlCacheBehavior [ RunTime:0.000486s ]
INFO: Run Behavior\CheckLangBehavior [ RunTime:0.000502s ]
INFO: [ app_begin ] --END-- [ RunTime:0.001064s ]
SQL: SHOW COLUMNS FROM `blog_users` [ RunTime:0.0108s ]
SQL: SELECT * FROM `blog_users` WHERE `email` = '1076217644@qq.com' LIMIT 1   [ RunTime:0.0003s ]
SQL: SHOW COLUMNS FROM `blog_mail_verify` [ RunTime:0.0102s ]
SQL: SELECT * FROM `blog_mail_verify` WHERE `email` = '1076217644@qq.com' LIMIT 1   [ RunTime:0.0002s ]

[ 2018-06-24T14:05:16+08:00 ] ::1 /blog/index.php/Index/Api/sendMail
INFO: [ app_init ] --START--
INFO: Run Behavior\BuildLiteBehavior [ RunTime:0.000017s ]
INFO: [ app_init ] --END-- [ RunTime:0.000490s ]
INFO: [ app_begin ] --START--
INFO: Run Behavior\ReadHtmlCacheBehavior [ RunTime:0.000461s ]
INFO: Run Behavior\CheckLangBehavior [ RunTime:0.000459s ]
INFO: [ app_begin ] --END-- [ RunTime:0.000992s ]
SQL: SHOW COLUMNS FROM `blog_users` [ RunTime:0.0108s ]
SQL: SELECT * FROM `blog_users` WHERE `email` = '1076217644@qq.com' LIMIT 1   [ RunTime:0.0003s ]
SQL: SHOW COLUMNS FROM `blog_mail_verify` [ RunTime:0.0069s ]
SQL: SELECT * FROM `blog_mail_verify` WHERE `email` = '1076217644@qq.com' LIMIT 1   [ RunTime:0.0002s ]

[ 2018-06-24T14:05:33+08:00 ] ::1 /blog/index.php/Index/Api/sendMail
INFO: [ app_init ] --START--
INFO: Run Behavior\BuildLiteBehavior [ RunTime:0.000012s ]
INFO: [ app_init ] --END-- [ RunTime:0.000416s ]
INFO: [ app_begin ] --START--
INFO: Run Behavior\ReadHtmlCacheBehavior [ RunTime:0.000482s ]
INFO: Run Behavior\CheckLangBehavior [ RunTime:0.000517s ]
INFO: [ app_begin ] --END-- [ RunTime:0.001069s ]
SQL: SHOW COLUMNS FROM `blog_users` [ RunTime:0.0206s ]
SQL: SELECT * FROM `blog_users` WHERE `email` = '1076217644@qq.com' LIMIT 1   [ RunTime:0.0004s ]
SQL: SHOW COLUMNS FROM `blog_mail_verify` [ RunTime:0.0104s ]
SQL: SELECT * FROM `blog_mail_verify` WHERE `email` = '1076217644@qq.com' LIMIT 1   [ RunTime:0.0003s ]
INFO: [ app_end ] --START--
INFO: Run Behavior\ShowPageTraceBehavior [ RunTime:0.000594s ]
INFO: [ app_end ] --END-- [ RunTime:0.000636s ]

[ 2018-06-24T14:05:40+08:00 ] ::1 /blog/index.php/Index/Api/sendMail
INFO: [ app_init ] --START--
INFO: Run Behavior\BuildLiteBehavior [ RunTime:0.000019s ]
INFO: [ app_init ] --END-- [ RunTime:0.000506s ]
INFO: [ app_begin ] --START--
INFO: Run Behavior\ReadHtmlCacheBehavior [ RunTime:0.000669s ]
INFO: Run Behavior\CheckLangBehavior [ RunTime:0.000674s ]
INFO: [ app_begin ] --END-- [ RunTime:0.001456s ]
SQL: SHOW COLUMNS FROM `blog_users` [ RunTime:0.0104s ]
SQL: SELECT * FROM `blog_users` WHERE `email` = '1076217644@qq.com' LIMIT 1   [ RunTime:0.0003s ]
SQL: SHOW COLUMNS FROM `blog_mail_verify` [ RunTime:0.0142s ]
SQL: SELECT * FROM `blog_mail_verify` WHERE `email` = '1076217644@qq.com' LIMIT 1   [ RunTime:0.0003s ]
INFO: [ app_end ] --START--
INFO: Run Behavior\ShowPageTraceBehavior [ RunTime:0.000493s ]
INFO: [ app_end ] --END-- [ RunTime:0.000534s ]

[ 2018-06-24T14:06:22+08:00 ] ::1 /blog/index.php/Index/Api/sendMail
INFO: [ app_init ] --START--
INFO: Run Behavior\BuildLiteBehavior [ RunTime:0.000011s ]
INFO: [ app_init ] --END-- [ RunTime:0.000336s ]
INFO: [ app_begin ] --START--
INFO: Run Behavior\ReadHtmlCacheBehavior [ RunTime:0.000438s ]
INFO: Run Behavior\CheckLangBehavior [ RunTime:0.000443s ]
INFO: [ app_begin ] --END-- [ RunTime:0.000950s ]
SQL: SHOW COLUMNS FROM `blog_users` [ RunTime:0.0222s ]
SQL: SELECT * FROM `blog_users` WHERE `email` = '1076217644@qq.com' LIMIT 1   [ RunTime:0.0003s ]
SQL: SHOW COLUMNS FROM `blog_mail_verify` [ RunTime:0.0102s ]
SQL: SELECT * FROM `blog_mail_verify` WHERE `email` = '1076217644@qq.com' LIMIT 1   [ RunTime:0.0003s ]

[ 2018-06-24T14:06:43+08:00 ] ::1 /blog/index.php/Index/Api/sendMail
INFO: [ app_init ] --START--
INFO: Run Behavior\BuildLiteBehavior [ RunTime:0.000012s ]
INFO: [ app_init ] --END-- [ RunTime:0.000357s ]
INFO: [ app_begin ] --START--
INFO: Run Behavior\ReadHtmlCacheBehavior [ RunTime:0.000431s ]
INFO: Run Behavior\CheckLangBehavior [ RunTime:0.000460s ]
INFO: [ app_begin ] --END-- [ RunTime:0.000964s ]
SQL: SHOW COLUMNS FROM `blog_users` [ RunTime:0.0107s ]
SQL: SELECT * FROM `blog_users` WHERE `email` = '1076217644@qq.com' LIMIT 1   [ RunTime:0.0003s ]
SQL: SHOW COLUMNS FROM `blog_mail_verify` [ RunTime:0.0105s ]
SQL: SELECT * FROM `blog_mail_verify` WHERE `email` = '1076217644@qq.com' LIMIT 1   [ RunTime:0.0003s ]

[ 2018-06-24T14:07:29+08:00 ] ::1 /blog/index.php/Index/Api/sendMail
INFO: [ app_init ] --START--
INFO: Run Behavior\BuildLiteBehavior [ RunTime:0.000012s ]
INFO: [ app_init ] --END-- [ RunTime:0.000336s ]
INFO: [ app_begin ] --START--
INFO: Run Behavior\ReadHtmlCacheBehavior [ RunTime:0.000409s ]
INFO: Run Behavior\CheckLangBehavior [ RunTime:0.000443s ]
INFO: [ app_begin ] --END-- [ RunTime:0.000920s ]
SQL: SHOW COLUMNS FROM `blog_users` [ RunTime:0.0112s ]
SQL: SELECT * FROM `blog_users` WHERE `email` = '1076217644@qq.com' LIMIT 1   [ RunTime:0.0004s ]
SQL: SHOW COLUMNS FROM `blog_mail_verify` [ RunTime:0.0109s ]
SQL: SELECT * FROM `blog_mail_verify` WHERE `email` = '1076217644@qq.com' LIMIT 1   [ RunTime:0.0003s ]

[ 2018-06-24T14:07:47+08:00 ] ::1 /blog/index.php/Index/Api/sendMail
INFO: [ app_init ] --START--
INFO: Run Behavior\BuildLiteBehavior [ RunTime:0.000012s ]
INFO: [ app_init ] --END-- [ RunTime:0.000558s ]
INFO: [ app_begin ] --START--
INFO: Run Behavior\ReadHtmlCacheBehavior [ RunTime:0.000517s ]
INFO: Run Behavior\CheckLangBehavior [ RunTime:0.000525s ]
INFO: [ app_begin ] --END-- [ RunTime:0.001120s ]
SQL: SHOW COLUMNS FROM `blog_users` [ RunTime:0.0202s ]
SQL: SELECT * FROM `blog_users` WHERE `email` = '1076217644@qq.com' LIMIT 1   [ RunTime:0.0003s ]
SQL: SHOW COLUMNS FROM `blog_mail_verify` [ RunTime:0.0104s ]
SQL: SELECT * FROM `blog_mail_verify` WHERE `email` = '1076217644@qq.com' LIMIT 1   [ RunTime:0.0003s ]

[ 2018-06-24T14:09:02+08:00 ] ::1 /blog/index.php/Index/Api/sendMail
INFO: [ app_init ] --START--
INFO: Run Behavior\BuildLiteBehavior [ RunTime:0.000017s ]
INFO: [ app_init ] --END-- [ RunTime:0.000506s ]
INFO: [ app_begin ] --START--
INFO: Run Behavior\ReadHtmlCacheBehavior [ RunTime:0.000623s ]
INFO: Run Behavior\CheckLangBehavior [ RunTime:0.000666s ]
INFO: [ app_begin ] --END-- [ RunTime:0.001386s ]
SQL: SHOW COLUMNS FROM `blog_users` [ RunTime:0.0102s ]
SQL: SELECT * FROM `blog_users` WHERE `email` = '1076217644@qq.com' LIMIT 1   [ RunTime:0.0003s ]
SQL: SHOW COLUMNS FROM `blog_mail_verify` [ RunTime:0.0103s ]
SQL: SELECT * FROM `blog_mail_verify` WHERE `email` = '1076217644@qq.com' LIMIT 1   [ RunTime:0.0003s ]

[ 2018-06-24T21:03:05+08:00 ] ::1 /blog/index.php/Index/Api/sendMail
INFO: [ app_init ] --START--
INFO: Run Behavior\BuildLiteBehavior [ RunTime:0.000011s ]
INFO: [ app_init ] --END-- [ RunTime:0.000426s ]
INFO: [ app_begin ] --START--
INFO: Run Behavior\ReadHtmlCacheBehavior [ RunTime:0.000489s ]
INFO: Run Behavior\CheckLangBehavior [ RunTime:0.000768s ]
INFO: [ app_begin ] --END-- [ RunTime:0.001326s ]
SQL: SHOW COLUMNS FROM `blog_users` [ RunTime:0.0106s ]
SQL: SELECT * FROM `blog_users` WHERE `email` = '1076217644@qq.com' LIMIT 1   [ RunTime:0.0004s ]
SQL: SHOW COLUMNS FROM `blog_mail_verify` [ RunTime:0.0105s ]
SQL: SELECT * FROM `blog_mail_verify` WHERE `email` = '1076217644@qq.com' LIMIT 1   [ RunTime:0.0003s ]

[ 2018-06-24T21:03:21+08:00 ] ::1 /blog/index.php/Index/Api/sendMail
INFO: [ app_init ] --START--
INFO: Run Behavior\BuildLiteBehavior [ RunTime:0.000012s ]
INFO: [ app_init ] --END-- [ RunTime:0.000379s ]
INFO: [ app_begin ] --START--
INFO: Run Behavior\ReadHtmlCacheBehavior [ RunTime:0.000432s ]
INFO: Run Behavior\CheckLangBehavior [ RunTime:0.000472s ]
INFO: [ app_begin ] --END-- [ RunTime:0.000976s ]
SQL: SHOW COLUMNS FROM `blog_users` [ RunTime:0.0108s ]
SQL: SELECT * FROM `blog_users` WHERE `email` = '1076217644@qq.com' LIMIT 1   [ RunTime:0.0003s ]
SQL: SHOW COLUMNS FROM `blog_mail_verify` [ RunTime:0.0092s ]
SQL: SELECT * FROM `blog_mail_verify` WHERE `email` = '1076217644@qq.com' LIMIT 1   [ RunTime:0.0003s ]

[ 2018-06-24T21:03:31+08:00 ] ::1 /blog/index.php/Index/Api/sendMail
INFO: [ app_init ] --START--
INFO: Run Behavior\BuildLiteBehavior [ RunTime:0.000012s ]
INFO: [ app_init ] --END-- [ RunTime:0.000349s ]
INFO: [ app_begin ] --START--
INFO: Run Behavior\ReadHtmlCacheBehavior [ RunTime:0.000423s ]
INFO: Run Behavior\CheckLangBehavior [ RunTime:0.000447s ]
INFO: [ app_begin ] --END-- [ RunTime:0.000940s ]
SQL: SHOW COLUMNS FROM `blog_users` [ RunTime:0.0099s ]
SQL: SELECT * FROM `blog_users` WHERE `email` = '1076217644@qq.com' LIMIT 1   [ RunTime:0.0003s ]
SQL: SHOW COLUMNS FROM `blog_mail_verify` [ RunTime:0.0094s ]
SQL: SELECT * FROM `blog_mail_verify` WHERE `email` = '1076217644@qq.com' LIMIT 1   [ RunTime:0.0003s ]

[ 2018-06-24T21:03:46+08:00 ] ::1 /blog/index.php/Index/Api/sendMail
INFO: [ app_init ] --START--
INFO: Run Behavior\BuildLiteBehavior [ RunTime:0.000013s ]
INFO: [ app_init ] --END-- [ RunTime:0.000424s ]
INFO: [ app_begin ] --START--
INFO: Run Behavior\ReadHtmlCacheBehavior [ RunTime:0.000432s ]
INFO: Run Behavior\CheckLangBehavior [ RunTime:0.000524s ]
INFO: [ app_begin ] --END-- [ RunTime:0.001030s ]
SQL: SHOW COLUMNS FROM `blog_users` [ RunTime:0.0106s ]
SQL: SELECT * FROM `blog_users` WHERE `email` = '1076217644@qq.com' LIMIT 1   [ RunTime:0.0003s ]
SQL: SHOW COLUMNS FROM `blog_mail_verify` [ RunTime:0.0098s ]
SQL: SELECT * FROM `blog_mail_verify` WHERE `email` = '1076217644@qq.com' LIMIT 1   [ RunTime:0.0003s ]

[ 2018-06-24T21:04:23+08:00 ] ::1 /blog/index.php/Index/Api/sendMail
INFO: [ app_init ] --START--
INFO: Run Behavior\BuildLiteBehavior [ RunTime:0.000013s ]
INFO: [ app_init ] --END-- [ RunTime:0.000351s ]
INFO: [ app_begin ] --START--
INFO: Run Behavior\ReadHtmlCacheBehavior [ RunTime:0.000424s ]
INFO: Run Behavior\CheckLangBehavior [ RunTime:0.000452s ]
INFO: [ app_begin ] --END-- [ RunTime:0.000955s ]
SQL: SHOW COLUMNS FROM `blog_users` [ RunTime:0.0101s ]
SQL: SELECT * FROM `blog_users` WHERE `email` = '1076217644@qq.com' LIMIT 1   [ RunTime:0.0003s ]
SQL: SHOW COLUMNS FROM `blog_mail_verify` [ RunTime:0.0099s ]
SQL: SELECT * FROM `blog_mail_verify` WHERE `email` = '1076217644@qq.com' LIMIT 1   [ RunTime:0.0003s ]

[ 2018-06-24T21:04:48+08:00 ] ::1 /blog/index.php/Index/Api/sendMail
INFO: [ app_init ] --START--
INFO: Run Behavior\BuildLiteBehavior [ RunTime:0.000012s ]
INFO: [ app_init ] --END-- [ RunTime:0.000547s ]
INFO: [ app_begin ] --START--
INFO: Run Behavior\ReadHtmlCacheBehavior [ RunTime:0.000520s ]
INFO: Run Behavior\CheckLangBehavior [ RunTime:0.000491s ]
INFO: [ app_begin ] --END-- [ RunTime:0.001085s ]
SQL: SHOW COLUMNS FROM `blog_users` [ RunTime:0.0099s ]
SQL: SELECT * FROM `blog_users` WHERE `email` = '1076217644@qq.com' LIMIT 1   [ RunTime:0.0003s ]
SQL: SHOW COLUMNS FROM `blog_mail_verify` [ RunTime:0.0094s ]
SQL: SELECT * FROM `blog_mail_verify` WHERE `email` = '1076217644@qq.com' LIMIT 1   [ RunTime:0.0002s ]

[ 2018-06-24T21:05:13+08:00 ] ::1 /blog/index.php/Index/Api/sendMail
INFO: [ app_init ] --START--
INFO: Run Behavior\BuildLiteBehavior [ RunTime:0.000013s ]
INFO: [ app_init ] --END-- [ RunTime:0.000637s ]
INFO: [ app_begin ] --START--
INFO: Run Behavior\ReadHtmlCacheBehavior [ RunTime:0.000502s ]
INFO: Run Behavior\CheckLangBehavior [ RunTime:0.000654s ]
INFO: [ app_begin ] --END-- [ RunTime:0.001232s ]
SQL: SHOW COLUMNS FROM `blog_users` [ RunTime:0.0100s ]
SQL: SELECT * FROM `blog_users` WHERE `email` = '1076217644@qq.com' LIMIT 1   [ RunTime:0.0003s ]
SQL: SHOW COLUMNS FROM `blog_mail_verify` [ RunTime:0.0095s ]
SQL: SELECT * FROM `blog_mail_verify` WHERE `email` = '1076217644@qq.com' LIMIT 1   [ RunTime:0.0003s ]
SQL: UPDATE `blog_mail_verify` SET `verify`='bdeaK6AvkyNBzYGF7I0pvxiCyoxSuyccumXdfJyyjmds',`date`='1529845513',`ip`='0.0.0.0' WHERE ( 1 ) [ RunTime:0.0003s ]

[ 2018-06-24T21:05:34+08:00 ] ::1 /blog/index.php/Index/Api/sendMail
INFO: [ app_init ] --START--
INFO: Run Behavior\BuildLiteBehavior [ RunTime:0.000011s ]
INFO: [ app_init ] --END-- [ RunTime:0.000339s ]
INFO: [ app_begin ] --START--
INFO: Run Behavior\ReadHtmlCacheBehavior [ RunTime:0.000422s ]
INFO: Run Behavior\CheckLangBehavior [ RunTime:0.000446s ]
INFO: [ app_begin ] --END-- [ RunTime:0.000939s ]
SQL: SHOW COLUMNS FROM `blog_users` [ RunTime:0.0094s ]
SQL: SELECT * FROM `blog_users` WHERE `email` = '1076217644@qq.com' LIMIT 1   [ RunTime:0.0003s ]
SQL: SHOW COLUMNS FROM `blog_mail_verify` [ RunTime:0.0093s ]
SQL: SELECT * FROM `blog_mail_verify` WHERE `email` = '1076217644@qq.com' LIMIT 1   [ RunTime:0.0003s ]

[ 2018-06-24T21:06:08+08:00 ] ::1 /blog/index.php/Index/Api/sendMail
INFO: [ app_init ] --START--
INFO: Run Behavior\BuildLiteBehavior [ RunTime:0.000012s ]
INFO: [ app_init ] --END-- [ RunTime:0.000351s ]
INFO: [ app_begin ] --START--
INFO: Run Behavior\ReadHtmlCacheBehavior [ RunTime:0.000431s ]
INFO: Run Behavior\CheckLangBehavior [ RunTime:0.000450s ]
INFO: [ app_begin ] --END-- [ RunTime:0.000952s ]
SQL: SHOW COLUMNS FROM `blog_users` [ RunTime:0.0099s ]
SQL: SELECT * FROM `blog_users` WHERE `email` = '1076217644@qq.com' LIMIT 1   [ RunTime:0.0003s ]
SQL: SHOW COLUMNS FROM `blog_mail_verify` [ RunTime:0.0096s ]
SQL: SELECT * FROM `blog_mail_verify` WHERE `email` = '1076217644@qq.com' LIMIT 1   [ RunTime:0.0003s ]

[ 2018-06-24T21:06:29+08:00 ] ::1 /blog/index.php/Index/Api/sendMail
INFO: [ app_init ] --START--
INFO: Run Behavior\BuildLiteBehavior [ RunTime:0.000011s ]
INFO: [ app_init ] --END-- [ RunTime:0.000365s ]
INFO: [ app_begin ] --START--
INFO: Run Behavior\ReadHtmlCacheBehavior [ RunTime:0.000428s ]
INFO: Run Behavior\CheckLangBehavior [ RunTime:0.000504s ]
INFO: [ app_begin ] --END-- [ RunTime:0.001138s ]
SQL: SHOW COLUMNS FROM `blog_users` [ RunTime:0.0099s ]
SQL: SELECT * FROM `blog_users` WHERE `email` = '1076217644@qq.com' LIMIT 1   [ RunTime:0.0003s ]
SQL: SHOW COLUMNS FROM `blog_mail_verify` [ RunTime:0.0093s ]
SQL: SELECT * FROM `blog_mail_verify` WHERE `email` = '1076217644@qq.com' LIMIT 1   [ RunTime:0.0003s ]

[ 2018-06-24T21:06:54+08:00 ] ::1 /blog/index.php/Index/Api/sendMail
INFO: [ app_init ] --START--
INFO: Run Behavior\BuildLiteBehavior [ RunTime:0.000013s ]
INFO: [ app_init ] --END-- [ RunTime:0.000349s ]
INFO: [ app_begin ] --START--
INFO: Run Behavior\ReadHtmlCacheBehavior [ RunTime:0.000425s ]
INFO: Run Behavior\CheckLangBehavior [ RunTime:0.000452s ]
INFO: [ app_begin ] --END-- [ RunTime:0.000949s ]
SQL: SHOW COLUMNS FROM `blog_users` [ RunTime:0.0097s ]
SQL: SELECT * FROM `blog_users` WHERE `email` = '1076217644@qq.com' LIMIT 1   [ RunTime:0.0003s ]
SQL: SHOW COLUMNS FROM `blog_mail_verify` [ RunTime:0.0092s ]
SQL: SELECT * FROM `blog_mail_verify` WHERE `email` = '1076217644@qq.com' LIMIT 1   [ RunTime:0.0003s ]

[ 2018-06-24T21:07:16+08:00 ] ::1 /blog/index.php/Index/Api/sendMail
INFO: [ app_init ] --START--
INFO: Run Behavior\BuildLiteBehavior [ RunTime:0.000013s ]
INFO: [ app_init ] --END-- [ RunTime:0.000429s ]
INFO: [ app_begin ] --START--
INFO: Run Behavior\ReadHtmlCacheBehavior [ RunTime:0.000497s ]
INFO: Run Behavior\CheckLangBehavior [ RunTime:0.000524s ]
INFO: [ app_begin ] --END-- [ RunTime:0.001103s ]
SQL: SHOW COLUMNS FROM `blog_users` [ RunTime:0.0095s ]
SQL: SELECT * FROM `blog_users` WHERE `email` = '1076217644@qq.com' LIMIT 1   [ RunTime:0.0003s ]
SQL: SHOW COLUMNS FROM `blog_mail_verify` [ RunTime:0.0094s ]
SQL: SELECT * FROM `blog_mail_verify` WHERE `email` = '1076217644@qq.com' LIMIT 1   [ RunTime:0.0003s ]

[ 2018-06-24T21:07:42+08:00 ] ::1 /blog/index.php/Index/Api/sendMail
INFO: [ app_init ] --START--
INFO: Run Behavior\BuildLiteBehavior [ RunTime:0.000013s ]
INFO: [ app_init ] --END-- [ RunTime:0.000353s ]
INFO: [ app_begin ] --START--
INFO: Run Behavior\ReadHtmlCacheBehavior [ RunTime:0.000426s ]
INFO: Run Behavior\CheckLangBehavior [ RunTime:0.000441s ]
INFO: [ app_begin ] --END-- [ RunTime:0.000935s ]
SQL: SHOW COLUMNS FROM `blog_users` [ RunTime:0.0096s ]
SQL: SELECT * FROM `blog_users` WHERE `email` = '1076217644@qq.com' LIMIT 1   [ RunTime:0.0003s ]
SQL: SHOW COLUMNS FROM `blog_mail_verify` [ RunTime:0.0098s ]
SQL: SELECT * FROM `blog_mail_verify` WHERE `email` = '1076217644@qq.com' LIMIT 1   [ RunTime:0.0003s ]
SQL: UPDATE `blog_mail_verify` SET `verify`='7470p0P3djEt0V7EJLeeulEq+jj3Ul3H8v5dWOsFLql9',`date`='1529845662',`ip`='0.0.0.0' WHERE ( 1 ) [ RunTime:0.0003s ]

[ 2018-06-24T21:09:06+08:00 ] ::1 /blog/index.php/Index/Api/sendMail
INFO: [ app_init ] --START--
INFO: Run Behavior\BuildLiteBehavior [ RunTime:0.000013s ]
INFO: [ app_init ] --END-- [ RunTime:0.000349s ]
INFO: [ app_begin ] --START--
INFO: Run Behavior\ReadHtmlCacheBehavior [ RunTime:0.000448s ]
INFO: Run Behavior\CheckLangBehavior [ RunTime:0.000462s ]
INFO: [ app_begin ] --END-- [ RunTime:0.000987s ]

[ 2018-06-24T21:09:37+08:00 ] ::1 /blog/index.php/Index/Api/sendMail
INFO: [ app_init ] --START--
INFO: Run Behavior\BuildLiteBehavior [ RunTime:0.000012s ]
INFO: [ app_init ] --END-- [ RunTime:0.002507s ]
INFO: [ app_begin ] --START--
INFO: Run Behavior\ReadHtmlCacheBehavior [ RunTime:0.000502s ]
INFO: Run Behavior\CheckLangBehavior [ RunTime:0.000528s ]
INFO: [ app_begin ] --END-- [ RunTime:0.001100s ]
SQL: SHOW COLUMNS FROM `blog_users` [ RunTime:0.0096s ]
SQL: SELECT * FROM `blog_users` WHERE `email` = '1076217644@qq.com' LIMIT 1   [ RunTime:0.0004s ]
SQL: SHOW COLUMNS FROM `blog_mail_verify` [ RunTime:0.0096s ]
SQL: SELECT * FROM `blog_mail_verify` WHERE `email` = '1076217644@qq.com' LIMIT 1   [ RunTime:0.0002s ]
SQL: UPDATE `blog_mail_verify` SET `verify`='f0bbSH7Jw+RMORLpKIVeF7pFDXTTfJAMUpAkLoh4pT10',`date`='1529845772',`ip`='0.0.0.0' WHERE ( 1 ) [ RunTime:0.0003s ]

[ 2018-06-24T21:10:57+08:00 ] ::1 /blog/index.php/Index/Api/sendMail
INFO: [ app_init ] --START--
INFO: Run Behavior\BuildLiteBehavior [ RunTime:0.000013s ]
INFO: [ app_init ] --END-- [ RunTime:0.001087s ]
INFO: [ app_begin ] --START--
INFO: Run Behavior\ReadHtmlCacheBehavior [ RunTime:0.000620s ]
INFO: Run Behavior\CheckLangBehavior [ RunTime:0.000500s ]
INFO: [ app_begin ] --END-- [ RunTime:0.001192s ]
SQL: SHOW COLUMNS FROM `blog_users` [ RunTime:0.0096s ]
SQL: SELECT * FROM `blog_users` WHERE `email` = '1076217644@qq.com' LIMIT 1   [ RunTime:0.0003s ]
SQL: SHOW COLUMNS FROM `blog_mail_verify` [ RunTime:0.0094s ]
SQL: SELECT * FROM `blog_mail_verify` WHERE `email` = '1076217644@qq.com' LIMIT 1   [ RunTime:0.0003s ]
SQL: UPDATE `blog_mail_verify` SET `verify`='af64Eme8CX269G2zw7X1/1N4ID+ZjwonvJePAg1ul+m0',`date`='1529845857',`ip`='0.0.0.0' WHERE ( 1 ) [ RunTime:0.0003s ]

[ 2018-06-24T21:11:59+08:00 ] ::1 /blog/index.php/Index/Api/sendMail
INFO: [ app_init ] --START--
INFO: Run Behavior\BuildLiteBehavior [ RunTime:0.000012s ]
INFO: [ app_init ] --END-- [ RunTime:0.000408s ]
INFO: [ app_begin ] --START--
INFO: Run Behavior\ReadHtmlCacheBehavior [ RunTime:0.000488s ]
INFO: Run Behavior\CheckLangBehavior [ RunTime:0.000521s ]
INFO: [ app_begin ] --END-- [ RunTime:0.001082s ]
SQL: SHOW COLUMNS FROM `blog_users` [ RunTime:0.0099s ]
SQL: SELECT * FROM `blog_users` WHERE `email` = '1076217644@qq.com' LIMIT 1   [ RunTime:0.0003s ]
SQL: SHOW COLUMNS FROM `blog_mail_verify` [ RunTime:0.0101s ]
SQL: SELECT * FROM `blog_mail_verify` WHERE `email` = '1076217644@qq.com' LIMIT 1   [ RunTime:0.0003s ]

[ 2018-06-24T21:12:16+08:00 ] ::1 /blog/index.php/Index/Api/sendMail
INFO: [ app_init ] --START--
INFO: Run Behavior\BuildLiteBehavior [ RunTime:0.000011s ]
INFO: [ app_init ] --END-- [ RunTime:0.000334s ]
INFO: [ app_begin ] --START--
INFO: Run Behavior\ReadHtmlCacheBehavior [ RunTime:0.000448s ]
INFO: Run Behavior\CheckLangBehavior [ RunTime:0.000465s ]
INFO: [ app_begin ] --END-- [ RunTime:0.000984s ]
SQL: SHOW COLUMNS FROM `blog_users` [ RunTime:0.0098s ]
SQL: SELECT * FROM `blog_users` WHERE `email` = '1076217644@qq.com' LIMIT 1   [ RunTime:0.0003s ]
SQL: SHOW COLUMNS FROM `blog_mail_verify` [ RunTime:0.0094s ]
SQL: SELECT * FROM `blog_mail_verify` WHERE `email` = '1076217644@qq.com' LIMIT 1   [ RunTime:0.0002s ]

[ 2018-06-24T21:15:30+08:00 ] ::1 /blog/index.php/Index/Api/sendMail
INFO: [ app_init ] --START--
INFO: Run Behavior\BuildLiteBehavior [ RunTime:0.000012s ]
INFO: [ app_init ] --END-- [ RunTime:0.000426s ]
INFO: [ app_begin ] --START--
INFO: Run Behavior\ReadHtmlCacheBehavior [ RunTime:0.000483s ]
INFO: Run Behavior\CheckLangBehavior [ RunTime:0.000520s ]
INFO: [ app_begin ] --END-- [ RunTime:0.001070s ]
SQL: SHOW COLUMNS FROM `blog_users` [ RunTime:0.0102s ]
SQL: SELECT * FROM `blog_users` WHERE `email` = '1076217644@qq.com' LIMIT 1   [ RunTime:0.0003s ]
SQL: SHOW COLUMNS FROM `blog_mail_verify` [ RunTime:0.0100s ]
SQL: SELECT * FROM `blog_mail_verify` WHERE `email` = '1076217644@qq.com' LIMIT 1   [ RunTime:0.0003s ]

[ 2018-06-24T21:15:58+08:00 ] ::1 /blog/index.php/Index/Api/sendMail
INFO: [ app_init ] --START--
INFO: Run Behavior\BuildLiteBehavior [ RunTime:0.000012s ]
INFO: [ app_init ] --END-- [ RunTime:0.000341s ]
INFO: [ app_begin ] --START--
INFO: Run Behavior\ReadHtmlCacheBehavior [ RunTime:0.000416s ]
INFO: Run Behavior\CheckLangBehavior [ RunTime:0.000441s ]
INFO: [ app_begin ] --END-- [ RunTime:0.000927s ]
SQL: SHOW COLUMNS FROM `blog_users` [ RunTime:0.0099s ]
SQL: SELECT * FROM `blog_users` WHERE `email` = '1076217644@qq.com' LIMIT 1   [ RunTime:0.0003s ]
SQL: SHOW COLUMNS FROM `blog_mail_verify` [ RunTime:0.0100s ]
SQL: SELECT * FROM `blog_mail_verify` WHERE `email` = '1076217644@qq.com' LIMIT 1   [ RunTime:0.0003s ]

[ 2018-06-24T21:16:16+08:00 ] ::1 /blog/index.php/Index/Api/sendMail
INFO: [ app_init ] --START--
INFO: Run Behavior\BuildLiteBehavior [ RunTime:0.000015s ]
INFO: [ app_init ] --END-- [ RunTime:0.000379s ]
INFO: [ app_begin ] --START--
INFO: Run Behavior\ReadHtmlCacheBehavior [ RunTime:0.000438s ]
INFO: Run Behavior\CheckLangBehavior [ RunTime:0.000457s ]
INFO: [ app_begin ] --END-- [ RunTime:0.001028s ]
SQL: SHOW COLUMNS FROM `blog_users` [ RunTime:0.0101s ]
SQL: SELECT * FROM `blog_users` WHERE `email` = '1076217644@qq.com' LIMIT 1   [ RunTime:0.0003s ]
SQL: SHOW COLUMNS FROM `blog_mail_verify` [ RunTime:0.0127s ]
SQL: SELECT * FROM `blog_mail_verify` WHERE `email` = '1076217644@qq.com' LIMIT 1   [ RunTime:0.0003s ]

[ 2018-06-24T21:16:22+08:00 ] ::1 /blog/index.php/Index/Api/sendMail
INFO: [ app_init ] --START--
INFO: Run Behavior\BuildLiteBehavior [ RunTime:0.000011s ]
INFO: [ app_init ] --END-- [ RunTime:0.000356s ]
INFO: [ app_begin ] --START--
INFO: Run Behavior\ReadHtmlCacheBehavior [ RunTime:0.000422s ]
INFO: Run Behavior\CheckLangBehavior [ RunTime:0.000459s ]
INFO: [ app_begin ] --END-- [ RunTime:0.000953s ]
SQL: SHOW COLUMNS FROM `blog_users` [ RunTime:0.0100s ]
SQL: SELECT * FROM `blog_users` WHERE `email` = '1076217644@qq.com' LIMIT 1   [ RunTime:0.0003s ]
SQL: SHOW COLUMNS FROM `blog_mail_verify` [ RunTime:0.0097s ]
SQL: SELECT * FROM `blog_mail_verify` WHERE `email` = '1076217644@qq.com' LIMIT 1   [ RunTime:0.0003s ]

[ 2018-06-24T21:16:57+08:00 ] ::1 /blog/index.php/Index/Api/sendMail
INFO: [ app_init ] --START--
INFO: Run Behavior\BuildLiteBehavior [ RunTime:0.000011s ]
INFO: [ app_init ] --END-- [ RunTime:0.000339s ]
INFO: [ app_begin ] --START--
INFO: Run Behavior\ReadHtmlCacheBehavior [ RunTime:0.000417s ]
INFO: Run Behavior\CheckLangBehavior [ RunTime:0.000437s ]
INFO: [ app_begin ] --END-- [ RunTime:0.000924s ]
SQL: SHOW COLUMNS FROM `blog_users` [ RunTime:0.0097s ]
SQL: SELECT * FROM `blog_users` WHERE `email` = '1076217644@qq.com' LIMIT 1   [ RunTime:0.0003s ]
SQL: SHOW COLUMNS FROM `blog_mail_verify` [ RunTime:0.0106s ]
SQL: SELECT * FROM `blog_mail_verify` WHERE `email` = '1076217644@qq.com' LIMIT 1   [ RunTime:0.0003s ]

[ 2018-06-24T21:17:30+08:00 ] ::1 /blog/index.php/Index/Api/sendMail
INFO: [ app_init ] --START--
INFO: Run Behavior\BuildLiteBehavior [ RunTime:0.000011s ]
INFO: [ app_init ] --END-- [ RunTime:0.000433s ]
INFO: [ app_begin ] --START--
INFO: Run Behavior\ReadHtmlCacheBehavior [ RunTime:0.000664s ]
INFO: Run Behavior\CheckLangBehavior [ RunTime:0.000534s ]
INFO: [ app_begin ] --END-- [ RunTime:0.001270s ]
SQL: SHOW COLUMNS FROM `blog_users` [ RunTime:0.0097s ]
SQL: SELECT * FROM `blog_users` WHERE `email` = '1076217644@qq.com' LIMIT 1   [ RunTime:0.0005s ]
SQL: SHOW COLUMNS FROM `blog_mail_verify` [ RunTime:0.0099s ]
SQL: SELECT * FROM `blog_mail_verify` WHERE `email` = '1076217644@qq.com' LIMIT 1   [ RunTime:0.0003s ]
SQL: UPDATE `blog_mail_verify` SET `verify`='a75dXdF5MENlyC/MONeXCAdRBIiO2ZnRwIGPjTIPrc7X',`date`='1529846249',`ip`='0.0.0.0' WHERE ( 1 ) [ RunTime:0.0003s ]

[ 2018-06-24T21:19:36+08:00 ] ::1 /blog/index.php/Index/Api/sendMail
INFO: [ app_init ] --START--
INFO: Run Behavior\BuildLiteBehavior [ RunTime:0.000010s ]
INFO: [ app_init ] --END-- [ RunTime:0.000424s ]
INFO: [ app_begin ] --START--
INFO: Run Behavior\ReadHtmlCacheBehavior [ RunTime:0.000491s ]
INFO: Run Behavior\CheckLangBehavior [ RunTime:0.000523s ]
INFO: [ app_begin ] --END-- [ RunTime:0.001086s ]
SQL: SHOW COLUMNS FROM `blog_users` [ RunTime:0.0096s ]
SQL: SELECT * FROM `blog_users` WHERE `email` = '1076217644@qq.com' LIMIT 1   [ RunTime:0.0003s ]
SQL: SHOW COLUMNS FROM `blog_mail_verify` [ RunTime:0.0092s ]
SQL: SELECT * FROM `blog_mail_verify` WHERE `email` = '1076217644@qq.com' LIMIT 1   [ RunTime:0.0002s ]
SQL: UPDATE `blog_mail_verify` SET `verify`='361dqDPWLwiSrLSTHp+q1o29TBmCdwcD+eO0dLH4b0wn',`date`='1529846374',`ip`='0.0.0.0' WHERE ( 1 ) [ RunTime:0.0003s ]

[ 2018-06-24T21:19:38+08:00 ] ::1 /blog/index.php/Index/Api/sendMail
INFO: [ app_init ] --START--
INFO: Run Behavior\BuildLiteBehavior [ RunTime:0.000011s ]
INFO: [ app_init ] --END-- [ RunTime:0.000409s ]
INFO: [ app_begin ] --START--
INFO: Run Behavior\ReadHtmlCacheBehavior [ RunTime:0.000482s ]
INFO: Run Behavior\CheckLangBehavior [ RunTime:0.000524s ]
INFO: [ app_begin ] --END-- [ RunTime:0.001078s ]
SQL: SHOW COLUMNS FROM `blog_users` [ RunTime:0.0100s ]
SQL: SELECT * FROM `blog_users` WHERE `email` = '1076217644@qq.com' LIMIT 1   [ RunTime:0.0003s ]
SQL: SHOW COLUMNS FROM `blog_mail_verify` [ RunTime:0.0095s ]
SQL: SELECT * FROM `blog_mail_verify` WHERE `email` = '1076217644@qq.com' LIMIT 1   [ RunTime:0.0002s ]
SQL: UPDATE `blog_mail_verify` SET `verify`='91a5oXuJS3Rr8OhweoYuoNh60UvbRrdwTwDr5TuVe38u',`date`='1529846377',`ip`='0.0.0.0' WHERE ( 1 ) [ RunTime:0.0002s ]

[ 2018-06-24T21:19:41+08:00 ] ::1 /blog/index.php/Index/Api/sendMail
INFO: [ app_init ] --START--
INFO: Run Behavior\BuildLiteBehavior [ RunTime:0.000011s ]
INFO: [ app_init ] --END-- [ RunTime:0.000407s ]
INFO: [ app_begin ] --START--
INFO: Run Behavior\ReadHtmlCacheBehavior [ RunTime:0.000480s ]
INFO: Run Behavior\CheckLangBehavior [ RunTime:0.000515s ]
INFO: [ app_begin ] --END-- [ RunTime:0.001065s ]
SQL: SHOW COLUMNS FROM `blog_users` [ RunTime:0.0099s ]
SQL: SELECT * FROM `blog_users` WHERE `email` = '1076217644@qq.com' LIMIT 1   [ RunTime:0.0003s ]
SQL: SHOW COLUMNS FROM `blog_mail_verify` [ RunTime:0.0094s ]
SQL: SELECT * FROM `blog_mail_verify` WHERE `email` = '1076217644@qq.com' LIMIT 1   [ RunTime:0.0003s ]
SQL: UPDATE `blog_mail_verify` SET `verify`='99184heAMoH37jxa+wqH8jwnW0bH4LwuiwJYtsO7diKk',`date`='1529846379',`ip`='0.0.0.0' WHERE ( 1 ) [ RunTime:0.0003s ]

[ 2018-06-24T21:19:45+08:00 ] ::1 /blog/index.php/Index/Api/sendMail
INFO: [ app_init ] --START--
INFO: Run Behavior\BuildLiteBehavior [ RunTime:0.000011s ]
INFO: [ app_init ] --END-- [ RunTime:0.000413s ]
INFO: [ app_begin ] --START--
INFO: Run Behavior\ReadHtmlCacheBehavior [ RunTime:0.000491s ]
INFO: Run Behavior\CheckLangBehavior [ RunTime:0.000514s ]
INFO: [ app_begin ] --END-- [ RunTime:0.001076s ]
SQL: SHOW COLUMNS FROM `blog_users` [ RunTime:0.0094s ]
SQL: SELECT * FROM `blog_users` WHERE `email` = '1076217644@qq.com' LIMIT 1   [ RunTime:0.0003s ]
SQL: SHOW COLUMNS FROM `blog_mail_verify` [ RunTime:0.0093s ]
SQL: SELECT * FROM `blog_mail_verify` WHERE `email` = '1076217644@qq.com' LIMIT 1   [ RunTime:0.0002s ]
SQL: UPDATE `blog_mail_verify` SET `verify`='ac51k0yJNAAdT6zvgGdBfjqTo0IfbjwiOB6PWcuA29+8',`date`='1529846382',`ip`='0.0.0.0' WHERE ( 1 ) [ RunTime:0.0002s ]

[ 2018-06-24T21:22:01+08:00 ] ::1 /blog/index.php/Index/Api/sendMail
INFO: [ app_init ] --START--
INFO: Run Behavior\BuildLiteBehavior [ RunTime:0.000012s ]
INFO: [ app_init ] --END-- [ RunTime:0.000410s ]
INFO: [ app_begin ] --START--
INFO: Run Behavior\ReadHtmlCacheBehavior [ RunTime:0.000496s ]
INFO: Run Behavior\CheckLangBehavior [ RunTime:0.000523s ]
INFO: [ app_begin ] --END-- [ RunTime:0.001093s ]
SQL: SHOW COLUMNS FROM `blog_users` [ RunTime:0.0099s ]
SQL: SELECT * FROM `blog_users` WHERE `email` = '1076217644@qq.com' LIMIT 1   [ RunTime:0.0003s ]
SQL: SHOW COLUMNS FROM `blog_mail_verify` [ RunTime:0.0095s ]
SQL: SELECT * FROM `blog_mail_verify` WHERE `email` = '1076217644@qq.com' LIMIT 1   [ RunTime:0.0003s ]
SQL: UPDATE `blog_mail_verify` SET `verify`='fd5fGt1ZBQy1YOMbA+475aB2XDvr8l6kFqwzN0iDXEk6',`date`='1529846520',`ip`='0.0.0.0' WHERE ( 1 ) [ RunTime:0.0003s ]

[ 2018-06-24T21:22:10+08:00 ] ::1 /blog/index.php/User/login.html
INFO: [ app_init ] --START--
INFO: Run Behavior\BuildLiteBehavior [ RunTime:0.000012s ]
INFO: [ app_init ] --END-- [ RunTime:0.000404s ]
INFO: [ app_begin ] --START--
INFO: Run Behavior\ReadHtmlCacheBehavior [ RunTime:0.000490s ]
INFO: Run Behavior\CheckLangBehavior [ RunTime:0.000516s ]
INFO: [ app_begin ] --END-- [ RunTime:0.001083s ]
SQL: SHOW COLUMNS FROM `blog_category` [ RunTime:0.0115s ]
SQL: SELECT * FROM `blog_category`  [ RunTime:0.0003s ]
INFO: [ view_parse ] --START--
INFO: [ template_filter ] --START--
INFO: Run Behavior\ContentReplaceBehavior [ RunTime:0.000034s ]
INFO: [ template_filter ] --END-- [ RunTime:0.000087s ]
INFO: Run Behavior\ParseTemplateBehavior [ RunTime:0.049838s ]
INFO: [ view_parse ] --END-- [ RunTime:0.049896s ]
INFO: [ view_filter ] --START--
INFO: Run Behavior\WriteHtmlCacheBehavior [ RunTime:0.000311s ]
INFO: [ view_filter ] --END-- [ RunTime:0.000343s ]
INFO: [ app_end ] --START--
INFO: Run Behavior\ShowPageTraceBehavior [ RunTime:0.000510s ]
INFO: [ app_end ] --END-- [ RunTime:0.000547s ]

[ 2018-06-24T21:22:12+08:00 ] ::1 /blog/index.php/Index/index.html
INFO: [ app_init ] --START--
INFO: Run Behavior\BuildLiteBehavior [ RunTime:0.000011s ]
INFO: [ app_init ] --END-- [ RunTime:0.000341s ]
INFO: [ app_begin ] --START--
INFO: Run Behavior\ReadHtmlCacheBehavior [ RunTime:0.000428s ]
INFO: Run Behavior\CheckLangBehavior [ RunTime:0.000441s ]
INFO: [ app_begin ] --END-- [ RunTime:0.000942s ]
SQL: SHOW COLUMNS FROM `blog_category` [ RunTime:0.0098s ]
SQL: SELECT * FROM `blog_category`  [ RunTime:0.0004s ]
SQL: SHOW COLUMNS FROM `blog_act` [ RunTime:0.0106s ]
SQL: SELECT blog_act.*,blog_category.name,blog_users.nickname,blog_users.head,blog_users.pageurl FROM `blog_act` INNER JOIN blog_users ON blog_users.userid = blog_act.usersid INNER JOIN blog_category ON blog_category.id = blog_act.sid  ORDER BY id desc LIMIT 0,30   [ RunTime:0.0013s ]
INFO: [ view_parse ] --START--
INFO: [ template_filter ] --START--
INFO: Run Behavior\ContentReplaceBehavior [ RunTime:0.000201s ]
INFO: [ template_filter ] --END-- [ RunTime:0.000249s ]
NOTIC: [8] Undefined variable: current F:\phpstudy\WWW\blog\Application\Runtime\Cache\Index\5f343310d4a83e1c2f6d4e5a6181e90a.php 第 13 行.
NOTIC: [8] Undefined variable: webcConfig F:\phpstudy\WWW\blog\Application\Runtime\Cache\Index\5f343310d4a83e1c2f6d4e5a6181e90a.php 第 13 行.
NOTIC: [8] Undefined variable: search F:\phpstudy\WWW\blog\Application\Runtime\Cache\Index\5f343310d4a83e1c2f6d4e5a6181e90a.php 第 110 行.
INFO: Run Behavior\ParseTemplateBehavior [ RunTime:0.024003s ]
INFO: [ view_parse ] --END-- [ RunTime:0.024045s ]
INFO: [ view_filter ] --START--
INFO: Run Behavior\WriteHtmlCacheBehavior [ RunTime:0.000239s ]
INFO: [ view_filter ] --END-- [ RunTime:0.000273s ]
INFO: [ app_end ] --START--
INFO: Run Behavior\ShowPageTraceBehavior [ RunTime:0.000442s ]
INFO: [ app_end ] --END-- [ RunTime:0.000488s ]

[ 2018-06-24T21:22:17+08:00 ] ::1 /blog/index.php/Api/verify.html
INFO: [ app_init ] --START--
INFO: Run Behavior\BuildLiteBehavior [ RunTime:0.000012s ]
INFO: [ app_init ] --END-- [ RunTime:0.000401s ]
INFO: [ app_begin ] --START--
INFO: Run Behavior\ReadHtmlCacheBehavior [ RunTime:0.000553s ]
INFO: Run Behavior\CheckLangBehavior [ RunTime:0.000479s ]
INFO: [ app_begin ] --END-- [ RunTime:0.001307s ]
INFO: [ app_end ] --START--
INFO: Run Behavior\ShowPageTraceBehavior [ RunTime:0.000484s ]
INFO: [ app_end ] --END-- [ RunTime:0.000539s ]

[ 2018-06-24T21:22:25+08:00 ] ::1 /blog/index.php/Index/Api/sendMail
INFO: [ app_init ] --START--
INFO: Run Behavior\BuildLiteBehavior [ RunTime:0.000012s ]
INFO: [ app_init ] --END-- [ RunTime:0.000343s ]
INFO: [ app_begin ] --START--
INFO: Run Behavior\ReadHtmlCacheBehavior [ RunTime:0.000426s ]
INFO: Run Behavior\CheckLangBehavior [ RunTime:0.000466s ]
INFO: [ app_begin ] --END-- [ RunTime:0.000963s ]
SQL: SHOW COLUMNS FROM `blog_users` [ RunTime:0.0095s ]
SQL: SELECT * FROM `blog_users` WHERE `email` = '1076217644@qq.com' LIMIT 1   [ RunTime:0.0004s ]
SQL: SHOW COLUMNS FROM `blog_mail_verify` [ RunTime:0.0095s ]
SQL: SELECT * FROM `blog_mail_verify` WHERE `email` = '1076217644@qq.com' LIMIT 1   [ RunTime:0.0002s ]
SQL: UPDATE `blog_mail_verify` SET `verify`='e00b/RL3mi3Ls0QrJHLI5xomVYXvYi3f37Cl6zaiBcB5',`date`='1529846545',`ip`='0.0.0.0' WHERE ( 1 ) [ RunTime:0.0002s ]

[ 2018-06-24T21:23:25+08:00 ] ::1 /blog/index.php/Index/Api/sendMail
INFO: [ app_init ] --START--
INFO: Run Behavior\BuildLiteBehavior [ RunTime:0.000012s ]
INFO: [ app_init ] --END-- [ RunTime:0.000451s ]
INFO: [ app_begin ] --START--
INFO: Run Behavior\ReadHtmlCacheBehavior [ RunTime:0.000567s ]
INFO: Run Behavior\CheckLangBehavior [ RunTime:0.000545s ]
INFO: [ app_begin ] --END-- [ RunTime:0.001184s ]
SQL: SHOW COLUMNS FROM `blog_users` [ RunTime:0.0099s ]
SQL: SELECT * FROM `blog_users` WHERE `email` = '1076217644@qq.com' LIMIT 1   [ RunTime:0.0003s ]
SQL: SHOW COLUMNS FROM `blog_mail_verify` [ RunTime:0.0092s ]
SQL: SELECT * FROM `blog_mail_verify` WHERE `email` = '1076217644@qq.com' LIMIT 1   [ RunTime:0.0002s ]
SQL: INSERT INTO `blog_mail_verify` (`verify`,`date`,`ip`) VALUES ('1dc9MXFwK+9QPIsOvH0Pw8JgvSd1w8gkTBLxL5XCQzXP','1529846605','0.0.0.0') [ RunTime:0.0002s ]

[ 2018-06-24T21:23:27+08:00 ] ::1 /blog/index.php/Index/Api/sendMail
INFO: [ app_init ] --START--
INFO: Run Behavior\BuildLiteBehavior [ RunTime:0.000012s ]
INFO: [ app_init ] --END-- [ RunTime:0.000340s ]
INFO: [ app_begin ] --START--
INFO: Run Behavior\ReadHtmlCacheBehavior [ RunTime:0.000429s ]
INFO: Run Behavior\CheckLangBehavior [ RunTime:0.000445s ]
INFO: [ app_begin ] --END-- [ RunTime:0.000945s ]
SQL: SHOW COLUMNS FROM `blog_users` [ RunTime:0.0096s ]
SQL: SELECT * FROM `blog_users` WHERE `email` = '1076217644@qq.com' LIMIT 1   [ RunTime:0.0003s ]
SQL: SHOW COLUMNS FROM `blog_mail_verify` [ RunTime:0.0094s ]
SQL: SELECT * FROM `blog_mail_verify` WHERE `email` = '1076217644@qq.com' LIMIT 1   [ RunTime:0.0002s ]
SQL: INSERT INTO `blog_mail_verify` (`verify`,`date`,`ip`) VALUES ('68147M63e9YKLBq6HGgyXSATgOkkSW2RllcBEA9jWxAI','1529846607','0.0.0.0') [ RunTime:0.0003s ]

[ 2018-06-24T21:23:29+08:00 ] ::1 /blog/index.php/Index/Api/sendMail
INFO: [ app_init ] --START--
INFO: Run Behavior\BuildLiteBehavior [ RunTime:0.000011s ]
INFO: [ app_init ] --END-- [ RunTime:0.000334s ]
INFO: [ app_begin ] --START--
INFO: Run Behavior\ReadHtmlCacheBehavior [ RunTime:0.000416s ]
INFO: Run Behavior\CheckLangBehavior [ RunTime:0.000443s ]
INFO: [ app_begin ] --END-- [ RunTime:0.000928s ]
SQL: SHOW COLUMNS FROM `blog_users` [ RunTime:0.0100s ]
SQL: SELECT * FROM `blog_users` WHERE `email` = '1076217644@qq.com' LIMIT 1   [ RunTime:0.0003s ]
SQL: SHOW COLUMNS FROM `blog_mail_verify` [ RunTime:0.0095s ]
SQL: SELECT * FROM `blog_mail_verify` WHERE `email` = '1076217644@qq.com' LIMIT 1   [ RunTime:0.0003s ]
SQL: INSERT INTO `blog_mail_verify` (`verify`,`date`,`ip`) VALUES ('0c2d2gzu705LNHsiyEPzlUbKTBPMomlC499bTNhKJ8Xe','1529846609','0.0.0.0') [ RunTime:0.0007s ]

[ 2018-06-24T21:23:32+08:00 ] ::1 /blog/index.php/Index/Api/sendMail
INFO: [ app_init ] --START--
INFO: Run Behavior\BuildLiteBehavior [ RunTime:0.000013s ]
INFO: [ app_init ] --END-- [ RunTime:0.000350s ]
INFO: [ app_begin ] --START--
INFO: Run Behavior\ReadHtmlCacheBehavior [ RunTime:0.000432s ]
INFO: Run Behavior\CheckLangBehavior [ RunTime:0.000444s ]
INFO: [ app_begin ] --END-- [ RunTime:0.000948s ]
SQL: SHOW COLUMNS FROM `blog_users` [ RunTime:0.0101s ]
SQL: SELECT * FROM `blog_users` WHERE `email` = '1076217644@qq.com' LIMIT 1   [ RunTime:0.0003s ]
SQL: SHOW COLUMNS FROM `blog_mail_verify` [ RunTime:0.0096s ]
SQL: SELECT * FROM `blog_mail_verify` WHERE `email` = '1076217644@qq.com' LIMIT 1   [ RunTime:0.0003s ]
SQL: INSERT INTO `blog_mail_verify` (`verify`,`date`,`ip`) VALUES ('edb8nM+riHI3C4H76630B0XFQW7u37YbMfmuLxnEZ8lJ','1529846612','0.0.0.0') [ RunTime:0.0003s ]

[ 2018-06-24T21:23:36+08:00 ] ::1 /blog/index.php/Index/Api/sendMail
INFO: [ app_init ] --START--
INFO: Run Behavior\BuildLiteBehavior [ RunTime:0.000012s ]
INFO: [ app_init ] --END-- [ RunTime:0.000341s ]
INFO: [ app_begin ] --START--
INFO: Run Behavior\ReadHtmlCacheBehavior [ RunTime:0.000433s ]
INFO: Run Behavior\CheckLangBehavior [ RunTime:0.000443s ]
INFO: [ app_begin ] --END-- [ RunTime:0.000945s ]
SQL: SHOW COLUMNS FROM `blog_users` [ RunTime:0.0097s ]
SQL: SELECT * FROM `blog_users` WHERE `email` = '1076217644@qq.com' LIMIT 1   [ RunTime:0.0003s ]
SQL: SHOW COLUMNS FROM `blog_mail_verify` [ RunTime:0.0098s ]
SQL: SELECT * FROM `blog_mail_verify` WHERE `email` = '1076217644@qq.com' LIMIT 1   [ RunTime:0.0002s ]
SQL: INSERT INTO `blog_mail_verify` (`verify`,`date`,`ip`) VALUES ('bf51oByp38ZqMETDC5/TyabXRqkvj58oa6q+bzE3toNY','1529846616','0.0.0.0') [ RunTime:0.0002s ]

[ 2018-06-24T21:25:18+08:00 ] ::1 /blog/index.php/Index/Api/sendMail
INFO: [ app_init ] --START--
INFO: Run Behavior\BuildLiteBehavior [ RunTime:0.000012s ]
INFO: [ app_init ] --END-- [ RunTime:0.000343s ]
INFO: [ app_begin ] --START--
INFO: Run Behavior\ReadHtmlCacheBehavior [ RunTime:0.000436s ]
INFO: Run Behavior\CheckLangBehavior [ RunTime:0.000445s ]
INFO: [ app_begin ] --END-- [ RunTime:0.000951s ]
SQL: SHOW COLUMNS FROM `blog_users` [ RunTime:0.0125s ]
SQL: SELECT * FROM `blog_users` WHERE `email` = '1076217644@qq.com' LIMIT 1   [ RunTime:0.0003s ]
SQL: SHOW COLUMNS FROM `blog_mail_verify` [ RunTime:0.0093s ]
SQL: SELECT * FROM `blog_mail_verify` WHERE `email` = '1076217644@qq.com' LIMIT 1   [ RunTime:0.0003s ]
SQL: INSERT INTO `blog_mail_verify` (`verify`,`date`,`ip`) VALUES ('c9c4VjpH/ks6FW3HjxtRPGdnzIRjqrOWK7UDUoOZ2yut','1529846716','0.0.0.0') [ RunTime:0.0003s ]
NOTIC: [8] Undefined variable: update F:\phpstudy\WWW\blog\Application\Index\Controller\ApiController.class.php 第 85 行.
NOTIC: [8] Use of undefined constant send_mail - assumed 'send_mail' F:\phpstudy\WWW\blog\Application\Index\Controller\ApiController.class.php 第 87 行.

[ 2018-06-24T21:26:17+08:00 ] ::1 /blog/index.php/Index/Api/sendMail
INFO: [ app_init ] --START--
INFO: Run Behavior\BuildLiteBehavior [ RunTime:0.000011s ]
INFO: [ app_init ] --END-- [ RunTime:0.000417s ]
INFO: [ app_begin ] --START--
INFO: Run Behavior\ReadHtmlCacheBehavior [ RunTime:0.000487s ]
INFO: Run Behavior\CheckLangBehavior [ RunTime:0.000527s ]
INFO: [ app_begin ] --END-- [ RunTime:0.001084s ]
SQL: SHOW COLUMNS FROM `blog_users` [ RunTime:0.0109s ]
SQL: SELECT * FROM `blog_users` WHERE `email` = '1076217644@qq.com' LIMIT 1   [ RunTime:0.0003s ]
SQL: SHOW COLUMNS FROM `blog_mail_verify` [ RunTime:0.0110s ]
SQL: SELECT * FROM `blog_mail_verify` WHERE `email` = '1076217644@qq.com' LIMIT 1   [ RunTime:0.0003s ]

[ 2018-06-24T21:27:27+08:00 ] ::1 /blog/index.php/Index/Api/sendMail
INFO: [ app_init ] --START--
INFO: Run Behavior\BuildLiteBehavior [ RunTime:0.000012s ]
INFO: [ app_init ] --END-- [ RunTime:0.000369s ]
INFO: [ app_begin ] --START--
INFO: Run Behavior\ReadHtmlCacheBehavior [ RunTime:0.000434s ]
INFO: Run Behavior\CheckLangBehavior [ RunTime:0.000458s ]
INFO: [ app_begin ] --END-- [ RunTime:0.000962s ]
SQL: SHOW COLUMNS FROM `blog_users` [ RunTime:0.0103s ]
SQL: SELECT * FROM `blog_users` WHERE `email` = '1076217644@qq.com' LIMIT 1   [ RunTime:0.0003s ]
SQL: SHOW COLUMNS FROM `blog_mail_verify` [ RunTime:0.0097s ]
SQL: SELECT * FROM `blog_mail_verify` WHERE `email` = '1076217644@qq.com' LIMIT 1   [ RunTime:0.0003s ]

[ 2018-06-24T21:28:37+08:00 ] ::1 /blog/index.php/Index/Api/sendMail
INFO: [ app_init ] --START--
INFO: Run Behavior\BuildLiteBehavior [ RunTime:0.000013s ]
INFO: [ app_init ] --END-- [ RunTime:0.000417s ]
INFO: [ app_begin ] --START--
INFO: Run Behavior\ReadHtmlCacheBehavior [ RunTime:0.000494s ]
INFO: Run Behavior\CheckLangBehavior [ RunTime:0.000527s ]
INFO: [ app_begin ] --END-- [ RunTime:0.001092s ]
SQL: SHOW COLUMNS FROM `blog_users` [ RunTime:0.0093s ]
SQL: SELECT * FROM `blog_users` WHERE `email` = '1076217644@qq.com' LIMIT 1   [ RunTime:0.0003s ]
SQL: SHOW COLUMNS FROM `blog_mail_verify` [ RunTime:0.0094s ]
SQL: SELECT * FROM `blog_mail_verify` WHERE `email` = '1076217644@qq.com' LIMIT 1   [ RunTime:0.0002s ]
SQL: INSERT INTO `blog_mail_verify` (`verify`,`email`,`date`,`ip`) VALUES ('d7479+nu8LgkqeZQAovzN6EEfyND7TGsvYeIvF/WN8ll','1076217644@qq.com','1529846916','0.0.0.0') [ RunTime:0.0002s ]
NOTIC: [8] Undefined variable: update F:\phpstudy\WWW\blog\Application\Index\Controller\ApiController.class.php 第 82 行.
NOTIC: [8] Use of undefined constant send_mail - assumed 'send_mail' F:\phpstudy\WWW\blog\Application\Index\Controller\ApiController.class.php 第 84 行.

[ 2018-06-24T21:30:02+08:00 ] ::1 /blog/index.php/Index/Api/sendMail
INFO: [ app_init ] --START--
INFO: Run Behavior\BuildLiteBehavior [ RunTime:0.000012s ]
INFO: [ app_init ] --END-- [ RunTime:0.000341s ]
INFO: [ app_begin ] --START--
INFO: Run Behavior\ReadHtmlCacheBehavior [ RunTime:0.000426s ]
INFO: Run Behavior\CheckLangBehavior [ RunTime:0.000444s ]
INFO: [ app_begin ] --END-- [ RunTime:0.000938s ]
SQL: SHOW COLUMNS FROM `blog_users` [ RunTime:0.0103s ]
SQL: SELECT * FROM `blog_users` WHERE `email` = '1076217644@qq.com' LIMIT 1   [ RunTime:0.0003s ]
SQL: SHOW COLUMNS FROM `blog_mail_verify` [ RunTime:0.0105s ]
SQL: SELECT * FROM `blog_mail_verify` WHERE `email` = '1076217644@qq.com' LIMIT 1   [ RunTime:0.0003s ]

[ 2018-06-24T21:31:12+08:00 ] ::1 /blog/index.php/Index/User/login
INFO: [ app_init ] --START--
INFO: Run Behavior\BuildLiteBehavior [ RunTime:0.000011s ]
INFO: [ app_init ] --END-- [ RunTime:0.000408s ]
INFO: [ app_begin ] --START--
INFO: Run Behavior\ReadHtmlCacheBehavior [ RunTime:0.000496s ]
INFO: Run Behavior\CheckLangBehavior [ RunTime:0.000522s ]
INFO: [ app_begin ] --END-- [ RunTime:0.001094s ]
SQL: SHOW COLUMNS FROM `blog_category` [ RunTime:0.0093s ]
SQL: SELECT * FROM `blog_category`  [ RunTime:0.0004s ]
SQL: SHOW COLUMNS FROM `blog_users` [ RunTime:0.0102s ]
NOTIC: [2] Illegal offset type in isset or empty F:\phpstudy\WWW\Thinkphp\Library\Think\Model.class.php 第 1015 行.
NOTIC: [8] Undefined index: validate F:\phpstudy\WWW\Thinkphp\Library\Think\Model.class.php 第 1185 行.
NOTIC: [8] Undefined index: auto F:\phpstudy\WWW\Thinkphp\Library\Think\Model.class.php 第 1128 行.
SQL: SELECT `userid`,`username`,`nickname`,`password`,`lastdate`,`lastip` FROM `blog_users` WHERE `username` = '爱我的' LIMIT 1   [ RunTime:0.0003s ]
INFO: [ view_parse ] --START--
INFO: [ template_filter ] --START--
INFO: Run Behavior\ContentReplaceBehavior [ RunTime:0.000034s ]
INFO: [ template_filter ] --END-- [ RunTime:0.000087s ]
INFO: Run Behavior\ParseTemplateBehavior [ RunTime:0.015179s ]
INFO: [ view_parse ] --END-- [ RunTime:0.015226s ]
INFO: [ view_filter ] --START--
INFO: Run Behavior\WriteHtmlCacheBehavior [ RunTime:0.000331s ]
INFO: [ view_filter ] --END-- [ RunTime:0.000362s ]

[ 2018-06-24T21:31:24+08:00 ] ::1 /blog/index.php/
INFO: [ app_init ] --START--
INFO: Run Behavior\BuildLiteBehavior [ RunTime:0.000011s ]
INFO: [ app_init ] --END-- [ RunTime:0.000331s ]
INFO: [ app_begin ] --START--
INFO: Run Behavior\ReadHtmlCacheBehavior [ RunTime:0.000419s ]
INFO: Run Behavior\CheckLangBehavior [ RunTime:0.000435s ]
INFO: [ app_begin ] --END-- [ RunTime:0.000926s ]
SQL: SHOW COLUMNS FROM `blog_category` [ RunTime:0.0100s ]
SQL: SELECT * FROM `blog_category`  [ RunTime:0.0004s ]
SQL: SHOW COLUMNS FROM `blog_act` [ RunTime:0.0094s ]
SQL: SELECT blog_act.*,blog_category.name,blog_users.nickname,blog_users.head,blog_users.pageurl FROM `blog_act` INNER JOIN blog_users ON blog_users.userid = blog_act.usersid INNER JOIN blog_category ON blog_category.id = blog_act.sid  ORDER BY id desc LIMIT 0,30   [ RunTime:0.0013s ]
INFO: [ view_parse ] --START--
INFO: [ template_filter ] --START--
INFO: Run Behavior\ContentReplaceBehavior [ RunTime:0.000234s ]
INFO: [ template_filter ] --END-- [ RunTime:0.000279s ]
NOTIC: [8] Undefined variable: current F:\phpstudy\WWW\blog\Application\Runtime\Cache\Index\5f343310d4a83e1c2f6d4e5a6181e90a.php 第 13 行.
NOTIC: [8] Undefined variable: webcConfig F:\phpstudy\WWW\blog\Application\Runtime\Cache\Index\5f343310d4a83e1c2f6d4e5a6181e90a.php 第 13 行.
NOTIC: [8] Undefined variable: search F:\phpstudy\WWW\blog\Application\Runtime\Cache\Index\5f343310d4a83e1c2f6d4e5a6181e90a.php 第 110 行.
INFO: Run Behavior\ParseTemplateBehavior [ RunTime:0.023636s ]
INFO: [ view_parse ] --END-- [ RunTime:0.023679s ]
INFO: [ view_filter ] --START--
INFO: Run Behavior\WriteHtmlCacheBehavior [ RunTime:0.000242s ]
INFO: [ view_filter ] --END-- [ RunTime:0.000274s ]
INFO: [ app_end ] --START--
INFO: Run Behavior\ShowPageTraceBehavior [ RunTime:0.000536s ]
INFO: [ app_end ] --END-- [ RunTime:0.000582s ]

[ 2018-06-24T21:31:32+08:00 ] ::1 /blog/index.php/User/login
INFO: [ app_init ] --START--
INFO: Run Behavior\BuildLiteBehavior [ RunTime:0.000011s ]
INFO: [ app_init ] --END-- [ RunTime:0.000337s ]
INFO: [ app_begin ] --START--
INFO: Run Behavior\ReadHtmlCacheBehavior [ RunTime:0.000424s ]
INFO: Run Behavior\CheckLangBehavior [ RunTime:0.000436s ]
INFO: [ app_begin ] --END-- [ RunTime:0.000936s ]
SQL: SHOW COLUMNS FROM `blog_category` [ RunTime:0.0098s ]
SQL: SELECT * FROM `blog_category`  [ RunTime:0.0003s ]
SQL: SHOW COLUMNS FROM `blog_users` [ RunTime:0.0094s ]
NOTIC: [2] Illegal offset type in isset or empty F:\phpstudy\WWW\Thinkphp\Library\Think\Model.class.php 第 1015 行.
NOTIC: [8] Undefined index: validate F:\phpstudy\WWW\Thinkphp\Library\Think\Model.class.php 第 1185 行.
NOTIC: [8] Undefined index: auto F:\phpstudy\WWW\Thinkphp\Library\Think\Model.class.php 第 1128 行.
SQL: SELECT `userid`,`username`,`nickname`,`password`,`lastdate`,`lastip` FROM `blog_users` WHERE `username` = 'ss' LIMIT 1   [ RunTime:0.0002s ]
INFO: [ view_parse ] --START--
INFO: [ template_filter ] --START--
INFO: Run Behavior\ContentReplaceBehavior [ RunTime:0.000031s ]
INFO: [ template_filter ] --END-- [ RunTime:0.000074s ]
INFO: Run Behavior\ParseTemplateBehavior [ RunTime:0.005245s ]
INFO: [ view_parse ] --END-- [ RunTime:0.005292s ]
INFO: [ view_filter ] --START--
INFO: Run Behavior\WriteHtmlCacheBehavior [ RunTime:0.000279s ]
INFO: [ view_filter ] --END-- [ RunTime:0.000317s ]

[ 2018-06-24T21:32:09+08:00 ] ::1 /blog/index.php/Api/verify.html
INFO: [ app_init ] --START--
INFO: Run Behavior\BuildLiteBehavior [ RunTime:0.000012s ]
INFO: [ app_init ] --END-- [ RunTime:0.000358s ]
INFO: [ app_begin ] --START--
INFO: Run Behavior\ReadHtmlCacheBehavior [ RunTime:0.000454s ]
INFO: Run Behavior\CheckLangBehavior [ RunTime:0.000465s ]
INFO: [ app_begin ] --END-- [ RunTime:0.001000s ]
INFO: [ app_end ] --START--
INFO: Run Behavior\ShowPageTraceBehavior [ RunTime:0.000530s ]
INFO: [ app_end ] --END-- [ RunTime:0.000586s ]

[ 2018-06-24T21:50:17+08:00 ] ::1 /blog/index.php/
INFO: [ app_init ] --START--
INFO: Run Behavior\BuildLiteBehavior [ RunTime:0.000012s ]
INFO: [ app_init ] --END-- [ RunTime:0.000426s ]
INFO: [ app_begin ] --START--
INFO: Run Behavior\ReadHtmlCacheBehavior [ RunTime:0.000493s ]
INFO: Run Behavior\CheckLangBehavior [ RunTime:0.000522s ]
INFO: [ app_begin ] --END-- [ RunTime:0.001093s ]
SQL: SHOW COLUMNS FROM `blog_category` [ RunTime:0.0106s ]
SQL: SELECT * FROM `blog_category`  [ RunTime:0.0003s ]
SQL: SHOW COLUMNS FROM `blog_act` [ RunTime:0.0112s ]
SQL: SELECT blog_act.*,blog_category.name,blog_users.nickname,blog_users.head,blog_users.pageurl FROM `blog_act` INNER JOIN blog_users ON blog_users.userid = blog_act.usersid INNER JOIN blog_category ON blog_category.id = blog_act.sid  ORDER BY id desc LIMIT 0,30   [ RunTime:0.0020s ]
INFO: [ view_parse ] --START--
INFO: [ template_filter ] --START--
INFO: Run Behavior\ContentReplaceBehavior [ RunTime:0.000203s ]
INFO: [ template_filter ] --END-- [ RunTime:0.000249s ]
NOTIC: [8] Undefined variable: current F:\phpstudy\WWW\blog\Application\Runtime\Cache\Index\5f343310d4a83e1c2f6d4e5a6181e90a.php 第 13 行.
NOTIC: [8] Undefined variable: webcConfig F:\phpstudy\WWW\blog\Application\Runtime\Cache\Index\5f343310d4a83e1c2f6d4e5a6181e90a.php 第 13 行.
NOTIC: [8] Undefined variable: search F:\phpstudy\WWW\blog\Application\Runtime\Cache\Index\5f343310d4a83e1c2f6d4e5a6181e90a.php 第 110 行.
INFO: Run Behavior\ParseTemplateBehavior [ RunTime:0.034194s ]
INFO: [ view_parse ] --END-- [ RunTime:0.034244s ]
INFO: [ view_filter ] --START--
INFO: Run Behavior\WriteHtmlCacheBehavior [ RunTime:0.000346s ]
INFO: [ view_filter ] --END-- [ RunTime:0.000381s ]
INFO: [ app_end ] --START--
INFO: Run Behavior\ShowPageTraceBehavior [ RunTime:0.000553s ]
INFO: [ app_end ] --END-- [ RunTime:0.000599s ]

[ 2018-06-24T21:50:19+08:00 ] ::1 /blog/index.php/Api/verify.html
INFO: [ app_init ] --START--
INFO: Run Behavior\BuildLiteBehavior [ RunTime:0.000012s ]
INFO: [ app_init ] --END-- [ RunTime:0.000364s ]
INFO: [ app_begin ] --START--
INFO: Run Behavior\ReadHtmlCacheBehavior [ RunTime:0.000863s ]
INFO: Run Behavior\CheckLangBehavior [ RunTime:0.000523s ]
INFO: [ app_begin ] --END-- [ RunTime:0.001496s ]
INFO: [ app_end ] --START--
INFO: Run Behavior\ShowPageTraceBehavior [ RunTime:0.000490s ]
INFO: [ app_end ] --END-- [ RunTime:0.000547s ]

[ 2018-06-24T21:50:48+08:00 ] ::1 /blog/index.php/User/register
INFO: [ app_init ] --START--
INFO: Run Behavior\BuildLiteBehavior [ RunTime:0.000012s ]
INFO: [ app_init ] --END-- [ RunTime:0.000346s ]
INFO: [ app_begin ] --START--
INFO: Run Behavior\ReadHtmlCacheBehavior [ RunTime:0.000433s ]
INFO: Run Behavior\CheckLangBehavior [ RunTime:0.000449s ]
INFO: [ app_begin ] --END-- [ RunTime:0.000964s ]
SQL: SHOW COLUMNS FROM `blog_category` [ RunTime:0.0092s ]
SQL: SELECT * FROM `blog_category`  [ RunTime:0.0003s ]
SQL: SHOW COLUMNS FROM `blog_users` [ RunTime:0.0094s ]
NOTIC: [2] Illegal offset type in isset or empty F:\phpstudy\WWW\Thinkphp\Library\Think\Model.class.php 第 1015 行.
NOTIC: [8] Undefined index: validate F:\phpstudy\WWW\Thinkphp\Library\Think\Model.class.php 第 1185 行.
NOTIC: [2] Illegal offset type in isset or empty F:\phpstudy\WWW\Thinkphp\Library\Think\Model.class.php 第 1297 行.
SQL: SELECT * FROM `blog_users` WHERE `email` = '1076217644@qq.com' LIMIT 1   [ RunTime:0.0003s ]

[ 2018-06-24T21:51:33+08:00 ] ::1 /blog/index.php/User/register
INFO: [ app_init ] --START--
INFO: Run Behavior\BuildLiteBehavior [ RunTime:0.000011s ]
INFO: [ app_init ] --END-- [ RunTime:0.000342s ]
INFO: [ app_begin ] --START--
INFO: Run Behavior\ReadHtmlCacheBehavior [ RunTime:0.000421s ]
INFO: Run Behavior\CheckLangBehavior [ RunTime:0.000448s ]
INFO: [ app_begin ] --END-- [ RunTime:0.000945s ]
SQL: SHOW COLUMNS FROM `blog_category` [ RunTime:0.0094s ]
SQL: SELECT * FROM `blog_category`  [ RunTime:0.0004s ]
SQL: SHOW COLUMNS FROM `blog_users` [ RunTime:0.0099s ]

[ 2018-06-24T21:51:53+08:00 ] ::1 /blog/index.php/User/register
INFO: [ app_init ] --START--
INFO: Run Behavior\BuildLiteBehavior [ RunTime:0.000012s ]
INFO: [ app_init ] --END-- [ RunTime:0.000549s ]
INFO: [ app_begin ] --START--
INFO: Run Behavior\ReadHtmlCacheBehavior [ RunTime:0.005281s ]
INFO: Run Behavior\CheckLangBehavior [ RunTime:0.000503s ]
INFO: [ app_begin ] --END-- [ RunTime:0.005943s ]
SQL: SHOW COLUMNS FROM `blog_category` [ RunTime:0.0098s ]
SQL: SELECT * FROM `blog_category`  [ RunTime:0.0003s ]
ERR: 模板不存在:./Application/Index/View/User/register.html

[ 2018-06-24T21:51:59+08:00 ] ::1 /blog/index.php/Api/verify.html
INFO: [ app_init ] --START--
INFO: Run Behavior\BuildLiteBehavior [ RunTime:0.000013s ]
INFO: [ app_init ] --END-- [ RunTime:0.000354s ]
INFO: [ app_begin ] --START--
INFO: Run Behavior\ReadHtmlCacheBehavior [ RunTime:0.000505s ]
INFO: Run Behavior\CheckLangBehavior [ RunTime:0.000467s ]
INFO: [ app_begin ] --END-- [ RunTime:0.001065s ]
INFO: [ app_end ] --START--
INFO: Run Behavior\ShowPageTraceBehavior [ RunTime:0.000507s ]
INFO: [ app_end ] --END-- [ RunTime:0.000564s ]

[ 2018-06-24T21:52:07+08:00 ] ::1 /blog/index.php/User/register
INFO: [ app_init ] --START--
INFO: Run Behavior\BuildLiteBehavior [ RunTime:0.000012s ]
INFO: [ app_init ] --END-- [ RunTime:0.000342s ]
INFO: [ app_begin ] --START--
INFO: Run Behavior\ReadHtmlCacheBehavior [ RunTime:0.000426s ]
INFO: Run Behavior\CheckLangBehavior [ RunTime:0.000446s ]
INFO: [ app_begin ] --END-- [ RunTime:0.000949s ]
SQL: SHOW COLUMNS FROM `blog_category` [ RunTime:0.0098s ]
SQL: SELECT * FROM `blog_category`  [ RunTime:0.0003s ]
SQL: SHOW COLUMNS FROM `blog_users` [ RunTime:0.0098s ]

[ 2018-06-24T21:52:47+08:00 ] ::1 /blog/index.php/Api/verify.html
INFO: [ app_init ] --START--
INFO: Run Behavior\BuildLiteBehavior [ RunTime:0.000012s ]
INFO: [ app_init ] --END-- [ RunTime:0.000435s ]
INFO: [ app_begin ] --START--
INFO: Run Behavior\ReadHtmlCacheBehavior [ RunTime:0.000522s ]
INFO: Run Behavior\CheckLangBehavior [ RunTime:0.000536s ]
INFO: [ app_begin ] --END-- [ RunTime:0.001138s ]
INFO: [ app_end ] --START--
INFO: Run Behavior\ShowPageTraceBehavior [ RunTime:0.000575s ]
INFO: [ app_end ] --END-- [ RunTime:0.000633s ]

[ 2018-06-24T22:23:21+08:00 ] ::1 /blog/index.php/User/register
INFO: [ app_init ] --START--
INFO: Run Behavior\BuildLiteBehavior [ RunTime:0.000005s ]
INFO: [ app_init ] --END-- [ RunTime:0.000215s ]
INFO: [ app_begin ] --START--
INFO: Run Behavior\ReadHtmlCacheBehavior [ RunTime:0.000249s ]
INFO: Run Behavior\CheckLangBehavior [ RunTime:0.000395s ]
INFO: [ app_begin ] --END-- [ RunTime:0.000684s ]
SQL: SHOW COLUMNS FROM `blog_category` [ RunTime:0.0055s ]
SQL: SELECT * FROM `blog_category`  [ RunTime:0.0002s ]
SQL: SHOW COLUMNS FROM `blog_users` [ RunTime:0.0055s ]
NOTIC: [2] Illegal offset type in isset or empty F:\phpstudy\WWW\Thinkphp\Library\Think\Model.class.php 第 1015 行.
NOTIC: [8] Undefined index: validate F:\phpstudy\WWW\Thinkphp\Library\Think\Model.class.php 第 1185 行.
NOTIC: [2] Illegal offset type in isset or empty F:\phpstudy\WWW\Thinkphp\Library\Think\Model.class.php 第 1297 行.
SQL: SELECT * FROM `blog_users` WHERE `email` = '1076217644@qq.com' LIMIT 1   [ RunTime:0.0002s ]

[ 2018-06-24T22:25:12+08:00 ] ::1 /blog/index.php/
INFO: [ app_init ] --START--
INFO: Run Behavior\BuildLiteBehavior [ RunTime:0.000006s ]
INFO: [ app_init ] --END-- [ RunTime:0.000175s ]
INFO: [ app_begin ] --START--
INFO: Run Behavior\ReadHtmlCacheBehavior [ RunTime:0.000214s ]
INFO: Run Behavior\CheckLangBehavior [ RunTime:0.000227s ]
INFO: [ app_begin ] --END-- [ RunTime:0.000479s ]
SQL: SHOW COLUMNS FROM `blog_category` [ RunTime:0.0053s ]
SQL: SELECT * FROM `blog_category`  [ RunTime:0.0002s ]
SQL: SHOW COLUMNS FROM `blog_act` [ RunTime:0.0056s ]
SQL: SELECT blog_act.*,blog_category.name,blog_users.nickname,blog_users.head,blog_users.pageurl FROM `blog_act` INNER JOIN blog_users ON blog_users.userid = blog_act.usersid INNER JOIN blog_category ON blog_category.id = blog_act.sid  ORDER BY id desc LIMIT 0,30   [ RunTime:0.0007s ]
INFO: [ view_parse ] --START--
INFO: [ template_filter ] --START--
INFO: Run Behavior\ContentReplaceBehavior [ RunTime:0.000102s ]
INFO: [ template_filter ] --END-- [ RunTime:0.000127s ]
NOTIC: [8] Undefined variable: current F:\phpstudy\WWW\blog\Application\Runtime\Cache\Index\5f343310d4a83e1c2f6d4e5a6181e90a.php 第 13 行.
NOTIC: [8] Undefined variable: webcConfig F:\phpstudy\WWW\blog\Application\Runtime\Cache\Index\5f343310d4a83e1c2f6d4e5a6181e90a.php 第 13 行.
NOTIC: [8] Undefined variable: search F:\phpstudy\WWW\blog\Application\Runtime\Cache\Index\5f343310d4a83e1c2f6d4e5a6181e90a.php 第 110 行.
INFO: Run Behavior\ParseTemplateBehavior [ RunTime:0.017429s ]
INFO: [ view_parse ] --END-- [ RunTime:0.017450s ]
INFO: [ view_filter ] --START--
INFO: Run Behavior\WriteHtmlCacheBehavior [ RunTime:0.000170s ]
INFO: [ view_filter ] --END-- [ RunTime:0.000187s ]
INFO: [ app_end ] --START--
INFO: Run Behavior\ShowPageTraceBehavior [ RunTime:0.000279s ]
INFO: [ app_end ] --END-- [ RunTime:0.000301s ]

[ 2018-06-24T22:25:14+08:00 ] ::1 /blog/index.php/Api/verify.html
INFO: [ app_init ] --START--
INFO: Run Behavior\BuildLiteBehavior [ RunTime:0.000006s ]
INFO: [ app_init ] --END-- [ RunTime:0.000182s ]
INFO: [ app_begin ] --START--
INFO: Run Behavior\ReadHtmlCacheBehavior [ RunTime:0.000279s ]
INFO: Run Behavior\CheckLangBehavior [ RunTime:0.000243s ]
INFO: [ app_begin ] --END-- [ RunTime:0.000560s ]
INFO: [ app_end ] --START--
INFO: Run Behavior\ShowPageTraceBehavior [ RunTime:0.000271s ]
INFO: [ app_end ] --END-- [ RunTime:0.000301s ]

[ 2018-06-24T22:25:21+08:00 ] ::1 /blog/index.php/User/register
INFO: [ app_init ] --START--
INFO: Run Behavior\BuildLiteBehavior [ RunTime:0.000006s ]
INFO: [ app_init ] --END-- [ RunTime:0.000172s ]
INFO: [ app_begin ] --START--
INFO: Run Behavior\ReadHtmlCacheBehavior [ RunTime:0.000215s ]
INFO: Run Behavior\CheckLangBehavior [ RunTime:0.000226s ]
INFO: [ app_begin ] --END-- [ RunTime:0.000480s ]
SQL: SHOW COLUMNS FROM `blog_category` [ RunTime:0.0062s ]
SQL: SELECT * FROM `blog_category`  [ RunTime:0.0002s ]
SQL: SHOW COLUMNS FROM `blog_users` [ RunTime:0.0050s ]
NOTIC: [2] Illegal offset type in isset or empty F:\phpstudy\WWW\Thinkphp\Library\Think\Model.class.php 第 1015 行.
NOTIC: [8] Undefined index: validate F:\phpstudy\WWW\Thinkphp\Library\Think\Model.class.php 第 1185 行.
NOTIC: [2] Illegal offset type in isset or empty F:\phpstudy\WWW\Thinkphp\Library\Think\Model.class.php 第 1297 行.
SQL: SELECT * FROM `blog_users` WHERE `email` = '45454' LIMIT 1   [ RunTime:0.0002s ]

[ 2018-06-24T22:26:53+08:00 ] ::1 /blog/index.php/Api/verify.html
INFO: [ app_init ] --START--
INFO: Run Behavior\BuildLiteBehavior [ RunTime:0.000007s ]
INFO: [ app_init ] --END-- [ RunTime:0.000222s ]
INFO: [ app_begin ] --START--
INFO: Run Behavior\ReadHtmlCacheBehavior [ RunTime:0.000286s ]
INFO: Run Behavior\CheckLangBehavior [ RunTime:0.000324s ]
INFO: [ app_begin ] --END-- [ RunTime:0.000657s ]
INFO: [ app_end ] --START--
INFO: Run Behavior\ShowPageTraceBehavior [ RunTime:0.000295s ]
INFO: [ app_end ] --END-- [ RunTime:0.000326s ]

