[ 2018-07-17T14:57:36+08:00 ] 127.0.0.1 /blog/index.php/Index/index.html
INFO: [ app_init ] --START--
INFO: Run Behavior\BuildLiteBehavior [ RunTime:0.000000s ]
INFO: [ app_init ] --END-- [ RunTime:0.001000s ]
INFO: [ app_begin ] --START--
INFO: Run Behavior\ReadHtmlCacheBehavior [ RunTime:0.001000s ]
INFO: Run Behavior\CheckLangBehavior [ RunTime:0.034002s ]
INFO: [ app_begin ] --END-- [ RunTime:0.035002s ]

[ 2018-07-17T14:57:45+08:00 ] 127.0.0.1 /blog/index.php/Index/index.html
INFO: [ app_init ] --START--
INFO: Run Behavior\BuildLiteBehavior [ RunTime:0.000000s ]
INFO: [ app_init ] --END-- [ RunTime:0.001000s ]
INFO: [ app_begin ] --START--
INFO: Run Behavior\ReadHtmlCacheBehavior [ RunTime:0.001000s ]
INFO: Run Behavior\CheckLangBehavior [ RunTime:0.000000s ]
INFO: [ app_begin ] --END-- [ RunTime:0.001000s ]
SQL: SHOW COLUMNS FROM `blog_category` [ RunTime:0.0300s ]
SQL: SELECT * FROM `blog_category`  [ RunTime:0.0090s ]
SQL: SHOW COLUMNS FROM `blog_act` [ RunTime:0.0340s ]
SQL: SELECT blog_act.*,blog_category.name,blog_users.nickname,blog_users.head,blog_users.pageurl FROM `blog_act` INNER JOIN blog_users ON blog_users.id = blog_act.userid INNER JOIN blog_category ON blog_category.id = blog_act.pid  ORDER BY id desc LIMIT 0,300   [ RunTime:0.0210s ]
INFO: [ view_parse ] --START--
INFO: [ template_filter ] --START--
INFO: Run Behavior\ContentReplaceBehavior [ RunTime:0.001000s ]
INFO: [ template_filter ] --END-- [ RunTime:0.001000s ]
NOTIC: [8] Undefined variable: search F:\phpstudy\WWW\blog\Application\Runtime\Cache\Index\5f343310d4a83e1c2f6d4e5a6181e90a.php 第 111 行.
INFO: Run Behavior\ParseTemplateBehavior [ RunTime:0.100006s ]
INFO: [ view_parse ] --END-- [ RunTime:0.100006s ]
INFO: [ view_filter ] --START--
INFO: Run Behavior\WriteHtmlCacheBehavior [ RunTime:0.012000s ]
INFO: [ view_filter ] --END-- [ RunTime:0.012000s ]
INFO: [ app_end ] --START--
INFO: Run Behavior\ShowPageTraceBehavior [ RunTime:0.010001s ]
INFO: [ app_end ] --END-- [ RunTime:0.010001s ]

[ 2018-07-17T15:02:39+08:00 ] 192.168.1.241 /blog/index.php/Index/index.html
INFO: [ app_init ] --START--
INFO: Run Behavior\BuildLiteBehavior [ RunTime:0.000000s ]
INFO: [ app_init ] --END-- [ RunTime:0.000000s ]
INFO: [ app_begin ] --START--
INFO: Run Behavior\ReadHtmlCacheBehavior [ RunTime:0.000000s ]
INFO: Run Behavior\CheckLangBehavior [ RunTime:0.001000s ]
INFO: [ app_begin ] --END-- [ RunTime:0.001000s ]
SQL: SHOW COLUMNS FROM `blog_category` [ RunTime:0.0060s ]
SQL: SELECT * FROM `blog_category`  [ RunTime:0.0010s ]
SQL: SHOW COLUMNS FROM `blog_act` [ RunTime:0.0050s ]
SQL: SELECT blog_act.*,blog_category.name,blog_users.nickname,blog_users.head,blog_users.pageurl FROM `blog_act` INNER JOIN blog_users ON blog_users.id = blog_act.userid INNER JOIN blog_category ON blog_category.id = blog_act.pid  ORDER BY id desc LIMIT 0,300   [ RunTime:0.0020s ]
INFO: [ view_parse ] --START--
INFO: [ template_filter ] --START--
INFO: Run Behavior\ContentReplaceBehavior [ RunTime:0.000000s ]
INFO: [ template_filter ] --END-- [ RunTime:0.000000s ]
NOTIC: [8] Undefined variable: search F:\phpstudy\WWW\blog\Application\Runtime\Cache\Index\5f343310d4a83e1c2f6d4e5a6181e90a.php 第 111 行.
INFO: Run Behavior\ParseTemplateBehavior [ RunTime:0.027001s ]
INFO: [ view_parse ] --END-- [ RunTime:0.027001s ]
INFO: [ view_filter ] --START--
INFO: Run Behavior\WriteHtmlCacheBehavior [ RunTime:0.001000s ]
INFO: [ view_filter ] --END-- [ RunTime:0.001000s ]
INFO: [ app_end ] --START--
INFO: Run Behavior\ShowPageTraceBehavior [ RunTime:0.000000s ]
INFO: [ app_end ] --END-- [ RunTime:0.000000s ]

[ 2018-07-17T15:02:52+08:00 ] 192.168.1.241 /blog/index.php/Index/index.html
INFO: [ app_init ] --START--
INFO: Run Behavior\BuildLiteBehavior [ RunTime:0.000000s ]
INFO: [ app_init ] --END-- [ RunTime:0.001000s ]
INFO: [ app_begin ] --START--
INFO: Run Behavior\ReadHtmlCacheBehavior [ RunTime:0.001000s ]
INFO: Run Behavior\CheckLangBehavior [ RunTime:0.000000s ]
INFO: [ app_begin ] --END-- [ RunTime:0.001000s ]
SQL: SHOW COLUMNS FROM `blog_category` [ RunTime:0.0060s ]
SQL: SELECT * FROM `blog_category`  [ RunTime:0.0000s ]
SQL: SHOW COLUMNS FROM `blog_act` [ RunTime:0.0070s ]
SQL: SELECT blog_act.*,blog_category.name,blog_users.nickname,blog_users.head,blog_users.pageurl FROM `blog_act` INNER JOIN blog_users ON blog_users.id = blog_act.userid INNER JOIN blog_category ON blog_category.id = blog_act.pid  ORDER BY id desc LIMIT 0,300   [ RunTime:0.0010s ]
INFO: [ view_parse ] --START--
INFO: [ template_filter ] --START--
INFO: Run Behavior\ContentReplaceBehavior [ RunTime:0.000000s ]
INFO: [ template_filter ] --END-- [ RunTime:0.000000s ]
NOTIC: [8] Undefined variable: search F:\phpstudy\WWW\blog\Application\Runtime\Cache\Index\5f343310d4a83e1c2f6d4e5a6181e90a.php 第 111 行.
INFO: Run Behavior\ParseTemplateBehavior [ RunTime:0.021002s ]
INFO: [ view_parse ] --END-- [ RunTime:0.021002s ]
INFO: [ view_filter ] --START--
INFO: Run Behavior\WriteHtmlCacheBehavior [ RunTime:0.001000s ]
INFO: [ view_filter ] --END-- [ RunTime:0.001000s ]
INFO: [ app_end ] --START--
INFO: Run Behavior\ShowPageTraceBehavior [ RunTime:0.000000s ]
INFO: [ app_end ] --END-- [ RunTime:0.000000s ]

[ 2018-07-17T15:05:18+08:00 ] 127.0.0.1 /blog/index.php/Index/index.html
INFO: [ app_init ] --START--
INFO: Run Behavior\BuildLiteBehavior [ RunTime:0.000000s ]
INFO: [ app_init ] --END-- [ RunTime:0.000000s ]
INFO: [ app_begin ] --START--
INFO: Run Behavior\ReadHtmlCacheBehavior [ RunTime:0.000000s ]
INFO: Run Behavior\CheckLangBehavior [ RunTime:0.001000s ]
INFO: [ app_begin ] --END-- [ RunTime:0.001000s ]

[ 2018-07-17T15:07:09+08:00 ] 127.0.0.1 /blog/index.php/Index/index.html
INFO: [ app_init ] --START--
INFO: Run Behavior\BuildLiteBehavior [ RunTime:0.000000s ]
INFO: [ app_init ] --END-- [ RunTime:0.000000s ]
INFO: [ app_begin ] --START--
INFO: Run Behavior\ReadHtmlCacheBehavior [ RunTime:0.000000s ]
INFO: Run Behavior\CheckLangBehavior [ RunTime:0.001000s ]
INFO: [ app_begin ] --END-- [ RunTime:0.001000s ]
SQL: SHOW COLUMNS FROM `blog_category` [ RunTime:0.0080s ]
SQL: SELECT * FROM `blog_category`  [ RunTime:0.0000s ]
SQL: SHOW COLUMNS FROM `blog_act` [ RunTime:0.0090s ]
SQL: SELECT blog_act.*,blog_category.name,blog_users.nickname,blog_users.head,blog_users.pageurl FROM `blog_act` INNER JOIN blog_users ON blog_users.id = blog_act.userid INNER JOIN blog_category ON blog_category.id = blog_act.pid  ORDER BY id desc LIMIT 0,300   [ RunTime:0.0030s ]
INFO: [ view_parse ] --START--
INFO: [ template_filter ] --START--
INFO: Run Behavior\ContentReplaceBehavior [ RunTime:0.000000s ]
INFO: [ template_filter ] --END-- [ RunTime:0.000000s ]
NOTIC: [8] Undefined variable: search F:\phpstudy\WWW\blog\Application\Runtime\Cache\Index\5f343310d4a83e1c2f6d4e5a6181e90a.php 第 111 行.
INFO: Run Behavior\ParseTemplateBehavior [ RunTime:0.043002s ]
INFO: [ view_parse ] --END-- [ RunTime:0.043002s ]
INFO: [ view_filter ] --START--
INFO: Run Behavior\WriteHtmlCacheBehavior [ RunTime:0.000000s ]
INFO: [ view_filter ] --END-- [ RunTime:0.000000s ]
INFO: [ app_end ] --START--
INFO: Run Behavior\ShowPageTraceBehavior [ RunTime:0.001000s ]
INFO: [ app_end ] --END-- [ RunTime:0.001000s ]

[ 2018-07-17T15:49:39+08:00 ] 127.0.0.1 /blog/index.php/Index/index.html
INFO: [ app_init ] --START--
INFO: Run Behavior\BuildLiteBehavior [ RunTime:0.000000s ]
INFO: [ app_init ] --END-- [ RunTime:0.000000s ]
INFO: [ app_begin ] --START--
INFO: Run Behavior\ReadHtmlCacheBehavior [ RunTime:0.001000s ]
INFO: Run Behavior\CheckLangBehavior [ RunTime:0.000000s ]
INFO: [ app_begin ] --END-- [ RunTime:0.001000s ]

[ 2018-07-17T16:04:21+08:00 ] 127.0.0.1 /blog/index.php/Index/index.html
INFO: [ app_init ] --START--
INFO: Run Behavior\BuildLiteBehavior [ RunTime:0.000000s ]
INFO: [ app_init ] --END-- [ RunTime:0.000000s ]
INFO: [ app_begin ] --START--
INFO: Run Behavior\ReadHtmlCacheBehavior [ RunTime:0.000000s ]
INFO: Run Behavior\CheckLangBehavior [ RunTime:0.001000s ]
INFO: [ app_begin ] --END-- [ RunTime:0.001000s ]
SQL: SHOW COLUMNS FROM `blog_category` [ RunTime:0.0070s ]
SQL: SELECT * FROM `blog_category`  [ RunTime:0.0000s ]
SQL: SHOW COLUMNS FROM `blog_act` [ RunTime:0.0060s ]
SQL: SELECT blog_act.*,blog_category.name,blog_users.nickname,blog_users.head,blog_users.pageurl FROM `blog_act` INNER JOIN blog_users ON blog_users.id = blog_act.userid INNER JOIN blog_category ON blog_category.id = blog_act.pid  ORDER BY id desc LIMIT 0,300   [ RunTime:0.0020s ]
INFO: [ view_parse ] --START--
INFO: [ template_filter ] --START--
INFO: Run Behavior\ContentReplaceBehavior [ RunTime:0.000000s ]
INFO: [ template_filter ] --END-- [ RunTime:0.000000s ]
NOTIC: [8] Undefined variable: search F:\phpstudy\WWW\blog\Application\Runtime\Cache\Index\5f343310d4a83e1c2f6d4e5a6181e90a.php 第 111 行.
INFO: Run Behavior\ParseTemplateBehavior [ RunTime:0.032002s ]
INFO: [ view_parse ] --END-- [ RunTime:0.032002s ]
INFO: [ view_filter ] --START--
INFO: Run Behavior\WriteHtmlCacheBehavior [ RunTime:0.001000s ]
INFO: [ view_filter ] --END-- [ RunTime:0.001000s ]
INFO: [ app_end ] --START--
INFO: Run Behavior\ShowPageTraceBehavior [ RunTime:0.000000s ]
INFO: [ app_end ] --END-- [ RunTime:0.000000s ]

